ARM GAS  C:\Users\Admin\AppData\Local\Temp\cczbEa2T.s 			page 1


   1              		.cpu cortex-m0
   2              		.fpu softvfp
   3              		.eabi_attribute 20, 1
   4              		.eabi_attribute 21, 1
   5              		.eabi_attribute 23, 3
   6              		.eabi_attribute 24, 1
   7              		.eabi_attribute 25, 1
   8              		.eabi_attribute 26, 1
   9              		.eabi_attribute 30, 4
  10              		.eabi_attribute 34, 0
  11              		.eabi_attribute 18, 4
  12              		.code	16
  13              		.file	"SWL_Int.c"
  14              		.text
  15              	.Ltext0:
  16              		.cfi_sections	.debug_frame
  17              		.section	.text.SWL_Int_Interrupt,"ax",%progbits
  18              		.align	1
  19              		.global	SWL_Int_Interrupt
  20              		.code	16
  21              		.thumb_func
  22              		.type	SWL_Int_Interrupt, %function
  23              	SWL_Int_Interrupt:
  24              	.LFB3:
  25              		.file 1 ".\\Generated_Source\\PSoC4\\SWL_Int.c"
   1:.\Generated_Source\PSoC4/SWL_Int.c **** /*******************************************************************************
   2:.\Generated_Source\PSoC4/SWL_Int.c **** * File Name: SWL_Int.c  
   3:.\Generated_Source\PSoC4/SWL_Int.c **** * Version 1.70
   4:.\Generated_Source\PSoC4/SWL_Int.c **** *
   5:.\Generated_Source\PSoC4/SWL_Int.c **** *  Description:
   6:.\Generated_Source\PSoC4/SWL_Int.c **** *   API for controlling the state of an interrupt.
   7:.\Generated_Source\PSoC4/SWL_Int.c **** *
   8:.\Generated_Source\PSoC4/SWL_Int.c **** *
   9:.\Generated_Source\PSoC4/SWL_Int.c **** *  Note:
  10:.\Generated_Source\PSoC4/SWL_Int.c **** *
  11:.\Generated_Source\PSoC4/SWL_Int.c **** ********************************************************************************
  12:.\Generated_Source\PSoC4/SWL_Int.c **** * Copyright 2008-2012, Cypress Semiconductor Corporation.  All rights reserved.
  13:.\Generated_Source\PSoC4/SWL_Int.c **** * You may use this file only in accordance with the license, terms, conditions, 
  14:.\Generated_Source\PSoC4/SWL_Int.c **** * disclaimers, and limitations in the end user license agreement accompanying 
  15:.\Generated_Source\PSoC4/SWL_Int.c **** * the software package with which this file was provided.
  16:.\Generated_Source\PSoC4/SWL_Int.c **** *******************************************************************************/
  17:.\Generated_Source\PSoC4/SWL_Int.c **** 
  18:.\Generated_Source\PSoC4/SWL_Int.c **** 
  19:.\Generated_Source\PSoC4/SWL_Int.c **** #include <cydevice_trm.h>
  20:.\Generated_Source\PSoC4/SWL_Int.c **** #include <CyLib.h>
  21:.\Generated_Source\PSoC4/SWL_Int.c **** #include <SWL_Int.h>
  22:.\Generated_Source\PSoC4/SWL_Int.c **** 
  23:.\Generated_Source\PSoC4/SWL_Int.c **** #if !defined(SWL_Int__REMOVED) /* Check for removal by optimization */
  24:.\Generated_Source\PSoC4/SWL_Int.c **** 
  25:.\Generated_Source\PSoC4/SWL_Int.c **** /*******************************************************************************
  26:.\Generated_Source\PSoC4/SWL_Int.c **** *  Place your includes, defines and code here 
  27:.\Generated_Source\PSoC4/SWL_Int.c **** ********************************************************************************/
  28:.\Generated_Source\PSoC4/SWL_Int.c **** /* `#START SWL_Int_intc` */
  29:.\Generated_Source\PSoC4/SWL_Int.c **** 
  30:.\Generated_Source\PSoC4/SWL_Int.c **** /* `#END` */
  31:.\Generated_Source\PSoC4/SWL_Int.c **** 
  32:.\Generated_Source\PSoC4/SWL_Int.c **** extern cyisraddress CyRamVectors[CYINT_IRQ_BASE + CY_NUM_INTERRUPTS];
ARM GAS  C:\Users\Admin\AppData\Local\Temp\cczbEa2T.s 			page 2


  33:.\Generated_Source\PSoC4/SWL_Int.c **** 
  34:.\Generated_Source\PSoC4/SWL_Int.c **** /* Declared in startup, used to set unused interrupts to. */
  35:.\Generated_Source\PSoC4/SWL_Int.c **** CY_ISR_PROTO(IntDefaultHandler);
  36:.\Generated_Source\PSoC4/SWL_Int.c **** 
  37:.\Generated_Source\PSoC4/SWL_Int.c **** 
  38:.\Generated_Source\PSoC4/SWL_Int.c **** /*******************************************************************************
  39:.\Generated_Source\PSoC4/SWL_Int.c **** * Function Name: SWL_Int_Start
  40:.\Generated_Source\PSoC4/SWL_Int.c **** ********************************************************************************
  41:.\Generated_Source\PSoC4/SWL_Int.c **** *
  42:.\Generated_Source\PSoC4/SWL_Int.c **** * Summary:
  43:.\Generated_Source\PSoC4/SWL_Int.c **** *  Set up the interrupt and enable it.
  44:.\Generated_Source\PSoC4/SWL_Int.c **** *
  45:.\Generated_Source\PSoC4/SWL_Int.c **** * Parameters:  
  46:.\Generated_Source\PSoC4/SWL_Int.c **** *   None
  47:.\Generated_Source\PSoC4/SWL_Int.c **** *
  48:.\Generated_Source\PSoC4/SWL_Int.c **** * Return:
  49:.\Generated_Source\PSoC4/SWL_Int.c **** *   None
  50:.\Generated_Source\PSoC4/SWL_Int.c **** *
  51:.\Generated_Source\PSoC4/SWL_Int.c **** *******************************************************************************/
  52:.\Generated_Source\PSoC4/SWL_Int.c **** void SWL_Int_Start(void)
  53:.\Generated_Source\PSoC4/SWL_Int.c **** {
  54:.\Generated_Source\PSoC4/SWL_Int.c ****     /* For all we know the interrupt is active. */
  55:.\Generated_Source\PSoC4/SWL_Int.c ****     SWL_Int_Disable();
  56:.\Generated_Source\PSoC4/SWL_Int.c **** 
  57:.\Generated_Source\PSoC4/SWL_Int.c ****     /* Set the ISR to point to the SWL_Int Interrupt. */
  58:.\Generated_Source\PSoC4/SWL_Int.c ****     SWL_Int_SetVector(&SWL_Int_Interrupt);
  59:.\Generated_Source\PSoC4/SWL_Int.c **** 
  60:.\Generated_Source\PSoC4/SWL_Int.c ****     /* Set the priority. */
  61:.\Generated_Source\PSoC4/SWL_Int.c ****     SWL_Int_SetPriority((uint8)SWL_Int_INTC_PRIOR_NUMBER);
  62:.\Generated_Source\PSoC4/SWL_Int.c **** 
  63:.\Generated_Source\PSoC4/SWL_Int.c ****     /* Enable it. */
  64:.\Generated_Source\PSoC4/SWL_Int.c ****     SWL_Int_Enable();
  65:.\Generated_Source\PSoC4/SWL_Int.c **** }
  66:.\Generated_Source\PSoC4/SWL_Int.c **** 
  67:.\Generated_Source\PSoC4/SWL_Int.c **** 
  68:.\Generated_Source\PSoC4/SWL_Int.c **** /*******************************************************************************
  69:.\Generated_Source\PSoC4/SWL_Int.c **** * Function Name: SWL_Int_StartEx
  70:.\Generated_Source\PSoC4/SWL_Int.c **** ********************************************************************************
  71:.\Generated_Source\PSoC4/SWL_Int.c **** *
  72:.\Generated_Source\PSoC4/SWL_Int.c **** * Summary:
  73:.\Generated_Source\PSoC4/SWL_Int.c **** *  Set up the interrupt and enable it.
  74:.\Generated_Source\PSoC4/SWL_Int.c **** *
  75:.\Generated_Source\PSoC4/SWL_Int.c **** * Parameters:  
  76:.\Generated_Source\PSoC4/SWL_Int.c **** *   address: Address of the ISR to set in the interrupt vector table.
  77:.\Generated_Source\PSoC4/SWL_Int.c **** *
  78:.\Generated_Source\PSoC4/SWL_Int.c **** * Return:
  79:.\Generated_Source\PSoC4/SWL_Int.c **** *   None
  80:.\Generated_Source\PSoC4/SWL_Int.c **** *
  81:.\Generated_Source\PSoC4/SWL_Int.c **** *******************************************************************************/
  82:.\Generated_Source\PSoC4/SWL_Int.c **** void SWL_Int_StartEx(cyisraddress address)
  83:.\Generated_Source\PSoC4/SWL_Int.c **** {
  84:.\Generated_Source\PSoC4/SWL_Int.c ****     /* For all we know the interrupt is active. */
  85:.\Generated_Source\PSoC4/SWL_Int.c ****     SWL_Int_Disable();
  86:.\Generated_Source\PSoC4/SWL_Int.c **** 
  87:.\Generated_Source\PSoC4/SWL_Int.c ****     /* Set the ISR to point to the SWL_Int Interrupt. */
  88:.\Generated_Source\PSoC4/SWL_Int.c ****     SWL_Int_SetVector(address);
  89:.\Generated_Source\PSoC4/SWL_Int.c **** 
ARM GAS  C:\Users\Admin\AppData\Local\Temp\cczbEa2T.s 			page 3


  90:.\Generated_Source\PSoC4/SWL_Int.c ****     /* Set the priority. */
  91:.\Generated_Source\PSoC4/SWL_Int.c ****     SWL_Int_SetPriority((uint8)SWL_Int_INTC_PRIOR_NUMBER);
  92:.\Generated_Source\PSoC4/SWL_Int.c **** 
  93:.\Generated_Source\PSoC4/SWL_Int.c ****     /* Enable it. */
  94:.\Generated_Source\PSoC4/SWL_Int.c ****     SWL_Int_Enable();
  95:.\Generated_Source\PSoC4/SWL_Int.c **** }
  96:.\Generated_Source\PSoC4/SWL_Int.c **** 
  97:.\Generated_Source\PSoC4/SWL_Int.c **** 
  98:.\Generated_Source\PSoC4/SWL_Int.c **** /*******************************************************************************
  99:.\Generated_Source\PSoC4/SWL_Int.c **** * Function Name: SWL_Int_Stop
 100:.\Generated_Source\PSoC4/SWL_Int.c **** ********************************************************************************
 101:.\Generated_Source\PSoC4/SWL_Int.c **** *
 102:.\Generated_Source\PSoC4/SWL_Int.c **** * Summary:
 103:.\Generated_Source\PSoC4/SWL_Int.c **** *   Disables and removes the interrupt.
 104:.\Generated_Source\PSoC4/SWL_Int.c **** *
 105:.\Generated_Source\PSoC4/SWL_Int.c **** * Parameters:  
 106:.\Generated_Source\PSoC4/SWL_Int.c **** *
 107:.\Generated_Source\PSoC4/SWL_Int.c **** * Return:
 108:.\Generated_Source\PSoC4/SWL_Int.c **** *   None
 109:.\Generated_Source\PSoC4/SWL_Int.c **** *
 110:.\Generated_Source\PSoC4/SWL_Int.c **** *******************************************************************************/
 111:.\Generated_Source\PSoC4/SWL_Int.c **** void SWL_Int_Stop(void)
 112:.\Generated_Source\PSoC4/SWL_Int.c **** {
 113:.\Generated_Source\PSoC4/SWL_Int.c ****     /* Disable this interrupt. */
 114:.\Generated_Source\PSoC4/SWL_Int.c ****     SWL_Int_Disable();
 115:.\Generated_Source\PSoC4/SWL_Int.c **** 
 116:.\Generated_Source\PSoC4/SWL_Int.c ****     /* Set the ISR to point to the passive one. */
 117:.\Generated_Source\PSoC4/SWL_Int.c ****     SWL_Int_SetVector(&IntDefaultHandler);
 118:.\Generated_Source\PSoC4/SWL_Int.c **** }
 119:.\Generated_Source\PSoC4/SWL_Int.c **** 
 120:.\Generated_Source\PSoC4/SWL_Int.c **** 
 121:.\Generated_Source\PSoC4/SWL_Int.c **** /*******************************************************************************
 122:.\Generated_Source\PSoC4/SWL_Int.c **** * Function Name: SWL_Int_Interrupt
 123:.\Generated_Source\PSoC4/SWL_Int.c **** ********************************************************************************
 124:.\Generated_Source\PSoC4/SWL_Int.c **** *
 125:.\Generated_Source\PSoC4/SWL_Int.c **** * Summary:
 126:.\Generated_Source\PSoC4/SWL_Int.c **** *   The default Interrupt Service Routine for SWL_Int.
 127:.\Generated_Source\PSoC4/SWL_Int.c **** *
 128:.\Generated_Source\PSoC4/SWL_Int.c **** *   Add custom code between the coments to keep the next version of this file
 129:.\Generated_Source\PSoC4/SWL_Int.c **** *   from over writting your code.
 130:.\Generated_Source\PSoC4/SWL_Int.c **** *
 131:.\Generated_Source\PSoC4/SWL_Int.c **** * Parameters:  
 132:.\Generated_Source\PSoC4/SWL_Int.c **** *   None
 133:.\Generated_Source\PSoC4/SWL_Int.c **** *
 134:.\Generated_Source\PSoC4/SWL_Int.c **** * Return:
 135:.\Generated_Source\PSoC4/SWL_Int.c **** *   None
 136:.\Generated_Source\PSoC4/SWL_Int.c **** *
 137:.\Generated_Source\PSoC4/SWL_Int.c **** *******************************************************************************/
 138:.\Generated_Source\PSoC4/SWL_Int.c **** CY_ISR(SWL_Int_Interrupt)
 139:.\Generated_Source\PSoC4/SWL_Int.c **** {
  26              		.loc 1 139 0
  27              		.cfi_startproc
 140:.\Generated_Source\PSoC4/SWL_Int.c ****     /*  Place your Interrupt code here. */
 141:.\Generated_Source\PSoC4/SWL_Int.c ****     /* `#START SWL_Int_Interrupt` */
 142:.\Generated_Source\PSoC4/SWL_Int.c **** 
 143:.\Generated_Source\PSoC4/SWL_Int.c ****     /* `#END` */
 144:.\Generated_Source\PSoC4/SWL_Int.c **** }
ARM GAS  C:\Users\Admin\AppData\Local\Temp\cczbEa2T.s 			page 4


  28              		.loc 1 144 0
  29              		@ sp needed
  30 0000 7047     		bx	lr
  31              		.cfi_endproc
  32              	.LFE3:
  33              		.size	SWL_Int_Interrupt, .-SWL_Int_Interrupt
  34              		.section	.text.SWL_Int_Stop,"ax",%progbits
  35              		.align	1
  36              		.global	SWL_Int_Stop
  37              		.code	16
  38              		.thumb_func
  39              		.type	SWL_Int_Stop, %function
  40              	SWL_Int_Stop:
  41              	.LFB2:
 112:.\Generated_Source\PSoC4/SWL_Int.c **** {
  42              		.loc 1 112 0
  43              		.cfi_startproc
  44              	.LBB18:
  45              	.LBB19:
 145:.\Generated_Source\PSoC4/SWL_Int.c **** 
 146:.\Generated_Source\PSoC4/SWL_Int.c **** 
 147:.\Generated_Source\PSoC4/SWL_Int.c **** /*******************************************************************************
 148:.\Generated_Source\PSoC4/SWL_Int.c **** * Function Name: SWL_Int_SetVector
 149:.\Generated_Source\PSoC4/SWL_Int.c **** ********************************************************************************
 150:.\Generated_Source\PSoC4/SWL_Int.c **** *
 151:.\Generated_Source\PSoC4/SWL_Int.c **** * Summary:
 152:.\Generated_Source\PSoC4/SWL_Int.c **** *   Change the ISR vector for the Interrupt. Note calling SWL_Int_Start
 153:.\Generated_Source\PSoC4/SWL_Int.c **** *   will override any effect this method would have had. To set the vector 
 154:.\Generated_Source\PSoC4/SWL_Int.c **** *   before the component has been started use SWL_Int_StartEx instead.
 155:.\Generated_Source\PSoC4/SWL_Int.c **** *
 156:.\Generated_Source\PSoC4/SWL_Int.c **** * Parameters:
 157:.\Generated_Source\PSoC4/SWL_Int.c **** *   address: Address of the ISR to set in the interrupt vector table.
 158:.\Generated_Source\PSoC4/SWL_Int.c **** *
 159:.\Generated_Source\PSoC4/SWL_Int.c **** * Return:
 160:.\Generated_Source\PSoC4/SWL_Int.c **** *   None
 161:.\Generated_Source\PSoC4/SWL_Int.c **** *
 162:.\Generated_Source\PSoC4/SWL_Int.c **** *******************************************************************************/
 163:.\Generated_Source\PSoC4/SWL_Int.c **** void SWL_Int_SetVector(cyisraddress address)
 164:.\Generated_Source\PSoC4/SWL_Int.c **** {
 165:.\Generated_Source\PSoC4/SWL_Int.c ****     CyRamVectors[CYINT_IRQ_BASE + SWL_Int__INTC_NUMBER] = address;
 166:.\Generated_Source\PSoC4/SWL_Int.c **** }
 167:.\Generated_Source\PSoC4/SWL_Int.c **** 
 168:.\Generated_Source\PSoC4/SWL_Int.c **** 
 169:.\Generated_Source\PSoC4/SWL_Int.c **** /*******************************************************************************
 170:.\Generated_Source\PSoC4/SWL_Int.c **** * Function Name: SWL_Int_GetVector
 171:.\Generated_Source\PSoC4/SWL_Int.c **** ********************************************************************************
 172:.\Generated_Source\PSoC4/SWL_Int.c **** *
 173:.\Generated_Source\PSoC4/SWL_Int.c **** * Summary:
 174:.\Generated_Source\PSoC4/SWL_Int.c **** *   Gets the "address" of the current ISR vector for the Interrupt.
 175:.\Generated_Source\PSoC4/SWL_Int.c **** *
 176:.\Generated_Source\PSoC4/SWL_Int.c **** * Parameters:
 177:.\Generated_Source\PSoC4/SWL_Int.c **** *   None
 178:.\Generated_Source\PSoC4/SWL_Int.c **** *
 179:.\Generated_Source\PSoC4/SWL_Int.c **** * Return:
 180:.\Generated_Source\PSoC4/SWL_Int.c **** *   Address of the ISR in the interrupt vector table.
 181:.\Generated_Source\PSoC4/SWL_Int.c **** *
 182:.\Generated_Source\PSoC4/SWL_Int.c **** *******************************************************************************/
ARM GAS  C:\Users\Admin\AppData\Local\Temp\cczbEa2T.s 			page 5


 183:.\Generated_Source\PSoC4/SWL_Int.c **** cyisraddress SWL_Int_GetVector(void)
 184:.\Generated_Source\PSoC4/SWL_Int.c **** {
 185:.\Generated_Source\PSoC4/SWL_Int.c ****     return CyRamVectors[CYINT_IRQ_BASE + SWL_Int__INTC_NUMBER];
 186:.\Generated_Source\PSoC4/SWL_Int.c **** }
 187:.\Generated_Source\PSoC4/SWL_Int.c **** 
 188:.\Generated_Source\PSoC4/SWL_Int.c **** 
 189:.\Generated_Source\PSoC4/SWL_Int.c **** /*******************************************************************************
 190:.\Generated_Source\PSoC4/SWL_Int.c **** * Function Name: SWL_Int_SetPriority
 191:.\Generated_Source\PSoC4/SWL_Int.c **** ********************************************************************************
 192:.\Generated_Source\PSoC4/SWL_Int.c **** *
 193:.\Generated_Source\PSoC4/SWL_Int.c **** * Summary:
 194:.\Generated_Source\PSoC4/SWL_Int.c **** *   Sets the Priority of the Interrupt. Note calling SWL_Int_Start
 195:.\Generated_Source\PSoC4/SWL_Int.c **** *   or SWL_Int_StartEx will override any effect this method would 
 196:.\Generated_Source\PSoC4/SWL_Int.c **** *   have had. This method should only be called after SWL_Int_Start or 
 197:.\Generated_Source\PSoC4/SWL_Int.c **** *   SWL_Int_StartEx has been called. To set the initial
 198:.\Generated_Source\PSoC4/SWL_Int.c **** *   priority for the component use the cydwr file in the tool.
 199:.\Generated_Source\PSoC4/SWL_Int.c **** *
 200:.\Generated_Source\PSoC4/SWL_Int.c **** * Parameters:
 201:.\Generated_Source\PSoC4/SWL_Int.c **** *   priority: Priority of the interrupt. 0 - 3, 0 being the highest.
 202:.\Generated_Source\PSoC4/SWL_Int.c **** *
 203:.\Generated_Source\PSoC4/SWL_Int.c **** * Return:
 204:.\Generated_Source\PSoC4/SWL_Int.c **** *   None
 205:.\Generated_Source\PSoC4/SWL_Int.c **** *
 206:.\Generated_Source\PSoC4/SWL_Int.c **** *******************************************************************************/
 207:.\Generated_Source\PSoC4/SWL_Int.c **** void SWL_Int_SetPriority(uint8 priority)
 208:.\Generated_Source\PSoC4/SWL_Int.c **** {
 209:.\Generated_Source\PSoC4/SWL_Int.c **** 	uint8 interruptState;
 210:.\Generated_Source\PSoC4/SWL_Int.c ****     uint32 priorityOffset = ((SWL_Int__INTC_NUMBER % 4u) * 8u) + 6u;
 211:.\Generated_Source\PSoC4/SWL_Int.c ****     
 212:.\Generated_Source\PSoC4/SWL_Int.c **** 	interruptState = CyEnterCriticalSection();
 213:.\Generated_Source\PSoC4/SWL_Int.c ****     *SWL_Int_INTC_PRIOR = (*SWL_Int_INTC_PRIOR & (uint32)(~SWL_Int__INTC_PRIOR_MASK)) |
 214:.\Generated_Source\PSoC4/SWL_Int.c ****                                     ((uint32)priority << priorityOffset);
 215:.\Generated_Source\PSoC4/SWL_Int.c **** 	CyExitCriticalSection(interruptState);
 216:.\Generated_Source\PSoC4/SWL_Int.c **** }
 217:.\Generated_Source\PSoC4/SWL_Int.c **** 
 218:.\Generated_Source\PSoC4/SWL_Int.c **** 
 219:.\Generated_Source\PSoC4/SWL_Int.c **** /*******************************************************************************
 220:.\Generated_Source\PSoC4/SWL_Int.c **** * Function Name: SWL_Int_GetPriority
 221:.\Generated_Source\PSoC4/SWL_Int.c **** ********************************************************************************
 222:.\Generated_Source\PSoC4/SWL_Int.c **** *
 223:.\Generated_Source\PSoC4/SWL_Int.c **** * Summary:
 224:.\Generated_Source\PSoC4/SWL_Int.c **** *   Gets the Priority of the Interrupt.
 225:.\Generated_Source\PSoC4/SWL_Int.c **** *
 226:.\Generated_Source\PSoC4/SWL_Int.c **** * Parameters:
 227:.\Generated_Source\PSoC4/SWL_Int.c **** *   None
 228:.\Generated_Source\PSoC4/SWL_Int.c **** *
 229:.\Generated_Source\PSoC4/SWL_Int.c **** * Return:
 230:.\Generated_Source\PSoC4/SWL_Int.c **** *   Priority of the interrupt. 0 - 3, 0 being the highest.
 231:.\Generated_Source\PSoC4/SWL_Int.c **** *
 232:.\Generated_Source\PSoC4/SWL_Int.c **** *******************************************************************************/
 233:.\Generated_Source\PSoC4/SWL_Int.c **** uint8 SWL_Int_GetPriority(void)
 234:.\Generated_Source\PSoC4/SWL_Int.c **** {
 235:.\Generated_Source\PSoC4/SWL_Int.c ****     uint32 priority;
 236:.\Generated_Source\PSoC4/SWL_Int.c **** 	uint32 priorityOffset = ((SWL_Int__INTC_NUMBER % 4u) * 8u) + 6u;
 237:.\Generated_Source\PSoC4/SWL_Int.c **** 
 238:.\Generated_Source\PSoC4/SWL_Int.c ****     priority = (*SWL_Int_INTC_PRIOR & SWL_Int__INTC_PRIOR_MASK) >> priorityOffset;
 239:.\Generated_Source\PSoC4/SWL_Int.c **** 
ARM GAS  C:\Users\Admin\AppData\Local\Temp\cczbEa2T.s 			page 6


 240:.\Generated_Source\PSoC4/SWL_Int.c ****     return (uint8)priority;
 241:.\Generated_Source\PSoC4/SWL_Int.c **** }
 242:.\Generated_Source\PSoC4/SWL_Int.c **** 
 243:.\Generated_Source\PSoC4/SWL_Int.c **** 
 244:.\Generated_Source\PSoC4/SWL_Int.c **** /*******************************************************************************
 245:.\Generated_Source\PSoC4/SWL_Int.c **** * Function Name: SWL_Int_Enable
 246:.\Generated_Source\PSoC4/SWL_Int.c **** ********************************************************************************
 247:.\Generated_Source\PSoC4/SWL_Int.c **** *
 248:.\Generated_Source\PSoC4/SWL_Int.c **** * Summary:
 249:.\Generated_Source\PSoC4/SWL_Int.c **** *   Enables the interrupt.
 250:.\Generated_Source\PSoC4/SWL_Int.c **** *
 251:.\Generated_Source\PSoC4/SWL_Int.c **** * Parameters:
 252:.\Generated_Source\PSoC4/SWL_Int.c **** *   None
 253:.\Generated_Source\PSoC4/SWL_Int.c **** *
 254:.\Generated_Source\PSoC4/SWL_Int.c **** * Return:
 255:.\Generated_Source\PSoC4/SWL_Int.c **** *   None
 256:.\Generated_Source\PSoC4/SWL_Int.c **** *
 257:.\Generated_Source\PSoC4/SWL_Int.c **** *******************************************************************************/
 258:.\Generated_Source\PSoC4/SWL_Int.c **** void SWL_Int_Enable(void)
 259:.\Generated_Source\PSoC4/SWL_Int.c **** {
 260:.\Generated_Source\PSoC4/SWL_Int.c ****     /* Enable the general interrupt. */
 261:.\Generated_Source\PSoC4/SWL_Int.c ****     *SWL_Int_INTC_SET_EN = SWL_Int__INTC_MASK;
 262:.\Generated_Source\PSoC4/SWL_Int.c **** }
 263:.\Generated_Source\PSoC4/SWL_Int.c **** 
 264:.\Generated_Source\PSoC4/SWL_Int.c **** 
 265:.\Generated_Source\PSoC4/SWL_Int.c **** /*******************************************************************************
 266:.\Generated_Source\PSoC4/SWL_Int.c **** * Function Name: SWL_Int_GetState
 267:.\Generated_Source\PSoC4/SWL_Int.c **** ********************************************************************************
 268:.\Generated_Source\PSoC4/SWL_Int.c **** *
 269:.\Generated_Source\PSoC4/SWL_Int.c **** * Summary:
 270:.\Generated_Source\PSoC4/SWL_Int.c **** *   Gets the state (enabled, disabled) of the Interrupt.
 271:.\Generated_Source\PSoC4/SWL_Int.c **** *
 272:.\Generated_Source\PSoC4/SWL_Int.c **** * Parameters:
 273:.\Generated_Source\PSoC4/SWL_Int.c **** *   None
 274:.\Generated_Source\PSoC4/SWL_Int.c **** *
 275:.\Generated_Source\PSoC4/SWL_Int.c **** * Return:
 276:.\Generated_Source\PSoC4/SWL_Int.c **** *   1 if enabled, 0 if disabled.
 277:.\Generated_Source\PSoC4/SWL_Int.c **** *
 278:.\Generated_Source\PSoC4/SWL_Int.c **** *******************************************************************************/
 279:.\Generated_Source\PSoC4/SWL_Int.c **** uint8 SWL_Int_GetState(void)
 280:.\Generated_Source\PSoC4/SWL_Int.c **** {
 281:.\Generated_Source\PSoC4/SWL_Int.c ****     /* Get the state of the general interrupt. */
 282:.\Generated_Source\PSoC4/SWL_Int.c ****     return ((*SWL_Int_INTC_SET_EN & (uint32)SWL_Int__INTC_MASK) != 0u) ? 1u:0u;
 283:.\Generated_Source\PSoC4/SWL_Int.c **** }
 284:.\Generated_Source\PSoC4/SWL_Int.c **** 
 285:.\Generated_Source\PSoC4/SWL_Int.c **** 
 286:.\Generated_Source\PSoC4/SWL_Int.c **** /*******************************************************************************
 287:.\Generated_Source\PSoC4/SWL_Int.c **** * Function Name: SWL_Int_Disable
 288:.\Generated_Source\PSoC4/SWL_Int.c **** ********************************************************************************
 289:.\Generated_Source\PSoC4/SWL_Int.c **** *
 290:.\Generated_Source\PSoC4/SWL_Int.c **** * Summary:
 291:.\Generated_Source\PSoC4/SWL_Int.c **** *   Disables the Interrupt.
 292:.\Generated_Source\PSoC4/SWL_Int.c **** *
 293:.\Generated_Source\PSoC4/SWL_Int.c **** * Parameters:
 294:.\Generated_Source\PSoC4/SWL_Int.c **** *   None
 295:.\Generated_Source\PSoC4/SWL_Int.c **** *
 296:.\Generated_Source\PSoC4/SWL_Int.c **** * Return:
ARM GAS  C:\Users\Admin\AppData\Local\Temp\cczbEa2T.s 			page 7


 297:.\Generated_Source\PSoC4/SWL_Int.c **** *   None
 298:.\Generated_Source\PSoC4/SWL_Int.c **** *
 299:.\Generated_Source\PSoC4/SWL_Int.c **** *******************************************************************************/
 300:.\Generated_Source\PSoC4/SWL_Int.c **** void SWL_Int_Disable(void)
 301:.\Generated_Source\PSoC4/SWL_Int.c **** {
 302:.\Generated_Source\PSoC4/SWL_Int.c ****     /* Disable the general interrupt. */
 303:.\Generated_Source\PSoC4/SWL_Int.c ****     *SWL_Int_INTC_CLR_EN = SWL_Int__INTC_MASK;
  46              		.loc 1 303 0
  47 0000 034B     		ldr	r3, .L3
  48 0002 0822     		mov	r2, #8
  49 0004 1A60     		str	r2, [r3]
  50              	.LVL0:
  51              	.LBE19:
  52              	.LBE18:
  53              	.LBB20:
  54              	.LBB21:
 165:.\Generated_Source\PSoC4/SWL_Int.c ****     CyRamVectors[CYINT_IRQ_BASE + SWL_Int__INTC_NUMBER] = address;
  55              		.loc 1 165 0
  56 0006 034A     		ldr	r2, .L3+4
  57 0008 034B     		ldr	r3, .L3+8
  58              	.LBE21:
  59              	.LBE20:
 118:.\Generated_Source\PSoC4/SWL_Int.c **** }
  60              		.loc 1 118 0
  61              		@ sp needed
  62              	.LBB23:
  63              	.LBB22:
 165:.\Generated_Source\PSoC4/SWL_Int.c ****     CyRamVectors[CYINT_IRQ_BASE + SWL_Int__INTC_NUMBER] = address;
  64              		.loc 1 165 0
  65 000a DA64     		str	r2, [r3, #76]
  66              	.LBE22:
  67              	.LBE23:
 118:.\Generated_Source\PSoC4/SWL_Int.c **** }
  68              		.loc 1 118 0
  69 000c 7047     		bx	lr
  70              	.L4:
  71 000e C046     		.align	2
  72              	.L3:
  73 0010 80E100E0 		.word	-536813184
  74 0014 00000000 		.word	IntDefaultHandler
  75 0018 00000000 		.word	CyRamVectors
  76              		.cfi_endproc
  77              	.LFE2:
  78              		.size	SWL_Int_Stop, .-SWL_Int_Stop
  79              		.section	.text.SWL_Int_SetVector,"ax",%progbits
  80              		.align	1
  81              		.global	SWL_Int_SetVector
  82              		.code	16
  83              		.thumb_func
  84              		.type	SWL_Int_SetVector, %function
  85              	SWL_Int_SetVector:
  86              	.LFB4:
 164:.\Generated_Source\PSoC4/SWL_Int.c **** {
  87              		.loc 1 164 0
  88              		.cfi_startproc
  89              	.LVL1:
 165:.\Generated_Source\PSoC4/SWL_Int.c ****     CyRamVectors[CYINT_IRQ_BASE + SWL_Int__INTC_NUMBER] = address;
ARM GAS  C:\Users\Admin\AppData\Local\Temp\cczbEa2T.s 			page 8


  90              		.loc 1 165 0
  91 0000 014B     		ldr	r3, .L6
 166:.\Generated_Source\PSoC4/SWL_Int.c **** }
  92              		.loc 1 166 0
  93              		@ sp needed
 165:.\Generated_Source\PSoC4/SWL_Int.c ****     CyRamVectors[CYINT_IRQ_BASE + SWL_Int__INTC_NUMBER] = address;
  94              		.loc 1 165 0
  95 0002 D864     		str	r0, [r3, #76]
 166:.\Generated_Source\PSoC4/SWL_Int.c **** }
  96              		.loc 1 166 0
  97 0004 7047     		bx	lr
  98              	.L7:
  99 0006 C046     		.align	2
 100              	.L6:
 101 0008 00000000 		.word	CyRamVectors
 102              		.cfi_endproc
 103              	.LFE4:
 104              		.size	SWL_Int_SetVector, .-SWL_Int_SetVector
 105              		.section	.text.SWL_Int_GetVector,"ax",%progbits
 106              		.align	1
 107              		.global	SWL_Int_GetVector
 108              		.code	16
 109              		.thumb_func
 110              		.type	SWL_Int_GetVector, %function
 111              	SWL_Int_GetVector:
 112              	.LFB5:
 184:.\Generated_Source\PSoC4/SWL_Int.c **** {
 113              		.loc 1 184 0
 114              		.cfi_startproc
 185:.\Generated_Source\PSoC4/SWL_Int.c ****     return CyRamVectors[CYINT_IRQ_BASE + SWL_Int__INTC_NUMBER];
 115              		.loc 1 185 0
 116 0000 014B     		ldr	r3, .L9
 186:.\Generated_Source\PSoC4/SWL_Int.c **** }
 117              		.loc 1 186 0
 118              		@ sp needed
 185:.\Generated_Source\PSoC4/SWL_Int.c ****     return CyRamVectors[CYINT_IRQ_BASE + SWL_Int__INTC_NUMBER];
 119              		.loc 1 185 0
 120 0002 D86C     		ldr	r0, [r3, #76]
 186:.\Generated_Source\PSoC4/SWL_Int.c **** }
 121              		.loc 1 186 0
 122 0004 7047     		bx	lr
 123              	.L10:
 124 0006 C046     		.align	2
 125              	.L9:
 126 0008 00000000 		.word	CyRamVectors
 127              		.cfi_endproc
 128              	.LFE5:
 129              		.size	SWL_Int_GetVector, .-SWL_Int_GetVector
 130              		.section	.text.SWL_Int_SetPriority,"ax",%progbits
 131              		.align	1
 132              		.global	SWL_Int_SetPriority
 133              		.code	16
 134              		.thumb_func
 135              		.type	SWL_Int_SetPriority, %function
 136              	SWL_Int_SetPriority:
 137              	.LFB6:
 208:.\Generated_Source\PSoC4/SWL_Int.c **** {
ARM GAS  C:\Users\Admin\AppData\Local\Temp\cczbEa2T.s 			page 9


 138              		.loc 1 208 0
 139              		.cfi_startproc
 140              	.LVL2:
 141 0000 10B5     		push	{r4, lr}
 142              		.cfi_def_cfa_offset 8
 143              		.cfi_offset 4, -8
 144              		.cfi_offset 14, -4
 208:.\Generated_Source\PSoC4/SWL_Int.c **** {
 145              		.loc 1 208 0
 146 0002 041C     		mov	r4, r0
 212:.\Generated_Source\PSoC4/SWL_Int.c **** 	interruptState = CyEnterCriticalSection();
 147              		.loc 1 212 0
 148 0004 FFF7FEFF 		bl	CyEnterCriticalSection
 149              	.LVL3:
 213:.\Generated_Source\PSoC4/SWL_Int.c ****     *SWL_Int_INTC_PRIOR = (*SWL_Int_INTC_PRIOR & (uint32)(~SWL_Int__INTC_PRIOR_MASK)) |
 150              		.loc 1 213 0
 151 0008 044B     		ldr	r3, .L12
 214:.\Generated_Source\PSoC4/SWL_Int.c ****                                     ((uint32)priority << priorityOffset);
 152              		.loc 1 214 0
 153 000a A407     		lsl	r4, r4, #30
 213:.\Generated_Source\PSoC4/SWL_Int.c ****     *SWL_Int_INTC_PRIOR = (*SWL_Int_INTC_PRIOR & (uint32)(~SWL_Int__INTC_PRIOR_MASK)) |
 154              		.loc 1 213 0
 155 000c 1A68     		ldr	r2, [r3]
 216:.\Generated_Source\PSoC4/SWL_Int.c **** }
 156              		.loc 1 216 0
 157              		@ sp needed
 213:.\Generated_Source\PSoC4/SWL_Int.c ****     *SWL_Int_INTC_PRIOR = (*SWL_Int_INTC_PRIOR & (uint32)(~SWL_Int__INTC_PRIOR_MASK)) |
 158              		.loc 1 213 0
 159 000e 9200     		lsl	r2, r2, #2
 160 0010 9208     		lsr	r2, r2, #2
 161 0012 1443     		orr	r4, r2
 162 0014 1C60     		str	r4, [r3]
 215:.\Generated_Source\PSoC4/SWL_Int.c **** 	CyExitCriticalSection(interruptState);
 163              		.loc 1 215 0
 164 0016 FFF7FEFF 		bl	CyExitCriticalSection
 165              	.LVL4:
 216:.\Generated_Source\PSoC4/SWL_Int.c **** }
 166              		.loc 1 216 0
 167 001a 10BD     		pop	{r4, pc}
 168              	.L13:
 169              		.align	2
 170              	.L12:
 171 001c 00E400E0 		.word	-536812544
 172              		.cfi_endproc
 173              	.LFE6:
 174              		.size	SWL_Int_SetPriority, .-SWL_Int_SetPriority
 175              		.section	.text.SWL_Int_Start,"ax",%progbits
 176              		.align	1
 177              		.global	SWL_Int_Start
 178              		.code	16
 179              		.thumb_func
 180              		.type	SWL_Int_Start, %function
 181              	SWL_Int_Start:
 182              	.LFB0:
  53:.\Generated_Source\PSoC4/SWL_Int.c **** {
 183              		.loc 1 53 0
 184              		.cfi_startproc
ARM GAS  C:\Users\Admin\AppData\Local\Temp\cczbEa2T.s 			page 10


 185              	.LBB24:
 186              	.LBB25:
 187              		.loc 1 303 0
 188 0000 064B     		ldr	r3, .L15
 189              	.LBE25:
 190              	.LBE24:
  53:.\Generated_Source\PSoC4/SWL_Int.c **** {
 191              		.loc 1 53 0
 192 0002 10B5     		push	{r4, lr}
 193              		.cfi_def_cfa_offset 8
 194              		.cfi_offset 4, -8
 195              		.cfi_offset 14, -4
 196              	.LBB27:
 197              	.LBB26:
 198              		.loc 1 303 0
 199 0004 0824     		mov	r4, #8
 200 0006 1C60     		str	r4, [r3]
 201              	.LVL5:
 202              	.LBE26:
 203              	.LBE27:
 204              	.LBB28:
 205              	.LBB29:
 165:.\Generated_Source\PSoC4/SWL_Int.c ****     CyRamVectors[CYINT_IRQ_BASE + SWL_Int__INTC_NUMBER] = address;
 206              		.loc 1 165 0
 207 0008 054A     		ldr	r2, .L15+4
 208 000a 064B     		ldr	r3, .L15+8
 209              	.LBE29:
 210              	.LBE28:
  61:.\Generated_Source\PSoC4/SWL_Int.c ****     SWL_Int_SetPriority((uint8)SWL_Int_INTC_PRIOR_NUMBER);
 211              		.loc 1 61 0
 212 000c 0320     		mov	r0, #3
 213              	.LBB31:
 214              	.LBB30:
 165:.\Generated_Source\PSoC4/SWL_Int.c ****     CyRamVectors[CYINT_IRQ_BASE + SWL_Int__INTC_NUMBER] = address;
 215              		.loc 1 165 0
 216 000e DA64     		str	r2, [r3, #76]
 217              	.LBE30:
 218              	.LBE31:
  61:.\Generated_Source\PSoC4/SWL_Int.c ****     SWL_Int_SetPriority((uint8)SWL_Int_INTC_PRIOR_NUMBER);
 219              		.loc 1 61 0
 220 0010 FFF7FEFF 		bl	SWL_Int_SetPriority
 221              	.LVL6:
 222              	.LBB32:
 223              	.LBB33:
 261:.\Generated_Source\PSoC4/SWL_Int.c ****     *SWL_Int_INTC_SET_EN = SWL_Int__INTC_MASK;
 224              		.loc 1 261 0
 225 0014 044B     		ldr	r3, .L15+12
 226              	.LBE33:
 227              	.LBE32:
  65:.\Generated_Source\PSoC4/SWL_Int.c **** }
 228              		.loc 1 65 0
 229              		@ sp needed
 230              	.LBB35:
 231              	.LBB34:
 261:.\Generated_Source\PSoC4/SWL_Int.c ****     *SWL_Int_INTC_SET_EN = SWL_Int__INTC_MASK;
 232              		.loc 1 261 0
 233 0016 1C60     		str	r4, [r3]
ARM GAS  C:\Users\Admin\AppData\Local\Temp\cczbEa2T.s 			page 11


 234              	.LBE34:
 235              	.LBE35:
  65:.\Generated_Source\PSoC4/SWL_Int.c **** }
 236              		.loc 1 65 0
 237 0018 10BD     		pop	{r4, pc}
 238              	.L16:
 239 001a C046     		.align	2
 240              	.L15:
 241 001c 80E100E0 		.word	-536813184
 242 0020 00000000 		.word	SWL_Int_Interrupt
 243 0024 00000000 		.word	CyRamVectors
 244 0028 00E100E0 		.word	-536813312
 245              		.cfi_endproc
 246              	.LFE0:
 247              		.size	SWL_Int_Start, .-SWL_Int_Start
 248              		.section	.text.SWL_Int_StartEx,"ax",%progbits
 249              		.align	1
 250              		.global	SWL_Int_StartEx
 251              		.code	16
 252              		.thumb_func
 253              		.type	SWL_Int_StartEx, %function
 254              	SWL_Int_StartEx:
 255              	.LFB1:
  83:.\Generated_Source\PSoC4/SWL_Int.c **** {
 256              		.loc 1 83 0
 257              		.cfi_startproc
 258              	.LVL7:
 259              	.LBB36:
 260              	.LBB37:
 261              		.loc 1 303 0
 262 0000 054B     		ldr	r3, .L18
 263              	.LBE37:
 264              	.LBE36:
  83:.\Generated_Source\PSoC4/SWL_Int.c **** {
 265              		.loc 1 83 0
 266 0002 10B5     		push	{r4, lr}
 267              		.cfi_def_cfa_offset 8
 268              		.cfi_offset 4, -8
 269              		.cfi_offset 14, -4
 270              	.LBB39:
 271              	.LBB38:
 272              		.loc 1 303 0
 273 0004 0824     		mov	r4, #8
 274 0006 1C60     		str	r4, [r3]
 275              	.LVL8:
 276              	.LBE38:
 277              	.LBE39:
 278              	.LBB40:
 279              	.LBB41:
 165:.\Generated_Source\PSoC4/SWL_Int.c ****     CyRamVectors[CYINT_IRQ_BASE + SWL_Int__INTC_NUMBER] = address;
 280              		.loc 1 165 0
 281 0008 044B     		ldr	r3, .L18+4
 282              	.LBE41:
 283              	.LBE40:
  95:.\Generated_Source\PSoC4/SWL_Int.c **** }
 284              		.loc 1 95 0
 285              		@ sp needed
ARM GAS  C:\Users\Admin\AppData\Local\Temp\cczbEa2T.s 			page 12


 286              	.LBB43:
 287              	.LBB42:
 165:.\Generated_Source\PSoC4/SWL_Int.c ****     CyRamVectors[CYINT_IRQ_BASE + SWL_Int__INTC_NUMBER] = address;
 288              		.loc 1 165 0
 289 000a D864     		str	r0, [r3, #76]
 290              	.LBE42:
 291              	.LBE43:
  91:.\Generated_Source\PSoC4/SWL_Int.c ****     SWL_Int_SetPriority((uint8)SWL_Int_INTC_PRIOR_NUMBER);
 292              		.loc 1 91 0
 293 000c 0320     		mov	r0, #3
 294              	.LVL9:
 295 000e FFF7FEFF 		bl	SWL_Int_SetPriority
 296              	.LVL10:
 297              	.LBB44:
 298              	.LBB45:
 261:.\Generated_Source\PSoC4/SWL_Int.c ****     *SWL_Int_INTC_SET_EN = SWL_Int__INTC_MASK;
 299              		.loc 1 261 0
 300 0012 034B     		ldr	r3, .L18+8
 301 0014 1C60     		str	r4, [r3]
 302              	.LBE45:
 303              	.LBE44:
  95:.\Generated_Source\PSoC4/SWL_Int.c **** }
 304              		.loc 1 95 0
 305 0016 10BD     		pop	{r4, pc}
 306              	.L19:
 307              		.align	2
 308              	.L18:
 309 0018 80E100E0 		.word	-536813184
 310 001c 00000000 		.word	CyRamVectors
 311 0020 00E100E0 		.word	-536813312
 312              		.cfi_endproc
 313              	.LFE1:
 314              		.size	SWL_Int_StartEx, .-SWL_Int_StartEx
 315              		.section	.text.SWL_Int_GetPriority,"ax",%progbits
 316              		.align	1
 317              		.global	SWL_Int_GetPriority
 318              		.code	16
 319              		.thumb_func
 320              		.type	SWL_Int_GetPriority, %function
 321              	SWL_Int_GetPriority:
 322              	.LFB7:
 234:.\Generated_Source\PSoC4/SWL_Int.c **** {
 323              		.loc 1 234 0
 324              		.cfi_startproc
 325              	.LVL11:
 238:.\Generated_Source\PSoC4/SWL_Int.c ****     priority = (*SWL_Int_INTC_PRIOR & SWL_Int__INTC_PRIOR_MASK) >> priorityOffset;
 326              		.loc 1 238 0
 327 0000 014B     		ldr	r3, .L21
 241:.\Generated_Source\PSoC4/SWL_Int.c **** }
 328              		.loc 1 241 0
 329              		@ sp needed
 238:.\Generated_Source\PSoC4/SWL_Int.c ****     priority = (*SWL_Int_INTC_PRIOR & SWL_Int__INTC_PRIOR_MASK) >> priorityOffset;
 330              		.loc 1 238 0
 331 0002 1868     		ldr	r0, [r3]
 332              	.LVL12:
 240:.\Generated_Source\PSoC4/SWL_Int.c ****     return (uint8)priority;
 333              		.loc 1 240 0
ARM GAS  C:\Users\Admin\AppData\Local\Temp\cczbEa2T.s 			page 13


 334 0004 800F     		lsr	r0, r0, #30
 335              	.LVL13:
 241:.\Generated_Source\PSoC4/SWL_Int.c **** }
 336              		.loc 1 241 0
 337 0006 7047     		bx	lr
 338              	.L22:
 339              		.align	2
 340              	.L21:
 341 0008 00E400E0 		.word	-536812544
 342              		.cfi_endproc
 343              	.LFE7:
 344              		.size	SWL_Int_GetPriority, .-SWL_Int_GetPriority
 345              		.section	.text.SWL_Int_Enable,"ax",%progbits
 346              		.align	1
 347              		.global	SWL_Int_Enable
 348              		.code	16
 349              		.thumb_func
 350              		.type	SWL_Int_Enable, %function
 351              	SWL_Int_Enable:
 352              	.LFB8:
 259:.\Generated_Source\PSoC4/SWL_Int.c **** {
 353              		.loc 1 259 0
 354              		.cfi_startproc
 261:.\Generated_Source\PSoC4/SWL_Int.c ****     *SWL_Int_INTC_SET_EN = SWL_Int__INTC_MASK;
 355              		.loc 1 261 0
 356 0000 014B     		ldr	r3, .L24
 357 0002 0822     		mov	r2, #8
 358 0004 1A60     		str	r2, [r3]
 262:.\Generated_Source\PSoC4/SWL_Int.c **** }
 359              		.loc 1 262 0
 360              		@ sp needed
 361 0006 7047     		bx	lr
 362              	.L25:
 363              		.align	2
 364              	.L24:
 365 0008 00E100E0 		.word	-536813312
 366              		.cfi_endproc
 367              	.LFE8:
 368              		.size	SWL_Int_Enable, .-SWL_Int_Enable
 369              		.section	.text.SWL_Int_GetState,"ax",%progbits
 370              		.align	1
 371              		.global	SWL_Int_GetState
 372              		.code	16
 373              		.thumb_func
 374              		.type	SWL_Int_GetState, %function
 375              	SWL_Int_GetState:
 376              	.LFB9:
 280:.\Generated_Source\PSoC4/SWL_Int.c **** {
 377              		.loc 1 280 0
 378              		.cfi_startproc
 282:.\Generated_Source\PSoC4/SWL_Int.c ****     return ((*SWL_Int_INTC_SET_EN & (uint32)SWL_Int__INTC_MASK) != 0u) ? 1u:0u;
 379              		.loc 1 282 0
 380 0000 024B     		ldr	r3, .L27
 283:.\Generated_Source\PSoC4/SWL_Int.c **** }
 381              		.loc 1 283 0
 382              		@ sp needed
 282:.\Generated_Source\PSoC4/SWL_Int.c ****     return ((*SWL_Int_INTC_SET_EN & (uint32)SWL_Int__INTC_MASK) != 0u) ? 1u:0u;
ARM GAS  C:\Users\Admin\AppData\Local\Temp\cczbEa2T.s 			page 14


 383              		.loc 1 282 0
 384 0002 1868     		ldr	r0, [r3]
 385 0004 0007     		lsl	r0, r0, #28
 386 0006 C00F     		lsr	r0, r0, #31
 283:.\Generated_Source\PSoC4/SWL_Int.c **** }
 387              		.loc 1 283 0
 388 0008 7047     		bx	lr
 389              	.L28:
 390 000a C046     		.align	2
 391              	.L27:
 392 000c 00E100E0 		.word	-536813312
 393              		.cfi_endproc
 394              	.LFE9:
 395              		.size	SWL_Int_GetState, .-SWL_Int_GetState
 396              		.section	.text.SWL_Int_Disable,"ax",%progbits
 397              		.align	1
 398              		.global	SWL_Int_Disable
 399              		.code	16
 400              		.thumb_func
 401              		.type	SWL_Int_Disable, %function
 402              	SWL_Int_Disable:
 403              	.LFB10:
 301:.\Generated_Source\PSoC4/SWL_Int.c **** {
 404              		.loc 1 301 0
 405              		.cfi_startproc
 406              		.loc 1 303 0
 407 0000 014B     		ldr	r3, .L30
 408 0002 0822     		mov	r2, #8
 409 0004 1A60     		str	r2, [r3]
 304:.\Generated_Source\PSoC4/SWL_Int.c **** }
 410              		.loc 1 304 0
 411              		@ sp needed
 412 0006 7047     		bx	lr
 413              	.L31:
 414              		.align	2
 415              	.L30:
 416 0008 80E100E0 		.word	-536813184
 417              		.cfi_endproc
 418              	.LFE10:
 419              		.size	SWL_Int_Disable, .-SWL_Int_Disable
 420              		.section	.text.SWL_Int_SetPending,"ax",%progbits
 421              		.align	1
 422              		.global	SWL_Int_SetPending
 423              		.code	16
 424              		.thumb_func
 425              		.type	SWL_Int_SetPending, %function
 426              	SWL_Int_SetPending:
 427              	.LFB11:
 305:.\Generated_Source\PSoC4/SWL_Int.c **** 
 306:.\Generated_Source\PSoC4/SWL_Int.c **** 
 307:.\Generated_Source\PSoC4/SWL_Int.c **** /*******************************************************************************
 308:.\Generated_Source\PSoC4/SWL_Int.c **** * Function Name: SWL_Int_SetPending
 309:.\Generated_Source\PSoC4/SWL_Int.c **** ********************************************************************************
 310:.\Generated_Source\PSoC4/SWL_Int.c **** *
 311:.\Generated_Source\PSoC4/SWL_Int.c **** * Summary:
 312:.\Generated_Source\PSoC4/SWL_Int.c **** *   Causes the Interrupt to enter the pending state, a software method of
 313:.\Generated_Source\PSoC4/SWL_Int.c **** *   generating the interrupt.
ARM GAS  C:\Users\Admin\AppData\Local\Temp\cczbEa2T.s 			page 15


 314:.\Generated_Source\PSoC4/SWL_Int.c **** *
 315:.\Generated_Source\PSoC4/SWL_Int.c **** * Parameters:
 316:.\Generated_Source\PSoC4/SWL_Int.c **** *   None
 317:.\Generated_Source\PSoC4/SWL_Int.c **** *
 318:.\Generated_Source\PSoC4/SWL_Int.c **** * Return:
 319:.\Generated_Source\PSoC4/SWL_Int.c **** *   None
 320:.\Generated_Source\PSoC4/SWL_Int.c **** *
 321:.\Generated_Source\PSoC4/SWL_Int.c **** *******************************************************************************/
 322:.\Generated_Source\PSoC4/SWL_Int.c **** void SWL_Int_SetPending(void)
 323:.\Generated_Source\PSoC4/SWL_Int.c **** {
 428              		.loc 1 323 0
 429              		.cfi_startproc
 324:.\Generated_Source\PSoC4/SWL_Int.c ****     *SWL_Int_INTC_SET_PD = SWL_Int__INTC_MASK;
 430              		.loc 1 324 0
 431 0000 014B     		ldr	r3, .L33
 432 0002 0822     		mov	r2, #8
 433 0004 1A60     		str	r2, [r3]
 325:.\Generated_Source\PSoC4/SWL_Int.c **** }
 434              		.loc 1 325 0
 435              		@ sp needed
 436 0006 7047     		bx	lr
 437              	.L34:
 438              		.align	2
 439              	.L33:
 440 0008 00E200E0 		.word	-536813056
 441              		.cfi_endproc
 442              	.LFE11:
 443              		.size	SWL_Int_SetPending, .-SWL_Int_SetPending
 444              		.section	.text.SWL_Int_ClearPending,"ax",%progbits
 445              		.align	1
 446              		.global	SWL_Int_ClearPending
 447              		.code	16
 448              		.thumb_func
 449              		.type	SWL_Int_ClearPending, %function
 450              	SWL_Int_ClearPending:
 451              	.LFB12:
 326:.\Generated_Source\PSoC4/SWL_Int.c **** 
 327:.\Generated_Source\PSoC4/SWL_Int.c **** 
 328:.\Generated_Source\PSoC4/SWL_Int.c **** /*******************************************************************************
 329:.\Generated_Source\PSoC4/SWL_Int.c **** * Function Name: SWL_Int_ClearPending
 330:.\Generated_Source\PSoC4/SWL_Int.c **** ********************************************************************************
 331:.\Generated_Source\PSoC4/SWL_Int.c **** *
 332:.\Generated_Source\PSoC4/SWL_Int.c **** * Summary:
 333:.\Generated_Source\PSoC4/SWL_Int.c **** *   Clears a pending interrupt.
 334:.\Generated_Source\PSoC4/SWL_Int.c **** *
 335:.\Generated_Source\PSoC4/SWL_Int.c **** * Parameters:
 336:.\Generated_Source\PSoC4/SWL_Int.c **** *   None
 337:.\Generated_Source\PSoC4/SWL_Int.c **** *
 338:.\Generated_Source\PSoC4/SWL_Int.c **** * Return:
 339:.\Generated_Source\PSoC4/SWL_Int.c **** *   None
 340:.\Generated_Source\PSoC4/SWL_Int.c **** *
 341:.\Generated_Source\PSoC4/SWL_Int.c **** *******************************************************************************/
 342:.\Generated_Source\PSoC4/SWL_Int.c **** void SWL_Int_ClearPending(void)
 343:.\Generated_Source\PSoC4/SWL_Int.c **** {
 452              		.loc 1 343 0
 453              		.cfi_startproc
 344:.\Generated_Source\PSoC4/SWL_Int.c ****     *SWL_Int_INTC_CLR_PD = SWL_Int__INTC_MASK;
ARM GAS  C:\Users\Admin\AppData\Local\Temp\cczbEa2T.s 			page 16


 454              		.loc 1 344 0
 455 0000 014B     		ldr	r3, .L36
 456 0002 0822     		mov	r2, #8
 457 0004 1A60     		str	r2, [r3]
 345:.\Generated_Source\PSoC4/SWL_Int.c **** }
 458              		.loc 1 345 0
 459              		@ sp needed
 460 0006 7047     		bx	lr
 461              	.L37:
 462              		.align	2
 463              	.L36:
 464 0008 80E200E0 		.word	-536812928
 465              		.cfi_endproc
 466              	.LFE12:
 467              		.size	SWL_Int_ClearPending, .-SWL_Int_ClearPending
 468              		.text
 469              	.Letext0:
 470              		.file 2 ".\\Generated_Source\\PSoC4/cytypes.h"
 471              		.file 3 ".\\Generated_Source\\PSoC4/CyLib.h"
 472              		.section	.debug_info,"",%progbits
 473              	.Ldebug_info0:
 474 0000 47030000 		.4byte	0x347
 475 0004 0400     		.2byte	0x4
 476 0006 00000000 		.4byte	.Ldebug_abbrev0
 477 000a 04       		.byte	0x4
 478 000b 01       		.uleb128 0x1
 479 000c 7E000000 		.4byte	.LASF32
 480 0010 01       		.byte	0x1
 481 0011 7F010000 		.4byte	.LASF33
 482 0015 5B020000 		.4byte	.LASF34
 483 0019 90000000 		.4byte	.Ldebug_ranges0+0x90
 484 001d 00000000 		.4byte	0
 485 0021 00000000 		.4byte	.Ldebug_line0
 486 0025 02       		.uleb128 0x2
 487 0026 01       		.byte	0x1
 488 0027 06       		.byte	0x6
 489 0028 D9020000 		.4byte	.LASF0
 490 002c 02       		.uleb128 0x2
 491 002d 01       		.byte	0x1
 492 002e 08       		.byte	0x8
 493 002f 2B010000 		.4byte	.LASF1
 494 0033 02       		.uleb128 0x2
 495 0034 02       		.byte	0x2
 496 0035 05       		.byte	0x5
 497 0036 A7020000 		.4byte	.LASF2
 498 003a 02       		.uleb128 0x2
 499 003b 02       		.byte	0x2
 500 003c 07       		.byte	0x7
 501 003d 48000000 		.4byte	.LASF3
 502 0041 02       		.uleb128 0x2
 503 0042 04       		.byte	0x4
 504 0043 05       		.byte	0x5
 505 0044 C0020000 		.4byte	.LASF4
 506 0048 02       		.uleb128 0x2
 507 0049 04       		.byte	0x4
 508 004a 07       		.byte	0x7
 509 004b 67010000 		.4byte	.LASF5
ARM GAS  C:\Users\Admin\AppData\Local\Temp\cczbEa2T.s 			page 17


 510 004f 02       		.uleb128 0x2
 511 0050 08       		.byte	0x8
 512 0051 05       		.byte	0x5
 513 0052 48020000 		.4byte	.LASF6
 514 0056 02       		.uleb128 0x2
 515 0057 08       		.byte	0x8
 516 0058 07       		.byte	0x7
 517 0059 14010000 		.4byte	.LASF7
 518 005d 03       		.uleb128 0x3
 519 005e 04       		.byte	0x4
 520 005f 05       		.byte	0x5
 521 0060 696E7400 		.ascii	"int\000"
 522 0064 02       		.uleb128 0x2
 523 0065 04       		.byte	0x4
 524 0066 07       		.byte	0x7
 525 0067 F7010000 		.4byte	.LASF8
 526 006b 04       		.uleb128 0x4
 527 006c 79010000 		.4byte	.LASF9
 528 0070 02       		.byte	0x2
 529 0071 A1       		.byte	0xa1
 530 0072 2C000000 		.4byte	0x2c
 531 0076 04       		.uleb128 0x4
 532 0077 D9010000 		.4byte	.LASF10
 533 007b 02       		.byte	0x2
 534 007c A3       		.byte	0xa3
 535 007d 48000000 		.4byte	0x48
 536 0081 02       		.uleb128 0x2
 537 0082 04       		.byte	0x4
 538 0083 04       		.byte	0x4
 539 0084 0E010000 		.4byte	.LASF11
 540 0088 02       		.uleb128 0x2
 541 0089 08       		.byte	0x8
 542 008a 04       		.byte	0x4
 543 008b BD010000 		.4byte	.LASF12
 544 008f 02       		.uleb128 0x2
 545 0090 01       		.byte	0x1
 546 0091 08       		.byte	0x8
 547 0092 56020000 		.4byte	.LASF13
 548 0096 05       		.uleb128 0x5
 549 0097 00000000 		.4byte	.LASF14
 550 009b 02       		.byte	0x2
 551 009c 4D01     		.2byte	0x14d
 552 009e A2000000 		.4byte	0xa2
 553 00a2 06       		.uleb128 0x6
 554 00a3 76000000 		.4byte	0x76
 555 00a7 05       		.uleb128 0x5
 556 00a8 32020000 		.4byte	.LASF15
 557 00ac 02       		.byte	0x2
 558 00ad 5D01     		.2byte	0x15d
 559 00af B3000000 		.4byte	0xb3
 560 00b3 07       		.uleb128 0x7
 561 00b4 04       		.byte	0x4
 562 00b5 B9000000 		.4byte	0xb9
 563 00b9 08       		.uleb128 0x8
 564 00ba 02       		.uleb128 0x2
 565 00bb 04       		.byte	0x4
 566 00bc 07       		.byte	0x7
ARM GAS  C:\Users\Admin\AppData\Local\Temp\cczbEa2T.s 			page 18


 567 00bd 3F020000 		.4byte	.LASF16
 568 00c1 09       		.uleb128 0x9
 569 00c2 C9020000 		.4byte	.LASF17
 570 00c6 01       		.byte	0x1
 571 00c7 2C01     		.2byte	0x12c
 572 00c9 01       		.byte	0x1
 573 00ca 0A       		.uleb128 0xa
 574 00cb 46010000 		.4byte	.LASF35
 575 00cf 01       		.byte	0x1
 576 00d0 A3       		.byte	0xa3
 577 00d1 01       		.byte	0x1
 578 00d2 E2000000 		.4byte	0xe2
 579 00d6 0B       		.uleb128 0xb
 580 00d7 04020000 		.4byte	.LASF26
 581 00db 01       		.byte	0x1
 582 00dc A3       		.byte	0xa3
 583 00dd A7000000 		.4byte	0xa7
 584 00e1 00       		.byte	0
 585 00e2 09       		.uleb128 0x9
 586 00e3 98020000 		.4byte	.LASF18
 587 00e7 01       		.byte	0x1
 588 00e8 0201     		.2byte	0x102
 589 00ea 01       		.byte	0x1
 590 00eb 0C       		.uleb128 0xc
 591 00ec A2010000 		.4byte	.LASF29
 592 00f0 01       		.byte	0x1
 593 00f1 8A       		.byte	0x8a
 594 00f2 00000000 		.4byte	.LFB3
 595 00f6 02000000 		.4byte	.LFE3-.LFB3
 596 00fa 01       		.uleb128 0x1
 597 00fb 9C       		.byte	0x9c
 598 00fc 0D       		.uleb128 0xd
 599 00fd 39010000 		.4byte	.LASF19
 600 0101 01       		.byte	0x1
 601 0102 6F       		.byte	0x6f
 602 0103 00000000 		.4byte	.LFB2
 603 0107 1C000000 		.4byte	.LFE2-.LFB2
 604 010b 01       		.uleb128 0x1
 605 010c 9C       		.byte	0x9c
 606 010d 36010000 		.4byte	0x136
 607 0111 0E       		.uleb128 0xe
 608 0112 C1000000 		.4byte	0xc1
 609 0116 00000000 		.4byte	.LBB18
 610 011a 06000000 		.4byte	.LBE18-.LBB18
 611 011e 01       		.byte	0x1
 612 011f 72       		.byte	0x72
 613 0120 0F       		.uleb128 0xf
 614 0121 CA000000 		.4byte	0xca
 615 0125 06000000 		.4byte	.LBB20
 616 0129 00000000 		.4byte	.Ldebug_ranges0+0
 617 012d 01       		.byte	0x1
 618 012e 75       		.byte	0x75
 619 012f 10       		.uleb128 0x10
 620 0130 D6000000 		.4byte	0xd6
 621 0134 00       		.byte	0
 622 0135 00       		.byte	0
 623 0136 11       		.uleb128 0x11
ARM GAS  C:\Users\Admin\AppData\Local\Temp\cczbEa2T.s 			page 19


 624 0137 CA000000 		.4byte	0xca
 625 013b 00000000 		.4byte	.LFB4
 626 013f 0C000000 		.4byte	.LFE4-.LFB4
 627 0143 01       		.uleb128 0x1
 628 0144 9C       		.byte	0x9c
 629 0145 51010000 		.4byte	0x151
 630 0149 12       		.uleb128 0x12
 631 014a D6000000 		.4byte	0xd6
 632 014e 01       		.uleb128 0x1
 633 014f 50       		.byte	0x50
 634 0150 00       		.byte	0
 635 0151 13       		.uleb128 0x13
 636 0152 6C000000 		.4byte	.LASF27
 637 0156 01       		.byte	0x1
 638 0157 B7       		.byte	0xb7
 639 0158 A7000000 		.4byte	0xa7
 640 015c 00000000 		.4byte	.LFB5
 641 0160 0C000000 		.4byte	.LFE5-.LFB5
 642 0164 01       		.uleb128 0x1
 643 0165 9C       		.byte	0x9c
 644 0166 0D       		.uleb128 0xd
 645 0167 FA000000 		.4byte	.LASF20
 646 016b 01       		.byte	0x1
 647 016c CF       		.byte	0xcf
 648 016d 00000000 		.4byte	.LFB6
 649 0171 20000000 		.4byte	.LFE6-.LFB6
 650 0175 01       		.uleb128 0x1
 651 0176 9C       		.byte	0x9c
 652 0177 B8010000 		.4byte	0x1b8
 653 017b 14       		.uleb128 0x14
 654 017c B4010000 		.4byte	.LASF25
 655 0180 01       		.byte	0x1
 656 0181 CF       		.byte	0xcf
 657 0182 6B000000 		.4byte	0x6b
 658 0186 00000000 		.4byte	.LLST0
 659 018a 15       		.uleb128 0x15
 660 018b 58010000 		.4byte	.LASF21
 661 018f 01       		.byte	0x1
 662 0190 D1       		.byte	0xd1
 663 0191 6B000000 		.4byte	0x6b
 664 0195 21000000 		.4byte	.LLST1
 665 0199 16       		.uleb128 0x16
 666 019a B1020000 		.4byte	.LASF22
 667 019e 01       		.byte	0x1
 668 019f D2       		.byte	0xd2
 669 01a0 76000000 		.4byte	0x76
 670 01a4 1E       		.byte	0x1e
 671 01a5 17       		.uleb128 0x17
 672 01a6 08000000 		.4byte	.LVL3
 673 01aa 32030000 		.4byte	0x332
 674 01ae 17       		.uleb128 0x17
 675 01af 1A000000 		.4byte	.LVL4
 676 01b3 3D030000 		.4byte	0x33d
 677 01b7 00       		.byte	0
 678 01b8 0D       		.uleb128 0xd
 679 01b9 27000000 		.4byte	.LASF23
 680 01bd 01       		.byte	0x1
ARM GAS  C:\Users\Admin\AppData\Local\Temp\cczbEa2T.s 			page 20


 681 01be 34       		.byte	0x34
 682 01bf 00000000 		.4byte	.LFB0
 683 01c3 2C000000 		.4byte	.LFE0-.LFB0
 684 01c7 01       		.uleb128 0x1
 685 01c8 9C       		.byte	0x9c
 686 01c9 1B020000 		.4byte	0x21b
 687 01cd 18       		.uleb128 0x18
 688 01ce C1000000 		.4byte	0xc1
 689 01d2 00000000 		.4byte	.LBB24
 690 01d6 18000000 		.4byte	.Ldebug_ranges0+0x18
 691 01da 01       		.byte	0x1
 692 01db 37       		.byte	0x37
 693 01dc 19       		.uleb128 0x19
 694 01dd CA000000 		.4byte	0xca
 695 01e1 08000000 		.4byte	.LBB28
 696 01e5 30000000 		.4byte	.Ldebug_ranges0+0x30
 697 01e9 01       		.byte	0x1
 698 01ea 3A       		.byte	0x3a
 699 01eb FC010000 		.4byte	0x1fc
 700 01ef 12       		.uleb128 0x12
 701 01f0 D6000000 		.4byte	0xd6
 702 01f4 06       		.uleb128 0x6
 703 01f5 03       		.byte	0x3
 704 01f6 00000000 		.4byte	SWL_Int_Interrupt
 705 01fa 9F       		.byte	0x9f
 706 01fb 00       		.byte	0
 707 01fc 18       		.uleb128 0x18
 708 01fd E2000000 		.4byte	0xe2
 709 0201 14000000 		.4byte	.LBB32
 710 0205 48000000 		.4byte	.Ldebug_ranges0+0x48
 711 0209 01       		.byte	0x1
 712 020a 40       		.byte	0x40
 713 020b 1A       		.uleb128 0x1a
 714 020c 14000000 		.4byte	.LVL6
 715 0210 66010000 		.4byte	0x166
 716 0214 1B       		.uleb128 0x1b
 717 0215 01       		.uleb128 0x1
 718 0216 50       		.byte	0x50
 719 0217 01       		.uleb128 0x1
 720 0218 33       		.byte	0x33
 721 0219 00       		.byte	0
 722 021a 00       		.byte	0
 723 021b 0D       		.uleb128 0xd
 724 021c 22020000 		.4byte	.LASF24
 725 0220 01       		.byte	0x1
 726 0221 52       		.byte	0x52
 727 0222 00000000 		.4byte	.LFB1
 728 0226 24000000 		.4byte	.LFE1-.LFB1
 729 022a 01       		.uleb128 0x1
 730 022b 9C       		.byte	0x9c
 731 022c 8A020000 		.4byte	0x28a
 732 0230 14       		.uleb128 0x14
 733 0231 04020000 		.4byte	.LASF26
 734 0235 01       		.byte	0x1
 735 0236 52       		.byte	0x52
 736 0237 A7000000 		.4byte	0xa7
 737 023b 34000000 		.4byte	.LLST2
ARM GAS  C:\Users\Admin\AppData\Local\Temp\cczbEa2T.s 			page 21


 738 023f 18       		.uleb128 0x18
 739 0240 C1000000 		.4byte	0xc1
 740 0244 00000000 		.4byte	.LBB36
 741 0248 60000000 		.4byte	.Ldebug_ranges0+0x60
 742 024c 01       		.byte	0x1
 743 024d 55       		.byte	0x55
 744 024e 19       		.uleb128 0x19
 745 024f CA000000 		.4byte	0xca
 746 0253 08000000 		.4byte	.LBB40
 747 0257 78000000 		.4byte	.Ldebug_ranges0+0x78
 748 025b 01       		.byte	0x1
 749 025c 58       		.byte	0x58
 750 025d 6B020000 		.4byte	0x26b
 751 0261 1C       		.uleb128 0x1c
 752 0262 D6000000 		.4byte	0xd6
 753 0266 62000000 		.4byte	.LLST3
 754 026a 00       		.byte	0
 755 026b 0E       		.uleb128 0xe
 756 026c E2000000 		.4byte	0xe2
 757 0270 12000000 		.4byte	.LBB44
 758 0274 04000000 		.4byte	.LBE44-.LBB44
 759 0278 01       		.byte	0x1
 760 0279 5E       		.byte	0x5e
 761 027a 1A       		.uleb128 0x1a
 762 027b 12000000 		.4byte	.LVL10
 763 027f 66010000 		.4byte	0x166
 764 0283 1B       		.uleb128 0x1b
 765 0284 01       		.uleb128 0x1
 766 0285 50       		.byte	0x50
 767 0286 01       		.uleb128 0x1
 768 0287 33       		.byte	0x33
 769 0288 00       		.byte	0
 770 0289 00       		.byte	0
 771 028a 1D       		.uleb128 0x1d
 772 028b 06000000 		.4byte	.LASF36
 773 028f 01       		.byte	0x1
 774 0290 E9       		.byte	0xe9
 775 0291 6B000000 		.4byte	0x6b
 776 0295 00000000 		.4byte	.LFB7
 777 0299 0C000000 		.4byte	.LFE7-.LFB7
 778 029d 01       		.uleb128 0x1
 779 029e 9C       		.byte	0x9c
 780 029f BF020000 		.4byte	0x2bf
 781 02a3 15       		.uleb128 0x15
 782 02a4 B4010000 		.4byte	.LASF25
 783 02a8 01       		.byte	0x1
 784 02a9 EB       		.byte	0xeb
 785 02aa 76000000 		.4byte	0x76
 786 02ae 90000000 		.4byte	.LLST4
 787 02b2 16       		.uleb128 0x16
 788 02b3 B1020000 		.4byte	.LASF22
 789 02b7 01       		.byte	0x1
 790 02b8 EC       		.byte	0xec
 791 02b9 76000000 		.4byte	0x76
 792 02bd 1E       		.byte	0x1e
 793 02be 00       		.byte	0
 794 02bf 1E       		.uleb128 0x1e
ARM GAS  C:\Users\Admin\AppData\Local\Temp\cczbEa2T.s 			page 22


 795 02c0 E2000000 		.4byte	0xe2
 796 02c4 00000000 		.4byte	.LFB8
 797 02c8 0C000000 		.4byte	.LFE8-.LFB8
 798 02cc 01       		.uleb128 0x1
 799 02cd 9C       		.byte	0x9c
 800 02ce 1F       		.uleb128 0x1f
 801 02cf 5B000000 		.4byte	.LASF28
 802 02d3 01       		.byte	0x1
 803 02d4 1701     		.2byte	0x117
 804 02d6 6B000000 		.4byte	0x6b
 805 02da 00000000 		.4byte	.LFB9
 806 02de 10000000 		.4byte	.LFE9-.LFB9
 807 02e2 01       		.uleb128 0x1
 808 02e3 9C       		.byte	0x9c
 809 02e4 1E       		.uleb128 0x1e
 810 02e5 C1000000 		.4byte	0xc1
 811 02e9 00000000 		.4byte	.LFB10
 812 02ed 0C000000 		.4byte	.LFE10-.LFB10
 813 02f1 01       		.uleb128 0x1
 814 02f2 9C       		.byte	0x9c
 815 02f3 20       		.uleb128 0x20
 816 02f4 35000000 		.4byte	.LASF30
 817 02f8 01       		.byte	0x1
 818 02f9 4201     		.2byte	0x142
 819 02fb 00000000 		.4byte	.LFB11
 820 02ff 0C000000 		.4byte	.LFE11-.LFB11
 821 0303 01       		.uleb128 0x1
 822 0304 9C       		.byte	0x9c
 823 0305 20       		.uleb128 0x20
 824 0306 C4010000 		.4byte	.LASF31
 825 030a 01       		.byte	0x1
 826 030b 5601     		.2byte	0x156
 827 030d 00000000 		.4byte	.LFB12
 828 0311 0C000000 		.4byte	.LFE12-.LFB12
 829 0315 01       		.uleb128 0x1
 830 0316 9C       		.byte	0x9c
 831 0317 21       		.uleb128 0x21
 832 0318 A7000000 		.4byte	0xa7
 833 031c 27030000 		.4byte	0x327
 834 0320 22       		.uleb128 0x22
 835 0321 BA000000 		.4byte	0xba
 836 0325 2F       		.byte	0x2f
 837 0326 00       		.byte	0
 838 0327 23       		.uleb128 0x23
 839 0328 1A000000 		.4byte	.LASF37
 840 032c 01       		.byte	0x1
 841 032d 20       		.byte	0x20
 842 032e 17030000 		.4byte	0x317
 843 0332 24       		.uleb128 0x24
 844 0333 E0010000 		.4byte	.LASF38
 845 0337 03       		.byte	0x3
 846 0338 82       		.byte	0x82
 847 0339 6B000000 		.4byte	0x6b
 848 033d 25       		.uleb128 0x25
 849 033e 0C020000 		.4byte	.LASF39
 850 0342 03       		.byte	0x3
 851 0343 83       		.byte	0x83
ARM GAS  C:\Users\Admin\AppData\Local\Temp\cczbEa2T.s 			page 23


 852 0344 26       		.uleb128 0x26
 853 0345 6B000000 		.4byte	0x6b
 854 0349 00       		.byte	0
 855 034a 00       		.byte	0
 856              		.section	.debug_abbrev,"",%progbits
 857              	.Ldebug_abbrev0:
 858 0000 01       		.uleb128 0x1
 859 0001 11       		.uleb128 0x11
 860 0002 01       		.byte	0x1
 861 0003 25       		.uleb128 0x25
 862 0004 0E       		.uleb128 0xe
 863 0005 13       		.uleb128 0x13
 864 0006 0B       		.uleb128 0xb
 865 0007 03       		.uleb128 0x3
 866 0008 0E       		.uleb128 0xe
 867 0009 1B       		.uleb128 0x1b
 868 000a 0E       		.uleb128 0xe
 869 000b 55       		.uleb128 0x55
 870 000c 17       		.uleb128 0x17
 871 000d 11       		.uleb128 0x11
 872 000e 01       		.uleb128 0x1
 873 000f 10       		.uleb128 0x10
 874 0010 17       		.uleb128 0x17
 875 0011 00       		.byte	0
 876 0012 00       		.byte	0
 877 0013 02       		.uleb128 0x2
 878 0014 24       		.uleb128 0x24
 879 0015 00       		.byte	0
 880 0016 0B       		.uleb128 0xb
 881 0017 0B       		.uleb128 0xb
 882 0018 3E       		.uleb128 0x3e
 883 0019 0B       		.uleb128 0xb
 884 001a 03       		.uleb128 0x3
 885 001b 0E       		.uleb128 0xe
 886 001c 00       		.byte	0
 887 001d 00       		.byte	0
 888 001e 03       		.uleb128 0x3
 889 001f 24       		.uleb128 0x24
 890 0020 00       		.byte	0
 891 0021 0B       		.uleb128 0xb
 892 0022 0B       		.uleb128 0xb
 893 0023 3E       		.uleb128 0x3e
 894 0024 0B       		.uleb128 0xb
 895 0025 03       		.uleb128 0x3
 896 0026 08       		.uleb128 0x8
 897 0027 00       		.byte	0
 898 0028 00       		.byte	0
 899 0029 04       		.uleb128 0x4
 900 002a 16       		.uleb128 0x16
 901 002b 00       		.byte	0
 902 002c 03       		.uleb128 0x3
 903 002d 0E       		.uleb128 0xe
 904 002e 3A       		.uleb128 0x3a
 905 002f 0B       		.uleb128 0xb
 906 0030 3B       		.uleb128 0x3b
 907 0031 0B       		.uleb128 0xb
 908 0032 49       		.uleb128 0x49
ARM GAS  C:\Users\Admin\AppData\Local\Temp\cczbEa2T.s 			page 24


 909 0033 13       		.uleb128 0x13
 910 0034 00       		.byte	0
 911 0035 00       		.byte	0
 912 0036 05       		.uleb128 0x5
 913 0037 16       		.uleb128 0x16
 914 0038 00       		.byte	0
 915 0039 03       		.uleb128 0x3
 916 003a 0E       		.uleb128 0xe
 917 003b 3A       		.uleb128 0x3a
 918 003c 0B       		.uleb128 0xb
 919 003d 3B       		.uleb128 0x3b
 920 003e 05       		.uleb128 0x5
 921 003f 49       		.uleb128 0x49
 922 0040 13       		.uleb128 0x13
 923 0041 00       		.byte	0
 924 0042 00       		.byte	0
 925 0043 06       		.uleb128 0x6
 926 0044 35       		.uleb128 0x35
 927 0045 00       		.byte	0
 928 0046 49       		.uleb128 0x49
 929 0047 13       		.uleb128 0x13
 930 0048 00       		.byte	0
 931 0049 00       		.byte	0
 932 004a 07       		.uleb128 0x7
 933 004b 0F       		.uleb128 0xf
 934 004c 00       		.byte	0
 935 004d 0B       		.uleb128 0xb
 936 004e 0B       		.uleb128 0xb
 937 004f 49       		.uleb128 0x49
 938 0050 13       		.uleb128 0x13
 939 0051 00       		.byte	0
 940 0052 00       		.byte	0
 941 0053 08       		.uleb128 0x8
 942 0054 15       		.uleb128 0x15
 943 0055 00       		.byte	0
 944 0056 27       		.uleb128 0x27
 945 0057 19       		.uleb128 0x19
 946 0058 00       		.byte	0
 947 0059 00       		.byte	0
 948 005a 09       		.uleb128 0x9
 949 005b 2E       		.uleb128 0x2e
 950 005c 00       		.byte	0
 951 005d 3F       		.uleb128 0x3f
 952 005e 19       		.uleb128 0x19
 953 005f 03       		.uleb128 0x3
 954 0060 0E       		.uleb128 0xe
 955 0061 3A       		.uleb128 0x3a
 956 0062 0B       		.uleb128 0xb
 957 0063 3B       		.uleb128 0x3b
 958 0064 05       		.uleb128 0x5
 959 0065 27       		.uleb128 0x27
 960 0066 19       		.uleb128 0x19
 961 0067 20       		.uleb128 0x20
 962 0068 0B       		.uleb128 0xb
 963 0069 00       		.byte	0
 964 006a 00       		.byte	0
 965 006b 0A       		.uleb128 0xa
ARM GAS  C:\Users\Admin\AppData\Local\Temp\cczbEa2T.s 			page 25


 966 006c 2E       		.uleb128 0x2e
 967 006d 01       		.byte	0x1
 968 006e 3F       		.uleb128 0x3f
 969 006f 19       		.uleb128 0x19
 970 0070 03       		.uleb128 0x3
 971 0071 0E       		.uleb128 0xe
 972 0072 3A       		.uleb128 0x3a
 973 0073 0B       		.uleb128 0xb
 974 0074 3B       		.uleb128 0x3b
 975 0075 0B       		.uleb128 0xb
 976 0076 27       		.uleb128 0x27
 977 0077 19       		.uleb128 0x19
 978 0078 20       		.uleb128 0x20
 979 0079 0B       		.uleb128 0xb
 980 007a 01       		.uleb128 0x1
 981 007b 13       		.uleb128 0x13
 982 007c 00       		.byte	0
 983 007d 00       		.byte	0
 984 007e 0B       		.uleb128 0xb
 985 007f 05       		.uleb128 0x5
 986 0080 00       		.byte	0
 987 0081 03       		.uleb128 0x3
 988 0082 0E       		.uleb128 0xe
 989 0083 3A       		.uleb128 0x3a
 990 0084 0B       		.uleb128 0xb
 991 0085 3B       		.uleb128 0x3b
 992 0086 0B       		.uleb128 0xb
 993 0087 49       		.uleb128 0x49
 994 0088 13       		.uleb128 0x13
 995 0089 00       		.byte	0
 996 008a 00       		.byte	0
 997 008b 0C       		.uleb128 0xc
 998 008c 2E       		.uleb128 0x2e
 999 008d 00       		.byte	0
 1000 008e 3F       		.uleb128 0x3f
 1001 008f 19       		.uleb128 0x19
 1002 0090 03       		.uleb128 0x3
 1003 0091 0E       		.uleb128 0xe
 1004 0092 3A       		.uleb128 0x3a
 1005 0093 0B       		.uleb128 0xb
 1006 0094 3B       		.uleb128 0x3b
 1007 0095 0B       		.uleb128 0xb
 1008 0096 27       		.uleb128 0x27
 1009 0097 19       		.uleb128 0x19
 1010 0098 11       		.uleb128 0x11
 1011 0099 01       		.uleb128 0x1
 1012 009a 12       		.uleb128 0x12
 1013 009b 06       		.uleb128 0x6
 1014 009c 40       		.uleb128 0x40
 1015 009d 18       		.uleb128 0x18
 1016 009e 9742     		.uleb128 0x2117
 1017 00a0 19       		.uleb128 0x19
 1018 00a1 00       		.byte	0
 1019 00a2 00       		.byte	0
 1020 00a3 0D       		.uleb128 0xd
 1021 00a4 2E       		.uleb128 0x2e
 1022 00a5 01       		.byte	0x1
ARM GAS  C:\Users\Admin\AppData\Local\Temp\cczbEa2T.s 			page 26


 1023 00a6 3F       		.uleb128 0x3f
 1024 00a7 19       		.uleb128 0x19
 1025 00a8 03       		.uleb128 0x3
 1026 00a9 0E       		.uleb128 0xe
 1027 00aa 3A       		.uleb128 0x3a
 1028 00ab 0B       		.uleb128 0xb
 1029 00ac 3B       		.uleb128 0x3b
 1030 00ad 0B       		.uleb128 0xb
 1031 00ae 27       		.uleb128 0x27
 1032 00af 19       		.uleb128 0x19
 1033 00b0 11       		.uleb128 0x11
 1034 00b1 01       		.uleb128 0x1
 1035 00b2 12       		.uleb128 0x12
 1036 00b3 06       		.uleb128 0x6
 1037 00b4 40       		.uleb128 0x40
 1038 00b5 18       		.uleb128 0x18
 1039 00b6 9742     		.uleb128 0x2117
 1040 00b8 19       		.uleb128 0x19
 1041 00b9 01       		.uleb128 0x1
 1042 00ba 13       		.uleb128 0x13
 1043 00bb 00       		.byte	0
 1044 00bc 00       		.byte	0
 1045 00bd 0E       		.uleb128 0xe
 1046 00be 1D       		.uleb128 0x1d
 1047 00bf 00       		.byte	0
 1048 00c0 31       		.uleb128 0x31
 1049 00c1 13       		.uleb128 0x13
 1050 00c2 11       		.uleb128 0x11
 1051 00c3 01       		.uleb128 0x1
 1052 00c4 12       		.uleb128 0x12
 1053 00c5 06       		.uleb128 0x6
 1054 00c6 58       		.uleb128 0x58
 1055 00c7 0B       		.uleb128 0xb
 1056 00c8 59       		.uleb128 0x59
 1057 00c9 0B       		.uleb128 0xb
 1058 00ca 00       		.byte	0
 1059 00cb 00       		.byte	0
 1060 00cc 0F       		.uleb128 0xf
 1061 00cd 1D       		.uleb128 0x1d
 1062 00ce 01       		.byte	0x1
 1063 00cf 31       		.uleb128 0x31
 1064 00d0 13       		.uleb128 0x13
 1065 00d1 52       		.uleb128 0x52
 1066 00d2 01       		.uleb128 0x1
 1067 00d3 55       		.uleb128 0x55
 1068 00d4 17       		.uleb128 0x17
 1069 00d5 58       		.uleb128 0x58
 1070 00d6 0B       		.uleb128 0xb
 1071 00d7 59       		.uleb128 0x59
 1072 00d8 0B       		.uleb128 0xb
 1073 00d9 00       		.byte	0
 1074 00da 00       		.byte	0
 1075 00db 10       		.uleb128 0x10
 1076 00dc 05       		.uleb128 0x5
 1077 00dd 00       		.byte	0
 1078 00de 31       		.uleb128 0x31
 1079 00df 13       		.uleb128 0x13
ARM GAS  C:\Users\Admin\AppData\Local\Temp\cczbEa2T.s 			page 27


 1080 00e0 00       		.byte	0
 1081 00e1 00       		.byte	0
 1082 00e2 11       		.uleb128 0x11
 1083 00e3 2E       		.uleb128 0x2e
 1084 00e4 01       		.byte	0x1
 1085 00e5 31       		.uleb128 0x31
 1086 00e6 13       		.uleb128 0x13
 1087 00e7 11       		.uleb128 0x11
 1088 00e8 01       		.uleb128 0x1
 1089 00e9 12       		.uleb128 0x12
 1090 00ea 06       		.uleb128 0x6
 1091 00eb 40       		.uleb128 0x40
 1092 00ec 18       		.uleb128 0x18
 1093 00ed 9742     		.uleb128 0x2117
 1094 00ef 19       		.uleb128 0x19
 1095 00f0 01       		.uleb128 0x1
 1096 00f1 13       		.uleb128 0x13
 1097 00f2 00       		.byte	0
 1098 00f3 00       		.byte	0
 1099 00f4 12       		.uleb128 0x12
 1100 00f5 05       		.uleb128 0x5
 1101 00f6 00       		.byte	0
 1102 00f7 31       		.uleb128 0x31
 1103 00f8 13       		.uleb128 0x13
 1104 00f9 02       		.uleb128 0x2
 1105 00fa 18       		.uleb128 0x18
 1106 00fb 00       		.byte	0
 1107 00fc 00       		.byte	0
 1108 00fd 13       		.uleb128 0x13
 1109 00fe 2E       		.uleb128 0x2e
 1110 00ff 00       		.byte	0
 1111 0100 3F       		.uleb128 0x3f
 1112 0101 19       		.uleb128 0x19
 1113 0102 03       		.uleb128 0x3
 1114 0103 0E       		.uleb128 0xe
 1115 0104 3A       		.uleb128 0x3a
 1116 0105 0B       		.uleb128 0xb
 1117 0106 3B       		.uleb128 0x3b
 1118 0107 0B       		.uleb128 0xb
 1119 0108 27       		.uleb128 0x27
 1120 0109 19       		.uleb128 0x19
 1121 010a 49       		.uleb128 0x49
 1122 010b 13       		.uleb128 0x13
 1123 010c 11       		.uleb128 0x11
 1124 010d 01       		.uleb128 0x1
 1125 010e 12       		.uleb128 0x12
 1126 010f 06       		.uleb128 0x6
 1127 0110 40       		.uleb128 0x40
 1128 0111 18       		.uleb128 0x18
 1129 0112 9742     		.uleb128 0x2117
 1130 0114 19       		.uleb128 0x19
 1131 0115 00       		.byte	0
 1132 0116 00       		.byte	0
 1133 0117 14       		.uleb128 0x14
 1134 0118 05       		.uleb128 0x5
 1135 0119 00       		.byte	0
 1136 011a 03       		.uleb128 0x3
ARM GAS  C:\Users\Admin\AppData\Local\Temp\cczbEa2T.s 			page 28


 1137 011b 0E       		.uleb128 0xe
 1138 011c 3A       		.uleb128 0x3a
 1139 011d 0B       		.uleb128 0xb
 1140 011e 3B       		.uleb128 0x3b
 1141 011f 0B       		.uleb128 0xb
 1142 0120 49       		.uleb128 0x49
 1143 0121 13       		.uleb128 0x13
 1144 0122 02       		.uleb128 0x2
 1145 0123 17       		.uleb128 0x17
 1146 0124 00       		.byte	0
 1147 0125 00       		.byte	0
 1148 0126 15       		.uleb128 0x15
 1149 0127 34       		.uleb128 0x34
 1150 0128 00       		.byte	0
 1151 0129 03       		.uleb128 0x3
 1152 012a 0E       		.uleb128 0xe
 1153 012b 3A       		.uleb128 0x3a
 1154 012c 0B       		.uleb128 0xb
 1155 012d 3B       		.uleb128 0x3b
 1156 012e 0B       		.uleb128 0xb
 1157 012f 49       		.uleb128 0x49
 1158 0130 13       		.uleb128 0x13
 1159 0131 02       		.uleb128 0x2
 1160 0132 17       		.uleb128 0x17
 1161 0133 00       		.byte	0
 1162 0134 00       		.byte	0
 1163 0135 16       		.uleb128 0x16
 1164 0136 34       		.uleb128 0x34
 1165 0137 00       		.byte	0
 1166 0138 03       		.uleb128 0x3
 1167 0139 0E       		.uleb128 0xe
 1168 013a 3A       		.uleb128 0x3a
 1169 013b 0B       		.uleb128 0xb
 1170 013c 3B       		.uleb128 0x3b
 1171 013d 0B       		.uleb128 0xb
 1172 013e 49       		.uleb128 0x49
 1173 013f 13       		.uleb128 0x13
 1174 0140 1C       		.uleb128 0x1c
 1175 0141 0B       		.uleb128 0xb
 1176 0142 00       		.byte	0
 1177 0143 00       		.byte	0
 1178 0144 17       		.uleb128 0x17
 1179 0145 898201   		.uleb128 0x4109
 1180 0148 00       		.byte	0
 1181 0149 11       		.uleb128 0x11
 1182 014a 01       		.uleb128 0x1
 1183 014b 31       		.uleb128 0x31
 1184 014c 13       		.uleb128 0x13
 1185 014d 00       		.byte	0
 1186 014e 00       		.byte	0
 1187 014f 18       		.uleb128 0x18
 1188 0150 1D       		.uleb128 0x1d
 1189 0151 00       		.byte	0
 1190 0152 31       		.uleb128 0x31
 1191 0153 13       		.uleb128 0x13
 1192 0154 52       		.uleb128 0x52
 1193 0155 01       		.uleb128 0x1
ARM GAS  C:\Users\Admin\AppData\Local\Temp\cczbEa2T.s 			page 29


 1194 0156 55       		.uleb128 0x55
 1195 0157 17       		.uleb128 0x17
 1196 0158 58       		.uleb128 0x58
 1197 0159 0B       		.uleb128 0xb
 1198 015a 59       		.uleb128 0x59
 1199 015b 0B       		.uleb128 0xb
 1200 015c 00       		.byte	0
 1201 015d 00       		.byte	0
 1202 015e 19       		.uleb128 0x19
 1203 015f 1D       		.uleb128 0x1d
 1204 0160 01       		.byte	0x1
 1205 0161 31       		.uleb128 0x31
 1206 0162 13       		.uleb128 0x13
 1207 0163 52       		.uleb128 0x52
 1208 0164 01       		.uleb128 0x1
 1209 0165 55       		.uleb128 0x55
 1210 0166 17       		.uleb128 0x17
 1211 0167 58       		.uleb128 0x58
 1212 0168 0B       		.uleb128 0xb
 1213 0169 59       		.uleb128 0x59
 1214 016a 0B       		.uleb128 0xb
 1215 016b 01       		.uleb128 0x1
 1216 016c 13       		.uleb128 0x13
 1217 016d 00       		.byte	0
 1218 016e 00       		.byte	0
 1219 016f 1A       		.uleb128 0x1a
 1220 0170 898201   		.uleb128 0x4109
 1221 0173 01       		.byte	0x1
 1222 0174 11       		.uleb128 0x11
 1223 0175 01       		.uleb128 0x1
 1224 0176 31       		.uleb128 0x31
 1225 0177 13       		.uleb128 0x13
 1226 0178 00       		.byte	0
 1227 0179 00       		.byte	0
 1228 017a 1B       		.uleb128 0x1b
 1229 017b 8A8201   		.uleb128 0x410a
 1230 017e 00       		.byte	0
 1231 017f 02       		.uleb128 0x2
 1232 0180 18       		.uleb128 0x18
 1233 0181 9142     		.uleb128 0x2111
 1234 0183 18       		.uleb128 0x18
 1235 0184 00       		.byte	0
 1236 0185 00       		.byte	0
 1237 0186 1C       		.uleb128 0x1c
 1238 0187 05       		.uleb128 0x5
 1239 0188 00       		.byte	0
 1240 0189 31       		.uleb128 0x31
 1241 018a 13       		.uleb128 0x13
 1242 018b 02       		.uleb128 0x2
 1243 018c 17       		.uleb128 0x17
 1244 018d 00       		.byte	0
 1245 018e 00       		.byte	0
 1246 018f 1D       		.uleb128 0x1d
 1247 0190 2E       		.uleb128 0x2e
 1248 0191 01       		.byte	0x1
 1249 0192 3F       		.uleb128 0x3f
 1250 0193 19       		.uleb128 0x19
ARM GAS  C:\Users\Admin\AppData\Local\Temp\cczbEa2T.s 			page 30


 1251 0194 03       		.uleb128 0x3
 1252 0195 0E       		.uleb128 0xe
 1253 0196 3A       		.uleb128 0x3a
 1254 0197 0B       		.uleb128 0xb
 1255 0198 3B       		.uleb128 0x3b
 1256 0199 0B       		.uleb128 0xb
 1257 019a 27       		.uleb128 0x27
 1258 019b 19       		.uleb128 0x19
 1259 019c 49       		.uleb128 0x49
 1260 019d 13       		.uleb128 0x13
 1261 019e 11       		.uleb128 0x11
 1262 019f 01       		.uleb128 0x1
 1263 01a0 12       		.uleb128 0x12
 1264 01a1 06       		.uleb128 0x6
 1265 01a2 40       		.uleb128 0x40
 1266 01a3 18       		.uleb128 0x18
 1267 01a4 9742     		.uleb128 0x2117
 1268 01a6 19       		.uleb128 0x19
 1269 01a7 01       		.uleb128 0x1
 1270 01a8 13       		.uleb128 0x13
 1271 01a9 00       		.byte	0
 1272 01aa 00       		.byte	0
 1273 01ab 1E       		.uleb128 0x1e
 1274 01ac 2E       		.uleb128 0x2e
 1275 01ad 00       		.byte	0
 1276 01ae 31       		.uleb128 0x31
 1277 01af 13       		.uleb128 0x13
 1278 01b0 11       		.uleb128 0x11
 1279 01b1 01       		.uleb128 0x1
 1280 01b2 12       		.uleb128 0x12
 1281 01b3 06       		.uleb128 0x6
 1282 01b4 40       		.uleb128 0x40
 1283 01b5 18       		.uleb128 0x18
 1284 01b6 9742     		.uleb128 0x2117
 1285 01b8 19       		.uleb128 0x19
 1286 01b9 00       		.byte	0
 1287 01ba 00       		.byte	0
 1288 01bb 1F       		.uleb128 0x1f
 1289 01bc 2E       		.uleb128 0x2e
 1290 01bd 00       		.byte	0
 1291 01be 3F       		.uleb128 0x3f
 1292 01bf 19       		.uleb128 0x19
 1293 01c0 03       		.uleb128 0x3
 1294 01c1 0E       		.uleb128 0xe
 1295 01c2 3A       		.uleb128 0x3a
 1296 01c3 0B       		.uleb128 0xb
 1297 01c4 3B       		.uleb128 0x3b
 1298 01c5 05       		.uleb128 0x5
 1299 01c6 27       		.uleb128 0x27
 1300 01c7 19       		.uleb128 0x19
 1301 01c8 49       		.uleb128 0x49
 1302 01c9 13       		.uleb128 0x13
 1303 01ca 11       		.uleb128 0x11
 1304 01cb 01       		.uleb128 0x1
 1305 01cc 12       		.uleb128 0x12
 1306 01cd 06       		.uleb128 0x6
 1307 01ce 40       		.uleb128 0x40
ARM GAS  C:\Users\Admin\AppData\Local\Temp\cczbEa2T.s 			page 31


 1308 01cf 18       		.uleb128 0x18
 1309 01d0 9742     		.uleb128 0x2117
 1310 01d2 19       		.uleb128 0x19
 1311 01d3 00       		.byte	0
 1312 01d4 00       		.byte	0
 1313 01d5 20       		.uleb128 0x20
 1314 01d6 2E       		.uleb128 0x2e
 1315 01d7 00       		.byte	0
 1316 01d8 3F       		.uleb128 0x3f
 1317 01d9 19       		.uleb128 0x19
 1318 01da 03       		.uleb128 0x3
 1319 01db 0E       		.uleb128 0xe
 1320 01dc 3A       		.uleb128 0x3a
 1321 01dd 0B       		.uleb128 0xb
 1322 01de 3B       		.uleb128 0x3b
 1323 01df 05       		.uleb128 0x5
 1324 01e0 27       		.uleb128 0x27
 1325 01e1 19       		.uleb128 0x19
 1326 01e2 11       		.uleb128 0x11
 1327 01e3 01       		.uleb128 0x1
 1328 01e4 12       		.uleb128 0x12
 1329 01e5 06       		.uleb128 0x6
 1330 01e6 40       		.uleb128 0x40
 1331 01e7 18       		.uleb128 0x18
 1332 01e8 9742     		.uleb128 0x2117
 1333 01ea 19       		.uleb128 0x19
 1334 01eb 00       		.byte	0
 1335 01ec 00       		.byte	0
 1336 01ed 21       		.uleb128 0x21
 1337 01ee 01       		.uleb128 0x1
 1338 01ef 01       		.byte	0x1
 1339 01f0 49       		.uleb128 0x49
 1340 01f1 13       		.uleb128 0x13
 1341 01f2 01       		.uleb128 0x1
 1342 01f3 13       		.uleb128 0x13
 1343 01f4 00       		.byte	0
 1344 01f5 00       		.byte	0
 1345 01f6 22       		.uleb128 0x22
 1346 01f7 21       		.uleb128 0x21
 1347 01f8 00       		.byte	0
 1348 01f9 49       		.uleb128 0x49
 1349 01fa 13       		.uleb128 0x13
 1350 01fb 2F       		.uleb128 0x2f
 1351 01fc 0B       		.uleb128 0xb
 1352 01fd 00       		.byte	0
 1353 01fe 00       		.byte	0
 1354 01ff 23       		.uleb128 0x23
 1355 0200 34       		.uleb128 0x34
 1356 0201 00       		.byte	0
 1357 0202 03       		.uleb128 0x3
 1358 0203 0E       		.uleb128 0xe
 1359 0204 3A       		.uleb128 0x3a
 1360 0205 0B       		.uleb128 0xb
 1361 0206 3B       		.uleb128 0x3b
 1362 0207 0B       		.uleb128 0xb
 1363 0208 49       		.uleb128 0x49
 1364 0209 13       		.uleb128 0x13
ARM GAS  C:\Users\Admin\AppData\Local\Temp\cczbEa2T.s 			page 32


 1365 020a 3F       		.uleb128 0x3f
 1366 020b 19       		.uleb128 0x19
 1367 020c 3C       		.uleb128 0x3c
 1368 020d 19       		.uleb128 0x19
 1369 020e 00       		.byte	0
 1370 020f 00       		.byte	0
 1371 0210 24       		.uleb128 0x24
 1372 0211 2E       		.uleb128 0x2e
 1373 0212 00       		.byte	0
 1374 0213 3F       		.uleb128 0x3f
 1375 0214 19       		.uleb128 0x19
 1376 0215 03       		.uleb128 0x3
 1377 0216 0E       		.uleb128 0xe
 1378 0217 3A       		.uleb128 0x3a
 1379 0218 0B       		.uleb128 0xb
 1380 0219 3B       		.uleb128 0x3b
 1381 021a 0B       		.uleb128 0xb
 1382 021b 27       		.uleb128 0x27
 1383 021c 19       		.uleb128 0x19
 1384 021d 49       		.uleb128 0x49
 1385 021e 13       		.uleb128 0x13
 1386 021f 3C       		.uleb128 0x3c
 1387 0220 19       		.uleb128 0x19
 1388 0221 00       		.byte	0
 1389 0222 00       		.byte	0
 1390 0223 25       		.uleb128 0x25
 1391 0224 2E       		.uleb128 0x2e
 1392 0225 01       		.byte	0x1
 1393 0226 3F       		.uleb128 0x3f
 1394 0227 19       		.uleb128 0x19
 1395 0228 03       		.uleb128 0x3
 1396 0229 0E       		.uleb128 0xe
 1397 022a 3A       		.uleb128 0x3a
 1398 022b 0B       		.uleb128 0xb
 1399 022c 3B       		.uleb128 0x3b
 1400 022d 0B       		.uleb128 0xb
 1401 022e 27       		.uleb128 0x27
 1402 022f 19       		.uleb128 0x19
 1403 0230 3C       		.uleb128 0x3c
 1404 0231 19       		.uleb128 0x19
 1405 0232 00       		.byte	0
 1406 0233 00       		.byte	0
 1407 0234 26       		.uleb128 0x26
 1408 0235 05       		.uleb128 0x5
 1409 0236 00       		.byte	0
 1410 0237 49       		.uleb128 0x49
 1411 0238 13       		.uleb128 0x13
 1412 0239 00       		.byte	0
 1413 023a 00       		.byte	0
 1414 023b 00       		.byte	0
 1415              		.section	.debug_loc,"",%progbits
 1416              	.Ldebug_loc0:
 1417              	.LLST0:
 1418 0000 00000000 		.4byte	.LVL2
 1419 0004 07000000 		.4byte	.LVL3-1
 1420 0008 0100     		.2byte	0x1
 1421 000a 50       		.byte	0x50
ARM GAS  C:\Users\Admin\AppData\Local\Temp\cczbEa2T.s 			page 33


 1422 000b 07000000 		.4byte	.LVL3-1
 1423 000f 20000000 		.4byte	.LFE6
 1424 0013 0400     		.2byte	0x4
 1425 0015 F3       		.byte	0xf3
 1426 0016 01       		.uleb128 0x1
 1427 0017 50       		.byte	0x50
 1428 0018 9F       		.byte	0x9f
 1429 0019 00000000 		.4byte	0
 1430 001d 00000000 		.4byte	0
 1431              	.LLST1:
 1432 0021 08000000 		.4byte	.LVL3
 1433 0025 19000000 		.4byte	.LVL4-1
 1434 0029 0100     		.2byte	0x1
 1435 002b 50       		.byte	0x50
 1436 002c 00000000 		.4byte	0
 1437 0030 00000000 		.4byte	0
 1438              	.LLST2:
 1439 0034 00000000 		.4byte	.LVL7
 1440 0038 0E000000 		.4byte	.LVL9
 1441 003c 0100     		.2byte	0x1
 1442 003e 50       		.byte	0x50
 1443 003f 0E000000 		.4byte	.LVL9
 1444 0043 11000000 		.4byte	.LVL10-1
 1445 0047 0300     		.2byte	0x3
 1446 0049 73       		.byte	0x73
 1447 004a CC00     		.sleb128 76
 1448 004c 11000000 		.4byte	.LVL10-1
 1449 0050 24000000 		.4byte	.LFE1
 1450 0054 0400     		.2byte	0x4
 1451 0056 F3       		.byte	0xf3
 1452 0057 01       		.uleb128 0x1
 1453 0058 50       		.byte	0x50
 1454 0059 9F       		.byte	0x9f
 1455 005a 00000000 		.4byte	0
 1456 005e 00000000 		.4byte	0
 1457              	.LLST3:
 1458 0062 08000000 		.4byte	.LVL8
 1459 0066 0E000000 		.4byte	.LVL9
 1460 006a 0100     		.2byte	0x1
 1461 006c 50       		.byte	0x50
 1462 006d 0E000000 		.4byte	.LVL9
 1463 0071 11000000 		.4byte	.LVL10-1
 1464 0075 0300     		.2byte	0x3
 1465 0077 73       		.byte	0x73
 1466 0078 CC00     		.sleb128 76
 1467 007a 11000000 		.4byte	.LVL10-1
 1468 007e 24000000 		.4byte	.LFE1
 1469 0082 0400     		.2byte	0x4
 1470 0084 F3       		.byte	0xf3
 1471 0085 01       		.uleb128 0x1
 1472 0086 50       		.byte	0x50
 1473 0087 9F       		.byte	0x9f
 1474 0088 00000000 		.4byte	0
 1475 008c 00000000 		.4byte	0
 1476              	.LLST4:
 1477 0090 04000000 		.4byte	.LVL12
 1478 0094 06000000 		.4byte	.LVL13
ARM GAS  C:\Users\Admin\AppData\Local\Temp\cczbEa2T.s 			page 34


 1479 0098 0A00     		.2byte	0xa
 1480 009a 70       		.byte	0x70
 1481 009b 00       		.sleb128 0
 1482 009c 40       		.byte	0x40
 1483 009d 4A       		.byte	0x4a
 1484 009e 24       		.byte	0x24
 1485 009f 1F       		.byte	0x1f
 1486 00a0 1A       		.byte	0x1a
 1487 00a1 4E       		.byte	0x4e
 1488 00a2 25       		.byte	0x25
 1489 00a3 9F       		.byte	0x9f
 1490 00a4 00000000 		.4byte	0
 1491 00a8 00000000 		.4byte	0
 1492              		.section	.debug_aranges,"",%progbits
 1493 0000 7C000000 		.4byte	0x7c
 1494 0004 0200     		.2byte	0x2
 1495 0006 00000000 		.4byte	.Ldebug_info0
 1496 000a 04       		.byte	0x4
 1497 000b 00       		.byte	0
 1498 000c 0000     		.2byte	0
 1499 000e 0000     		.2byte	0
 1500 0010 00000000 		.4byte	.LFB3
 1501 0014 02000000 		.4byte	.LFE3-.LFB3
 1502 0018 00000000 		.4byte	.LFB2
 1503 001c 1C000000 		.4byte	.LFE2-.LFB2
 1504 0020 00000000 		.4byte	.LFB4
 1505 0024 0C000000 		.4byte	.LFE4-.LFB4
 1506 0028 00000000 		.4byte	.LFB5
 1507 002c 0C000000 		.4byte	.LFE5-.LFB5
 1508 0030 00000000 		.4byte	.LFB6
 1509 0034 20000000 		.4byte	.LFE6-.LFB6
 1510 0038 00000000 		.4byte	.LFB0
 1511 003c 2C000000 		.4byte	.LFE0-.LFB0
 1512 0040 00000000 		.4byte	.LFB1
 1513 0044 24000000 		.4byte	.LFE1-.LFB1
 1514 0048 00000000 		.4byte	.LFB7
 1515 004c 0C000000 		.4byte	.LFE7-.LFB7
 1516 0050 00000000 		.4byte	.LFB8
 1517 0054 0C000000 		.4byte	.LFE8-.LFB8
 1518 0058 00000000 		.4byte	.LFB9
 1519 005c 10000000 		.4byte	.LFE9-.LFB9
 1520 0060 00000000 		.4byte	.LFB10
 1521 0064 0C000000 		.4byte	.LFE10-.LFB10
 1522 0068 00000000 		.4byte	.LFB11
 1523 006c 0C000000 		.4byte	.LFE11-.LFB11
 1524 0070 00000000 		.4byte	.LFB12
 1525 0074 0C000000 		.4byte	.LFE12-.LFB12
 1526 0078 00000000 		.4byte	0
 1527 007c 00000000 		.4byte	0
 1528              		.section	.debug_ranges,"",%progbits
 1529              	.Ldebug_ranges0:
 1530 0000 06000000 		.4byte	.LBB20
 1531 0004 0A000000 		.4byte	.LBE20
 1532 0008 0A000000 		.4byte	.LBB23
 1533 000c 0C000000 		.4byte	.LBE23
 1534 0010 00000000 		.4byte	0
 1535 0014 00000000 		.4byte	0
ARM GAS  C:\Users\Admin\AppData\Local\Temp\cczbEa2T.s 			page 35


 1536 0018 00000000 		.4byte	.LBB24
 1537 001c 02000000 		.4byte	.LBE24
 1538 0020 04000000 		.4byte	.LBB27
 1539 0024 08000000 		.4byte	.LBE27
 1540 0028 00000000 		.4byte	0
 1541 002c 00000000 		.4byte	0
 1542 0030 08000000 		.4byte	.LBB28
 1543 0034 0C000000 		.4byte	.LBE28
 1544 0038 0E000000 		.4byte	.LBB31
 1545 003c 10000000 		.4byte	.LBE31
 1546 0040 00000000 		.4byte	0
 1547 0044 00000000 		.4byte	0
 1548 0048 14000000 		.4byte	.LBB32
 1549 004c 16000000 		.4byte	.LBE32
 1550 0050 16000000 		.4byte	.LBB35
 1551 0054 18000000 		.4byte	.LBE35
 1552 0058 00000000 		.4byte	0
 1553 005c 00000000 		.4byte	0
 1554 0060 00000000 		.4byte	.LBB36
 1555 0064 02000000 		.4byte	.LBE36
 1556 0068 04000000 		.4byte	.LBB39
 1557 006c 08000000 		.4byte	.LBE39
 1558 0070 00000000 		.4byte	0
 1559 0074 00000000 		.4byte	0
 1560 0078 08000000 		.4byte	.LBB40
 1561 007c 0A000000 		.4byte	.LBE40
 1562 0080 0A000000 		.4byte	.LBB43
 1563 0084 0C000000 		.4byte	.LBE43
 1564 0088 00000000 		.4byte	0
 1565 008c 00000000 		.4byte	0
 1566 0090 00000000 		.4byte	.LFB3
 1567 0094 02000000 		.4byte	.LFE3
 1568 0098 00000000 		.4byte	.LFB2
 1569 009c 1C000000 		.4byte	.LFE2
 1570 00a0 00000000 		.4byte	.LFB4
 1571 00a4 0C000000 		.4byte	.LFE4
 1572 00a8 00000000 		.4byte	.LFB5
 1573 00ac 0C000000 		.4byte	.LFE5
 1574 00b0 00000000 		.4byte	.LFB6
 1575 00b4 20000000 		.4byte	.LFE6
 1576 00b8 00000000 		.4byte	.LFB0
 1577 00bc 2C000000 		.4byte	.LFE0
 1578 00c0 00000000 		.4byte	.LFB1
 1579 00c4 24000000 		.4byte	.LFE1
 1580 00c8 00000000 		.4byte	.LFB7
 1581 00cc 0C000000 		.4byte	.LFE7
 1582 00d0 00000000 		.4byte	.LFB8
 1583 00d4 0C000000 		.4byte	.LFE8
 1584 00d8 00000000 		.4byte	.LFB9
 1585 00dc 10000000 		.4byte	.LFE9
 1586 00e0 00000000 		.4byte	.LFB10
 1587 00e4 0C000000 		.4byte	.LFE10
 1588 00e8 00000000 		.4byte	.LFB11
 1589 00ec 0C000000 		.4byte	.LFE11
 1590 00f0 00000000 		.4byte	.LFB12
 1591 00f4 0C000000 		.4byte	.LFE12
 1592 00f8 00000000 		.4byte	0
ARM GAS  C:\Users\Admin\AppData\Local\Temp\cczbEa2T.s 			page 36


 1593 00fc 00000000 		.4byte	0
 1594              		.section	.debug_line,"",%progbits
 1595              	.Ldebug_line0:
 1596 0000 AA010000 		.section	.debug_str,"MS",%progbits,1
 1596      02005100 
 1596      00000201 
 1596      FB0E0D00 
 1596      01010101 
 1597              	.LASF14:
 1598 0000 72656733 		.ascii	"reg32\000"
 1598      3200
 1599              	.LASF36:
 1600 0006 53574C5F 		.ascii	"SWL_Int_GetPriority\000"
 1600      496E745F 
 1600      47657450 
 1600      72696F72 
 1600      69747900 
 1601              	.LASF37:
 1602 001a 43795261 		.ascii	"CyRamVectors\000"
 1602      6D566563 
 1602      746F7273 
 1602      00
 1603              	.LASF23:
 1604 0027 53574C5F 		.ascii	"SWL_Int_Start\000"
 1604      496E745F 
 1604      53746172 
 1604      7400
 1605              	.LASF30:
 1606 0035 53574C5F 		.ascii	"SWL_Int_SetPending\000"
 1606      496E745F 
 1606      53657450 
 1606      656E6469 
 1606      6E6700
 1607              	.LASF3:
 1608 0048 73686F72 		.ascii	"short unsigned int\000"
 1608      7420756E 
 1608      7369676E 
 1608      65642069 
 1608      6E7400
 1609              	.LASF28:
 1610 005b 53574C5F 		.ascii	"SWL_Int_GetState\000"
 1610      496E745F 
 1610      47657453 
 1610      74617465 
 1610      00
 1611              	.LASF27:
 1612 006c 53574C5F 		.ascii	"SWL_Int_GetVector\000"
 1612      496E745F 
 1612      47657456 
 1612      6563746F 
 1612      7200
 1613              	.LASF32:
 1614 007e 474E5520 		.ascii	"GNU C 4.8.4 20140526 (release) [ARM/embedded-4_8-br"
 1614      4320342E 
 1614      382E3420 
 1614      32303134 
 1614      30353236 
ARM GAS  C:\Users\Admin\AppData\Local\Temp\cczbEa2T.s 			page 37


 1615 00b1 616E6368 		.ascii	"anch revision 211358] -mcpu=cortex-m0 -mthumb -g -O"
 1615      20726576 
 1615      6973696F 
 1615      6E203231 
 1615      31333538 
 1616 00e4 73202D66 		.ascii	"s -ffunction-sections\000"
 1616      66756E63 
 1616      74696F6E 
 1616      2D736563 
 1616      74696F6E 
 1617              	.LASF20:
 1618 00fa 53574C5F 		.ascii	"SWL_Int_SetPriority\000"
 1618      496E745F 
 1618      53657450 
 1618      72696F72 
 1618      69747900 
 1619              	.LASF11:
 1620 010e 666C6F61 		.ascii	"float\000"
 1620      7400
 1621              	.LASF7:
 1622 0114 6C6F6E67 		.ascii	"long long unsigned int\000"
 1622      206C6F6E 
 1622      6720756E 
 1622      7369676E 
 1622      65642069 
 1623              	.LASF1:
 1624 012b 756E7369 		.ascii	"unsigned char\000"
 1624      676E6564 
 1624      20636861 
 1624      7200
 1625              	.LASF19:
 1626 0139 53574C5F 		.ascii	"SWL_Int_Stop\000"
 1626      496E745F 
 1626      53746F70 
 1626      00
 1627              	.LASF35:
 1628 0146 53574C5F 		.ascii	"SWL_Int_SetVector\000"
 1628      496E745F 
 1628      53657456 
 1628      6563746F 
 1628      7200
 1629              	.LASF21:
 1630 0158 696E7465 		.ascii	"interruptState\000"
 1630      72727570 
 1630      74537461 
 1630      746500
 1631              	.LASF5:
 1632 0167 6C6F6E67 		.ascii	"long unsigned int\000"
 1632      20756E73 
 1632      69676E65 
 1632      6420696E 
 1632      7400
 1633              	.LASF9:
 1634 0179 75696E74 		.ascii	"uint8\000"
 1634      3800
 1635              	.LASF33:
 1636 017f 2E5C4765 		.ascii	".\\Generated_Source\\PSoC4\\SWL_Int.c\000"
ARM GAS  C:\Users\Admin\AppData\Local\Temp\cczbEa2T.s 			page 38


 1636      6E657261 
 1636      7465645F 
 1636      536F7572 
 1636      63655C50 
 1637              	.LASF29:
 1638 01a2 53574C5F 		.ascii	"SWL_Int_Interrupt\000"
 1638      496E745F 
 1638      496E7465 
 1638      72727570 
 1638      7400
 1639              	.LASF25:
 1640 01b4 7072696F 		.ascii	"priority\000"
 1640      72697479 
 1640      00
 1641              	.LASF12:
 1642 01bd 646F7562 		.ascii	"double\000"
 1642      6C6500
 1643              	.LASF31:
 1644 01c4 53574C5F 		.ascii	"SWL_Int_ClearPending\000"
 1644      496E745F 
 1644      436C6561 
 1644      7250656E 
 1644      64696E67 
 1645              	.LASF10:
 1646 01d9 75696E74 		.ascii	"uint32\000"
 1646      333200
 1647              	.LASF38:
 1648 01e0 4379456E 		.ascii	"CyEnterCriticalSection\000"
 1648      74657243 
 1648      72697469 
 1648      63616C53 
 1648      65637469 
 1649              	.LASF8:
 1650 01f7 756E7369 		.ascii	"unsigned int\000"
 1650      676E6564 
 1650      20696E74 
 1650      00
 1651              	.LASF26:
 1652 0204 61646472 		.ascii	"address\000"
 1652      65737300 
 1653              	.LASF39:
 1654 020c 43794578 		.ascii	"CyExitCriticalSection\000"
 1654      69744372 
 1654      69746963 
 1654      616C5365 
 1654      6374696F 
 1655              	.LASF24:
 1656 0222 53574C5F 		.ascii	"SWL_Int_StartEx\000"
 1656      496E745F 
 1656      53746172 
 1656      74457800 
 1657              	.LASF15:
 1658 0232 63796973 		.ascii	"cyisraddress\000"
 1658      72616464 
 1658      72657373 
 1658      00
 1659              	.LASF16:
ARM GAS  C:\Users\Admin\AppData\Local\Temp\cczbEa2T.s 			page 39


 1660 023f 73697A65 		.ascii	"sizetype\000"
 1660      74797065 
 1660      00
 1661              	.LASF6:
 1662 0248 6C6F6E67 		.ascii	"long long int\000"
 1662      206C6F6E 
 1662      6720696E 
 1662      7400
 1663              	.LASF13:
 1664 0256 63686172 		.ascii	"char\000"
 1664      00
 1665              	.LASF34:
 1666 025b 433A5C55 		.ascii	"C:\\Users\\Admin\\Desktop\\Volunteer Badge\\Volunte"
 1666      73657273 
 1666      5C41646D 
 1666      696E5C44 
 1666      65736B74 
 1667 0289 65725F42 		.ascii	"er_Badge.cydsn\000"
 1667      61646765 
 1667      2E637964 
 1667      736E00
 1668              	.LASF18:
 1669 0298 53574C5F 		.ascii	"SWL_Int_Enable\000"
 1669      496E745F 
 1669      456E6162 
 1669      6C6500
 1670              	.LASF2:
 1671 02a7 73686F72 		.ascii	"short int\000"
 1671      7420696E 
 1671      7400
 1672              	.LASF22:
 1673 02b1 7072696F 		.ascii	"priorityOffset\000"
 1673      72697479 
 1673      4F666673 
 1673      657400
 1674              	.LASF4:
 1675 02c0 6C6F6E67 		.ascii	"long int\000"
 1675      20696E74 
 1675      00
 1676              	.LASF17:
 1677 02c9 53574C5F 		.ascii	"SWL_Int_Disable\000"
 1677      496E745F 
 1677      44697361 
 1677      626C6500 
 1678              	.LASF0:
 1679 02d9 7369676E 		.ascii	"signed char\000"
 1679      65642063 
 1679      68617200 
 1680              		.ident	"GCC: (GNU Tools for ARM Embedded Processors) 4.8.4 20140526 (release) [ARM/embedded-4_8-br
