ARM GAS  C:\Users\Admin\AppData\Local\Temp\ccU3cntl.s 			page 1


   1              		.cpu cortex-m0
   2              		.fpu softvfp
   3              		.eabi_attribute 20, 1
   4              		.eabi_attribute 21, 1
   5              		.eabi_attribute 23, 3
   6              		.eabi_attribute 24, 1
   7              		.eabi_attribute 25, 1
   8              		.eabi_attribute 26, 1
   9              		.eabi_attribute 30, 6
  10              		.eabi_attribute 34, 0
  11              		.eabi_attribute 18, 4
  12              		.code	16
  13              		.file	"main.c"
  14              		.text
  15              	.Ltext0:
  16              		.cfi_sections	.debug_frame
  17              		.comm	badge_state,1,1
  18              		.section	.rodata
  19              		.align	2
  20              	.LC0:
  21 0000 534F530A 		.ascii	"SOS\012\000"
  21      00
  22 0005 000000   		.section	.text.main,"ax",%progbits
  23              		.align	2
  24              		.global	main
  25              		.code	16
  26              		.thumb_func
  27              		.type	main, %function
  28              	main:
  29              	.LFB33:
  30              		.file 1 ".\\main.c"
   1:.\main.c      **** /* ========================================
   2:.\main.c      ****  *
   3:.\main.c      ****  * Red Badge source code. The volunteer badge
   4:.\main.c      ****  * is used to send encoded morse code message.
   5:.\main.c      ****  *
   6:.\main.c      ****  * Author(s): Ryan Grandgenett <rmgrandgenett@unomaha.edu>
   7:.\main.c      ****  *
   8:.\main.c      ****  * Eye Color: Blue
   9:.\main.c      ****  * Serial: Binary code output
  10:.\main.c      ****  *
  11:.\main.c      ****  * Copyright Nullify, 2016
  12:.\main.c      ****  * All Rights Reserved
  13:.\main.c      ****  * UNPUBLISHED, LICENSED SOFTWARE.
  14:.\main.c      ****  *
  15:.\main.c      ****  * CONFIDENTIAL AND PROPRIETARY INFORMATION
  16:.\main.c      ****  * WHICH IS THE PROPERTY OF NULLIY.
  17:.\main.c      ****  *
  18:.\main.c      ****  * ========================================
  19:.\main.c      **** */
  20:.\main.c      **** #include <project.h>
  21:.\main.c      **** #include <string.h>
  22:.\main.c      **** #include <stdio.h>
  23:.\main.c      **** #include "lightlib.h"
  24:.\main.c      **** #include "togglelib.h"
  25:.\main.c      **** #include "binary.h"
  26:.\main.c      **** 
ARM GAS  C:\Users\Admin\AppData\Local\Temp\ccU3cntl.s 			page 2


  27:.\main.c      **** /* Global variable used to keep track of badge state */
  28:.\main.c      **** volatile uint8 badge_state;
  29:.\main.c      **** 
  30:.\main.c      **** int main()
  31:.\main.c      **** {
  31              		.loc 1 31 0
  32              		.cfi_startproc
  33 0000 80B5     		push	{r7, lr}
  34              		.cfi_def_cfa_offset 8
  35              		.cfi_offset 7, -8
  36              		.cfi_offset 14, -4
  37 0002 00AF     		add	r7, sp, #0
  38              		.cfi_def_cfa_register 7
  32:.\main.c      **** 
  33:.\main.c      ****     /* Enable interrupts (needed for toggles and organizer PWRM) */
  34:.\main.c      ****     CyGlobalIntEnable;
  39              		.loc 1 34 0
  40              	@ 34 ".\main.c" 1
  41 0004 62B6     		CPSIE   i
  42              	@ 0 "" 2
  35:.\main.c      **** 
  36:.\main.c      ****     /* Enable toggle buttons */
  37:.\main.c      ****     enable_toggle_interrupts();
  43              		.loc 1 37 0
  44              		.code	16
  45 0006 FFF7FEFF 		bl	enable_toggle_interrupts
  38:.\main.c      ****     
  39:.\main.c      ****     /* Initialize LEDs to off and default color value */
  40:.\main.c      ****     init_led(BLUE);
  46              		.loc 1 40 0
  47 000a 0220     		mov	r0, #2
  48 000c FFF7FEFF 		bl	init_led
  49              	.L2:
  41:.\main.c      ****     
  42:.\main.c      ****     /* Show encoded message to the user forever */ 
  43:.\main.c      ****     for(;;)
  44:.\main.c      ****     {  
  45:.\main.c      ****         set_color(LEFT_RIGHT_LED, BLUE);
  50              		.loc 1 45 0 discriminator 1
  51 0010 0320     		mov	r0, #3
  52 0012 0221     		mov	r1, #2
  53 0014 FFF7FEFF 		bl	set_color
  46:.\main.c      ****         clear_toggle_press_count();
  54              		.loc 1 46 0 discriminator 1
  55 0018 FFF7FEFF 		bl	clear_toggle_press_count
  47:.\main.c      ****         binary_message("SOS\n");
  56              		.loc 1 47 0 discriminator 1
  57 001c 024B     		ldr	r3, .L3
  58 001e 181C     		mov	r0, r3
  59 0020 FFF7FEFF 		bl	binary_message
  48:.\main.c      ****       
  49:.\main.c      ****     }
  60              		.loc 1 49 0 discriminator 1
  61 0024 F4E7     		b	.L2
  62              	.L4:
  63 0026 C046     		.align	2
  64              	.L3:
ARM GAS  C:\Users\Admin\AppData\Local\Temp\ccU3cntl.s 			page 3


  65 0028 00000000 		.word	.LC0
  66              		.cfi_endproc
  67              	.LFE33:
  68              		.size	main, .-main
  69              		.text
  70              	.Letext0:
  71              		.file 2 ".\\Generated_Source\\PSoC4/cytypes.h"
  72              		.section	.debug_info,"",%progbits
  73              	.Ldebug_info0:
  74 0000 BA000000 		.4byte	0xba
  75 0004 0400     		.2byte	0x4
  76 0006 00000000 		.4byte	.Ldebug_abbrev0
  77 000a 04       		.byte	0x4
  78 000b 01       		.uleb128 0x1
  79 000c A2000000 		.4byte	.LASF13
  80 0010 01       		.byte	0x1
  81 0011 70010000 		.4byte	.LASF14
  82 0015 5B000000 		.4byte	.LASF15
  83 0019 00000000 		.4byte	.Ldebug_ranges0+0
  84 001d 00000000 		.4byte	0
  85 0021 00000000 		.4byte	.Ldebug_line0
  86 0025 02       		.uleb128 0x2
  87 0026 01       		.byte	0x1
  88 0027 06       		.byte	0x6
  89 0028 5E010000 		.4byte	.LASF0
  90 002c 02       		.uleb128 0x2
  91 002d 01       		.byte	0x1
  92 002e 08       		.byte	0x8
  93 002f 1E010000 		.4byte	.LASF1
  94 0033 02       		.uleb128 0x2
  95 0034 02       		.byte	0x2
  96 0035 05       		.byte	0x5
  97 0036 3A010000 		.4byte	.LASF2
  98 003a 02       		.uleb128 0x2
  99 003b 02       		.byte	0x2
 100 003c 07       		.byte	0x7
 101 003d 4B010000 		.4byte	.LASF3
 102 0041 02       		.uleb128 0x2
 103 0042 04       		.byte	0x4
 104 0043 05       		.byte	0x5
 105 0044 31010000 		.4byte	.LASF4
 106 0048 02       		.uleb128 0x2
 107 0049 04       		.byte	0x4
 108 004a 07       		.byte	0x7
 109 004b 32000000 		.4byte	.LASF5
 110 004f 02       		.uleb128 0x2
 111 0050 08       		.byte	0x8
 112 0051 05       		.byte	0x5
 113 0052 00000000 		.4byte	.LASF6
 114 0056 02       		.uleb128 0x2
 115 0057 08       		.byte	0x8
 116 0058 07       		.byte	0x7
 117 0059 44000000 		.4byte	.LASF7
 118 005d 03       		.uleb128 0x3
 119 005e 04       		.byte	0x4
 120 005f 05       		.byte	0x5
 121 0060 696E7400 		.ascii	"int\000"
ARM GAS  C:\Users\Admin\AppData\Local\Temp\ccU3cntl.s 			page 4


 122 0064 02       		.uleb128 0x2
 123 0065 04       		.byte	0x4
 124 0066 07       		.byte	0x7
 125 0067 0E000000 		.4byte	.LASF8
 126 006b 04       		.uleb128 0x4
 127 006c 2C000000 		.4byte	.LASF16
 128 0070 02       		.byte	0x2
 129 0071 A1       		.byte	0xa1
 130 0072 2C000000 		.4byte	0x2c
 131 0076 02       		.uleb128 0x2
 132 0077 04       		.byte	0x4
 133 0078 04       		.byte	0x4
 134 0079 6A010000 		.4byte	.LASF9
 135 007d 02       		.uleb128 0x2
 136 007e 08       		.byte	0x8
 137 007f 04       		.byte	0x4
 138 0080 44010000 		.4byte	.LASF10
 139 0084 02       		.uleb128 0x2
 140 0085 01       		.byte	0x1
 141 0086 08       		.byte	0x8
 142 0087 2C010000 		.4byte	.LASF11
 143 008b 05       		.uleb128 0x5
 144 008c 6B000000 		.4byte	0x6b
 145 0090 02       		.uleb128 0x2
 146 0091 04       		.byte	0x4
 147 0092 07       		.byte	0x7
 148 0093 79010000 		.4byte	.LASF12
 149 0097 06       		.uleb128 0x6
 150 0098 1B000000 		.4byte	.LASF17
 151 009c 01       		.byte	0x1
 152 009d 1E       		.byte	0x1e
 153 009e 5D000000 		.4byte	0x5d
 154 00a2 00000000 		.4byte	.LFB33
 155 00a6 2C000000 		.4byte	.LFE33-.LFB33
 156 00aa 01       		.uleb128 0x1
 157 00ab 9C       		.byte	0x9c
 158 00ac 07       		.uleb128 0x7
 159 00ad 20000000 		.4byte	.LASF18
 160 00b1 01       		.byte	0x1
 161 00b2 1C       		.byte	0x1c
 162 00b3 8B000000 		.4byte	0x8b
 163 00b7 05       		.uleb128 0x5
 164 00b8 03       		.byte	0x3
 165 00b9 00000000 		.4byte	badge_state
 166 00bd 00       		.byte	0
 167              		.section	.debug_abbrev,"",%progbits
 168              	.Ldebug_abbrev0:
 169 0000 01       		.uleb128 0x1
 170 0001 11       		.uleb128 0x11
 171 0002 01       		.byte	0x1
 172 0003 25       		.uleb128 0x25
 173 0004 0E       		.uleb128 0xe
 174 0005 13       		.uleb128 0x13
 175 0006 0B       		.uleb128 0xb
 176 0007 03       		.uleb128 0x3
 177 0008 0E       		.uleb128 0xe
 178 0009 1B       		.uleb128 0x1b
ARM GAS  C:\Users\Admin\AppData\Local\Temp\ccU3cntl.s 			page 5


 179 000a 0E       		.uleb128 0xe
 180 000b 55       		.uleb128 0x55
 181 000c 17       		.uleb128 0x17
 182 000d 11       		.uleb128 0x11
 183 000e 01       		.uleb128 0x1
 184 000f 10       		.uleb128 0x10
 185 0010 17       		.uleb128 0x17
 186 0011 00       		.byte	0
 187 0012 00       		.byte	0
 188 0013 02       		.uleb128 0x2
 189 0014 24       		.uleb128 0x24
 190 0015 00       		.byte	0
 191 0016 0B       		.uleb128 0xb
 192 0017 0B       		.uleb128 0xb
 193 0018 3E       		.uleb128 0x3e
 194 0019 0B       		.uleb128 0xb
 195 001a 03       		.uleb128 0x3
 196 001b 0E       		.uleb128 0xe
 197 001c 00       		.byte	0
 198 001d 00       		.byte	0
 199 001e 03       		.uleb128 0x3
 200 001f 24       		.uleb128 0x24
 201 0020 00       		.byte	0
 202 0021 0B       		.uleb128 0xb
 203 0022 0B       		.uleb128 0xb
 204 0023 3E       		.uleb128 0x3e
 205 0024 0B       		.uleb128 0xb
 206 0025 03       		.uleb128 0x3
 207 0026 08       		.uleb128 0x8
 208 0027 00       		.byte	0
 209 0028 00       		.byte	0
 210 0029 04       		.uleb128 0x4
 211 002a 16       		.uleb128 0x16
 212 002b 00       		.byte	0
 213 002c 03       		.uleb128 0x3
 214 002d 0E       		.uleb128 0xe
 215 002e 3A       		.uleb128 0x3a
 216 002f 0B       		.uleb128 0xb
 217 0030 3B       		.uleb128 0x3b
 218 0031 0B       		.uleb128 0xb
 219 0032 49       		.uleb128 0x49
 220 0033 13       		.uleb128 0x13
 221 0034 00       		.byte	0
 222 0035 00       		.byte	0
 223 0036 05       		.uleb128 0x5
 224 0037 35       		.uleb128 0x35
 225 0038 00       		.byte	0
 226 0039 49       		.uleb128 0x49
 227 003a 13       		.uleb128 0x13
 228 003b 00       		.byte	0
 229 003c 00       		.byte	0
 230 003d 06       		.uleb128 0x6
 231 003e 2E       		.uleb128 0x2e
 232 003f 00       		.byte	0
 233 0040 3F       		.uleb128 0x3f
 234 0041 19       		.uleb128 0x19
 235 0042 03       		.uleb128 0x3
ARM GAS  C:\Users\Admin\AppData\Local\Temp\ccU3cntl.s 			page 6


 236 0043 0E       		.uleb128 0xe
 237 0044 3A       		.uleb128 0x3a
 238 0045 0B       		.uleb128 0xb
 239 0046 3B       		.uleb128 0x3b
 240 0047 0B       		.uleb128 0xb
 241 0048 49       		.uleb128 0x49
 242 0049 13       		.uleb128 0x13
 243 004a 11       		.uleb128 0x11
 244 004b 01       		.uleb128 0x1
 245 004c 12       		.uleb128 0x12
 246 004d 06       		.uleb128 0x6
 247 004e 40       		.uleb128 0x40
 248 004f 18       		.uleb128 0x18
 249 0050 9642     		.uleb128 0x2116
 250 0052 19       		.uleb128 0x19
 251 0053 00       		.byte	0
 252 0054 00       		.byte	0
 253 0055 07       		.uleb128 0x7
 254 0056 34       		.uleb128 0x34
 255 0057 00       		.byte	0
 256 0058 03       		.uleb128 0x3
 257 0059 0E       		.uleb128 0xe
 258 005a 3A       		.uleb128 0x3a
 259 005b 0B       		.uleb128 0xb
 260 005c 3B       		.uleb128 0x3b
 261 005d 0B       		.uleb128 0xb
 262 005e 49       		.uleb128 0x49
 263 005f 13       		.uleb128 0x13
 264 0060 3F       		.uleb128 0x3f
 265 0061 19       		.uleb128 0x19
 266 0062 02       		.uleb128 0x2
 267 0063 18       		.uleb128 0x18
 268 0064 00       		.byte	0
 269 0065 00       		.byte	0
 270 0066 00       		.byte	0
 271              		.section	.debug_aranges,"",%progbits
 272 0000 1C000000 		.4byte	0x1c
 273 0004 0200     		.2byte	0x2
 274 0006 00000000 		.4byte	.Ldebug_info0
 275 000a 04       		.byte	0x4
 276 000b 00       		.byte	0
 277 000c 0000     		.2byte	0
 278 000e 0000     		.2byte	0
 279 0010 00000000 		.4byte	.LFB33
 280 0014 2C000000 		.4byte	.LFE33-.LFB33
 281 0018 00000000 		.4byte	0
 282 001c 00000000 		.4byte	0
 283              		.section	.debug_ranges,"",%progbits
 284              	.Ldebug_ranges0:
 285 0000 00000000 		.4byte	.LFB33
 286 0004 2C000000 		.4byte	.LFE33
 287 0008 00000000 		.4byte	0
 288 000c 00000000 		.4byte	0
 289              		.section	.debug_line,"",%progbits
 290              	.Ldebug_line0:
 291 0000 71000000 		.section	.debug_str,"MS",%progbits,1
 291      02004500 
ARM GAS  C:\Users\Admin\AppData\Local\Temp\ccU3cntl.s 			page 7


 291      00000201 
 291      FB0E0D00 
 291      01010101 
 292              	.LASF6:
 293 0000 6C6F6E67 		.ascii	"long long int\000"
 293      206C6F6E 
 293      6720696E 
 293      7400
 294              	.LASF8:
 295 000e 756E7369 		.ascii	"unsigned int\000"
 295      676E6564 
 295      20696E74 
 295      00
 296              	.LASF17:
 297 001b 6D61696E 		.ascii	"main\000"
 297      00
 298              	.LASF18:
 299 0020 62616467 		.ascii	"badge_state\000"
 299      655F7374 
 299      61746500 
 300              	.LASF16:
 301 002c 75696E74 		.ascii	"uint8\000"
 301      3800
 302              	.LASF5:
 303 0032 6C6F6E67 		.ascii	"long unsigned int\000"
 303      20756E73 
 303      69676E65 
 303      6420696E 
 303      7400
 304              	.LASF7:
 305 0044 6C6F6E67 		.ascii	"long long unsigned int\000"
 305      206C6F6E 
 305      6720756E 
 305      7369676E 
 305      65642069 
 306              	.LASF15:
 307 005b 433A5C55 		.ascii	"C:\\Users\\Admin\\Desktop\\Teacher Badge\\Teacher_B"
 307      73657273 
 307      5C41646D 
 307      696E5C44 
 307      65736B74 
 308 0089 61646765 		.ascii	"adge\\Teacher_Badge.cydsn\000"
 308      5C546561 
 308      63686572 
 308      5F426164 
 308      67652E63 
 309              	.LASF13:
 310 00a2 474E5520 		.ascii	"GNU C 4.8.4 20140526 (release) [ARM/embedded-4_8-br"
 310      4320342E 
 310      382E3420 
 310      32303134 
 310      30353236 
 311 00d5 616E6368 		.ascii	"anch revision 211358] -mcpu=cortex-m0 -mthumb -g -O"
 311      20726576 
 311      6973696F 
 311      6E203231 
 311      31333538 
ARM GAS  C:\Users\Admin\AppData\Local\Temp\ccU3cntl.s 			page 8


 312 0108 30202D66 		.ascii	"0 -ffunction-sections\000"
 312      66756E63 
 312      74696F6E 
 312      2D736563 
 312      74696F6E 
 313              	.LASF1:
 314 011e 756E7369 		.ascii	"unsigned char\000"
 314      676E6564 
 314      20636861 
 314      7200
 315              	.LASF11:
 316 012c 63686172 		.ascii	"char\000"
 316      00
 317              	.LASF4:
 318 0131 6C6F6E67 		.ascii	"long int\000"
 318      20696E74 
 318      00
 319              	.LASF2:
 320 013a 73686F72 		.ascii	"short int\000"
 320      7420696E 
 320      7400
 321              	.LASF10:
 322 0144 646F7562 		.ascii	"double\000"
 322      6C6500
 323              	.LASF3:
 324 014b 73686F72 		.ascii	"short unsigned int\000"
 324      7420756E 
 324      7369676E 
 324      65642069 
 324      6E7400
 325              	.LASF0:
 326 015e 7369676E 		.ascii	"signed char\000"
 326      65642063 
 326      68617200 
 327              	.LASF9:
 328 016a 666C6F61 		.ascii	"float\000"
 328      7400
 329              	.LASF14:
 330 0170 2E5C6D61 		.ascii	".\\main.c\000"
 330      696E2E63 
 330      00
 331              	.LASF12:
 332 0179 73697A65 		.ascii	"sizetype\000"
 332      74797065 
 332      00
 333              		.ident	"GCC: (GNU Tools for ARM Embedded Processors) 4.8.4 20140526 (release) [ARM/embedded-4_8-br
