ARM GAS  C:\Users\Admin\AppData\Local\Temp\ccmtl3I7.s 			page 1


   1              		.cpu cortex-m0
   2              		.fpu softvfp
   3              		.eabi_attribute 20, 1
   4              		.eabi_attribute 21, 1
   5              		.eabi_attribute 23, 3
   6              		.eabi_attribute 24, 1
   7              		.eabi_attribute 25, 1
   8              		.eabi_attribute 26, 1
   9              		.eabi_attribute 30, 6
  10              		.eabi_attribute 34, 0
  11              		.eabi_attribute 18, 4
  12              		.code	16
  13              		.file	"SWL_Int.c"
  14              		.text
  15              	.Ltext0:
  16              		.cfi_sections	.debug_frame
  17              		.section	.text.SWL_Int_Start,"ax",%progbits
  18              		.align	2
  19              		.global	SWL_Int_Start
  20              		.code	16
  21              		.thumb_func
  22              		.type	SWL_Int_Start, %function
  23              	SWL_Int_Start:
  24              	.LFB0:
  25              		.file 1 ".\\Generated_Source\\PSoC4\\SWL_Int.c"
   1:.\Generated_Source\PSoC4/SWL_Int.c **** /*******************************************************************************
   2:.\Generated_Source\PSoC4/SWL_Int.c **** * File Name: SWL_Int.c  
   3:.\Generated_Source\PSoC4/SWL_Int.c **** * Version 1.70
   4:.\Generated_Source\PSoC4/SWL_Int.c **** *
   5:.\Generated_Source\PSoC4/SWL_Int.c **** *  Description:
   6:.\Generated_Source\PSoC4/SWL_Int.c **** *   API for controlling the state of an interrupt.
   7:.\Generated_Source\PSoC4/SWL_Int.c **** *
   8:.\Generated_Source\PSoC4/SWL_Int.c **** *
   9:.\Generated_Source\PSoC4/SWL_Int.c **** *  Note:
  10:.\Generated_Source\PSoC4/SWL_Int.c **** *
  11:.\Generated_Source\PSoC4/SWL_Int.c **** ********************************************************************************
  12:.\Generated_Source\PSoC4/SWL_Int.c **** * Copyright 2008-2012, Cypress Semiconductor Corporation.  All rights reserved.
  13:.\Generated_Source\PSoC4/SWL_Int.c **** * You may use this file only in accordance with the license, terms, conditions, 
  14:.\Generated_Source\PSoC4/SWL_Int.c **** * disclaimers, and limitations in the end user license agreement accompanying 
  15:.\Generated_Source\PSoC4/SWL_Int.c **** * the software package with which this file was provided.
  16:.\Generated_Source\PSoC4/SWL_Int.c **** *******************************************************************************/
  17:.\Generated_Source\PSoC4/SWL_Int.c **** 
  18:.\Generated_Source\PSoC4/SWL_Int.c **** 
  19:.\Generated_Source\PSoC4/SWL_Int.c **** #include <cydevice_trm.h>
  20:.\Generated_Source\PSoC4/SWL_Int.c **** #include <CyLib.h>
  21:.\Generated_Source\PSoC4/SWL_Int.c **** #include <SWL_Int.h>
  22:.\Generated_Source\PSoC4/SWL_Int.c **** 
  23:.\Generated_Source\PSoC4/SWL_Int.c **** #if !defined(SWL_Int__REMOVED) /* Check for removal by optimization */
  24:.\Generated_Source\PSoC4/SWL_Int.c **** 
  25:.\Generated_Source\PSoC4/SWL_Int.c **** /*******************************************************************************
  26:.\Generated_Source\PSoC4/SWL_Int.c **** *  Place your includes, defines and code here 
  27:.\Generated_Source\PSoC4/SWL_Int.c **** ********************************************************************************/
  28:.\Generated_Source\PSoC4/SWL_Int.c **** /* `#START SWL_Int_intc` */
  29:.\Generated_Source\PSoC4/SWL_Int.c **** 
  30:.\Generated_Source\PSoC4/SWL_Int.c **** /* `#END` */
  31:.\Generated_Source\PSoC4/SWL_Int.c **** 
  32:.\Generated_Source\PSoC4/SWL_Int.c **** extern cyisraddress CyRamVectors[CYINT_IRQ_BASE + CY_NUM_INTERRUPTS];
ARM GAS  C:\Users\Admin\AppData\Local\Temp\ccmtl3I7.s 			page 2


  33:.\Generated_Source\PSoC4/SWL_Int.c **** 
  34:.\Generated_Source\PSoC4/SWL_Int.c **** /* Declared in startup, used to set unused interrupts to. */
  35:.\Generated_Source\PSoC4/SWL_Int.c **** CY_ISR_PROTO(IntDefaultHandler);
  36:.\Generated_Source\PSoC4/SWL_Int.c **** 
  37:.\Generated_Source\PSoC4/SWL_Int.c **** 
  38:.\Generated_Source\PSoC4/SWL_Int.c **** /*******************************************************************************
  39:.\Generated_Source\PSoC4/SWL_Int.c **** * Function Name: SWL_Int_Start
  40:.\Generated_Source\PSoC4/SWL_Int.c **** ********************************************************************************
  41:.\Generated_Source\PSoC4/SWL_Int.c **** *
  42:.\Generated_Source\PSoC4/SWL_Int.c **** * Summary:
  43:.\Generated_Source\PSoC4/SWL_Int.c **** *  Set up the interrupt and enable it.
  44:.\Generated_Source\PSoC4/SWL_Int.c **** *
  45:.\Generated_Source\PSoC4/SWL_Int.c **** * Parameters:  
  46:.\Generated_Source\PSoC4/SWL_Int.c **** *   None
  47:.\Generated_Source\PSoC4/SWL_Int.c **** *
  48:.\Generated_Source\PSoC4/SWL_Int.c **** * Return:
  49:.\Generated_Source\PSoC4/SWL_Int.c **** *   None
  50:.\Generated_Source\PSoC4/SWL_Int.c **** *
  51:.\Generated_Source\PSoC4/SWL_Int.c **** *******************************************************************************/
  52:.\Generated_Source\PSoC4/SWL_Int.c **** void SWL_Int_Start(void)
  53:.\Generated_Source\PSoC4/SWL_Int.c **** {
  26              		.loc 1 53 0
  27              		.cfi_startproc
  28 0000 80B5     		push	{r7, lr}
  29              		.cfi_def_cfa_offset 8
  30              		.cfi_offset 7, -8
  31              		.cfi_offset 14, -4
  32 0002 00AF     		add	r7, sp, #0
  33              		.cfi_def_cfa_register 7
  54:.\Generated_Source\PSoC4/SWL_Int.c ****     /* For all we know the interrupt is active. */
  55:.\Generated_Source\PSoC4/SWL_Int.c ****     SWL_Int_Disable();
  34              		.loc 1 55 0
  35 0004 FFF7FEFF 		bl	SWL_Int_Disable
  56:.\Generated_Source\PSoC4/SWL_Int.c **** 
  57:.\Generated_Source\PSoC4/SWL_Int.c ****     /* Set the ISR to point to the SWL_Int Interrupt. */
  58:.\Generated_Source\PSoC4/SWL_Int.c ****     SWL_Int_SetVector(&SWL_Int_Interrupt);
  36              		.loc 1 58 0
  37 0008 054B     		ldr	r3, .L2
  38 000a 181C     		mov	r0, r3
  39 000c FFF7FEFF 		bl	SWL_Int_SetVector
  59:.\Generated_Source\PSoC4/SWL_Int.c **** 
  60:.\Generated_Source\PSoC4/SWL_Int.c ****     /* Set the priority. */
  61:.\Generated_Source\PSoC4/SWL_Int.c ****     SWL_Int_SetPriority((uint8)SWL_Int_INTC_PRIOR_NUMBER);
  40              		.loc 1 61 0
  41 0010 0320     		mov	r0, #3
  42 0012 FFF7FEFF 		bl	SWL_Int_SetPriority
  62:.\Generated_Source\PSoC4/SWL_Int.c **** 
  63:.\Generated_Source\PSoC4/SWL_Int.c ****     /* Enable it. */
  64:.\Generated_Source\PSoC4/SWL_Int.c ****     SWL_Int_Enable();
  43              		.loc 1 64 0
  44 0016 FFF7FEFF 		bl	SWL_Int_Enable
  65:.\Generated_Source\PSoC4/SWL_Int.c **** }
  45              		.loc 1 65 0
  46 001a BD46     		mov	sp, r7
  47              		@ sp needed
  48 001c 80BD     		pop	{r7, pc}
  49              	.L3:
ARM GAS  C:\Users\Admin\AppData\Local\Temp\ccmtl3I7.s 			page 3


  50 001e C046     		.align	2
  51              	.L2:
  52 0020 00000000 		.word	SWL_Int_Interrupt
  53              		.cfi_endproc
  54              	.LFE0:
  55              		.size	SWL_Int_Start, .-SWL_Int_Start
  56              		.section	.text.SWL_Int_StartEx,"ax",%progbits
  57              		.align	2
  58              		.global	SWL_Int_StartEx
  59              		.code	16
  60              		.thumb_func
  61              		.type	SWL_Int_StartEx, %function
  62              	SWL_Int_StartEx:
  63              	.LFB1:
  66:.\Generated_Source\PSoC4/SWL_Int.c **** 
  67:.\Generated_Source\PSoC4/SWL_Int.c **** 
  68:.\Generated_Source\PSoC4/SWL_Int.c **** /*******************************************************************************
  69:.\Generated_Source\PSoC4/SWL_Int.c **** * Function Name: SWL_Int_StartEx
  70:.\Generated_Source\PSoC4/SWL_Int.c **** ********************************************************************************
  71:.\Generated_Source\PSoC4/SWL_Int.c **** *
  72:.\Generated_Source\PSoC4/SWL_Int.c **** * Summary:
  73:.\Generated_Source\PSoC4/SWL_Int.c **** *  Set up the interrupt and enable it.
  74:.\Generated_Source\PSoC4/SWL_Int.c **** *
  75:.\Generated_Source\PSoC4/SWL_Int.c **** * Parameters:  
  76:.\Generated_Source\PSoC4/SWL_Int.c **** *   address: Address of the ISR to set in the interrupt vector table.
  77:.\Generated_Source\PSoC4/SWL_Int.c **** *
  78:.\Generated_Source\PSoC4/SWL_Int.c **** * Return:
  79:.\Generated_Source\PSoC4/SWL_Int.c **** *   None
  80:.\Generated_Source\PSoC4/SWL_Int.c **** *
  81:.\Generated_Source\PSoC4/SWL_Int.c **** *******************************************************************************/
  82:.\Generated_Source\PSoC4/SWL_Int.c **** void SWL_Int_StartEx(cyisraddress address)
  83:.\Generated_Source\PSoC4/SWL_Int.c **** {
  64              		.loc 1 83 0
  65              		.cfi_startproc
  66 0000 80B5     		push	{r7, lr}
  67              		.cfi_def_cfa_offset 8
  68              		.cfi_offset 7, -8
  69              		.cfi_offset 14, -4
  70 0002 82B0     		sub	sp, sp, #8
  71              		.cfi_def_cfa_offset 16
  72 0004 00AF     		add	r7, sp, #0
  73              		.cfi_def_cfa_register 7
  74 0006 7860     		str	r0, [r7, #4]
  84:.\Generated_Source\PSoC4/SWL_Int.c ****     /* For all we know the interrupt is active. */
  85:.\Generated_Source\PSoC4/SWL_Int.c ****     SWL_Int_Disable();
  75              		.loc 1 85 0
  76 0008 FFF7FEFF 		bl	SWL_Int_Disable
  86:.\Generated_Source\PSoC4/SWL_Int.c **** 
  87:.\Generated_Source\PSoC4/SWL_Int.c ****     /* Set the ISR to point to the SWL_Int Interrupt. */
  88:.\Generated_Source\PSoC4/SWL_Int.c ****     SWL_Int_SetVector(address);
  77              		.loc 1 88 0
  78 000c 7B68     		ldr	r3, [r7, #4]
  79 000e 181C     		mov	r0, r3
  80 0010 FFF7FEFF 		bl	SWL_Int_SetVector
  89:.\Generated_Source\PSoC4/SWL_Int.c **** 
  90:.\Generated_Source\PSoC4/SWL_Int.c ****     /* Set the priority. */
  91:.\Generated_Source\PSoC4/SWL_Int.c ****     SWL_Int_SetPriority((uint8)SWL_Int_INTC_PRIOR_NUMBER);
ARM GAS  C:\Users\Admin\AppData\Local\Temp\ccmtl3I7.s 			page 4


  81              		.loc 1 91 0
  82 0014 0320     		mov	r0, #3
  83 0016 FFF7FEFF 		bl	SWL_Int_SetPriority
  92:.\Generated_Source\PSoC4/SWL_Int.c **** 
  93:.\Generated_Source\PSoC4/SWL_Int.c ****     /* Enable it. */
  94:.\Generated_Source\PSoC4/SWL_Int.c ****     SWL_Int_Enable();
  84              		.loc 1 94 0
  85 001a FFF7FEFF 		bl	SWL_Int_Enable
  95:.\Generated_Source\PSoC4/SWL_Int.c **** }
  86              		.loc 1 95 0
  87 001e BD46     		mov	sp, r7
  88 0020 02B0     		add	sp, sp, #8
  89              		@ sp needed
  90 0022 80BD     		pop	{r7, pc}
  91              		.cfi_endproc
  92              	.LFE1:
  93              		.size	SWL_Int_StartEx, .-SWL_Int_StartEx
  94              		.section	.text.SWL_Int_Stop,"ax",%progbits
  95              		.align	2
  96              		.global	SWL_Int_Stop
  97              		.code	16
  98              		.thumb_func
  99              		.type	SWL_Int_Stop, %function
 100              	SWL_Int_Stop:
 101              	.LFB2:
  96:.\Generated_Source\PSoC4/SWL_Int.c **** 
  97:.\Generated_Source\PSoC4/SWL_Int.c **** 
  98:.\Generated_Source\PSoC4/SWL_Int.c **** /*******************************************************************************
  99:.\Generated_Source\PSoC4/SWL_Int.c **** * Function Name: SWL_Int_Stop
 100:.\Generated_Source\PSoC4/SWL_Int.c **** ********************************************************************************
 101:.\Generated_Source\PSoC4/SWL_Int.c **** *
 102:.\Generated_Source\PSoC4/SWL_Int.c **** * Summary:
 103:.\Generated_Source\PSoC4/SWL_Int.c **** *   Disables and removes the interrupt.
 104:.\Generated_Source\PSoC4/SWL_Int.c **** *
 105:.\Generated_Source\PSoC4/SWL_Int.c **** * Parameters:  
 106:.\Generated_Source\PSoC4/SWL_Int.c **** *
 107:.\Generated_Source\PSoC4/SWL_Int.c **** * Return:
 108:.\Generated_Source\PSoC4/SWL_Int.c **** *   None
 109:.\Generated_Source\PSoC4/SWL_Int.c **** *
 110:.\Generated_Source\PSoC4/SWL_Int.c **** *******************************************************************************/
 111:.\Generated_Source\PSoC4/SWL_Int.c **** void SWL_Int_Stop(void)
 112:.\Generated_Source\PSoC4/SWL_Int.c **** {
 102              		.loc 1 112 0
 103              		.cfi_startproc
 104 0000 80B5     		push	{r7, lr}
 105              		.cfi_def_cfa_offset 8
 106              		.cfi_offset 7, -8
 107              		.cfi_offset 14, -4
 108 0002 00AF     		add	r7, sp, #0
 109              		.cfi_def_cfa_register 7
 113:.\Generated_Source\PSoC4/SWL_Int.c ****     /* Disable this interrupt. */
 114:.\Generated_Source\PSoC4/SWL_Int.c ****     SWL_Int_Disable();
 110              		.loc 1 114 0
 111 0004 FFF7FEFF 		bl	SWL_Int_Disable
 115:.\Generated_Source\PSoC4/SWL_Int.c **** 
 116:.\Generated_Source\PSoC4/SWL_Int.c ****     /* Set the ISR to point to the passive one. */
 117:.\Generated_Source\PSoC4/SWL_Int.c ****     SWL_Int_SetVector(&IntDefaultHandler);
ARM GAS  C:\Users\Admin\AppData\Local\Temp\ccmtl3I7.s 			page 5


 112              		.loc 1 117 0
 113 0008 024B     		ldr	r3, .L6
 114 000a 181C     		mov	r0, r3
 115 000c FFF7FEFF 		bl	SWL_Int_SetVector
 118:.\Generated_Source\PSoC4/SWL_Int.c **** }
 116              		.loc 1 118 0
 117 0010 BD46     		mov	sp, r7
 118              		@ sp needed
 119 0012 80BD     		pop	{r7, pc}
 120              	.L7:
 121              		.align	2
 122              	.L6:
 123 0014 00000000 		.word	IntDefaultHandler
 124              		.cfi_endproc
 125              	.LFE2:
 126              		.size	SWL_Int_Stop, .-SWL_Int_Stop
 127              		.section	.text.SWL_Int_Interrupt,"ax",%progbits
 128              		.align	2
 129              		.global	SWL_Int_Interrupt
 130              		.code	16
 131              		.thumb_func
 132              		.type	SWL_Int_Interrupt, %function
 133              	SWL_Int_Interrupt:
 134              	.LFB3:
 119:.\Generated_Source\PSoC4/SWL_Int.c **** 
 120:.\Generated_Source\PSoC4/SWL_Int.c **** 
 121:.\Generated_Source\PSoC4/SWL_Int.c **** /*******************************************************************************
 122:.\Generated_Source\PSoC4/SWL_Int.c **** * Function Name: SWL_Int_Interrupt
 123:.\Generated_Source\PSoC4/SWL_Int.c **** ********************************************************************************
 124:.\Generated_Source\PSoC4/SWL_Int.c **** *
 125:.\Generated_Source\PSoC4/SWL_Int.c **** * Summary:
 126:.\Generated_Source\PSoC4/SWL_Int.c **** *   The default Interrupt Service Routine for SWL_Int.
 127:.\Generated_Source\PSoC4/SWL_Int.c **** *
 128:.\Generated_Source\PSoC4/SWL_Int.c **** *   Add custom code between the coments to keep the next version of this file
 129:.\Generated_Source\PSoC4/SWL_Int.c **** *   from over writting your code.
 130:.\Generated_Source\PSoC4/SWL_Int.c **** *
 131:.\Generated_Source\PSoC4/SWL_Int.c **** * Parameters:  
 132:.\Generated_Source\PSoC4/SWL_Int.c **** *   None
 133:.\Generated_Source\PSoC4/SWL_Int.c **** *
 134:.\Generated_Source\PSoC4/SWL_Int.c **** * Return:
 135:.\Generated_Source\PSoC4/SWL_Int.c **** *   None
 136:.\Generated_Source\PSoC4/SWL_Int.c **** *
 137:.\Generated_Source\PSoC4/SWL_Int.c **** *******************************************************************************/
 138:.\Generated_Source\PSoC4/SWL_Int.c **** CY_ISR(SWL_Int_Interrupt)
 139:.\Generated_Source\PSoC4/SWL_Int.c **** {
 135              		.loc 1 139 0
 136              		.cfi_startproc
 137 0000 80B5     		push	{r7, lr}
 138              		.cfi_def_cfa_offset 8
 139              		.cfi_offset 7, -8
 140              		.cfi_offset 14, -4
 141 0002 00AF     		add	r7, sp, #0
 142              		.cfi_def_cfa_register 7
 140:.\Generated_Source\PSoC4/SWL_Int.c ****     /*  Place your Interrupt code here. */
 141:.\Generated_Source\PSoC4/SWL_Int.c ****     /* `#START SWL_Int_Interrupt` */
 142:.\Generated_Source\PSoC4/SWL_Int.c **** 
 143:.\Generated_Source\PSoC4/SWL_Int.c ****     /* `#END` */
ARM GAS  C:\Users\Admin\AppData\Local\Temp\ccmtl3I7.s 			page 6


 144:.\Generated_Source\PSoC4/SWL_Int.c **** }
 143              		.loc 1 144 0
 144 0004 BD46     		mov	sp, r7
 145              		@ sp needed
 146 0006 80BD     		pop	{r7, pc}
 147              		.cfi_endproc
 148              	.LFE3:
 149              		.size	SWL_Int_Interrupt, .-SWL_Int_Interrupt
 150              		.section	.text.SWL_Int_SetVector,"ax",%progbits
 151              		.align	2
 152              		.global	SWL_Int_SetVector
 153              		.code	16
 154              		.thumb_func
 155              		.type	SWL_Int_SetVector, %function
 156              	SWL_Int_SetVector:
 157              	.LFB4:
 145:.\Generated_Source\PSoC4/SWL_Int.c **** 
 146:.\Generated_Source\PSoC4/SWL_Int.c **** 
 147:.\Generated_Source\PSoC4/SWL_Int.c **** /*******************************************************************************
 148:.\Generated_Source\PSoC4/SWL_Int.c **** * Function Name: SWL_Int_SetVector
 149:.\Generated_Source\PSoC4/SWL_Int.c **** ********************************************************************************
 150:.\Generated_Source\PSoC4/SWL_Int.c **** *
 151:.\Generated_Source\PSoC4/SWL_Int.c **** * Summary:
 152:.\Generated_Source\PSoC4/SWL_Int.c **** *   Change the ISR vector for the Interrupt. Note calling SWL_Int_Start
 153:.\Generated_Source\PSoC4/SWL_Int.c **** *   will override any effect this method would have had. To set the vector 
 154:.\Generated_Source\PSoC4/SWL_Int.c **** *   before the component has been started use SWL_Int_StartEx instead.
 155:.\Generated_Source\PSoC4/SWL_Int.c **** *
 156:.\Generated_Source\PSoC4/SWL_Int.c **** * Parameters:
 157:.\Generated_Source\PSoC4/SWL_Int.c **** *   address: Address of the ISR to set in the interrupt vector table.
 158:.\Generated_Source\PSoC4/SWL_Int.c **** *
 159:.\Generated_Source\PSoC4/SWL_Int.c **** * Return:
 160:.\Generated_Source\PSoC4/SWL_Int.c **** *   None
 161:.\Generated_Source\PSoC4/SWL_Int.c **** *
 162:.\Generated_Source\PSoC4/SWL_Int.c **** *******************************************************************************/
 163:.\Generated_Source\PSoC4/SWL_Int.c **** void SWL_Int_SetVector(cyisraddress address)
 164:.\Generated_Source\PSoC4/SWL_Int.c **** {
 158              		.loc 1 164 0
 159              		.cfi_startproc
 160 0000 80B5     		push	{r7, lr}
 161              		.cfi_def_cfa_offset 8
 162              		.cfi_offset 7, -8
 163              		.cfi_offset 14, -4
 164 0002 82B0     		sub	sp, sp, #8
 165              		.cfi_def_cfa_offset 16
 166 0004 00AF     		add	r7, sp, #0
 167              		.cfi_def_cfa_register 7
 168 0006 7860     		str	r0, [r7, #4]
 165:.\Generated_Source\PSoC4/SWL_Int.c ****     CyRamVectors[CYINT_IRQ_BASE + SWL_Int__INTC_NUMBER] = address;
 169              		.loc 1 165 0
 170 0008 024B     		ldr	r3, .L10
 171 000a 7A68     		ldr	r2, [r7, #4]
 172 000c DA64     		str	r2, [r3, #76]
 166:.\Generated_Source\PSoC4/SWL_Int.c **** }
 173              		.loc 1 166 0
 174 000e BD46     		mov	sp, r7
 175 0010 02B0     		add	sp, sp, #8
 176              		@ sp needed
ARM GAS  C:\Users\Admin\AppData\Local\Temp\ccmtl3I7.s 			page 7


 177 0012 80BD     		pop	{r7, pc}
 178              	.L11:
 179              		.align	2
 180              	.L10:
 181 0014 00000000 		.word	CyRamVectors
 182              		.cfi_endproc
 183              	.LFE4:
 184              		.size	SWL_Int_SetVector, .-SWL_Int_SetVector
 185              		.section	.text.SWL_Int_GetVector,"ax",%progbits
 186              		.align	2
 187              		.global	SWL_Int_GetVector
 188              		.code	16
 189              		.thumb_func
 190              		.type	SWL_Int_GetVector, %function
 191              	SWL_Int_GetVector:
 192              	.LFB5:
 167:.\Generated_Source\PSoC4/SWL_Int.c **** 
 168:.\Generated_Source\PSoC4/SWL_Int.c **** 
 169:.\Generated_Source\PSoC4/SWL_Int.c **** /*******************************************************************************
 170:.\Generated_Source\PSoC4/SWL_Int.c **** * Function Name: SWL_Int_GetVector
 171:.\Generated_Source\PSoC4/SWL_Int.c **** ********************************************************************************
 172:.\Generated_Source\PSoC4/SWL_Int.c **** *
 173:.\Generated_Source\PSoC4/SWL_Int.c **** * Summary:
 174:.\Generated_Source\PSoC4/SWL_Int.c **** *   Gets the "address" of the current ISR vector for the Interrupt.
 175:.\Generated_Source\PSoC4/SWL_Int.c **** *
 176:.\Generated_Source\PSoC4/SWL_Int.c **** * Parameters:
 177:.\Generated_Source\PSoC4/SWL_Int.c **** *   None
 178:.\Generated_Source\PSoC4/SWL_Int.c **** *
 179:.\Generated_Source\PSoC4/SWL_Int.c **** * Return:
 180:.\Generated_Source\PSoC4/SWL_Int.c **** *   Address of the ISR in the interrupt vector table.
 181:.\Generated_Source\PSoC4/SWL_Int.c **** *
 182:.\Generated_Source\PSoC4/SWL_Int.c **** *******************************************************************************/
 183:.\Generated_Source\PSoC4/SWL_Int.c **** cyisraddress SWL_Int_GetVector(void)
 184:.\Generated_Source\PSoC4/SWL_Int.c **** {
 193              		.loc 1 184 0
 194              		.cfi_startproc
 195 0000 80B5     		push	{r7, lr}
 196              		.cfi_def_cfa_offset 8
 197              		.cfi_offset 7, -8
 198              		.cfi_offset 14, -4
 199 0002 00AF     		add	r7, sp, #0
 200              		.cfi_def_cfa_register 7
 185:.\Generated_Source\PSoC4/SWL_Int.c ****     return CyRamVectors[CYINT_IRQ_BASE + SWL_Int__INTC_NUMBER];
 201              		.loc 1 185 0
 202 0004 024B     		ldr	r3, .L14
 203 0006 DB6C     		ldr	r3, [r3, #76]
 186:.\Generated_Source\PSoC4/SWL_Int.c **** }
 204              		.loc 1 186 0
 205 0008 181C     		mov	r0, r3
 206 000a BD46     		mov	sp, r7
 207              		@ sp needed
 208 000c 80BD     		pop	{r7, pc}
 209              	.L15:
 210 000e C046     		.align	2
 211              	.L14:
 212 0010 00000000 		.word	CyRamVectors
 213              		.cfi_endproc
ARM GAS  C:\Users\Admin\AppData\Local\Temp\ccmtl3I7.s 			page 8


 214              	.LFE5:
 215              		.size	SWL_Int_GetVector, .-SWL_Int_GetVector
 216              		.section	.text.SWL_Int_SetPriority,"ax",%progbits
 217              		.align	2
 218              		.global	SWL_Int_SetPriority
 219              		.code	16
 220              		.thumb_func
 221              		.type	SWL_Int_SetPriority, %function
 222              	SWL_Int_SetPriority:
 223              	.LFB6:
 187:.\Generated_Source\PSoC4/SWL_Int.c **** 
 188:.\Generated_Source\PSoC4/SWL_Int.c **** 
 189:.\Generated_Source\PSoC4/SWL_Int.c **** /*******************************************************************************
 190:.\Generated_Source\PSoC4/SWL_Int.c **** * Function Name: SWL_Int_SetPriority
 191:.\Generated_Source\PSoC4/SWL_Int.c **** ********************************************************************************
 192:.\Generated_Source\PSoC4/SWL_Int.c **** *
 193:.\Generated_Source\PSoC4/SWL_Int.c **** * Summary:
 194:.\Generated_Source\PSoC4/SWL_Int.c **** *   Sets the Priority of the Interrupt. Note calling SWL_Int_Start
 195:.\Generated_Source\PSoC4/SWL_Int.c **** *   or SWL_Int_StartEx will override any effect this method would 
 196:.\Generated_Source\PSoC4/SWL_Int.c **** *   have had. This method should only be called after SWL_Int_Start or 
 197:.\Generated_Source\PSoC4/SWL_Int.c **** *   SWL_Int_StartEx has been called. To set the initial
 198:.\Generated_Source\PSoC4/SWL_Int.c **** *   priority for the component use the cydwr file in the tool.
 199:.\Generated_Source\PSoC4/SWL_Int.c **** *
 200:.\Generated_Source\PSoC4/SWL_Int.c **** * Parameters:
 201:.\Generated_Source\PSoC4/SWL_Int.c **** *   priority: Priority of the interrupt. 0 - 3, 0 being the highest.
 202:.\Generated_Source\PSoC4/SWL_Int.c **** *
 203:.\Generated_Source\PSoC4/SWL_Int.c **** * Return:
 204:.\Generated_Source\PSoC4/SWL_Int.c **** *   None
 205:.\Generated_Source\PSoC4/SWL_Int.c **** *
 206:.\Generated_Source\PSoC4/SWL_Int.c **** *******************************************************************************/
 207:.\Generated_Source\PSoC4/SWL_Int.c **** void SWL_Int_SetPriority(uint8 priority)
 208:.\Generated_Source\PSoC4/SWL_Int.c **** {
 224              		.loc 1 208 0
 225              		.cfi_startproc
 226 0000 90B5     		push	{r4, r7, lr}
 227              		.cfi_def_cfa_offset 12
 228              		.cfi_offset 4, -12
 229              		.cfi_offset 7, -8
 230              		.cfi_offset 14, -4
 231 0002 85B0     		sub	sp, sp, #20
 232              		.cfi_def_cfa_offset 32
 233 0004 00AF     		add	r7, sp, #0
 234              		.cfi_def_cfa_register 7
 235 0006 021C     		mov	r2, r0
 236 0008 FB1D     		add	r3, r7, #7
 237 000a 1A70     		strb	r2, [r3]
 209:.\Generated_Source\PSoC4/SWL_Int.c **** 	uint8 interruptState;
 210:.\Generated_Source\PSoC4/SWL_Int.c ****     uint32 priorityOffset = ((SWL_Int__INTC_NUMBER % 4u) * 8u) + 6u;
 238              		.loc 1 210 0
 239 000c 1E23     		mov	r3, #30
 240 000e FB60     		str	r3, [r7, #12]
 211:.\Generated_Source\PSoC4/SWL_Int.c ****     
 212:.\Generated_Source\PSoC4/SWL_Int.c **** 	interruptState = CyEnterCriticalSection();
 241              		.loc 1 212 0
 242 0010 3C1C     		mov	r4, r7
 243 0012 0B34     		add	r4, r4, #11
 244 0014 FFF7FEFF 		bl	CyEnterCriticalSection
ARM GAS  C:\Users\Admin\AppData\Local\Temp\ccmtl3I7.s 			page 9


 245 0018 031C     		mov	r3, r0
 246 001a 2370     		strb	r3, [r4]
 213:.\Generated_Source\PSoC4/SWL_Int.c ****     *SWL_Int_INTC_PRIOR = (*SWL_Int_INTC_PRIOR & (uint32)(~SWL_Int__INTC_PRIOR_MASK)) |
 247              		.loc 1 213 0
 248 001c 0A4B     		ldr	r3, .L17
 249 001e 0A4A     		ldr	r2, .L17
 250 0020 1268     		ldr	r2, [r2]
 251 0022 9200     		lsl	r2, r2, #2
 252 0024 9108     		lsr	r1, r2, #2
 214:.\Generated_Source\PSoC4/SWL_Int.c ****                                     ((uint32)priority << priorityOffset);
 253              		.loc 1 214 0
 254 0026 FA1D     		add	r2, r7, #7
 255 0028 1078     		ldrb	r0, [r2]
 256 002a FA68     		ldr	r2, [r7, #12]
 257 002c 041C     		mov	r4, r0
 258 002e 9440     		lsl	r4, r4, r2
 259 0030 221C     		mov	r2, r4
 213:.\Generated_Source\PSoC4/SWL_Int.c ****     *SWL_Int_INTC_PRIOR = (*SWL_Int_INTC_PRIOR & (uint32)(~SWL_Int__INTC_PRIOR_MASK)) |
 260              		.loc 1 213 0
 261 0032 0A43     		orr	r2, r1
 262 0034 1A60     		str	r2, [r3]
 215:.\Generated_Source\PSoC4/SWL_Int.c **** 	CyExitCriticalSection(interruptState);
 263              		.loc 1 215 0
 264 0036 3B1C     		mov	r3, r7
 265 0038 0B33     		add	r3, r3, #11
 266 003a 1B78     		ldrb	r3, [r3]
 267 003c 181C     		mov	r0, r3
 268 003e FFF7FEFF 		bl	CyExitCriticalSection
 216:.\Generated_Source\PSoC4/SWL_Int.c **** }
 269              		.loc 1 216 0
 270 0042 BD46     		mov	sp, r7
 271 0044 05B0     		add	sp, sp, #20
 272              		@ sp needed
 273 0046 90BD     		pop	{r4, r7, pc}
 274              	.L18:
 275              		.align	2
 276              	.L17:
 277 0048 00E400E0 		.word	-536812544
 278              		.cfi_endproc
 279              	.LFE6:
 280              		.size	SWL_Int_SetPriority, .-SWL_Int_SetPriority
 281              		.section	.text.SWL_Int_GetPriority,"ax",%progbits
 282              		.align	2
 283              		.global	SWL_Int_GetPriority
 284              		.code	16
 285              		.thumb_func
 286              		.type	SWL_Int_GetPriority, %function
 287              	SWL_Int_GetPriority:
 288              	.LFB7:
 217:.\Generated_Source\PSoC4/SWL_Int.c **** 
 218:.\Generated_Source\PSoC4/SWL_Int.c **** 
 219:.\Generated_Source\PSoC4/SWL_Int.c **** /*******************************************************************************
 220:.\Generated_Source\PSoC4/SWL_Int.c **** * Function Name: SWL_Int_GetPriority
 221:.\Generated_Source\PSoC4/SWL_Int.c **** ********************************************************************************
 222:.\Generated_Source\PSoC4/SWL_Int.c **** *
 223:.\Generated_Source\PSoC4/SWL_Int.c **** * Summary:
 224:.\Generated_Source\PSoC4/SWL_Int.c **** *   Gets the Priority of the Interrupt.
ARM GAS  C:\Users\Admin\AppData\Local\Temp\ccmtl3I7.s 			page 10


 225:.\Generated_Source\PSoC4/SWL_Int.c **** *
 226:.\Generated_Source\PSoC4/SWL_Int.c **** * Parameters:
 227:.\Generated_Source\PSoC4/SWL_Int.c **** *   None
 228:.\Generated_Source\PSoC4/SWL_Int.c **** *
 229:.\Generated_Source\PSoC4/SWL_Int.c **** * Return:
 230:.\Generated_Source\PSoC4/SWL_Int.c **** *   Priority of the interrupt. 0 - 3, 0 being the highest.
 231:.\Generated_Source\PSoC4/SWL_Int.c **** *
 232:.\Generated_Source\PSoC4/SWL_Int.c **** *******************************************************************************/
 233:.\Generated_Source\PSoC4/SWL_Int.c **** uint8 SWL_Int_GetPriority(void)
 234:.\Generated_Source\PSoC4/SWL_Int.c **** {
 289              		.loc 1 234 0
 290              		.cfi_startproc
 291 0000 80B5     		push	{r7, lr}
 292              		.cfi_def_cfa_offset 8
 293              		.cfi_offset 7, -8
 294              		.cfi_offset 14, -4
 295 0002 82B0     		sub	sp, sp, #8
 296              		.cfi_def_cfa_offset 16
 297 0004 00AF     		add	r7, sp, #0
 298              		.cfi_def_cfa_register 7
 235:.\Generated_Source\PSoC4/SWL_Int.c ****     uint32 priority;
 236:.\Generated_Source\PSoC4/SWL_Int.c **** 	uint32 priorityOffset = ((SWL_Int__INTC_NUMBER % 4u) * 8u) + 6u;
 299              		.loc 1 236 0
 300 0006 1E23     		mov	r3, #30
 301 0008 7B60     		str	r3, [r7, #4]
 237:.\Generated_Source\PSoC4/SWL_Int.c **** 
 238:.\Generated_Source\PSoC4/SWL_Int.c ****     priority = (*SWL_Int_INTC_PRIOR & SWL_Int__INTC_PRIOR_MASK) >> priorityOffset;
 302              		.loc 1 238 0
 303 000a 074B     		ldr	r3, .L21
 304 000c 1B68     		ldr	r3, [r3]
 305 000e 9B0F     		lsr	r3, r3, #30
 306 0010 9A07     		lsl	r2, r3, #30
 307 0012 7B68     		ldr	r3, [r7, #4]
 308 0014 111C     		mov	r1, r2
 309 0016 D940     		lsr	r1, r1, r3
 310 0018 0B1C     		mov	r3, r1
 311 001a 3B60     		str	r3, [r7]
 239:.\Generated_Source\PSoC4/SWL_Int.c **** 
 240:.\Generated_Source\PSoC4/SWL_Int.c ****     return (uint8)priority;
 312              		.loc 1 240 0
 313 001c 3B68     		ldr	r3, [r7]
 314 001e DBB2     		uxtb	r3, r3
 241:.\Generated_Source\PSoC4/SWL_Int.c **** }
 315              		.loc 1 241 0
 316 0020 181C     		mov	r0, r3
 317 0022 BD46     		mov	sp, r7
 318 0024 02B0     		add	sp, sp, #8
 319              		@ sp needed
 320 0026 80BD     		pop	{r7, pc}
 321              	.L22:
 322              		.align	2
 323              	.L21:
 324 0028 00E400E0 		.word	-536812544
 325              		.cfi_endproc
 326              	.LFE7:
 327              		.size	SWL_Int_GetPriority, .-SWL_Int_GetPriority
 328              		.section	.text.SWL_Int_Enable,"ax",%progbits
ARM GAS  C:\Users\Admin\AppData\Local\Temp\ccmtl3I7.s 			page 11


 329              		.align	2
 330              		.global	SWL_Int_Enable
 331              		.code	16
 332              		.thumb_func
 333              		.type	SWL_Int_Enable, %function
 334              	SWL_Int_Enable:
 335              	.LFB8:
 242:.\Generated_Source\PSoC4/SWL_Int.c **** 
 243:.\Generated_Source\PSoC4/SWL_Int.c **** 
 244:.\Generated_Source\PSoC4/SWL_Int.c **** /*******************************************************************************
 245:.\Generated_Source\PSoC4/SWL_Int.c **** * Function Name: SWL_Int_Enable
 246:.\Generated_Source\PSoC4/SWL_Int.c **** ********************************************************************************
 247:.\Generated_Source\PSoC4/SWL_Int.c **** *
 248:.\Generated_Source\PSoC4/SWL_Int.c **** * Summary:
 249:.\Generated_Source\PSoC4/SWL_Int.c **** *   Enables the interrupt.
 250:.\Generated_Source\PSoC4/SWL_Int.c **** *
 251:.\Generated_Source\PSoC4/SWL_Int.c **** * Parameters:
 252:.\Generated_Source\PSoC4/SWL_Int.c **** *   None
 253:.\Generated_Source\PSoC4/SWL_Int.c **** *
 254:.\Generated_Source\PSoC4/SWL_Int.c **** * Return:
 255:.\Generated_Source\PSoC4/SWL_Int.c **** *   None
 256:.\Generated_Source\PSoC4/SWL_Int.c **** *
 257:.\Generated_Source\PSoC4/SWL_Int.c **** *******************************************************************************/
 258:.\Generated_Source\PSoC4/SWL_Int.c **** void SWL_Int_Enable(void)
 259:.\Generated_Source\PSoC4/SWL_Int.c **** {
 336              		.loc 1 259 0
 337              		.cfi_startproc
 338 0000 80B5     		push	{r7, lr}
 339              		.cfi_def_cfa_offset 8
 340              		.cfi_offset 7, -8
 341              		.cfi_offset 14, -4
 342 0002 00AF     		add	r7, sp, #0
 343              		.cfi_def_cfa_register 7
 260:.\Generated_Source\PSoC4/SWL_Int.c ****     /* Enable the general interrupt. */
 261:.\Generated_Source\PSoC4/SWL_Int.c ****     *SWL_Int_INTC_SET_EN = SWL_Int__INTC_MASK;
 344              		.loc 1 261 0
 345 0004 024B     		ldr	r3, .L24
 346 0006 0822     		mov	r2, #8
 347 0008 1A60     		str	r2, [r3]
 262:.\Generated_Source\PSoC4/SWL_Int.c **** }
 348              		.loc 1 262 0
 349 000a BD46     		mov	sp, r7
 350              		@ sp needed
 351 000c 80BD     		pop	{r7, pc}
 352              	.L25:
 353 000e C046     		.align	2
 354              	.L24:
 355 0010 00E100E0 		.word	-536813312
 356              		.cfi_endproc
 357              	.LFE8:
 358              		.size	SWL_Int_Enable, .-SWL_Int_Enable
 359              		.section	.text.SWL_Int_GetState,"ax",%progbits
 360              		.align	2
 361              		.global	SWL_Int_GetState
 362              		.code	16
 363              		.thumb_func
 364              		.type	SWL_Int_GetState, %function
ARM GAS  C:\Users\Admin\AppData\Local\Temp\ccmtl3I7.s 			page 12


 365              	SWL_Int_GetState:
 366              	.LFB9:
 263:.\Generated_Source\PSoC4/SWL_Int.c **** 
 264:.\Generated_Source\PSoC4/SWL_Int.c **** 
 265:.\Generated_Source\PSoC4/SWL_Int.c **** /*******************************************************************************
 266:.\Generated_Source\PSoC4/SWL_Int.c **** * Function Name: SWL_Int_GetState
 267:.\Generated_Source\PSoC4/SWL_Int.c **** ********************************************************************************
 268:.\Generated_Source\PSoC4/SWL_Int.c **** *
 269:.\Generated_Source\PSoC4/SWL_Int.c **** * Summary:
 270:.\Generated_Source\PSoC4/SWL_Int.c **** *   Gets the state (enabled, disabled) of the Interrupt.
 271:.\Generated_Source\PSoC4/SWL_Int.c **** *
 272:.\Generated_Source\PSoC4/SWL_Int.c **** * Parameters:
 273:.\Generated_Source\PSoC4/SWL_Int.c **** *   None
 274:.\Generated_Source\PSoC4/SWL_Int.c **** *
 275:.\Generated_Source\PSoC4/SWL_Int.c **** * Return:
 276:.\Generated_Source\PSoC4/SWL_Int.c **** *   1 if enabled, 0 if disabled.
 277:.\Generated_Source\PSoC4/SWL_Int.c **** *
 278:.\Generated_Source\PSoC4/SWL_Int.c **** *******************************************************************************/
 279:.\Generated_Source\PSoC4/SWL_Int.c **** uint8 SWL_Int_GetState(void)
 280:.\Generated_Source\PSoC4/SWL_Int.c **** {
 367              		.loc 1 280 0
 368              		.cfi_startproc
 369 0000 80B5     		push	{r7, lr}
 370              		.cfi_def_cfa_offset 8
 371              		.cfi_offset 7, -8
 372              		.cfi_offset 14, -4
 373 0002 00AF     		add	r7, sp, #0
 374              		.cfi_def_cfa_register 7
 281:.\Generated_Source\PSoC4/SWL_Int.c ****     /* Get the state of the general interrupt. */
 282:.\Generated_Source\PSoC4/SWL_Int.c ****     return ((*SWL_Int_INTC_SET_EN & (uint32)SWL_Int__INTC_MASK) != 0u) ? 1u:0u;
 375              		.loc 1 282 0
 376 0004 054B     		ldr	r3, .L30
 377 0006 1A68     		ldr	r2, [r3]
 378 0008 0823     		mov	r3, #8
 379 000a 1340     		and	r3, r2
 380 000c 01D0     		beq	.L27
 381              		.loc 1 282 0 is_stmt 0 discriminator 1
 382 000e 0123     		mov	r3, #1
 383 0010 00E0     		b	.L28
 384              	.L27:
 385              		.loc 1 282 0 discriminator 2
 386 0012 0023     		mov	r3, #0
 387              	.L28:
 283:.\Generated_Source\PSoC4/SWL_Int.c **** }
 388              		.loc 1 283 0 is_stmt 1 discriminator 3
 389 0014 181C     		mov	r0, r3
 390 0016 BD46     		mov	sp, r7
 391              		@ sp needed
 392 0018 80BD     		pop	{r7, pc}
 393              	.L31:
 394 001a C046     		.align	2
 395              	.L30:
 396 001c 00E100E0 		.word	-536813312
 397              		.cfi_endproc
 398              	.LFE9:
 399              		.size	SWL_Int_GetState, .-SWL_Int_GetState
 400              		.section	.text.SWL_Int_Disable,"ax",%progbits
ARM GAS  C:\Users\Admin\AppData\Local\Temp\ccmtl3I7.s 			page 13


 401              		.align	2
 402              		.global	SWL_Int_Disable
 403              		.code	16
 404              		.thumb_func
 405              		.type	SWL_Int_Disable, %function
 406              	SWL_Int_Disable:
 407              	.LFB10:
 284:.\Generated_Source\PSoC4/SWL_Int.c **** 
 285:.\Generated_Source\PSoC4/SWL_Int.c **** 
 286:.\Generated_Source\PSoC4/SWL_Int.c **** /*******************************************************************************
 287:.\Generated_Source\PSoC4/SWL_Int.c **** * Function Name: SWL_Int_Disable
 288:.\Generated_Source\PSoC4/SWL_Int.c **** ********************************************************************************
 289:.\Generated_Source\PSoC4/SWL_Int.c **** *
 290:.\Generated_Source\PSoC4/SWL_Int.c **** * Summary:
 291:.\Generated_Source\PSoC4/SWL_Int.c **** *   Disables the Interrupt.
 292:.\Generated_Source\PSoC4/SWL_Int.c **** *
 293:.\Generated_Source\PSoC4/SWL_Int.c **** * Parameters:
 294:.\Generated_Source\PSoC4/SWL_Int.c **** *   None
 295:.\Generated_Source\PSoC4/SWL_Int.c **** *
 296:.\Generated_Source\PSoC4/SWL_Int.c **** * Return:
 297:.\Generated_Source\PSoC4/SWL_Int.c **** *   None
 298:.\Generated_Source\PSoC4/SWL_Int.c **** *
 299:.\Generated_Source\PSoC4/SWL_Int.c **** *******************************************************************************/
 300:.\Generated_Source\PSoC4/SWL_Int.c **** void SWL_Int_Disable(void)
 301:.\Generated_Source\PSoC4/SWL_Int.c **** {
 408              		.loc 1 301 0
 409              		.cfi_startproc
 410 0000 80B5     		push	{r7, lr}
 411              		.cfi_def_cfa_offset 8
 412              		.cfi_offset 7, -8
 413              		.cfi_offset 14, -4
 414 0002 00AF     		add	r7, sp, #0
 415              		.cfi_def_cfa_register 7
 302:.\Generated_Source\PSoC4/SWL_Int.c ****     /* Disable the general interrupt. */
 303:.\Generated_Source\PSoC4/SWL_Int.c ****     *SWL_Int_INTC_CLR_EN = SWL_Int__INTC_MASK;
 416              		.loc 1 303 0
 417 0004 024B     		ldr	r3, .L33
 418 0006 0822     		mov	r2, #8
 419 0008 1A60     		str	r2, [r3]
 304:.\Generated_Source\PSoC4/SWL_Int.c **** }
 420              		.loc 1 304 0
 421 000a BD46     		mov	sp, r7
 422              		@ sp needed
 423 000c 80BD     		pop	{r7, pc}
 424              	.L34:
 425 000e C046     		.align	2
 426              	.L33:
 427 0010 80E100E0 		.word	-536813184
 428              		.cfi_endproc
 429              	.LFE10:
 430              		.size	SWL_Int_Disable, .-SWL_Int_Disable
 431              		.section	.text.SWL_Int_SetPending,"ax",%progbits
 432              		.align	2
 433              		.global	SWL_Int_SetPending
 434              		.code	16
 435              		.thumb_func
 436              		.type	SWL_Int_SetPending, %function
ARM GAS  C:\Users\Admin\AppData\Local\Temp\ccmtl3I7.s 			page 14


 437              	SWL_Int_SetPending:
 438              	.LFB11:
 305:.\Generated_Source\PSoC4/SWL_Int.c **** 
 306:.\Generated_Source\PSoC4/SWL_Int.c **** 
 307:.\Generated_Source\PSoC4/SWL_Int.c **** /*******************************************************************************
 308:.\Generated_Source\PSoC4/SWL_Int.c **** * Function Name: SWL_Int_SetPending
 309:.\Generated_Source\PSoC4/SWL_Int.c **** ********************************************************************************
 310:.\Generated_Source\PSoC4/SWL_Int.c **** *
 311:.\Generated_Source\PSoC4/SWL_Int.c **** * Summary:
 312:.\Generated_Source\PSoC4/SWL_Int.c **** *   Causes the Interrupt to enter the pending state, a software method of
 313:.\Generated_Source\PSoC4/SWL_Int.c **** *   generating the interrupt.
 314:.\Generated_Source\PSoC4/SWL_Int.c **** *
 315:.\Generated_Source\PSoC4/SWL_Int.c **** * Parameters:
 316:.\Generated_Source\PSoC4/SWL_Int.c **** *   None
 317:.\Generated_Source\PSoC4/SWL_Int.c **** *
 318:.\Generated_Source\PSoC4/SWL_Int.c **** * Return:
 319:.\Generated_Source\PSoC4/SWL_Int.c **** *   None
 320:.\Generated_Source\PSoC4/SWL_Int.c **** *
 321:.\Generated_Source\PSoC4/SWL_Int.c **** *******************************************************************************/
 322:.\Generated_Source\PSoC4/SWL_Int.c **** void SWL_Int_SetPending(void)
 323:.\Generated_Source\PSoC4/SWL_Int.c **** {
 439              		.loc 1 323 0
 440              		.cfi_startproc
 441 0000 80B5     		push	{r7, lr}
 442              		.cfi_def_cfa_offset 8
 443              		.cfi_offset 7, -8
 444              		.cfi_offset 14, -4
 445 0002 00AF     		add	r7, sp, #0
 446              		.cfi_def_cfa_register 7
 324:.\Generated_Source\PSoC4/SWL_Int.c ****     *SWL_Int_INTC_SET_PD = SWL_Int__INTC_MASK;
 447              		.loc 1 324 0
 448 0004 024B     		ldr	r3, .L36
 449 0006 0822     		mov	r2, #8
 450 0008 1A60     		str	r2, [r3]
 325:.\Generated_Source\PSoC4/SWL_Int.c **** }
 451              		.loc 1 325 0
 452 000a BD46     		mov	sp, r7
 453              		@ sp needed
 454 000c 80BD     		pop	{r7, pc}
 455              	.L37:
 456 000e C046     		.align	2
 457              	.L36:
 458 0010 00E200E0 		.word	-536813056
 459              		.cfi_endproc
 460              	.LFE11:
 461              		.size	SWL_Int_SetPending, .-SWL_Int_SetPending
 462              		.section	.text.SWL_Int_ClearPending,"ax",%progbits
 463              		.align	2
 464              		.global	SWL_Int_ClearPending
 465              		.code	16
 466              		.thumb_func
 467              		.type	SWL_Int_ClearPending, %function
 468              	SWL_Int_ClearPending:
 469              	.LFB12:
 326:.\Generated_Source\PSoC4/SWL_Int.c **** 
 327:.\Generated_Source\PSoC4/SWL_Int.c **** 
 328:.\Generated_Source\PSoC4/SWL_Int.c **** /*******************************************************************************
ARM GAS  C:\Users\Admin\AppData\Local\Temp\ccmtl3I7.s 			page 15


 329:.\Generated_Source\PSoC4/SWL_Int.c **** * Function Name: SWL_Int_ClearPending
 330:.\Generated_Source\PSoC4/SWL_Int.c **** ********************************************************************************
 331:.\Generated_Source\PSoC4/SWL_Int.c **** *
 332:.\Generated_Source\PSoC4/SWL_Int.c **** * Summary:
 333:.\Generated_Source\PSoC4/SWL_Int.c **** *   Clears a pending interrupt.
 334:.\Generated_Source\PSoC4/SWL_Int.c **** *
 335:.\Generated_Source\PSoC4/SWL_Int.c **** * Parameters:
 336:.\Generated_Source\PSoC4/SWL_Int.c **** *   None
 337:.\Generated_Source\PSoC4/SWL_Int.c **** *
 338:.\Generated_Source\PSoC4/SWL_Int.c **** * Return:
 339:.\Generated_Source\PSoC4/SWL_Int.c **** *   None
 340:.\Generated_Source\PSoC4/SWL_Int.c **** *
 341:.\Generated_Source\PSoC4/SWL_Int.c **** *******************************************************************************/
 342:.\Generated_Source\PSoC4/SWL_Int.c **** void SWL_Int_ClearPending(void)
 343:.\Generated_Source\PSoC4/SWL_Int.c **** {
 470              		.loc 1 343 0
 471              		.cfi_startproc
 472 0000 80B5     		push	{r7, lr}
 473              		.cfi_def_cfa_offset 8
 474              		.cfi_offset 7, -8
 475              		.cfi_offset 14, -4
 476 0002 00AF     		add	r7, sp, #0
 477              		.cfi_def_cfa_register 7
 344:.\Generated_Source\PSoC4/SWL_Int.c ****     *SWL_Int_INTC_CLR_PD = SWL_Int__INTC_MASK;
 478              		.loc 1 344 0
 479 0004 024B     		ldr	r3, .L39
 480 0006 0822     		mov	r2, #8
 481 0008 1A60     		str	r2, [r3]
 345:.\Generated_Source\PSoC4/SWL_Int.c **** }
 482              		.loc 1 345 0
 483 000a BD46     		mov	sp, r7
 484              		@ sp needed
 485 000c 80BD     		pop	{r7, pc}
 486              	.L40:
 487 000e C046     		.align	2
 488              	.L39:
 489 0010 80E200E0 		.word	-536812928
 490              		.cfi_endproc
 491              	.LFE12:
 492              		.size	SWL_Int_ClearPending, .-SWL_Int_ClearPending
 493              		.text
 494              	.Letext0:
 495              		.file 2 ".\\Generated_Source\\PSoC4/cytypes.h"
 496              		.section	.debug_info,"",%progbits
 497              	.Ldebug_info0:
 498 0000 3D020000 		.4byte	0x23d
 499 0004 0400     		.2byte	0x4
 500 0006 00000000 		.4byte	.Ldebug_abbrev0
 501 000a 04       		.byte	0x4
 502 000b 01       		.uleb128 0x1
 503 000c 98000000 		.4byte	.LASF33
 504 0010 01       		.byte	0x1
 505 0011 68010000 		.4byte	.LASF34
 506 0015 12020000 		.4byte	.LASF35
 507 0019 00000000 		.4byte	.Ldebug_ranges0+0
 508 001d 00000000 		.4byte	0
 509 0021 00000000 		.4byte	.Ldebug_line0
ARM GAS  C:\Users\Admin\AppData\Local\Temp\ccmtl3I7.s 			page 16


 510 0025 02       		.uleb128 0x2
 511 0026 01       		.byte	0x1
 512 0027 06       		.byte	0x6
 513 0028 B6020000 		.4byte	.LASF0
 514 002c 02       		.uleb128 0x2
 515 002d 01       		.byte	0x1
 516 002e 08       		.byte	0x8
 517 002f 14010000 		.4byte	.LASF1
 518 0033 02       		.uleb128 0x2
 519 0034 02       		.byte	0x2
 520 0035 05       		.byte	0x5
 521 0036 84020000 		.4byte	.LASF2
 522 003a 02       		.uleb128 0x2
 523 003b 02       		.byte	0x2
 524 003c 07       		.byte	0x7
 525 003d 48000000 		.4byte	.LASF3
 526 0041 02       		.uleb128 0x2
 527 0042 04       		.byte	0x4
 528 0043 05       		.byte	0x5
 529 0044 9D020000 		.4byte	.LASF4
 530 0048 02       		.uleb128 0x2
 531 0049 04       		.byte	0x4
 532 004a 07       		.byte	0x7
 533 004b 50010000 		.4byte	.LASF5
 534 004f 02       		.uleb128 0x2
 535 0050 08       		.byte	0x8
 536 0051 05       		.byte	0x5
 537 0052 62020000 		.4byte	.LASF6
 538 0056 02       		.uleb128 0x2
 539 0057 08       		.byte	0x8
 540 0058 07       		.byte	0x7
 541 0059 DE010000 		.4byte	.LASF7
 542 005d 03       		.uleb128 0x3
 543 005e 04       		.byte	0x4
 544 005f 05       		.byte	0x5
 545 0060 696E7400 		.ascii	"int\000"
 546 0064 02       		.uleb128 0x2
 547 0065 04       		.byte	0x4
 548 0066 07       		.byte	0x7
 549 0067 C9010000 		.4byte	.LASF8
 550 006b 04       		.uleb128 0x4
 551 006c 62010000 		.4byte	.LASF9
 552 0070 02       		.byte	0x2
 553 0071 A1       		.byte	0xa1
 554 0072 2C000000 		.4byte	0x2c
 555 0076 04       		.uleb128 0x4
 556 0077 C2010000 		.4byte	.LASF10
 557 007b 02       		.byte	0x2
 558 007c A3       		.byte	0xa3
 559 007d 48000000 		.4byte	0x48
 560 0081 02       		.uleb128 0x2
 561 0082 04       		.byte	0x4
 562 0083 04       		.byte	0x4
 563 0084 92000000 		.4byte	.LASF11
 564 0088 02       		.uleb128 0x2
 565 0089 08       		.byte	0x8
 566 008a 04       		.byte	0x4
ARM GAS  C:\Users\Admin\AppData\Local\Temp\ccmtl3I7.s 			page 17


 567 008b A6010000 		.4byte	.LASF12
 568 008f 02       		.uleb128 0x2
 569 0090 01       		.byte	0x1
 570 0091 08       		.byte	0x8
 571 0092 70020000 		.4byte	.LASF13
 572 0096 05       		.uleb128 0x5
 573 0097 00000000 		.4byte	.LASF14
 574 009b 02       		.byte	0x2
 575 009c 4D01     		.2byte	0x14d
 576 009e A2000000 		.4byte	0xa2
 577 00a2 06       		.uleb128 0x6
 578 00a3 76000000 		.4byte	0x76
 579 00a7 05       		.uleb128 0x5
 580 00a8 05020000 		.4byte	.LASF15
 581 00ac 02       		.byte	0x2
 582 00ad 5D01     		.2byte	0x15d
 583 00af B3000000 		.4byte	0xb3
 584 00b3 07       		.uleb128 0x7
 585 00b4 04       		.byte	0x4
 586 00b5 B9000000 		.4byte	0xb9
 587 00b9 08       		.uleb128 0x8
 588 00ba 02       		.uleb128 0x2
 589 00bb 04       		.byte	0x4
 590 00bc 07       		.byte	0x7
 591 00bd 59020000 		.4byte	.LASF16
 592 00c1 09       		.uleb128 0x9
 593 00c2 27000000 		.4byte	.LASF17
 594 00c6 01       		.byte	0x1
 595 00c7 34       		.byte	0x34
 596 00c8 00000000 		.4byte	.LFB0
 597 00cc 24000000 		.4byte	.LFE0-.LFB0
 598 00d0 01       		.uleb128 0x1
 599 00d1 9C       		.byte	0x9c
 600 00d2 0A       		.uleb128 0xa
 601 00d3 F5010000 		.4byte	.LASF20
 602 00d7 01       		.byte	0x1
 603 00d8 52       		.byte	0x52
 604 00d9 00000000 		.4byte	.LFB1
 605 00dd 24000000 		.4byte	.LFE1-.LFB1
 606 00e1 01       		.uleb128 0x1
 607 00e2 9C       		.byte	0x9c
 608 00e3 F6000000 		.4byte	0xf6
 609 00e7 0B       		.uleb128 0xb
 610 00e8 D6010000 		.4byte	.LASF22
 611 00ec 01       		.byte	0x1
 612 00ed 52       		.byte	0x52
 613 00ee A7000000 		.4byte	0xa7
 614 00f2 02       		.uleb128 0x2
 615 00f3 91       		.byte	0x91
 616 00f4 74       		.sleb128 -12
 617 00f5 00       		.byte	0
 618 00f6 09       		.uleb128 0x9
 619 00f7 22010000 		.4byte	.LASF18
 620 00fb 01       		.byte	0x1
 621 00fc 6F       		.byte	0x6f
 622 00fd 00000000 		.4byte	.LFB2
 623 0101 18000000 		.4byte	.LFE2-.LFB2
ARM GAS  C:\Users\Admin\AppData\Local\Temp\ccmtl3I7.s 			page 18


 624 0105 01       		.uleb128 0x1
 625 0106 9C       		.byte	0x9c
 626 0107 0C       		.uleb128 0xc
 627 0108 8B010000 		.4byte	.LASF19
 628 010c 01       		.byte	0x1
 629 010d 8A       		.byte	0x8a
 630 010e 00000000 		.4byte	.LFB3
 631 0112 08000000 		.4byte	.LFE3-.LFB3
 632 0116 01       		.uleb128 0x1
 633 0117 9C       		.byte	0x9c
 634 0118 0D       		.uleb128 0xd
 635 0119 2F010000 		.4byte	.LASF21
 636 011d 01       		.byte	0x1
 637 011e A3       		.byte	0xa3
 638 011f 00000000 		.4byte	.LFB4
 639 0123 18000000 		.4byte	.LFE4-.LFB4
 640 0127 01       		.uleb128 0x1
 641 0128 9C       		.byte	0x9c
 642 0129 3C010000 		.4byte	0x13c
 643 012d 0B       		.uleb128 0xb
 644 012e D6010000 		.4byte	.LASF22
 645 0132 01       		.byte	0x1
 646 0133 A3       		.byte	0xa3
 647 0134 A7000000 		.4byte	0xa7
 648 0138 02       		.uleb128 0x2
 649 0139 91       		.byte	0x91
 650 013a 74       		.sleb128 -12
 651 013b 00       		.byte	0
 652 013c 0E       		.uleb128 0xe
 653 013d 6C000000 		.4byte	.LASF28
 654 0141 01       		.byte	0x1
 655 0142 B7       		.byte	0xb7
 656 0143 A7000000 		.4byte	0xa7
 657 0147 00000000 		.4byte	.LFB5
 658 014b 14000000 		.4byte	.LFE5-.LFB5
 659 014f 01       		.uleb128 0x1
 660 0150 9C       		.byte	0x9c
 661 0151 0A       		.uleb128 0xa
 662 0152 7E000000 		.4byte	.LASF23
 663 0156 01       		.byte	0x1
 664 0157 CF       		.byte	0xcf
 665 0158 00000000 		.4byte	.LFB6
 666 015c 4C000000 		.4byte	.LFE6-.LFB6
 667 0160 01       		.uleb128 0x1
 668 0161 9C       		.byte	0x9c
 669 0162 91010000 		.4byte	0x191
 670 0166 0B       		.uleb128 0xb
 671 0167 9D010000 		.4byte	.LASF24
 672 016b 01       		.byte	0x1
 673 016c CF       		.byte	0xcf
 674 016d 6B000000 		.4byte	0x6b
 675 0171 02       		.uleb128 0x2
 676 0172 91       		.byte	0x91
 677 0173 67       		.sleb128 -25
 678 0174 0F       		.uleb128 0xf
 679 0175 41010000 		.4byte	.LASF25
 680 0179 01       		.byte	0x1
ARM GAS  C:\Users\Admin\AppData\Local\Temp\ccmtl3I7.s 			page 19


 681 017a D1       		.byte	0xd1
 682 017b 6B000000 		.4byte	0x6b
 683 017f 02       		.uleb128 0x2
 684 0180 91       		.byte	0x91
 685 0181 6B       		.sleb128 -21
 686 0182 0F       		.uleb128 0xf
 687 0183 8E020000 		.4byte	.LASF26
 688 0187 01       		.byte	0x1
 689 0188 D2       		.byte	0xd2
 690 0189 76000000 		.4byte	0x76
 691 018d 02       		.uleb128 0x2
 692 018e 91       		.byte	0x91
 693 018f 6C       		.sleb128 -20
 694 0190 00       		.byte	0
 695 0191 10       		.uleb128 0x10
 696 0192 06000000 		.4byte	.LASF36
 697 0196 01       		.byte	0x1
 698 0197 E9       		.byte	0xe9
 699 0198 6B000000 		.4byte	0x6b
 700 019c 00000000 		.4byte	.LFB7
 701 01a0 2C000000 		.4byte	.LFE7-.LFB7
 702 01a4 01       		.uleb128 0x1
 703 01a5 9C       		.byte	0x9c
 704 01a6 C7010000 		.4byte	0x1c7
 705 01aa 0F       		.uleb128 0xf
 706 01ab 9D010000 		.4byte	.LASF24
 707 01af 01       		.byte	0x1
 708 01b0 EB       		.byte	0xeb
 709 01b1 76000000 		.4byte	0x76
 710 01b5 02       		.uleb128 0x2
 711 01b6 91       		.byte	0x91
 712 01b7 70       		.sleb128 -16
 713 01b8 0F       		.uleb128 0xf
 714 01b9 8E020000 		.4byte	.LASF26
 715 01bd 01       		.byte	0x1
 716 01be EC       		.byte	0xec
 717 01bf 76000000 		.4byte	0x76
 718 01c3 02       		.uleb128 0x2
 719 01c4 91       		.byte	0x91
 720 01c5 74       		.sleb128 -12
 721 01c6 00       		.byte	0
 722 01c7 11       		.uleb128 0x11
 723 01c8 75020000 		.4byte	.LASF27
 724 01cc 01       		.byte	0x1
 725 01cd 0201     		.2byte	0x102
 726 01cf 00000000 		.4byte	.LFB8
 727 01d3 14000000 		.4byte	.LFE8-.LFB8
 728 01d7 01       		.uleb128 0x1
 729 01d8 9C       		.byte	0x9c
 730 01d9 12       		.uleb128 0x12
 731 01da 5B000000 		.4byte	.LASF29
 732 01de 01       		.byte	0x1
 733 01df 1701     		.2byte	0x117
 734 01e1 6B000000 		.4byte	0x6b
 735 01e5 00000000 		.4byte	.LFB9
 736 01e9 20000000 		.4byte	.LFE9-.LFB9
 737 01ed 01       		.uleb128 0x1
ARM GAS  C:\Users\Admin\AppData\Local\Temp\ccmtl3I7.s 			page 20


 738 01ee 9C       		.byte	0x9c
 739 01ef 11       		.uleb128 0x11
 740 01f0 A6020000 		.4byte	.LASF30
 741 01f4 01       		.byte	0x1
 742 01f5 2C01     		.2byte	0x12c
 743 01f7 00000000 		.4byte	.LFB10
 744 01fb 14000000 		.4byte	.LFE10-.LFB10
 745 01ff 01       		.uleb128 0x1
 746 0200 9C       		.byte	0x9c
 747 0201 11       		.uleb128 0x11
 748 0202 35000000 		.4byte	.LASF31
 749 0206 01       		.byte	0x1
 750 0207 4201     		.2byte	0x142
 751 0209 00000000 		.4byte	.LFB11
 752 020d 14000000 		.4byte	.LFE11-.LFB11
 753 0211 01       		.uleb128 0x1
 754 0212 9C       		.byte	0x9c
 755 0213 11       		.uleb128 0x11
 756 0214 AD010000 		.4byte	.LASF32
 757 0218 01       		.byte	0x1
 758 0219 5601     		.2byte	0x156
 759 021b 00000000 		.4byte	.LFB12
 760 021f 14000000 		.4byte	.LFE12-.LFB12
 761 0223 01       		.uleb128 0x1
 762 0224 9C       		.byte	0x9c
 763 0225 13       		.uleb128 0x13
 764 0226 A7000000 		.4byte	0xa7
 765 022a 35020000 		.4byte	0x235
 766 022e 14       		.uleb128 0x14
 767 022f BA000000 		.4byte	0xba
 768 0233 2F       		.byte	0x2f
 769 0234 00       		.byte	0
 770 0235 15       		.uleb128 0x15
 771 0236 1A000000 		.4byte	.LASF37
 772 023a 01       		.byte	0x1
 773 023b 20       		.byte	0x20
 774 023c 25020000 		.4byte	0x225
 775 0240 00       		.byte	0
 776              		.section	.debug_abbrev,"",%progbits
 777              	.Ldebug_abbrev0:
 778 0000 01       		.uleb128 0x1
 779 0001 11       		.uleb128 0x11
 780 0002 01       		.byte	0x1
 781 0003 25       		.uleb128 0x25
 782 0004 0E       		.uleb128 0xe
 783 0005 13       		.uleb128 0x13
 784 0006 0B       		.uleb128 0xb
 785 0007 03       		.uleb128 0x3
 786 0008 0E       		.uleb128 0xe
 787 0009 1B       		.uleb128 0x1b
 788 000a 0E       		.uleb128 0xe
 789 000b 55       		.uleb128 0x55
 790 000c 17       		.uleb128 0x17
 791 000d 11       		.uleb128 0x11
 792 000e 01       		.uleb128 0x1
 793 000f 10       		.uleb128 0x10
 794 0010 17       		.uleb128 0x17
ARM GAS  C:\Users\Admin\AppData\Local\Temp\ccmtl3I7.s 			page 21


 795 0011 00       		.byte	0
 796 0012 00       		.byte	0
 797 0013 02       		.uleb128 0x2
 798 0014 24       		.uleb128 0x24
 799 0015 00       		.byte	0
 800 0016 0B       		.uleb128 0xb
 801 0017 0B       		.uleb128 0xb
 802 0018 3E       		.uleb128 0x3e
 803 0019 0B       		.uleb128 0xb
 804 001a 03       		.uleb128 0x3
 805 001b 0E       		.uleb128 0xe
 806 001c 00       		.byte	0
 807 001d 00       		.byte	0
 808 001e 03       		.uleb128 0x3
 809 001f 24       		.uleb128 0x24
 810 0020 00       		.byte	0
 811 0021 0B       		.uleb128 0xb
 812 0022 0B       		.uleb128 0xb
 813 0023 3E       		.uleb128 0x3e
 814 0024 0B       		.uleb128 0xb
 815 0025 03       		.uleb128 0x3
 816 0026 08       		.uleb128 0x8
 817 0027 00       		.byte	0
 818 0028 00       		.byte	0
 819 0029 04       		.uleb128 0x4
 820 002a 16       		.uleb128 0x16
 821 002b 00       		.byte	0
 822 002c 03       		.uleb128 0x3
 823 002d 0E       		.uleb128 0xe
 824 002e 3A       		.uleb128 0x3a
 825 002f 0B       		.uleb128 0xb
 826 0030 3B       		.uleb128 0x3b
 827 0031 0B       		.uleb128 0xb
 828 0032 49       		.uleb128 0x49
 829 0033 13       		.uleb128 0x13
 830 0034 00       		.byte	0
 831 0035 00       		.byte	0
 832 0036 05       		.uleb128 0x5
 833 0037 16       		.uleb128 0x16
 834 0038 00       		.byte	0
 835 0039 03       		.uleb128 0x3
 836 003a 0E       		.uleb128 0xe
 837 003b 3A       		.uleb128 0x3a
 838 003c 0B       		.uleb128 0xb
 839 003d 3B       		.uleb128 0x3b
 840 003e 05       		.uleb128 0x5
 841 003f 49       		.uleb128 0x49
 842 0040 13       		.uleb128 0x13
 843 0041 00       		.byte	0
 844 0042 00       		.byte	0
 845 0043 06       		.uleb128 0x6
 846 0044 35       		.uleb128 0x35
 847 0045 00       		.byte	0
 848 0046 49       		.uleb128 0x49
 849 0047 13       		.uleb128 0x13
 850 0048 00       		.byte	0
 851 0049 00       		.byte	0
ARM GAS  C:\Users\Admin\AppData\Local\Temp\ccmtl3I7.s 			page 22


 852 004a 07       		.uleb128 0x7
 853 004b 0F       		.uleb128 0xf
 854 004c 00       		.byte	0
 855 004d 0B       		.uleb128 0xb
 856 004e 0B       		.uleb128 0xb
 857 004f 49       		.uleb128 0x49
 858 0050 13       		.uleb128 0x13
 859 0051 00       		.byte	0
 860 0052 00       		.byte	0
 861 0053 08       		.uleb128 0x8
 862 0054 15       		.uleb128 0x15
 863 0055 00       		.byte	0
 864 0056 27       		.uleb128 0x27
 865 0057 19       		.uleb128 0x19
 866 0058 00       		.byte	0
 867 0059 00       		.byte	0
 868 005a 09       		.uleb128 0x9
 869 005b 2E       		.uleb128 0x2e
 870 005c 00       		.byte	0
 871 005d 3F       		.uleb128 0x3f
 872 005e 19       		.uleb128 0x19
 873 005f 03       		.uleb128 0x3
 874 0060 0E       		.uleb128 0xe
 875 0061 3A       		.uleb128 0x3a
 876 0062 0B       		.uleb128 0xb
 877 0063 3B       		.uleb128 0x3b
 878 0064 0B       		.uleb128 0xb
 879 0065 27       		.uleb128 0x27
 880 0066 19       		.uleb128 0x19
 881 0067 11       		.uleb128 0x11
 882 0068 01       		.uleb128 0x1
 883 0069 12       		.uleb128 0x12
 884 006a 06       		.uleb128 0x6
 885 006b 40       		.uleb128 0x40
 886 006c 18       		.uleb128 0x18
 887 006d 9642     		.uleb128 0x2116
 888 006f 19       		.uleb128 0x19
 889 0070 00       		.byte	0
 890 0071 00       		.byte	0
 891 0072 0A       		.uleb128 0xa
 892 0073 2E       		.uleb128 0x2e
 893 0074 01       		.byte	0x1
 894 0075 3F       		.uleb128 0x3f
 895 0076 19       		.uleb128 0x19
 896 0077 03       		.uleb128 0x3
 897 0078 0E       		.uleb128 0xe
 898 0079 3A       		.uleb128 0x3a
 899 007a 0B       		.uleb128 0xb
 900 007b 3B       		.uleb128 0x3b
 901 007c 0B       		.uleb128 0xb
 902 007d 27       		.uleb128 0x27
 903 007e 19       		.uleb128 0x19
 904 007f 11       		.uleb128 0x11
 905 0080 01       		.uleb128 0x1
 906 0081 12       		.uleb128 0x12
 907 0082 06       		.uleb128 0x6
 908 0083 40       		.uleb128 0x40
ARM GAS  C:\Users\Admin\AppData\Local\Temp\ccmtl3I7.s 			page 23


 909 0084 18       		.uleb128 0x18
 910 0085 9642     		.uleb128 0x2116
 911 0087 19       		.uleb128 0x19
 912 0088 01       		.uleb128 0x1
 913 0089 13       		.uleb128 0x13
 914 008a 00       		.byte	0
 915 008b 00       		.byte	0
 916 008c 0B       		.uleb128 0xb
 917 008d 05       		.uleb128 0x5
 918 008e 00       		.byte	0
 919 008f 03       		.uleb128 0x3
 920 0090 0E       		.uleb128 0xe
 921 0091 3A       		.uleb128 0x3a
 922 0092 0B       		.uleb128 0xb
 923 0093 3B       		.uleb128 0x3b
 924 0094 0B       		.uleb128 0xb
 925 0095 49       		.uleb128 0x49
 926 0096 13       		.uleb128 0x13
 927 0097 02       		.uleb128 0x2
 928 0098 18       		.uleb128 0x18
 929 0099 00       		.byte	0
 930 009a 00       		.byte	0
 931 009b 0C       		.uleb128 0xc
 932 009c 2E       		.uleb128 0x2e
 933 009d 00       		.byte	0
 934 009e 3F       		.uleb128 0x3f
 935 009f 19       		.uleb128 0x19
 936 00a0 03       		.uleb128 0x3
 937 00a1 0E       		.uleb128 0xe
 938 00a2 3A       		.uleb128 0x3a
 939 00a3 0B       		.uleb128 0xb
 940 00a4 3B       		.uleb128 0x3b
 941 00a5 0B       		.uleb128 0xb
 942 00a6 27       		.uleb128 0x27
 943 00a7 19       		.uleb128 0x19
 944 00a8 11       		.uleb128 0x11
 945 00a9 01       		.uleb128 0x1
 946 00aa 12       		.uleb128 0x12
 947 00ab 06       		.uleb128 0x6
 948 00ac 40       		.uleb128 0x40
 949 00ad 18       		.uleb128 0x18
 950 00ae 9742     		.uleb128 0x2117
 951 00b0 19       		.uleb128 0x19
 952 00b1 00       		.byte	0
 953 00b2 00       		.byte	0
 954 00b3 0D       		.uleb128 0xd
 955 00b4 2E       		.uleb128 0x2e
 956 00b5 01       		.byte	0x1
 957 00b6 3F       		.uleb128 0x3f
 958 00b7 19       		.uleb128 0x19
 959 00b8 03       		.uleb128 0x3
 960 00b9 0E       		.uleb128 0xe
 961 00ba 3A       		.uleb128 0x3a
 962 00bb 0B       		.uleb128 0xb
 963 00bc 3B       		.uleb128 0x3b
 964 00bd 0B       		.uleb128 0xb
 965 00be 27       		.uleb128 0x27
ARM GAS  C:\Users\Admin\AppData\Local\Temp\ccmtl3I7.s 			page 24


 966 00bf 19       		.uleb128 0x19
 967 00c0 11       		.uleb128 0x11
 968 00c1 01       		.uleb128 0x1
 969 00c2 12       		.uleb128 0x12
 970 00c3 06       		.uleb128 0x6
 971 00c4 40       		.uleb128 0x40
 972 00c5 18       		.uleb128 0x18
 973 00c6 9742     		.uleb128 0x2117
 974 00c8 19       		.uleb128 0x19
 975 00c9 01       		.uleb128 0x1
 976 00ca 13       		.uleb128 0x13
 977 00cb 00       		.byte	0
 978 00cc 00       		.byte	0
 979 00cd 0E       		.uleb128 0xe
 980 00ce 2E       		.uleb128 0x2e
 981 00cf 00       		.byte	0
 982 00d0 3F       		.uleb128 0x3f
 983 00d1 19       		.uleb128 0x19
 984 00d2 03       		.uleb128 0x3
 985 00d3 0E       		.uleb128 0xe
 986 00d4 3A       		.uleb128 0x3a
 987 00d5 0B       		.uleb128 0xb
 988 00d6 3B       		.uleb128 0x3b
 989 00d7 0B       		.uleb128 0xb
 990 00d8 27       		.uleb128 0x27
 991 00d9 19       		.uleb128 0x19
 992 00da 49       		.uleb128 0x49
 993 00db 13       		.uleb128 0x13
 994 00dc 11       		.uleb128 0x11
 995 00dd 01       		.uleb128 0x1
 996 00de 12       		.uleb128 0x12
 997 00df 06       		.uleb128 0x6
 998 00e0 40       		.uleb128 0x40
 999 00e1 18       		.uleb128 0x18
 1000 00e2 9742     		.uleb128 0x2117
 1001 00e4 19       		.uleb128 0x19
 1002 00e5 00       		.byte	0
 1003 00e6 00       		.byte	0
 1004 00e7 0F       		.uleb128 0xf
 1005 00e8 34       		.uleb128 0x34
 1006 00e9 00       		.byte	0
 1007 00ea 03       		.uleb128 0x3
 1008 00eb 0E       		.uleb128 0xe
 1009 00ec 3A       		.uleb128 0x3a
 1010 00ed 0B       		.uleb128 0xb
 1011 00ee 3B       		.uleb128 0x3b
 1012 00ef 0B       		.uleb128 0xb
 1013 00f0 49       		.uleb128 0x49
 1014 00f1 13       		.uleb128 0x13
 1015 00f2 02       		.uleb128 0x2
 1016 00f3 18       		.uleb128 0x18
 1017 00f4 00       		.byte	0
 1018 00f5 00       		.byte	0
 1019 00f6 10       		.uleb128 0x10
 1020 00f7 2E       		.uleb128 0x2e
 1021 00f8 01       		.byte	0x1
 1022 00f9 3F       		.uleb128 0x3f
ARM GAS  C:\Users\Admin\AppData\Local\Temp\ccmtl3I7.s 			page 25


 1023 00fa 19       		.uleb128 0x19
 1024 00fb 03       		.uleb128 0x3
 1025 00fc 0E       		.uleb128 0xe
 1026 00fd 3A       		.uleb128 0x3a
 1027 00fe 0B       		.uleb128 0xb
 1028 00ff 3B       		.uleb128 0x3b
 1029 0100 0B       		.uleb128 0xb
 1030 0101 27       		.uleb128 0x27
 1031 0102 19       		.uleb128 0x19
 1032 0103 49       		.uleb128 0x49
 1033 0104 13       		.uleb128 0x13
 1034 0105 11       		.uleb128 0x11
 1035 0106 01       		.uleb128 0x1
 1036 0107 12       		.uleb128 0x12
 1037 0108 06       		.uleb128 0x6
 1038 0109 40       		.uleb128 0x40
 1039 010a 18       		.uleb128 0x18
 1040 010b 9742     		.uleb128 0x2117
 1041 010d 19       		.uleb128 0x19
 1042 010e 01       		.uleb128 0x1
 1043 010f 13       		.uleb128 0x13
 1044 0110 00       		.byte	0
 1045 0111 00       		.byte	0
 1046 0112 11       		.uleb128 0x11
 1047 0113 2E       		.uleb128 0x2e
 1048 0114 00       		.byte	0
 1049 0115 3F       		.uleb128 0x3f
 1050 0116 19       		.uleb128 0x19
 1051 0117 03       		.uleb128 0x3
 1052 0118 0E       		.uleb128 0xe
 1053 0119 3A       		.uleb128 0x3a
 1054 011a 0B       		.uleb128 0xb
 1055 011b 3B       		.uleb128 0x3b
 1056 011c 05       		.uleb128 0x5
 1057 011d 27       		.uleb128 0x27
 1058 011e 19       		.uleb128 0x19
 1059 011f 11       		.uleb128 0x11
 1060 0120 01       		.uleb128 0x1
 1061 0121 12       		.uleb128 0x12
 1062 0122 06       		.uleb128 0x6
 1063 0123 40       		.uleb128 0x40
 1064 0124 18       		.uleb128 0x18
 1065 0125 9742     		.uleb128 0x2117
 1066 0127 19       		.uleb128 0x19
 1067 0128 00       		.byte	0
 1068 0129 00       		.byte	0
 1069 012a 12       		.uleb128 0x12
 1070 012b 2E       		.uleb128 0x2e
 1071 012c 00       		.byte	0
 1072 012d 3F       		.uleb128 0x3f
 1073 012e 19       		.uleb128 0x19
 1074 012f 03       		.uleb128 0x3
 1075 0130 0E       		.uleb128 0xe
 1076 0131 3A       		.uleb128 0x3a
 1077 0132 0B       		.uleb128 0xb
 1078 0133 3B       		.uleb128 0x3b
 1079 0134 05       		.uleb128 0x5
ARM GAS  C:\Users\Admin\AppData\Local\Temp\ccmtl3I7.s 			page 26


 1080 0135 27       		.uleb128 0x27
 1081 0136 19       		.uleb128 0x19
 1082 0137 49       		.uleb128 0x49
 1083 0138 13       		.uleb128 0x13
 1084 0139 11       		.uleb128 0x11
 1085 013a 01       		.uleb128 0x1
 1086 013b 12       		.uleb128 0x12
 1087 013c 06       		.uleb128 0x6
 1088 013d 40       		.uleb128 0x40
 1089 013e 18       		.uleb128 0x18
 1090 013f 9742     		.uleb128 0x2117
 1091 0141 19       		.uleb128 0x19
 1092 0142 00       		.byte	0
 1093 0143 00       		.byte	0
 1094 0144 13       		.uleb128 0x13
 1095 0145 01       		.uleb128 0x1
 1096 0146 01       		.byte	0x1
 1097 0147 49       		.uleb128 0x49
 1098 0148 13       		.uleb128 0x13
 1099 0149 01       		.uleb128 0x1
 1100 014a 13       		.uleb128 0x13
 1101 014b 00       		.byte	0
 1102 014c 00       		.byte	0
 1103 014d 14       		.uleb128 0x14
 1104 014e 21       		.uleb128 0x21
 1105 014f 00       		.byte	0
 1106 0150 49       		.uleb128 0x49
 1107 0151 13       		.uleb128 0x13
 1108 0152 2F       		.uleb128 0x2f
 1109 0153 0B       		.uleb128 0xb
 1110 0154 00       		.byte	0
 1111 0155 00       		.byte	0
 1112 0156 15       		.uleb128 0x15
 1113 0157 34       		.uleb128 0x34
 1114 0158 00       		.byte	0
 1115 0159 03       		.uleb128 0x3
 1116 015a 0E       		.uleb128 0xe
 1117 015b 3A       		.uleb128 0x3a
 1118 015c 0B       		.uleb128 0xb
 1119 015d 3B       		.uleb128 0x3b
 1120 015e 0B       		.uleb128 0xb
 1121 015f 49       		.uleb128 0x49
 1122 0160 13       		.uleb128 0x13
 1123 0161 3F       		.uleb128 0x3f
 1124 0162 19       		.uleb128 0x19
 1125 0163 3C       		.uleb128 0x3c
 1126 0164 19       		.uleb128 0x19
 1127 0165 00       		.byte	0
 1128 0166 00       		.byte	0
 1129 0167 00       		.byte	0
 1130              		.section	.debug_aranges,"",%progbits
 1131 0000 7C000000 		.4byte	0x7c
 1132 0004 0200     		.2byte	0x2
 1133 0006 00000000 		.4byte	.Ldebug_info0
 1134 000a 04       		.byte	0x4
 1135 000b 00       		.byte	0
 1136 000c 0000     		.2byte	0
ARM GAS  C:\Users\Admin\AppData\Local\Temp\ccmtl3I7.s 			page 27


 1137 000e 0000     		.2byte	0
 1138 0010 00000000 		.4byte	.LFB0
 1139 0014 24000000 		.4byte	.LFE0-.LFB0
 1140 0018 00000000 		.4byte	.LFB1
 1141 001c 24000000 		.4byte	.LFE1-.LFB1
 1142 0020 00000000 		.4byte	.LFB2
 1143 0024 18000000 		.4byte	.LFE2-.LFB2
 1144 0028 00000000 		.4byte	.LFB3
 1145 002c 08000000 		.4byte	.LFE3-.LFB3
 1146 0030 00000000 		.4byte	.LFB4
 1147 0034 18000000 		.4byte	.LFE4-.LFB4
 1148 0038 00000000 		.4byte	.LFB5
 1149 003c 14000000 		.4byte	.LFE5-.LFB5
 1150 0040 00000000 		.4byte	.LFB6
 1151 0044 4C000000 		.4byte	.LFE6-.LFB6
 1152 0048 00000000 		.4byte	.LFB7
 1153 004c 2C000000 		.4byte	.LFE7-.LFB7
 1154 0050 00000000 		.4byte	.LFB8
 1155 0054 14000000 		.4byte	.LFE8-.LFB8
 1156 0058 00000000 		.4byte	.LFB9
 1157 005c 20000000 		.4byte	.LFE9-.LFB9
 1158 0060 00000000 		.4byte	.LFB10
 1159 0064 14000000 		.4byte	.LFE10-.LFB10
 1160 0068 00000000 		.4byte	.LFB11
 1161 006c 14000000 		.4byte	.LFE11-.LFB11
 1162 0070 00000000 		.4byte	.LFB12
 1163 0074 14000000 		.4byte	.LFE12-.LFB12
 1164 0078 00000000 		.4byte	0
 1165 007c 00000000 		.4byte	0
 1166              		.section	.debug_ranges,"",%progbits
 1167              	.Ldebug_ranges0:
 1168 0000 00000000 		.4byte	.LFB0
 1169 0004 24000000 		.4byte	.LFE0
 1170 0008 00000000 		.4byte	.LFB1
 1171 000c 24000000 		.4byte	.LFE1
 1172 0010 00000000 		.4byte	.LFB2
 1173 0014 18000000 		.4byte	.LFE2
 1174 0018 00000000 		.4byte	.LFB3
 1175 001c 08000000 		.4byte	.LFE3
 1176 0020 00000000 		.4byte	.LFB4
 1177 0024 18000000 		.4byte	.LFE4
 1178 0028 00000000 		.4byte	.LFB5
 1179 002c 14000000 		.4byte	.LFE5
 1180 0030 00000000 		.4byte	.LFB6
 1181 0034 4C000000 		.4byte	.LFE6
 1182 0038 00000000 		.4byte	.LFB7
 1183 003c 2C000000 		.4byte	.LFE7
 1184 0040 00000000 		.4byte	.LFB8
 1185 0044 14000000 		.4byte	.LFE8
 1186 0048 00000000 		.4byte	.LFB9
 1187 004c 20000000 		.4byte	.LFE9
 1188 0050 00000000 		.4byte	.LFB10
 1189 0054 14000000 		.4byte	.LFE10
 1190 0058 00000000 		.4byte	.LFB11
 1191 005c 14000000 		.4byte	.LFE11
 1192 0060 00000000 		.4byte	.LFB12
 1193 0064 14000000 		.4byte	.LFE12
ARM GAS  C:\Users\Admin\AppData\Local\Temp\ccmtl3I7.s 			page 28


 1194 0068 00000000 		.4byte	0
 1195 006c 00000000 		.4byte	0
 1196              		.section	.debug_line,"",%progbits
 1197              	.Ldebug_line0:
 1198 0000 52010000 		.section	.debug_str,"MS",%progbits,1
 1198      02004600 
 1198      00000201 
 1198      FB0E0D00 
 1198      01010101 
 1199              	.LASF14:
 1200 0000 72656733 		.ascii	"reg32\000"
 1200      3200
 1201              	.LASF36:
 1202 0006 53574C5F 		.ascii	"SWL_Int_GetPriority\000"
 1202      496E745F 
 1202      47657450 
 1202      72696F72 
 1202      69747900 
 1203              	.LASF37:
 1204 001a 43795261 		.ascii	"CyRamVectors\000"
 1204      6D566563 
 1204      746F7273 
 1204      00
 1205              	.LASF17:
 1206 0027 53574C5F 		.ascii	"SWL_Int_Start\000"
 1206      496E745F 
 1206      53746172 
 1206      7400
 1207              	.LASF31:
 1208 0035 53574C5F 		.ascii	"SWL_Int_SetPending\000"
 1208      496E745F 
 1208      53657450 
 1208      656E6469 
 1208      6E6700
 1209              	.LASF3:
 1210 0048 73686F72 		.ascii	"short unsigned int\000"
 1210      7420756E 
 1210      7369676E 
 1210      65642069 
 1210      6E7400
 1211              	.LASF29:
 1212 005b 53574C5F 		.ascii	"SWL_Int_GetState\000"
 1212      496E745F 
 1212      47657453 
 1212      74617465 
 1212      00
 1213              	.LASF28:
 1214 006c 53574C5F 		.ascii	"SWL_Int_GetVector\000"
 1214      496E745F 
 1214      47657456 
 1214      6563746F 
 1214      7200
 1215              	.LASF23:
 1216 007e 53574C5F 		.ascii	"SWL_Int_SetPriority\000"
 1216      496E745F 
 1216      53657450 
 1216      72696F72 
ARM GAS  C:\Users\Admin\AppData\Local\Temp\ccmtl3I7.s 			page 29


 1216      69747900 
 1217              	.LASF11:
 1218 0092 666C6F61 		.ascii	"float\000"
 1218      7400
 1219              	.LASF33:
 1220 0098 474E5520 		.ascii	"GNU C 4.8.4 20140526 (release) [ARM/embedded-4_8-br"
 1220      4320342E 
 1220      382E3420 
 1220      32303134 
 1220      30353236 
 1221 00cb 616E6368 		.ascii	"anch revision 211358] -mcpu=cortex-m0 -mthumb -g -O"
 1221      20726576 
 1221      6973696F 
 1221      6E203231 
 1221      31333538 
 1222 00fe 30202D66 		.ascii	"0 -ffunction-sections\000"
 1222      66756E63 
 1222      74696F6E 
 1222      2D736563 
 1222      74696F6E 
 1223              	.LASF1:
 1224 0114 756E7369 		.ascii	"unsigned char\000"
 1224      676E6564 
 1224      20636861 
 1224      7200
 1225              	.LASF18:
 1226 0122 53574C5F 		.ascii	"SWL_Int_Stop\000"
 1226      496E745F 
 1226      53746F70 
 1226      00
 1227              	.LASF21:
 1228 012f 53574C5F 		.ascii	"SWL_Int_SetVector\000"
 1228      496E745F 
 1228      53657456 
 1228      6563746F 
 1228      7200
 1229              	.LASF25:
 1230 0141 696E7465 		.ascii	"interruptState\000"
 1230      72727570 
 1230      74537461 
 1230      746500
 1231              	.LASF5:
 1232 0150 6C6F6E67 		.ascii	"long unsigned int\000"
 1232      20756E73 
 1232      69676E65 
 1232      6420696E 
 1232      7400
 1233              	.LASF9:
 1234 0162 75696E74 		.ascii	"uint8\000"
 1234      3800
 1235              	.LASF34:
 1236 0168 2E5C4765 		.ascii	".\\Generated_Source\\PSoC4\\SWL_Int.c\000"
 1236      6E657261 
 1236      7465645F 
 1236      536F7572 
 1236      63655C50 
 1237              	.LASF19:
ARM GAS  C:\Users\Admin\AppData\Local\Temp\ccmtl3I7.s 			page 30


 1238 018b 53574C5F 		.ascii	"SWL_Int_Interrupt\000"
 1238      496E745F 
 1238      496E7465 
 1238      72727570 
 1238      7400
 1239              	.LASF24:
 1240 019d 7072696F 		.ascii	"priority\000"
 1240      72697479 
 1240      00
 1241              	.LASF12:
 1242 01a6 646F7562 		.ascii	"double\000"
 1242      6C6500
 1243              	.LASF32:
 1244 01ad 53574C5F 		.ascii	"SWL_Int_ClearPending\000"
 1244      496E745F 
 1244      436C6561 
 1244      7250656E 
 1244      64696E67 
 1245              	.LASF10:
 1246 01c2 75696E74 		.ascii	"uint32\000"
 1246      333200
 1247              	.LASF8:
 1248 01c9 756E7369 		.ascii	"unsigned int\000"
 1248      676E6564 
 1248      20696E74 
 1248      00
 1249              	.LASF22:
 1250 01d6 61646472 		.ascii	"address\000"
 1250      65737300 
 1251              	.LASF7:
 1252 01de 6C6F6E67 		.ascii	"long long unsigned int\000"
 1252      206C6F6E 
 1252      6720756E 
 1252      7369676E 
 1252      65642069 
 1253              	.LASF20:
 1254 01f5 53574C5F 		.ascii	"SWL_Int_StartEx\000"
 1254      496E745F 
 1254      53746172 
 1254      74457800 
 1255              	.LASF15:
 1256 0205 63796973 		.ascii	"cyisraddress\000"
 1256      72616464 
 1256      72657373 
 1256      00
 1257              	.LASF35:
 1258 0212 433A5C55 		.ascii	"C:\\Users\\Admin\\Desktop\\Teacher Badge\\Teacher_B"
 1258      73657273 
 1258      5C41646D 
 1258      696E5C44 
 1258      65736B74 
 1259 0240 61646765 		.ascii	"adge\\Teacher_Badge.cydsn\000"
 1259      5C546561 
 1259      63686572 
 1259      5F426164 
 1259      67652E63 
 1260              	.LASF16:
ARM GAS  C:\Users\Admin\AppData\Local\Temp\ccmtl3I7.s 			page 31


 1261 0259 73697A65 		.ascii	"sizetype\000"
 1261      74797065 
 1261      00
 1262              	.LASF6:
 1263 0262 6C6F6E67 		.ascii	"long long int\000"
 1263      206C6F6E 
 1263      6720696E 
 1263      7400
 1264              	.LASF13:
 1265 0270 63686172 		.ascii	"char\000"
 1265      00
 1266              	.LASF27:
 1267 0275 53574C5F 		.ascii	"SWL_Int_Enable\000"
 1267      496E745F 
 1267      456E6162 
 1267      6C6500
 1268              	.LASF2:
 1269 0284 73686F72 		.ascii	"short int\000"
 1269      7420696E 
 1269      7400
 1270              	.LASF26:
 1271 028e 7072696F 		.ascii	"priorityOffset\000"
 1271      72697479 
 1271      4F666673 
 1271      657400
 1272              	.LASF4:
 1273 029d 6C6F6E67 		.ascii	"long int\000"
 1273      20696E74 
 1273      00
 1274              	.LASF30:
 1275 02a6 53574C5F 		.ascii	"SWL_Int_Disable\000"
 1275      496E745F 
 1275      44697361 
 1275      626C6500 
 1276              	.LASF0:
 1277 02b6 7369676E 		.ascii	"signed char\000"
 1277      65642063 
 1277      68617200 
 1278              		.ident	"GCC: (GNU Tools for ARM Embedded Processors) 4.8.4 20140526 (release) [ARM/embedded-4_8-br
