ARM GAS  C:\Users\Admin\AppData\Local\Temp\ccRjRc4e.s 			page 1


   1              		.cpu cortex-m0
   2              		.fpu softvfp
   3              		.eabi_attribute 20, 1
   4              		.eabi_attribute 21, 1
   5              		.eabi_attribute 23, 3
   6              		.eabi_attribute 24, 1
   7              		.eabi_attribute 25, 1
   8              		.eabi_attribute 26, 1
   9              		.eabi_attribute 30, 6
  10              		.eabi_attribute 34, 0
  11              		.eabi_attribute 18, 4
  12              		.code	16
  13              		.file	"togglelib.c"
  14              		.text
  15              	.Ltext0:
  16              		.cfi_sections	.debug_frame
  17              		.global	ltp_count
  18              		.bss
  19              		.type	ltp_count, %object
  20              		.size	ltp_count, 1
  21              	ltp_count:
  22 0000 00       		.space	1
  23              		.global	rtp_count
  24              		.type	rtp_count, %object
  25              		.size	rtp_count, 1
  26              	rtp_count:
  27 0001 00       		.space	1
  28              		.global	__aeabi_idivmod
  29              		.section	.text.SWL_Handler,"ax",%progbits
  30              		.align	2
  31              		.global	SWL_Handler
  32              		.code	16
  33              		.thumb_func
  34              		.type	SWL_Handler, %function
  35              	SWL_Handler:
  36              	.LFB33:
  37              		.file 1 ".\\togglelib.c"
   1:.\togglelib.c **** /* ========================================
   2:.\togglelib.c ****  *
   3:.\togglelib.c ****  * Copyright Nullify, 2016
   4:.\togglelib.c ****  * All Rights Reserved
   5:.\togglelib.c ****  * UNPUBLISHED, LICENSED SOFTWARE.
   6:.\togglelib.c ****  *
   7:.\togglelib.c ****  * CONFIDENTIAL AND PROPRIETARY INFORMATION
   8:.\togglelib.c ****  * WHICH IS THE PROPERTY OF NULLIY.
   9:.\togglelib.c ****  *
  10:.\togglelib.c ****  * ========================================
  11:.\togglelib.c **** */
  12:.\togglelib.c **** #include <project.h>
  13:.\togglelib.c **** #include <stdio.h>
  14:.\togglelib.c **** #include <time.h>
  15:.\togglelib.c **** #include <stdlib.h>
  16:.\togglelib.c **** #include "lightlib.h"
  17:.\togglelib.c **** #include "togglelib.h"
  18:.\togglelib.c **** 
  19:.\togglelib.c **** 
  20:.\togglelib.c **** volatile uint8 ltp_count = 0;
ARM GAS  C:\Users\Admin\AppData\Local\Temp\ccRjRc4e.s 			page 2


  21:.\togglelib.c **** volatile uint8 rtp_count = 0;
  22:.\togglelib.c **** 
  23:.\togglelib.c **** /* Signal handler for left toggle press */
  24:.\togglelib.c **** CY_ISR( SWL_Handler ) {
  38              		.loc 1 24 0
  39              		.cfi_startproc
  40 0000 90B5     		push	{r4, r7, lr}
  41              		.cfi_def_cfa_offset 12
  42              		.cfi_offset 4, -12
  43              		.cfi_offset 7, -8
  44              		.cfi_offset 14, -4
  45 0002 83B0     		sub	sp, sp, #12
  46              		.cfi_def_cfa_offset 24
  47 0004 00AF     		add	r7, sp, #0
  48              		.cfi_def_cfa_register 7
  25:.\togglelib.c ****     uint8 new_color_left;
  26:.\togglelib.c ****     uint8 current_color_left; 
  27:.\togglelib.c ****     
  28:.\togglelib.c ****     ltp_count += 1;
  49              		.loc 1 28 0
  50 0006 214B     		ldr	r3, .L5
  51 0008 1B78     		ldrb	r3, [r3]
  52 000a DBB2     		uxtb	r3, r3
  53 000c 0133     		add	r3, r3, #1
  54 000e DAB2     		uxtb	r2, r3
  55 0010 1E4B     		ldr	r3, .L5
  56 0012 1A70     		strb	r2, [r3]
  29:.\togglelib.c ****     
  30:.\togglelib.c ****     if (ltp_count == LIGHT_CHANGE_NUM) {
  57              		.loc 1 30 0
  58 0014 1D4B     		ldr	r3, .L5
  59 0016 1B78     		ldrb	r3, [r3]
  60 0018 DBB2     		uxtb	r3, r3
  61 001a 052B     		cmp	r3, #5
  62 001c 2DD1     		bne	.L2
  31:.\togglelib.c ****         current_color_left = get_color(LEFT_LED);
  63              		.loc 1 31 0
  64 001e BC1D     		add	r4, r7, #6
  65 0020 0120     		mov	r0, #1
  66 0022 FFF7FEFF 		bl	get_color
  67 0026 031C     		mov	r3, r0
  68 0028 2370     		strb	r3, [r4]
  32:.\togglelib.c ****         new_color_left = (rand() % 7) + 1;
  69              		.loc 1 32 0
  70 002a FFF7FEFF 		bl	rand
  71 002e 031C     		mov	r3, r0
  72 0030 181C     		mov	r0, r3
  73 0032 0721     		mov	r1, #7
  74 0034 FFF7FEFF 		bl	__aeabi_idivmod
  75 0038 0B1C     		mov	r3, r1
  76 003a DAB2     		uxtb	r2, r3
  77 003c FB1D     		add	r3, r7, #7
  78 003e 0132     		add	r2, r2, #1
  79 0040 1A70     		strb	r2, [r3]
  33:.\togglelib.c ****         
  34:.\togglelib.c ****         while (new_color_left == current_color_left){
  80              		.loc 1 34 0
ARM GAS  C:\Users\Admin\AppData\Local\Temp\ccRjRc4e.s 			page 3


  81 0042 0BE0     		b	.L3
  82              	.L4:
  35:.\togglelib.c ****             new_color_left = (rand() % 7) + 1;
  83              		.loc 1 35 0
  84 0044 FFF7FEFF 		bl	rand
  85 0048 031C     		mov	r3, r0
  86 004a 181C     		mov	r0, r3
  87 004c 0721     		mov	r1, #7
  88 004e FFF7FEFF 		bl	__aeabi_idivmod
  89 0052 0B1C     		mov	r3, r1
  90 0054 DAB2     		uxtb	r2, r3
  91 0056 FB1D     		add	r3, r7, #7
  92 0058 0132     		add	r2, r2, #1
  93 005a 1A70     		strb	r2, [r3]
  94              	.L3:
  34:.\togglelib.c ****         while (new_color_left == current_color_left){
  95              		.loc 1 34 0 discriminator 1
  96 005c FA1D     		add	r2, r7, #7
  97 005e BB1D     		add	r3, r7, #6
  98 0060 1278     		ldrb	r2, [r2]
  99 0062 1B78     		ldrb	r3, [r3]
 100 0064 9A42     		cmp	r2, r3
 101 0066 EDD0     		beq	.L4
  36:.\togglelib.c ****         }
  37:.\togglelib.c ****         set_color(LEFT_LED, new_color_left);
 102              		.loc 1 37 0
 103 0068 FB1D     		add	r3, r7, #7
 104 006a 1B78     		ldrb	r3, [r3]
 105 006c 0120     		mov	r0, #1
 106 006e 191C     		mov	r1, r3
 107 0070 FFF7FEFF 		bl	set_color
  38:.\togglelib.c ****         ltp_count = 0;
 108              		.loc 1 38 0
 109 0074 054B     		ldr	r3, .L5
 110 0076 0022     		mov	r2, #0
 111 0078 1A70     		strb	r2, [r3]
 112              	.L2:
  39:.\togglelib.c ****     }
  40:.\togglelib.c ****     
  41:.\togglelib.c ****     /* Clear interrupt */
  42:.\togglelib.c ****     CyDelay(TOGGLE_DELAY);
 113              		.loc 1 42 0
 114 007a 9620     		mov	r0, #150
 115 007c FFF7FEFF 		bl	CyDelay
  43:.\togglelib.c ****     SWL_ClearInterrupt();
 116              		.loc 1 43 0
 117 0080 FFF7FEFF 		bl	SWL_ClearInterrupt
  44:.\togglelib.c **** }
 118              		.loc 1 44 0
 119 0084 BD46     		mov	sp, r7
 120 0086 03B0     		add	sp, sp, #12
 121              		@ sp needed
 122 0088 90BD     		pop	{r4, r7, pc}
 123              	.L6:
 124 008a C046     		.align	2
 125              	.L5:
 126 008c 00000000 		.word	ltp_count
ARM GAS  C:\Users\Admin\AppData\Local\Temp\ccRjRc4e.s 			page 4


 127              		.cfi_endproc
 128              	.LFE33:
 129              		.size	SWL_Handler, .-SWL_Handler
 130              		.section	.text.SWR_Handler,"ax",%progbits
 131              		.align	2
 132              		.global	SWR_Handler
 133              		.code	16
 134              		.thumb_func
 135              		.type	SWR_Handler, %function
 136              	SWR_Handler:
 137              	.LFB34:
  45:.\togglelib.c **** 
  46:.\togglelib.c **** /* Signal handler for right toggle press */
  47:.\togglelib.c **** CY_ISR( SWR_Handler ) {  
 138              		.loc 1 47 0
 139              		.cfi_startproc
 140 0000 90B5     		push	{r4, r7, lr}
 141              		.cfi_def_cfa_offset 12
 142              		.cfi_offset 4, -12
 143              		.cfi_offset 7, -8
 144              		.cfi_offset 14, -4
 145 0002 83B0     		sub	sp, sp, #12
 146              		.cfi_def_cfa_offset 24
 147 0004 00AF     		add	r7, sp, #0
 148              		.cfi_def_cfa_register 7
  48:.\togglelib.c ****     uint8 new_color_right;
  49:.\togglelib.c ****     uint8 current_color_right; 
  50:.\togglelib.c ****     
  51:.\togglelib.c ****     rtp_count += 1;
 149              		.loc 1 51 0
 150 0006 214B     		ldr	r3, .L11
 151 0008 1B78     		ldrb	r3, [r3]
 152 000a DBB2     		uxtb	r3, r3
 153 000c 0133     		add	r3, r3, #1
 154 000e DAB2     		uxtb	r2, r3
 155 0010 1E4B     		ldr	r3, .L11
 156 0012 1A70     		strb	r2, [r3]
  52:.\togglelib.c ****     
  53:.\togglelib.c ****     if (rtp_count == LIGHT_CHANGE_NUM) {
 157              		.loc 1 53 0
 158 0014 1D4B     		ldr	r3, .L11
 159 0016 1B78     		ldrb	r3, [r3]
 160 0018 DBB2     		uxtb	r3, r3
 161 001a 052B     		cmp	r3, #5
 162 001c 2DD1     		bne	.L8
  54:.\togglelib.c ****         current_color_right = get_color(RIGHT_LED);
 163              		.loc 1 54 0
 164 001e BC1D     		add	r4, r7, #6
 165 0020 0220     		mov	r0, #2
 166 0022 FFF7FEFF 		bl	get_color
 167 0026 031C     		mov	r3, r0
 168 0028 2370     		strb	r3, [r4]
  55:.\togglelib.c ****         new_color_right = (rand() % 7) + 1;
 169              		.loc 1 55 0
 170 002a FFF7FEFF 		bl	rand
 171 002e 031C     		mov	r3, r0
 172 0030 181C     		mov	r0, r3
ARM GAS  C:\Users\Admin\AppData\Local\Temp\ccRjRc4e.s 			page 5


 173 0032 0721     		mov	r1, #7
 174 0034 FFF7FEFF 		bl	__aeabi_idivmod
 175 0038 0B1C     		mov	r3, r1
 176 003a DAB2     		uxtb	r2, r3
 177 003c FB1D     		add	r3, r7, #7
 178 003e 0132     		add	r2, r2, #1
 179 0040 1A70     		strb	r2, [r3]
  56:.\togglelib.c ****         
  57:.\togglelib.c ****         while (new_color_right == current_color_right){
 180              		.loc 1 57 0
 181 0042 0BE0     		b	.L9
 182              	.L10:
  58:.\togglelib.c ****             new_color_right = (rand() % 7) + 1;
 183              		.loc 1 58 0
 184 0044 FFF7FEFF 		bl	rand
 185 0048 031C     		mov	r3, r0
 186 004a 181C     		mov	r0, r3
 187 004c 0721     		mov	r1, #7
 188 004e FFF7FEFF 		bl	__aeabi_idivmod
 189 0052 0B1C     		mov	r3, r1
 190 0054 DAB2     		uxtb	r2, r3
 191 0056 FB1D     		add	r3, r7, #7
 192 0058 0132     		add	r2, r2, #1
 193 005a 1A70     		strb	r2, [r3]
 194              	.L9:
  57:.\togglelib.c ****         while (new_color_right == current_color_right){
 195              		.loc 1 57 0 discriminator 1
 196 005c FA1D     		add	r2, r7, #7
 197 005e BB1D     		add	r3, r7, #6
 198 0060 1278     		ldrb	r2, [r2]
 199 0062 1B78     		ldrb	r3, [r3]
 200 0064 9A42     		cmp	r2, r3
 201 0066 EDD0     		beq	.L10
  59:.\togglelib.c ****         }
  60:.\togglelib.c ****         set_color(RIGHT_LED, new_color_right);
 202              		.loc 1 60 0
 203 0068 FB1D     		add	r3, r7, #7
 204 006a 1B78     		ldrb	r3, [r3]
 205 006c 0220     		mov	r0, #2
 206 006e 191C     		mov	r1, r3
 207 0070 FFF7FEFF 		bl	set_color
  61:.\togglelib.c ****         rtp_count = 0;
 208              		.loc 1 61 0
 209 0074 054B     		ldr	r3, .L11
 210 0076 0022     		mov	r2, #0
 211 0078 1A70     		strb	r2, [r3]
 212              	.L8:
  62:.\togglelib.c ****     }
  63:.\togglelib.c ****     
  64:.\togglelib.c ****     /* Clear interrupt */
  65:.\togglelib.c ****     CyDelay(TOGGLE_DELAY);
 213              		.loc 1 65 0
 214 007a 9620     		mov	r0, #150
 215 007c FFF7FEFF 		bl	CyDelay
  66:.\togglelib.c ****     SWR_ClearInterrupt();
 216              		.loc 1 66 0
 217 0080 FFF7FEFF 		bl	SWR_ClearInterrupt
ARM GAS  C:\Users\Admin\AppData\Local\Temp\ccRjRc4e.s 			page 6


  67:.\togglelib.c **** }
 218              		.loc 1 67 0
 219 0084 BD46     		mov	sp, r7
 220 0086 03B0     		add	sp, sp, #12
 221              		@ sp needed
 222 0088 90BD     		pop	{r4, r7, pc}
 223              	.L12:
 224 008a C046     		.align	2
 225              	.L11:
 226 008c 00000000 		.word	rtp_count
 227              		.cfi_endproc
 228              	.LFE34:
 229              		.size	SWR_Handler, .-SWR_Handler
 230              		.section	.text.SWB_Handler,"ax",%progbits
 231              		.align	2
 232              		.global	SWB_Handler
 233              		.code	16
 234              		.thumb_func
 235              		.type	SWB_Handler, %function
 236              	SWB_Handler:
 237              	.LFB35:
  68:.\togglelib.c **** 
  69:.\togglelib.c **** /* Signal handler for on board toggle press */
  70:.\togglelib.c **** CY_ISR( SWB_Handler ) {
 238              		.loc 1 70 0
 239              		.cfi_startproc
 240 0000 80B5     		push	{r7, lr}
 241              		.cfi_def_cfa_offset 8
 242              		.cfi_offset 7, -8
 243              		.cfi_offset 14, -4
 244 0002 00AF     		add	r7, sp, #0
 245              		.cfi_def_cfa_register 7
  71:.\togglelib.c ****     /* Flip IR Status */
  72:.\togglelib.c ****     if (get_status(IR_LED) == OFF) {
 246              		.loc 1 72 0
 247 0004 0420     		mov	r0, #4
 248 0006 FFF7FEFF 		bl	get_status
 249 000a 031C     		mov	r3, r0
 250 000c 002B     		cmp	r3, #0
 251 000e 03D1     		bne	.L14
  73:.\togglelib.c ****         turn_on(IR_LED);
 252              		.loc 1 73 0
 253 0010 0420     		mov	r0, #4
 254 0012 FFF7FEFF 		bl	turn_on
 255 0016 02E0     		b	.L15
 256              	.L14:
  74:.\togglelib.c ****     } 
  75:.\togglelib.c ****     else {
  76:.\togglelib.c ****          turn_off(IR_LED);
 257              		.loc 1 76 0
 258 0018 0420     		mov	r0, #4
 259 001a FFF7FEFF 		bl	turn_off
 260              	.L15:
  77:.\togglelib.c ****     }
  78:.\togglelib.c ****     
  79:.\togglelib.c ****     if (get_status(BOARD_LED) == OFF) {
 261              		.loc 1 79 0
ARM GAS  C:\Users\Admin\AppData\Local\Temp\ccRjRc4e.s 			page 7


 262 001e 0520     		mov	r0, #5
 263 0020 FFF7FEFF 		bl	get_status
 264 0024 031C     		mov	r3, r0
 265 0026 002B     		cmp	r3, #0
 266 0028 03D1     		bne	.L16
  80:.\togglelib.c ****         turn_on(BOARD_LED);
 267              		.loc 1 80 0
 268 002a 0520     		mov	r0, #5
 269 002c FFF7FEFF 		bl	turn_on
 270 0030 02E0     		b	.L17
 271              	.L16:
  81:.\togglelib.c ****     } 
  82:.\togglelib.c ****     else {
  83:.\togglelib.c ****          turn_off(BOARD_LED);
 272              		.loc 1 83 0
 273 0032 0520     		mov	r0, #5
 274 0034 FFF7FEFF 		bl	turn_off
 275              	.L17:
  84:.\togglelib.c ****     }
  85:.\togglelib.c ****     
  86:.\togglelib.c **** 
  87:.\togglelib.c ****     /* Clear interrupt */
  88:.\togglelib.c ****     SWB_ClearInterrupt();
 276              		.loc 1 88 0
 277 0038 FFF7FEFF 		bl	SWB_ClearInterrupt
  89:.\togglelib.c **** }
 278              		.loc 1 89 0
 279 003c BD46     		mov	sp, r7
 280              		@ sp needed
 281 003e 80BD     		pop	{r7, pc}
 282              		.cfi_endproc
 283              	.LFE35:
 284              		.size	SWB_Handler, .-SWB_Handler
 285              		.section	.text.clear_toggle_press_count,"ax",%progbits
 286              		.align	2
 287              		.global	clear_toggle_press_count
 288              		.code	16
 289              		.thumb_func
 290              		.type	clear_toggle_press_count, %function
 291              	clear_toggle_press_count:
 292              	.LFB36:
  90:.\togglelib.c **** 
  91:.\togglelib.c **** void clear_toggle_press_count() {
 293              		.loc 1 91 0
 294              		.cfi_startproc
 295 0000 80B5     		push	{r7, lr}
 296              		.cfi_def_cfa_offset 8
 297              		.cfi_offset 7, -8
 298              		.cfi_offset 14, -4
 299 0002 00AF     		add	r7, sp, #0
 300              		.cfi_def_cfa_register 7
  92:.\togglelib.c ****     /* Clear press count variables */
  93:.\togglelib.c ****     ltp_count = 0;
 301              		.loc 1 93 0
 302 0004 034B     		ldr	r3, .L19
 303 0006 0022     		mov	r2, #0
 304 0008 1A70     		strb	r2, [r3]
ARM GAS  C:\Users\Admin\AppData\Local\Temp\ccRjRc4e.s 			page 8


  94:.\togglelib.c ****     rtp_count = 0;
 305              		.loc 1 94 0
 306 000a 034B     		ldr	r3, .L19+4
 307 000c 0022     		mov	r2, #0
 308 000e 1A70     		strb	r2, [r3]
  95:.\togglelib.c **** }
 309              		.loc 1 95 0
 310 0010 BD46     		mov	sp, r7
 311              		@ sp needed
 312 0012 80BD     		pop	{r7, pc}
 313              	.L20:
 314              		.align	2
 315              	.L19:
 316 0014 00000000 		.word	ltp_count
 317 0018 00000000 		.word	rtp_count
 318              		.cfi_endproc
 319              	.LFE36:
 320              		.size	clear_toggle_press_count, .-clear_toggle_press_count
 321              		.section	.text.enable_toggle_interrupts,"ax",%progbits
 322              		.align	2
 323              		.global	enable_toggle_interrupts
 324              		.code	16
 325              		.thumb_func
 326              		.type	enable_toggle_interrupts, %function
 327              	enable_toggle_interrupts:
 328              	.LFB37:
  96:.\togglelib.c **** 
  97:.\togglelib.c **** void enable_toggle_interrupts() {
 329              		.loc 1 97 0
 330              		.cfi_startproc
 331 0000 80B5     		push	{r7, lr}
 332              		.cfi_def_cfa_offset 8
 333              		.cfi_offset 7, -8
 334              		.cfi_offset 14, -4
 335 0002 00AF     		add	r7, sp, #0
 336              		.cfi_def_cfa_register 7
  98:.\togglelib.c ****     /* Setup toggle interrupts  */
  99:.\togglelib.c ****     SWB_Int_StartEx( SWB_Handler );
 337              		.loc 1 99 0
 338 0004 0A4B     		ldr	r3, .L22
 339 0006 181C     		mov	r0, r3
 340 0008 FFF7FEFF 		bl	SWB_Int_StartEx
 100:.\togglelib.c ****     SWL_Int_StartEx( SWL_Handler );
 341              		.loc 1 100 0
 342 000c 094B     		ldr	r3, .L22+4
 343 000e 181C     		mov	r0, r3
 344 0010 FFF7FEFF 		bl	SWL_Int_StartEx
 101:.\togglelib.c ****     SWR_Int_StartEx( SWR_Handler );
 345              		.loc 1 101 0
 346 0014 084B     		ldr	r3, .L22+8
 347 0016 181C     		mov	r0, r3
 348 0018 FFF7FEFF 		bl	SWR_Int_StartEx
 102:.\togglelib.c ****     /* Seed random */
 103:.\togglelib.c ****     srand(time(NULL));
 349              		.loc 1 103 0
 350 001c 0020     		mov	r0, #0
 351 001e FFF7FEFF 		bl	time
ARM GAS  C:\Users\Admin\AppData\Local\Temp\ccRjRc4e.s 			page 9


 352 0022 031C     		mov	r3, r0
 353 0024 181C     		mov	r0, r3
 354 0026 FFF7FEFF 		bl	srand
 104:.\togglelib.c **** }...
 355              		.loc 1 104 0
 356 002a BD46     		mov	sp, r7
 357              		@ sp needed
 358 002c 80BD     		pop	{r7, pc}
 359              	.L23:
 360 002e C046     		.align	2
 361              	.L22:
 362 0030 00000000 		.word	SWB_Handler
 363 0034 00000000 		.word	SWL_Handler
 364 0038 00000000 		.word	SWR_Handler
 365              		.cfi_endproc
 366              	.LFE37:
 367              		.size	enable_toggle_interrupts, .-enable_toggle_interrupts
 368              		.text
 369              	.Letext0:
 370              		.file 2 ".\\Generated_Source\\PSoC4/cytypes.h"
 371              		.section	.debug_info,"",%progbits
 372              	.Ldebug_info0:
 373 0000 4D010000 		.4byte	0x14d
 374 0004 0400     		.2byte	0x4
 375 0006 00000000 		.4byte	.Ldebug_abbrev0
 376 000a 04       		.byte	0x4
 377 000b 01       		.uleb128 0x1
 378 000c 19010000 		.4byte	.LASF23
 379 0010 01       		.byte	0x1
 380 0011 2E000000 		.4byte	.LASF24
 381 0015 D2000000 		.4byte	.LASF25
 382 0019 00000000 		.4byte	.Ldebug_ranges0+0
 383 001d 00000000 		.4byte	0
 384 0021 00000000 		.4byte	.Ldebug_line0
 385 0025 02       		.uleb128 0x2
 386 0026 01       		.byte	0x1
 387 0027 06       		.byte	0x6
 388 0028 F2010000 		.4byte	.LASF0
 389 002c 02       		.uleb128 0x2
 390 002d 01       		.byte	0x1
 391 002e 08       		.byte	0x8
 392 002f 95010000 		.4byte	.LASF1
 393 0033 02       		.uleb128 0x2
 394 0034 02       		.byte	0x2
 395 0035 05       		.byte	0x5
 396 0036 86000000 		.4byte	.LASF2
 397 003a 02       		.uleb128 0x2
 398 003b 02       		.byte	0x2
 399 003c 07       		.byte	0x7
 400 003d 0E000000 		.4byte	.LASF3
 401 0041 02       		.uleb128 0x2
 402 0042 04       		.byte	0x4
 403 0043 05       		.byte	0x5
 404 0044 B2010000 		.4byte	.LASF4
 405 0048 02       		.uleb128 0x2
 406 0049 04       		.byte	0x4
 407 004a 07       		.byte	0x7
ARM GAS  C:\Users\Admin\AppData\Local\Temp\ccRjRc4e.s 			page 10


 408 004b 74000000 		.4byte	.LASF5
 409 004f 02       		.uleb128 0x2
 410 0050 08       		.byte	0x8
 411 0051 05       		.byte	0x5
 412 0052 00000000 		.4byte	.LASF6
 413 0056 02       		.uleb128 0x2
 414 0057 08       		.byte	0x8
 415 0058 07       		.byte	0x7
 416 0059 90000000 		.4byte	.LASF7
 417 005d 03       		.uleb128 0x3
 418 005e 04       		.byte	0x4
 419 005f 05       		.byte	0x5
 420 0060 696E7400 		.ascii	"int\000"
 421 0064 02       		.uleb128 0x2
 422 0065 04       		.byte	0x4
 423 0066 07       		.byte	0x7
 424 0067 21000000 		.4byte	.LASF8
 425 006b 04       		.uleb128 0x4
 426 006c EC010000 		.4byte	.LASF26
 427 0070 02       		.byte	0x2
 428 0071 A1       		.byte	0xa1
 429 0072 2C000000 		.4byte	0x2c
 430 0076 02       		.uleb128 0x2
 431 0077 04       		.byte	0x4
 432 0078 04       		.byte	0x4
 433 0079 FE010000 		.4byte	.LASF9
 434 007d 02       		.uleb128 0x2
 435 007e 08       		.byte	0x8
 436 007f 04       		.byte	0x4
 437 0080 DB010000 		.4byte	.LASF10
 438 0084 02       		.uleb128 0x2
 439 0085 01       		.byte	0x1
 440 0086 08       		.byte	0x8
 441 0087 A3010000 		.4byte	.LASF11
 442 008b 05       		.uleb128 0x5
 443 008c 6B000000 		.4byte	0x6b
 444 0090 02       		.uleb128 0x2
 445 0091 04       		.byte	0x4
 446 0092 07       		.byte	0x7
 447 0093 1D020000 		.4byte	.LASF12
 448 0097 06       		.uleb128 0x6
 449 0098 55000000 		.4byte	.LASF15
 450 009c 01       		.byte	0x1
 451 009d 18       		.byte	0x18
 452 009e 00000000 		.4byte	.LFB33
 453 00a2 90000000 		.4byte	.LFE33-.LFB33
 454 00a6 01       		.uleb128 0x1
 455 00a7 9C       		.byte	0x9c
 456 00a8 C9000000 		.4byte	0xc9
 457 00ac 07       		.uleb128 0x7
 458 00ad C3000000 		.4byte	.LASF13
 459 00b1 01       		.byte	0x1
 460 00b2 19       		.byte	0x19
 461 00b3 6B000000 		.4byte	0x6b
 462 00b7 02       		.uleb128 0x2
 463 00b8 91       		.byte	0x91
 464 00b9 6F       		.sleb128 -17
ARM GAS  C:\Users\Admin\AppData\Local\Temp\ccRjRc4e.s 			page 11


 465 00ba 07       		.uleb128 0x7
 466 00bb 61000000 		.4byte	.LASF14
 467 00bf 01       		.byte	0x1
 468 00c0 1A       		.byte	0x1a
 469 00c1 6B000000 		.4byte	0x6b
 470 00c5 02       		.uleb128 0x2
 471 00c6 91       		.byte	0x91
 472 00c7 6E       		.sleb128 -18
 473 00c8 00       		.byte	0
 474 00c9 06       		.uleb128 0x6
 475 00ca B7000000 		.4byte	.LASF16
 476 00ce 01       		.byte	0x1
 477 00cf 2F       		.byte	0x2f
 478 00d0 00000000 		.4byte	.LFB34
 479 00d4 90000000 		.4byte	.LFE34-.LFB34
 480 00d8 01       		.uleb128 0x1
 481 00d9 9C       		.byte	0x9c
 482 00da FB000000 		.4byte	0xfb
 483 00de 07       		.uleb128 0x7
 484 00df A7000000 		.4byte	.LASF17
 485 00e3 01       		.byte	0x1
 486 00e4 30       		.byte	0x30
 487 00e5 6B000000 		.4byte	0x6b
 488 00e9 02       		.uleb128 0x2
 489 00ea 91       		.byte	0x91
 490 00eb 6F       		.sleb128 -17
 491 00ec 07       		.uleb128 0x7
 492 00ed C7010000 		.4byte	.LASF18
 493 00f1 01       		.byte	0x1
 494 00f2 31       		.byte	0x31
 495 00f3 6B000000 		.4byte	0x6b
 496 00f7 02       		.uleb128 0x2
 497 00f8 91       		.byte	0x91
 498 00f9 6E       		.sleb128 -18
 499 00fa 00       		.byte	0
 500 00fb 08       		.uleb128 0x8
 501 00fc BB010000 		.4byte	.LASF27
 502 0100 01       		.byte	0x1
 503 0101 46       		.byte	0x46
 504 0102 00000000 		.4byte	.LFB35
 505 0106 40000000 		.4byte	.LFE35-.LFB35
 506 010a 01       		.uleb128 0x1
 507 010b 9C       		.byte	0x9c
 508 010c 09       		.uleb128 0x9
 509 010d 3C000000 		.4byte	.LASF19
 510 0111 01       		.byte	0x1
 511 0112 5B       		.byte	0x5b
 512 0113 00000000 		.4byte	.LFB36
 513 0117 1C000000 		.4byte	.LFE36-.LFB36
 514 011b 01       		.uleb128 0x1
 515 011c 9C       		.byte	0x9c
 516 011d 0A       		.uleb128 0xa
 517 011e 04020000 		.4byte	.LASF20
 518 0122 01       		.byte	0x1
 519 0123 61       		.byte	0x61
 520 0124 00000000 		.4byte	.LFB37
 521 0128 3C000000 		.4byte	.LFE37-.LFB37
ARM GAS  C:\Users\Admin\AppData\Local\Temp\ccRjRc4e.s 			page 12


 522 012c 01       		.uleb128 0x1
 523 012d 9C       		.byte	0x9c
 524 012e 0B       		.uleb128 0xb
 525 012f A8010000 		.4byte	.LASF21
 526 0133 01       		.byte	0x1
 527 0134 14       		.byte	0x14
 528 0135 8B000000 		.4byte	0x8b
 529 0139 05       		.uleb128 0x5
 530 013a 03       		.byte	0x3
 531 013b 00000000 		.4byte	ltp_count
 532 013f 0B       		.uleb128 0xb
 533 0140 E2010000 		.4byte	.LASF22
 534 0144 01       		.byte	0x1
 535 0145 15       		.byte	0x15
 536 0146 8B000000 		.4byte	0x8b
 537 014a 05       		.uleb128 0x5
 538 014b 03       		.byte	0x3
 539 014c 00000000 		.4byte	rtp_count
 540 0150 00       		.byte	0
 541              		.section	.debug_abbrev,"",%progbits
 542              	.Ldebug_abbrev0:
 543 0000 01       		.uleb128 0x1
 544 0001 11       		.uleb128 0x11
 545 0002 01       		.byte	0x1
 546 0003 25       		.uleb128 0x25
 547 0004 0E       		.uleb128 0xe
 548 0005 13       		.uleb128 0x13
 549 0006 0B       		.uleb128 0xb
 550 0007 03       		.uleb128 0x3
 551 0008 0E       		.uleb128 0xe
 552 0009 1B       		.uleb128 0x1b
 553 000a 0E       		.uleb128 0xe
 554 000b 55       		.uleb128 0x55
 555 000c 17       		.uleb128 0x17
 556 000d 11       		.uleb128 0x11
 557 000e 01       		.uleb128 0x1
 558 000f 10       		.uleb128 0x10
 559 0010 17       		.uleb128 0x17
 560 0011 00       		.byte	0
 561 0012 00       		.byte	0
 562 0013 02       		.uleb128 0x2
 563 0014 24       		.uleb128 0x24
 564 0015 00       		.byte	0
 565 0016 0B       		.uleb128 0xb
 566 0017 0B       		.uleb128 0xb
 567 0018 3E       		.uleb128 0x3e
 568 0019 0B       		.uleb128 0xb
 569 001a 03       		.uleb128 0x3
 570 001b 0E       		.uleb128 0xe
 571 001c 00       		.byte	0
 572 001d 00       		.byte	0
 573 001e 03       		.uleb128 0x3
 574 001f 24       		.uleb128 0x24
 575 0020 00       		.byte	0
 576 0021 0B       		.uleb128 0xb
 577 0022 0B       		.uleb128 0xb
 578 0023 3E       		.uleb128 0x3e
ARM GAS  C:\Users\Admin\AppData\Local\Temp\ccRjRc4e.s 			page 13


 579 0024 0B       		.uleb128 0xb
 580 0025 03       		.uleb128 0x3
 581 0026 08       		.uleb128 0x8
 582 0027 00       		.byte	0
 583 0028 00       		.byte	0
 584 0029 04       		.uleb128 0x4
 585 002a 16       		.uleb128 0x16
 586 002b 00       		.byte	0
 587 002c 03       		.uleb128 0x3
 588 002d 0E       		.uleb128 0xe
 589 002e 3A       		.uleb128 0x3a
 590 002f 0B       		.uleb128 0xb
 591 0030 3B       		.uleb128 0x3b
 592 0031 0B       		.uleb128 0xb
 593 0032 49       		.uleb128 0x49
 594 0033 13       		.uleb128 0x13
 595 0034 00       		.byte	0
 596 0035 00       		.byte	0
 597 0036 05       		.uleb128 0x5
 598 0037 35       		.uleb128 0x35
 599 0038 00       		.byte	0
 600 0039 49       		.uleb128 0x49
 601 003a 13       		.uleb128 0x13
 602 003b 00       		.byte	0
 603 003c 00       		.byte	0
 604 003d 06       		.uleb128 0x6
 605 003e 2E       		.uleb128 0x2e
 606 003f 01       		.byte	0x1
 607 0040 3F       		.uleb128 0x3f
 608 0041 19       		.uleb128 0x19
 609 0042 03       		.uleb128 0x3
 610 0043 0E       		.uleb128 0xe
 611 0044 3A       		.uleb128 0x3a
 612 0045 0B       		.uleb128 0xb
 613 0046 3B       		.uleb128 0x3b
 614 0047 0B       		.uleb128 0xb
 615 0048 27       		.uleb128 0x27
 616 0049 19       		.uleb128 0x19
 617 004a 11       		.uleb128 0x11
 618 004b 01       		.uleb128 0x1
 619 004c 12       		.uleb128 0x12
 620 004d 06       		.uleb128 0x6
 621 004e 40       		.uleb128 0x40
 622 004f 18       		.uleb128 0x18
 623 0050 9642     		.uleb128 0x2116
 624 0052 19       		.uleb128 0x19
 625 0053 01       		.uleb128 0x1
 626 0054 13       		.uleb128 0x13
 627 0055 00       		.byte	0
 628 0056 00       		.byte	0
 629 0057 07       		.uleb128 0x7
 630 0058 34       		.uleb128 0x34
 631 0059 00       		.byte	0
 632 005a 03       		.uleb128 0x3
 633 005b 0E       		.uleb128 0xe
 634 005c 3A       		.uleb128 0x3a
 635 005d 0B       		.uleb128 0xb
ARM GAS  C:\Users\Admin\AppData\Local\Temp\ccRjRc4e.s 			page 14


 636 005e 3B       		.uleb128 0x3b
 637 005f 0B       		.uleb128 0xb
 638 0060 49       		.uleb128 0x49
 639 0061 13       		.uleb128 0x13
 640 0062 02       		.uleb128 0x2
 641 0063 18       		.uleb128 0x18
 642 0064 00       		.byte	0
 643 0065 00       		.byte	0
 644 0066 08       		.uleb128 0x8
 645 0067 2E       		.uleb128 0x2e
 646 0068 00       		.byte	0
 647 0069 3F       		.uleb128 0x3f
 648 006a 19       		.uleb128 0x19
 649 006b 03       		.uleb128 0x3
 650 006c 0E       		.uleb128 0xe
 651 006d 3A       		.uleb128 0x3a
 652 006e 0B       		.uleb128 0xb
 653 006f 3B       		.uleb128 0x3b
 654 0070 0B       		.uleb128 0xb
 655 0071 27       		.uleb128 0x27
 656 0072 19       		.uleb128 0x19
 657 0073 11       		.uleb128 0x11
 658 0074 01       		.uleb128 0x1
 659 0075 12       		.uleb128 0x12
 660 0076 06       		.uleb128 0x6
 661 0077 40       		.uleb128 0x40
 662 0078 18       		.uleb128 0x18
 663 0079 9642     		.uleb128 0x2116
 664 007b 19       		.uleb128 0x19
 665 007c 00       		.byte	0
 666 007d 00       		.byte	0
 667 007e 09       		.uleb128 0x9
 668 007f 2E       		.uleb128 0x2e
 669 0080 00       		.byte	0
 670 0081 3F       		.uleb128 0x3f
 671 0082 19       		.uleb128 0x19
 672 0083 03       		.uleb128 0x3
 673 0084 0E       		.uleb128 0xe
 674 0085 3A       		.uleb128 0x3a
 675 0086 0B       		.uleb128 0xb
 676 0087 3B       		.uleb128 0x3b
 677 0088 0B       		.uleb128 0xb
 678 0089 11       		.uleb128 0x11
 679 008a 01       		.uleb128 0x1
 680 008b 12       		.uleb128 0x12
 681 008c 06       		.uleb128 0x6
 682 008d 40       		.uleb128 0x40
 683 008e 18       		.uleb128 0x18
 684 008f 9742     		.uleb128 0x2117
 685 0091 19       		.uleb128 0x19
 686 0092 00       		.byte	0
 687 0093 00       		.byte	0
 688 0094 0A       		.uleb128 0xa
 689 0095 2E       		.uleb128 0x2e
 690 0096 00       		.byte	0
 691 0097 3F       		.uleb128 0x3f
 692 0098 19       		.uleb128 0x19
ARM GAS  C:\Users\Admin\AppData\Local\Temp\ccRjRc4e.s 			page 15


 693 0099 03       		.uleb128 0x3
 694 009a 0E       		.uleb128 0xe
 695 009b 3A       		.uleb128 0x3a
 696 009c 0B       		.uleb128 0xb
 697 009d 3B       		.uleb128 0x3b
 698 009e 0B       		.uleb128 0xb
 699 009f 11       		.uleb128 0x11
 700 00a0 01       		.uleb128 0x1
 701 00a1 12       		.uleb128 0x12
 702 00a2 06       		.uleb128 0x6
 703 00a3 40       		.uleb128 0x40
 704 00a4 18       		.uleb128 0x18
 705 00a5 9642     		.uleb128 0x2116
 706 00a7 19       		.uleb128 0x19
 707 00a8 00       		.byte	0
 708 00a9 00       		.byte	0
 709 00aa 0B       		.uleb128 0xb
 710 00ab 34       		.uleb128 0x34
 711 00ac 00       		.byte	0
 712 00ad 03       		.uleb128 0x3
 713 00ae 0E       		.uleb128 0xe
 714 00af 3A       		.uleb128 0x3a
 715 00b0 0B       		.uleb128 0xb
 716 00b1 3B       		.uleb128 0x3b
 717 00b2 0B       		.uleb128 0xb
 718 00b3 49       		.uleb128 0x49
 719 00b4 13       		.uleb128 0x13
 720 00b5 3F       		.uleb128 0x3f
 721 00b6 19       		.uleb128 0x19
 722 00b7 02       		.uleb128 0x2
 723 00b8 18       		.uleb128 0x18
 724 00b9 00       		.byte	0
 725 00ba 00       		.byte	0
 726 00bb 00       		.byte	0
 727              		.section	.debug_aranges,"",%progbits
 728 0000 3C000000 		.4byte	0x3c
 729 0004 0200     		.2byte	0x2
 730 0006 00000000 		.4byte	.Ldebug_info0
 731 000a 04       		.byte	0x4
 732 000b 00       		.byte	0
 733 000c 0000     		.2byte	0
 734 000e 0000     		.2byte	0
 735 0010 00000000 		.4byte	.LFB33
 736 0014 90000000 		.4byte	.LFE33-.LFB33
 737 0018 00000000 		.4byte	.LFB34
 738 001c 90000000 		.4byte	.LFE34-.LFB34
 739 0020 00000000 		.4byte	.LFB35
 740 0024 40000000 		.4byte	.LFE35-.LFB35
 741 0028 00000000 		.4byte	.LFB36
 742 002c 1C000000 		.4byte	.LFE36-.LFB36
 743 0030 00000000 		.4byte	.LFB37
 744 0034 3C000000 		.4byte	.LFE37-.LFB37
 745 0038 00000000 		.4byte	0
 746 003c 00000000 		.4byte	0
 747              		.section	.debug_ranges,"",%progbits
 748              	.Ldebug_ranges0:
 749 0000 00000000 		.4byte	.LFB33
ARM GAS  C:\Users\Admin\AppData\Local\Temp\ccRjRc4e.s 			page 16


 750 0004 90000000 		.4byte	.LFE33
 751 0008 00000000 		.4byte	.LFB34
 752 000c 90000000 		.4byte	.LFE34
 753 0010 00000000 		.4byte	.LFB35
 754 0014 40000000 		.4byte	.LFE35
 755 0018 00000000 		.4byte	.LFB36
 756 001c 1C000000 		.4byte	.LFE36
 757 0020 00000000 		.4byte	.LFB37
 758 0024 3C000000 		.4byte	.LFE37
 759 0028 00000000 		.4byte	0
 760 002c 00000000 		.4byte	0
 761              		.section	.debug_line,"",%progbits
 762              	.Ldebug_line0:
 763 0000 CE000000 		.section	.debug_str,"MS",%progbits,1
 763      02004A00 
 763      00000201 
 763      FB0E0D00 
 763      01010101 
 764              	.LASF6:
 765 0000 6C6F6E67 		.ascii	"long long int\000"
 765      206C6F6E 
 765      6720696E 
 765      7400
 766              	.LASF3:
 767 000e 73686F72 		.ascii	"short unsigned int\000"
 767      7420756E 
 767      7369676E 
 767      65642069 
 767      6E7400
 768              	.LASF8:
 769 0021 756E7369 		.ascii	"unsigned int\000"
 769      676E6564 
 769      20696E74 
 769      00
 770              	.LASF24:
 771 002e 2E5C746F 		.ascii	".\\togglelib.c\000"
 771      67676C65 
 771      6C69622E 
 771      6300
 772              	.LASF19:
 773 003c 636C6561 		.ascii	"clear_toggle_press_count\000"
 773      725F746F 
 773      67676C65 
 773      5F707265 
 773      73735F63 
 774              	.LASF15:
 775 0055 53574C5F 		.ascii	"SWL_Handler\000"
 775      48616E64 
 775      6C657200 
 776              	.LASF14:
 777 0061 63757272 		.ascii	"current_color_left\000"
 777      656E745F 
 777      636F6C6F 
 777      725F6C65 
 777      667400
 778              	.LASF5:
 779 0074 6C6F6E67 		.ascii	"long unsigned int\000"
ARM GAS  C:\Users\Admin\AppData\Local\Temp\ccRjRc4e.s 			page 17


 779      20756E73 
 779      69676E65 
 779      6420696E 
 779      7400
 780              	.LASF2:
 781 0086 73686F72 		.ascii	"short int\000"
 781      7420696E 
 781      7400
 782              	.LASF7:
 783 0090 6C6F6E67 		.ascii	"long long unsigned int\000"
 783      206C6F6E 
 783      6720756E 
 783      7369676E 
 783      65642069 
 784              	.LASF17:
 785 00a7 6E65775F 		.ascii	"new_color_right\000"
 785      636F6C6F 
 785      725F7269 
 785      67687400 
 786              	.LASF16:
 787 00b7 5357525F 		.ascii	"SWR_Handler\000"
 787      48616E64 
 787      6C657200 
 788              	.LASF13:
 789 00c3 6E65775F 		.ascii	"new_color_left\000"
 789      636F6C6F 
 789      725F6C65 
 789      667400
 790              	.LASF25:
 791 00d2 433A5C55 		.ascii	"C:\\Users\\Admin\\Desktop\\Teacher Badge\\Teacher_B"
 791      73657273 
 791      5C41646D 
 791      696E5C44 
 791      65736B74 
 792 0100 61646765 		.ascii	"adge\\Teacher_Badge.cydsn\000"
 792      5C546561 
 792      63686572 
 792      5F426164 
 792      67652E63 
 793              	.LASF23:
 794 0119 474E5520 		.ascii	"GNU C 4.8.4 20140526 (release) [ARM/embedded-4_8-br"
 794      4320342E 
 794      382E3420 
 794      32303134 
 794      30353236 
 795 014c 616E6368 		.ascii	"anch revision 211358] -mcpu=cortex-m0 -mthumb -g -O"
 795      20726576 
 795      6973696F 
 795      6E203231 
 795      31333538 
 796 017f 30202D66 		.ascii	"0 -ffunction-sections\000"
 796      66756E63 
 796      74696F6E 
 796      2D736563 
 796      74696F6E 
 797              	.LASF1:
 798 0195 756E7369 		.ascii	"unsigned char\000"
ARM GAS  C:\Users\Admin\AppData\Local\Temp\ccRjRc4e.s 			page 18


 798      676E6564 
 798      20636861 
 798      7200
 799              	.LASF11:
 800 01a3 63686172 		.ascii	"char\000"
 800      00
 801              	.LASF21:
 802 01a8 6C74705F 		.ascii	"ltp_count\000"
 802      636F756E 
 802      7400
 803              	.LASF4:
 804 01b2 6C6F6E67 		.ascii	"long int\000"
 804      20696E74 
 804      00
 805              	.LASF27:
 806 01bb 5357425F 		.ascii	"SWB_Handler\000"
 806      48616E64 
 806      6C657200 
 807              	.LASF18:
 808 01c7 63757272 		.ascii	"current_color_right\000"
 808      656E745F 
 808      636F6C6F 
 808      725F7269 
 808      67687400 
 809              	.LASF10:
 810 01db 646F7562 		.ascii	"double\000"
 810      6C6500
 811              	.LASF22:
 812 01e2 7274705F 		.ascii	"rtp_count\000"
 812      636F756E 
 812      7400
 813              	.LASF26:
 814 01ec 75696E74 		.ascii	"uint8\000"
 814      3800
 815              	.LASF0:
 816 01f2 7369676E 		.ascii	"signed char\000"
 816      65642063 
 816      68617200 
 817              	.LASF9:
 818 01fe 666C6F61 		.ascii	"float\000"
 818      7400
 819              	.LASF20:
 820 0204 656E6162 		.ascii	"enable_toggle_interrupts\000"
 820      6C655F74 
 820      6F67676C 
 820      655F696E 
 820      74657272 
 821              	.LASF12:
 822 021d 73697A65 		.ascii	"sizetype\000"
 822      74797065 
 822      00
 823              		.ident	"GCC: (GNU Tools for ARM Embedded Processors) 4.8.4 20140526 (release) [ARM/embedded-4_8-br
