ARM GAS  C:\Users\Admin\AppData\Local\Temp\cc649wyz.s 			page 1


   1              		.cpu cortex-m0
   2              		.fpu softvfp
   3              		.eabi_attribute 20, 1
   4              		.eabi_attribute 21, 1
   5              		.eabi_attribute 23, 3
   6              		.eabi_attribute 24, 1
   7              		.eabi_attribute 25, 1
   8              		.eabi_attribute 26, 1
   9              		.eabi_attribute 30, 4
  10              		.eabi_attribute 34, 0
  11              		.eabi_attribute 18, 4
  12              		.code	16
  13              		.file	"state.c"
  14              		.text
  15              	.Ltext0:
  16              		.cfi_sections	.debug_frame
  17              		.section	.text.verify_state,"ax",%progbits
  18              		.align	1
  19              		.global	verify_state
  20              		.code	16
  21              		.thumb_func
  22              		.type	verify_state, %function
  23              	verify_state:
  24              	.LFB33:
  25              		.file 1 ".\\state.c"
   1:.\state.c     **** /* ========================================
   2:.\state.c     ****  *
   3:.\state.c     ****  * Red Badge source code. The volunteer badge
   4:.\state.c     ****  * is used to send encoded morse code message.
   5:.\state.c     ****  *
   6:.\state.c     ****  * Author(s): Ryan Grandgenett <rmgrandgenett@unomaha.edu>
   7:.\state.c     ****  *
   8:.\state.c     ****  * Eye Color: Red
   9:.\state.c     ****  *
  10:.\state.c     ****  * Copyright Nullify, 2016
  11:.\state.c     ****  * All Rights Reserved
  12:.\state.c     ****  * UNPUBLISHED, LICENSED SOFTWARE.
  13:.\state.c     ****  *
  14:.\state.c     ****  * CONFIDENTIAL AND PROPRIETARY INFORMATION
  15:.\state.c     ****  * WHICH IS THE PROPERTY OF NULLIY.
  16:.\state.c     ****  *
  17:.\state.c     ****  * ========================================
  18:.\state.c     **** */
  19:.\state.c     **** #include <project.h>
  20:.\state.c     **** #include <string.h>
  21:.\state.c     **** #include <stdio.h>
  22:.\state.c     **** #include "state.h"
  23:.\state.c     **** 
  24:.\state.c     **** /* Global variable used to keep track of badge state */
  25:.\state.c     **** volatile uint8 badge_state = 0;
  26:.\state.c     **** 
  27:.\state.c     **** uint8 verify_state(uint8 state) {
  26              		.loc 1 27 0
  27              		.cfi_startproc
  28              	.LVL0:
  28:.\state.c     ****     if (badge_state == state) {
  29              		.loc 1 28 0
ARM GAS  C:\Users\Admin\AppData\Local\Temp\cc649wyz.s 			page 2


  30 0000 034B     		ldr	r3, .L2
  29:.\state.c     ****         return 1;   
  30:.\state.c     ****     }
  31:.\state.c     ****     else {
  32:.\state.c     ****         return 0;
  33:.\state.c     ****     }
  34:.\state.c     **** }
  31              		.loc 1 34 0
  32              		@ sp needed
  28:.\state.c     ****     if (badge_state == state) {
  33              		.loc 1 28 0
  34 0002 1B78     		ldrb	r3, [r3]
  35 0004 181A     		sub	r0, r3, r0
  36              	.LVL1:
  37 0006 4342     		neg	r3, r0
  38 0008 5841     		adc	r0, r0, r3
  39 000a C0B2     		uxtb	r0, r0
  40              		.loc 1 34 0
  41 000c 7047     		bx	lr
  42              	.L3:
  43 000e C046     		.align	2
  44              	.L2:
  45 0010 00000000 		.word	.LANCHOR0
  46              		.cfi_endproc
  47              	.LFE33:
  48              		.size	verify_state, .-verify_state
  49              		.global	badge_state
  50              		.bss
  51              		.set	.LANCHOR0,. + 0
  52              		.type	badge_state, %object
  53              		.size	badge_state, 1
  54              	badge_state:
  55 0000 00       		.space	1
  56              		.text
  57              	.Letext0:
  58              		.file 2 ".\\Generated_Source\\PSoC4/cytypes.h"
  59              		.section	.debug_info,"",%progbits
  60              	.Ldebug_info0:
  61 0000 CE000000 		.4byte	0xce
  62 0004 0400     		.2byte	0x4
  63 0006 00000000 		.4byte	.Ldebug_abbrev0
  64 000a 04       		.byte	0x4
  65 000b 01       		.uleb128 0x1
  66 000c D3000000 		.4byte	.LASF13
  67 0010 01       		.byte	0x1
  68 0011 87010000 		.4byte	.LASF14
  69 0015 28000000 		.4byte	.LASF15
  70 0019 00000000 		.4byte	.Ldebug_ranges0+0
  71 001d 00000000 		.4byte	0
  72 0021 00000000 		.4byte	.Ldebug_line0
  73 0025 02       		.uleb128 0x2
  74 0026 01       		.byte	0x1
  75 0027 06       		.byte	0x6
  76 0028 62010000 		.4byte	.LASF0
  77 002c 02       		.uleb128 0x2
  78 002d 01       		.byte	0x1
  79 002e 08       		.byte	0x8
ARM GAS  C:\Users\Admin\AppData\Local\Temp\cc649wyz.s 			page 3


  80 002f B0000000 		.4byte	.LASF1
  81 0033 02       		.uleb128 0x2
  82 0034 02       		.byte	0x2
  83 0035 05       		.byte	0x5
  84 0036 7D010000 		.4byte	.LASF2
  85 003a 02       		.uleb128 0x2
  86 003b 02       		.byte	0x2
  87 003c 07       		.byte	0x7
  88 003d 4F010000 		.4byte	.LASF3
  89 0041 02       		.uleb128 0x2
  90 0042 04       		.byte	0x4
  91 0043 05       		.byte	0x5
  92 0044 C3000000 		.4byte	.LASF4
  93 0048 02       		.uleb128 0x2
  94 0049 04       		.byte	0x4
  95 004a 07       		.byte	0x7
  96 004b 75000000 		.4byte	.LASF5
  97 004f 02       		.uleb128 0x2
  98 0050 08       		.byte	0x8
  99 0051 05       		.byte	0x5
 100 0052 00000000 		.4byte	.LASF6
 101 0056 02       		.uleb128 0x2
 102 0057 08       		.byte	0x8
 103 0058 07       		.byte	0x7
 104 0059 87000000 		.4byte	.LASF7
 105 005d 03       		.uleb128 0x3
 106 005e 04       		.byte	0x4
 107 005f 05       		.byte	0x5
 108 0060 696E7400 		.ascii	"int\000"
 109 0064 02       		.uleb128 0x2
 110 0065 04       		.byte	0x4
 111 0066 07       		.byte	0x7
 112 0067 1B000000 		.4byte	.LASF8
 113 006b 04       		.uleb128 0x4
 114 006c 6F000000 		.4byte	.LASF16
 115 0070 02       		.byte	0x2
 116 0071 A1       		.byte	0xa1
 117 0072 2C000000 		.4byte	0x2c
 118 0076 02       		.uleb128 0x2
 119 0077 04       		.byte	0x4
 120 0078 04       		.byte	0x4
 121 0079 9E000000 		.4byte	.LASF9
 122 007d 02       		.uleb128 0x2
 123 007e 08       		.byte	0x8
 124 007f 04       		.byte	0x4
 125 0080 CC000000 		.4byte	.LASF10
 126 0084 02       		.uleb128 0x2
 127 0085 01       		.byte	0x1
 128 0086 08       		.byte	0x8
 129 0087 BE000000 		.4byte	.LASF11
 130 008b 05       		.uleb128 0x5
 131 008c 6B000000 		.4byte	0x6b
 132 0090 02       		.uleb128 0x2
 133 0091 04       		.byte	0x4
 134 0092 07       		.byte	0x7
 135 0093 74010000 		.4byte	.LASF12
 136 0097 06       		.uleb128 0x6
ARM GAS  C:\Users\Admin\AppData\Local\Temp\cc649wyz.s 			page 4


 137 0098 0E000000 		.4byte	.LASF17
 138 009c 01       		.byte	0x1
 139 009d 1B       		.byte	0x1b
 140 009e 6B000000 		.4byte	0x6b
 141 00a2 00000000 		.4byte	.LFB33
 142 00a6 14000000 		.4byte	.LFE33-.LFB33
 143 00aa 01       		.uleb128 0x1
 144 00ab 9C       		.byte	0x9c
 145 00ac C0000000 		.4byte	0xc0
 146 00b0 07       		.uleb128 0x7
 147 00b1 6E010000 		.4byte	.LASF18
 148 00b5 01       		.byte	0x1
 149 00b6 1B       		.byte	0x1b
 150 00b7 6B000000 		.4byte	0x6b
 151 00bb 00000000 		.4byte	.LLST0
 152 00bf 00       		.byte	0
 153 00c0 08       		.uleb128 0x8
 154 00c1 A4000000 		.4byte	.LASF19
 155 00c5 01       		.byte	0x1
 156 00c6 19       		.byte	0x19
 157 00c7 8B000000 		.4byte	0x8b
 158 00cb 05       		.uleb128 0x5
 159 00cc 03       		.byte	0x3
 160 00cd 00000000 		.4byte	badge_state
 161 00d1 00       		.byte	0
 162              		.section	.debug_abbrev,"",%progbits
 163              	.Ldebug_abbrev0:
 164 0000 01       		.uleb128 0x1
 165 0001 11       		.uleb128 0x11
 166 0002 01       		.byte	0x1
 167 0003 25       		.uleb128 0x25
 168 0004 0E       		.uleb128 0xe
 169 0005 13       		.uleb128 0x13
 170 0006 0B       		.uleb128 0xb
 171 0007 03       		.uleb128 0x3
 172 0008 0E       		.uleb128 0xe
 173 0009 1B       		.uleb128 0x1b
 174 000a 0E       		.uleb128 0xe
 175 000b 55       		.uleb128 0x55
 176 000c 17       		.uleb128 0x17
 177 000d 11       		.uleb128 0x11
 178 000e 01       		.uleb128 0x1
 179 000f 10       		.uleb128 0x10
 180 0010 17       		.uleb128 0x17
 181 0011 00       		.byte	0
 182 0012 00       		.byte	0
 183 0013 02       		.uleb128 0x2
 184 0014 24       		.uleb128 0x24
 185 0015 00       		.byte	0
 186 0016 0B       		.uleb128 0xb
 187 0017 0B       		.uleb128 0xb
 188 0018 3E       		.uleb128 0x3e
 189 0019 0B       		.uleb128 0xb
 190 001a 03       		.uleb128 0x3
 191 001b 0E       		.uleb128 0xe
 192 001c 00       		.byte	0
 193 001d 00       		.byte	0
ARM GAS  C:\Users\Admin\AppData\Local\Temp\cc649wyz.s 			page 5


 194 001e 03       		.uleb128 0x3
 195 001f 24       		.uleb128 0x24
 196 0020 00       		.byte	0
 197 0021 0B       		.uleb128 0xb
 198 0022 0B       		.uleb128 0xb
 199 0023 3E       		.uleb128 0x3e
 200 0024 0B       		.uleb128 0xb
 201 0025 03       		.uleb128 0x3
 202 0026 08       		.uleb128 0x8
 203 0027 00       		.byte	0
 204 0028 00       		.byte	0
 205 0029 04       		.uleb128 0x4
 206 002a 16       		.uleb128 0x16
 207 002b 00       		.byte	0
 208 002c 03       		.uleb128 0x3
 209 002d 0E       		.uleb128 0xe
 210 002e 3A       		.uleb128 0x3a
 211 002f 0B       		.uleb128 0xb
 212 0030 3B       		.uleb128 0x3b
 213 0031 0B       		.uleb128 0xb
 214 0032 49       		.uleb128 0x49
 215 0033 13       		.uleb128 0x13
 216 0034 00       		.byte	0
 217 0035 00       		.byte	0
 218 0036 05       		.uleb128 0x5
 219 0037 35       		.uleb128 0x35
 220 0038 00       		.byte	0
 221 0039 49       		.uleb128 0x49
 222 003a 13       		.uleb128 0x13
 223 003b 00       		.byte	0
 224 003c 00       		.byte	0
 225 003d 06       		.uleb128 0x6
 226 003e 2E       		.uleb128 0x2e
 227 003f 01       		.byte	0x1
 228 0040 3F       		.uleb128 0x3f
 229 0041 19       		.uleb128 0x19
 230 0042 03       		.uleb128 0x3
 231 0043 0E       		.uleb128 0xe
 232 0044 3A       		.uleb128 0x3a
 233 0045 0B       		.uleb128 0xb
 234 0046 3B       		.uleb128 0x3b
 235 0047 0B       		.uleb128 0xb
 236 0048 27       		.uleb128 0x27
 237 0049 19       		.uleb128 0x19
 238 004a 49       		.uleb128 0x49
 239 004b 13       		.uleb128 0x13
 240 004c 11       		.uleb128 0x11
 241 004d 01       		.uleb128 0x1
 242 004e 12       		.uleb128 0x12
 243 004f 06       		.uleb128 0x6
 244 0050 40       		.uleb128 0x40
 245 0051 18       		.uleb128 0x18
 246 0052 9742     		.uleb128 0x2117
 247 0054 19       		.uleb128 0x19
 248 0055 01       		.uleb128 0x1
 249 0056 13       		.uleb128 0x13
 250 0057 00       		.byte	0
ARM GAS  C:\Users\Admin\AppData\Local\Temp\cc649wyz.s 			page 6


 251 0058 00       		.byte	0
 252 0059 07       		.uleb128 0x7
 253 005a 05       		.uleb128 0x5
 254 005b 00       		.byte	0
 255 005c 03       		.uleb128 0x3
 256 005d 0E       		.uleb128 0xe
 257 005e 3A       		.uleb128 0x3a
 258 005f 0B       		.uleb128 0xb
 259 0060 3B       		.uleb128 0x3b
 260 0061 0B       		.uleb128 0xb
 261 0062 49       		.uleb128 0x49
 262 0063 13       		.uleb128 0x13
 263 0064 02       		.uleb128 0x2
 264 0065 17       		.uleb128 0x17
 265 0066 00       		.byte	0
 266 0067 00       		.byte	0
 267 0068 08       		.uleb128 0x8
 268 0069 34       		.uleb128 0x34
 269 006a 00       		.byte	0
 270 006b 03       		.uleb128 0x3
 271 006c 0E       		.uleb128 0xe
 272 006d 3A       		.uleb128 0x3a
 273 006e 0B       		.uleb128 0xb
 274 006f 3B       		.uleb128 0x3b
 275 0070 0B       		.uleb128 0xb
 276 0071 49       		.uleb128 0x49
 277 0072 13       		.uleb128 0x13
 278 0073 3F       		.uleb128 0x3f
 279 0074 19       		.uleb128 0x19
 280 0075 02       		.uleb128 0x2
 281 0076 18       		.uleb128 0x18
 282 0077 00       		.byte	0
 283 0078 00       		.byte	0
 284 0079 00       		.byte	0
 285              		.section	.debug_loc,"",%progbits
 286              	.Ldebug_loc0:
 287              	.LLST0:
 288 0000 00000000 		.4byte	.LVL0
 289 0004 06000000 		.4byte	.LVL1
 290 0008 0100     		.2byte	0x1
 291 000a 50       		.byte	0x50
 292 000b 06000000 		.4byte	.LVL1
 293 000f 14000000 		.4byte	.LFE33
 294 0013 0400     		.2byte	0x4
 295 0015 F3       		.byte	0xf3
 296 0016 01       		.uleb128 0x1
 297 0017 50       		.byte	0x50
 298 0018 9F       		.byte	0x9f
 299 0019 00000000 		.4byte	0
 300 001d 00000000 		.4byte	0
 301              		.section	.debug_aranges,"",%progbits
 302 0000 1C000000 		.4byte	0x1c
 303 0004 0200     		.2byte	0x2
 304 0006 00000000 		.4byte	.Ldebug_info0
 305 000a 04       		.byte	0x4
 306 000b 00       		.byte	0
 307 000c 0000     		.2byte	0
ARM GAS  C:\Users\Admin\AppData\Local\Temp\cc649wyz.s 			page 7


 308 000e 0000     		.2byte	0
 309 0010 00000000 		.4byte	.LFB33
 310 0014 14000000 		.4byte	.LFE33-.LFB33
 311 0018 00000000 		.4byte	0
 312 001c 00000000 		.4byte	0
 313              		.section	.debug_ranges,"",%progbits
 314              	.Ldebug_ranges0:
 315 0000 00000000 		.4byte	.LFB33
 316 0004 14000000 		.4byte	.LFE33
 317 0008 00000000 		.4byte	0
 318 000c 00000000 		.4byte	0
 319              		.section	.debug_line,"",%progbits
 320              	.Ldebug_line0:
 321 0000 61000000 		.section	.debug_str,"MS",%progbits,1
 321      02004600 
 321      00000201 
 321      FB0E0D00 
 321      01010101 
 322              	.LASF6:
 323 0000 6C6F6E67 		.ascii	"long long int\000"
 323      206C6F6E 
 323      6720696E 
 323      7400
 324              	.LASF17:
 325 000e 76657269 		.ascii	"verify_state\000"
 325      66795F73 
 325      74617465 
 325      00
 326              	.LASF8:
 327 001b 756E7369 		.ascii	"unsigned int\000"
 327      676E6564 
 327      20696E74 
 327      00
 328              	.LASF15:
 329 0028 433A5C55 		.ascii	"C:\\Users\\Admin\\Desktop\\Student Badge\\Student_B"
 329      73657273 
 329      5C41646D 
 329      696E5C44 
 329      65736B74 
 330 0056 61646765 		.ascii	"adge\\Student_Badge.cydsn\000"
 330      5C537475 
 330      64656E74 
 330      5F426164 
 330      67652E63 
 331              	.LASF16:
 332 006f 75696E74 		.ascii	"uint8\000"
 332      3800
 333              	.LASF5:
 334 0075 6C6F6E67 		.ascii	"long unsigned int\000"
 334      20756E73 
 334      69676E65 
 334      6420696E 
 334      7400
 335              	.LASF7:
 336 0087 6C6F6E67 		.ascii	"long long unsigned int\000"
 336      206C6F6E 
 336      6720756E 
ARM GAS  C:\Users\Admin\AppData\Local\Temp\cc649wyz.s 			page 8


 336      7369676E 
 336      65642069 
 337              	.LASF9:
 338 009e 666C6F61 		.ascii	"float\000"
 338      7400
 339              	.LASF19:
 340 00a4 62616467 		.ascii	"badge_state\000"
 340      655F7374 
 340      61746500 
 341              	.LASF1:
 342 00b0 756E7369 		.ascii	"unsigned char\000"
 342      676E6564 
 342      20636861 
 342      7200
 343              	.LASF11:
 344 00be 63686172 		.ascii	"char\000"
 344      00
 345              	.LASF4:
 346 00c3 6C6F6E67 		.ascii	"long int\000"
 346      20696E74 
 346      00
 347              	.LASF10:
 348 00cc 646F7562 		.ascii	"double\000"
 348      6C6500
 349              	.LASF13:
 350 00d3 474E5520 		.ascii	"GNU C 4.8.4 20140526 (release) [ARM/embedded-4_8-br"
 350      4320342E 
 350      382E3420 
 350      32303134 
 350      30353236 
 351 0106 616E6368 		.ascii	"anch revision 211358] -mcpu=cortex-m0 -mthumb -g -O"
 351      20726576 
 351      6973696F 
 351      6E203231 
 351      31333538 
 352 0139 73202D66 		.ascii	"s -ffunction-sections\000"
 352      66756E63 
 352      74696F6E 
 352      2D736563 
 352      74696F6E 
 353              	.LASF3:
 354 014f 73686F72 		.ascii	"short unsigned int\000"
 354      7420756E 
 354      7369676E 
 354      65642069 
 354      6E7400
 355              	.LASF0:
 356 0162 7369676E 		.ascii	"signed char\000"
 356      65642063 
 356      68617200 
 357              	.LASF18:
 358 016e 73746174 		.ascii	"state\000"
 358      6500
 359              	.LASF12:
 360 0174 73697A65 		.ascii	"sizetype\000"
 360      74797065 
 360      00
ARM GAS  C:\Users\Admin\AppData\Local\Temp\cc649wyz.s 			page 9


 361              	.LASF2:
 362 017d 73686F72 		.ascii	"short int\000"
 362      7420696E 
 362      7400
 363              	.LASF14:
 364 0187 2E5C7374 		.ascii	".\\state.c\000"
 364      6174652E 
 364      6300
 365              		.ident	"GCC: (GNU Tools for ARM Embedded Processors) 4.8.4 20140526 (release) [ARM/embedded-4_8-br
