ARM GAS  C:\Users\Admin\AppData\Local\Temp\ccKQVUVM.s 			page 1


   1              		.cpu cortex-m0
   2              		.fpu softvfp
   3              		.eabi_attribute 20, 1
   4              		.eabi_attribute 21, 1
   5              		.eabi_attribute 23, 3
   6              		.eabi_attribute 24, 1
   7              		.eabi_attribute 25, 1
   8              		.eabi_attribute 26, 1
   9              		.eabi_attribute 30, 6
  10              		.eabi_attribute 34, 0
  11              		.eabi_attribute 18, 4
  12              		.code	16
  13              		.file	"morse.c"
  14              		.text
  15              	.Ltext0:
  16              		.cfi_sections	.debug_frame
  17              		.section	.text.blinkdot,"ax",%progbits
  18              		.align	2
  19              		.global	blinkdot
  20              		.code	16
  21              		.thumb_func
  22              		.type	blinkdot, %function
  23              	blinkdot:
  24              	.LFB33:
  25              		.file 1 ".\\morse.c"
   1:.\morse.c     **** /* ========================================
   2:.\morse.c     ****  *
   3:.\morse.c     ****  * Copyright Nullify, 2016
   4:.\morse.c     ****  * All Rights Reserved
   5:.\morse.c     ****  * UNPUBLISHED, LICENSED SOFTWARE.
   6:.\morse.c     ****  *
   7:.\morse.c     ****  * CONFIDENTIAL AND PROPRIETARY INFORMATION
   8:.\morse.c     ****  * WHICH IS THE PROPERTY OF NULLIY.
   9:.\morse.c     ****  *
  10:.\morse.c     ****  * ========================================
  11:.\morse.c     **** */
  12:.\morse.c     **** #include <project.h>
  13:.\morse.c     **** #include <string.h>
  14:.\morse.c     **** #include "lightlib.h"
  15:.\morse.c     **** #include "morse.h"
  16:.\morse.c     **** #include "state.h"
  17:.\morse.c     **** 
  18:.\morse.c     **** void blinkdot(uint8 led_flag) {
  26              		.loc 1 18 0
  27              		.cfi_startproc
  28 0000 80B5     		push	{r7, lr}
  29              		.cfi_def_cfa_offset 8
  30              		.cfi_offset 7, -8
  31              		.cfi_offset 14, -4
  32 0002 82B0     		sub	sp, sp, #8
  33              		.cfi_def_cfa_offset 16
  34 0004 00AF     		add	r7, sp, #0
  35              		.cfi_def_cfa_register 7
  36 0006 021C     		mov	r2, r0
  37 0008 FB1D     		add	r3, r7, #7
  38 000a 1A70     		strb	r2, [r3]
  19:.\morse.c     ****     /* Verify state */
ARM GAS  C:\Users\Admin\AppData\Local\Temp\ccKQVUVM.s 			page 2


  20:.\morse.c     ****     if(!verify_state(MORSE)) {
  39              		.loc 1 20 0
  40 000c 0120     		mov	r0, #1
  41 000e FFF7FEFF 		bl	verify_state
  42 0012 031C     		mov	r3, r0
  43 0014 002B     		cmp	r3, #0
  44 0016 00D1     		bne	.L2
  21:.\morse.c     ****         return;
  45              		.loc 1 21 0
  46 0018 11E0     		b	.L1
  47              	.L2:
  22:.\morse.c     ****     }
  23:.\morse.c     ****     turn_on(led_flag);
  48              		.loc 1 23 0
  49 001a FB1D     		add	r3, r7, #7
  50 001c 1B78     		ldrb	r3, [r3]
  51 001e 181C     		mov	r0, r3
  52 0020 FFF7FEFF 		bl	turn_on
  24:.\morse.c     ****     CyDelay(DOT_ON_TIME);
  53              		.loc 1 24 0
  54 0024 FA23     		mov	r3, #250
  55 0026 5B00     		lsl	r3, r3, #1
  56 0028 181C     		mov	r0, r3
  57 002a FFF7FEFF 		bl	CyDelay
  25:.\morse.c     ****     turn_off(led_flag);
  58              		.loc 1 25 0
  59 002e FB1D     		add	r3, r7, #7
  60 0030 1B78     		ldrb	r3, [r3]
  61 0032 181C     		mov	r0, r3
  62 0034 FFF7FEFF 		bl	turn_off
  26:.\morse.c     ****     CyDelay(DOT_OFF_TIME);
  63              		.loc 1 26 0
  64 0038 FA20     		mov	r0, #250
  65 003a FFF7FEFF 		bl	CyDelay
  66              	.L1:
  27:.\morse.c     **** }
  67              		.loc 1 27 0
  68 003e BD46     		mov	sp, r7
  69 0040 02B0     		add	sp, sp, #8
  70              		@ sp needed
  71 0042 80BD     		pop	{r7, pc}
  72              		.cfi_endproc
  73              	.LFE33:
  74              		.size	blinkdot, .-blinkdot
  75              		.section	.text.blinkdash,"ax",%progbits
  76              		.align	2
  77              		.global	blinkdash
  78              		.code	16
  79              		.thumb_func
  80              		.type	blinkdash, %function
  81              	blinkdash:
  82              	.LFB34:
  28:.\morse.c     **** 
  29:.\morse.c     **** void blinkdash(uint8 led_flag) {
  83              		.loc 1 29 0
  84              		.cfi_startproc
  85 0000 80B5     		push	{r7, lr}
ARM GAS  C:\Users\Admin\AppData\Local\Temp\ccKQVUVM.s 			page 3


  86              		.cfi_def_cfa_offset 8
  87              		.cfi_offset 7, -8
  88              		.cfi_offset 14, -4
  89 0002 82B0     		sub	sp, sp, #8
  90              		.cfi_def_cfa_offset 16
  91 0004 00AF     		add	r7, sp, #0
  92              		.cfi_def_cfa_register 7
  93 0006 021C     		mov	r2, r0
  94 0008 FB1D     		add	r3, r7, #7
  95 000a 1A70     		strb	r2, [r3]
  30:.\morse.c     ****     /* Verify state */
  31:.\morse.c     ****     if(!verify_state(MORSE)) {
  96              		.loc 1 31 0
  97 000c 0120     		mov	r0, #1
  98 000e FFF7FEFF 		bl	verify_state
  99 0012 031C     		mov	r3, r0
 100 0014 002B     		cmp	r3, #0
 101 0016 00D1     		bne	.L5
  32:.\morse.c     ****         return;
 102              		.loc 1 32 0
 103 0018 10E0     		b	.L4
 104              	.L5:
  33:.\morse.c     ****     }
  34:.\morse.c     ****     turn_on(led_flag);
 105              		.loc 1 34 0
 106 001a FB1D     		add	r3, r7, #7
 107 001c 1B78     		ldrb	r3, [r3]
 108 001e 181C     		mov	r0, r3
 109 0020 FFF7FEFF 		bl	turn_on
  35:.\morse.c     ****     CyDelay(DASH_ON_TIME);
 110              		.loc 1 35 0
 111 0024 074B     		ldr	r3, .L7
 112 0026 181C     		mov	r0, r3
 113 0028 FFF7FEFF 		bl	CyDelay
  36:.\morse.c     ****     turn_off(led_flag);
 114              		.loc 1 36 0
 115 002c FB1D     		add	r3, r7, #7
 116 002e 1B78     		ldrb	r3, [r3]
 117 0030 181C     		mov	r0, r3
 118 0032 FFF7FEFF 		bl	turn_off
  37:.\morse.c     ****     CyDelay(DASH_OFF_TIME);
 119              		.loc 1 37 0
 120 0036 FA20     		mov	r0, #250
 121 0038 FFF7FEFF 		bl	CyDelay
 122              	.L4:
  38:.\morse.c     **** }
 123              		.loc 1 38 0
 124 003c BD46     		mov	sp, r7
 125 003e 02B0     		add	sp, sp, #8
 126              		@ sp needed
 127 0040 80BD     		pop	{r7, pc}
 128              	.L8:
 129 0042 C046     		.align	2
 130              	.L7:
 131 0044 DC050000 		.word	1500
 132              		.cfi_endproc
 133              	.LFE34:
ARM GAS  C:\Users\Admin\AppData\Local\Temp\ccKQVUVM.s 			page 4


 134              		.size	blinkdash, .-blinkdash
 135              		.section	.text.char_separate,"ax",%progbits
 136              		.align	2
 137              		.global	char_separate
 138              		.code	16
 139              		.thumb_func
 140              		.type	char_separate, %function
 141              	char_separate:
 142              	.LFB35:
  39:.\morse.c     **** 
  40:.\morse.c     **** void char_separate(void) {
 143              		.loc 1 40 0
 144              		.cfi_startproc
 145 0000 80B5     		push	{r7, lr}
 146              		.cfi_def_cfa_offset 8
 147              		.cfi_offset 7, -8
 148              		.cfi_offset 14, -4
 149 0002 00AF     		add	r7, sp, #0
 150              		.cfi_def_cfa_register 7
  41:.\morse.c     ****     /* Verify state */
  42:.\morse.c     ****     if(!verify_state(MORSE)) {
 151              		.loc 1 42 0
 152 0004 0120     		mov	r0, #1
 153 0006 FFF7FEFF 		bl	verify_state
 154 000a 031C     		mov	r3, r0
 155 000c 002B     		cmp	r3, #0
 156 000e 00D1     		bne	.L10
  43:.\morse.c     ****         return;
 157              		.loc 1 43 0
 158 0010 04E0     		b	.L9
 159              	.L10:
  44:.\morse.c     ****     }
  45:.\morse.c     ****     CyDelay(CHAR_SEPARATE_TIME);
 160              		.loc 1 45 0
 161 0012 FA23     		mov	r3, #250
 162 0014 9B00     		lsl	r3, r3, #2
 163 0016 181C     		mov	r0, r3
 164 0018 FFF7FEFF 		bl	CyDelay
 165              	.L9:
  46:.\morse.c     **** }
 166              		.loc 1 46 0
 167 001c BD46     		mov	sp, r7
 168              		@ sp needed
 169 001e 80BD     		pop	{r7, pc}
 170              		.cfi_endproc
 171              	.LFE35:
 172              		.size	char_separate, .-char_separate
 173              		.section	.text.morse_encode,"ax",%progbits
 174              		.align	2
 175              		.global	morse_encode
 176              		.code	16
 177              		.thumb_func
 178              		.type	morse_encode, %function
 179              	morse_encode:
 180              	.LFB36:
  47:.\morse.c     **** 
  48:.\morse.c     **** void morse_encode(uint8 led_flag, char c){
ARM GAS  C:\Users\Admin\AppData\Local\Temp\ccKQVUVM.s 			page 5


 181              		.loc 1 48 0
 182              		.cfi_startproc
 183 0000 80B5     		push	{r7, lr}
 184              		.cfi_def_cfa_offset 8
 185              		.cfi_offset 7, -8
 186              		.cfi_offset 14, -4
 187 0002 82B0     		sub	sp, sp, #8
 188              		.cfi_def_cfa_offset 16
 189 0004 00AF     		add	r7, sp, #0
 190              		.cfi_def_cfa_register 7
 191 0006 0A1C     		mov	r2, r1
 192 0008 FB1D     		add	r3, r7, #7
 193 000a 011C     		add	r1, r0, #0
 194 000c 1970     		strb	r1, [r3]
 195 000e BB1D     		add	r3, r7, #6
 196 0010 1A70     		strb	r2, [r3]
  49:.\morse.c     ****     /* Verify state */
  50:.\morse.c     ****     if(!verify_state(MORSE)) {
 197              		.loc 1 50 0
 198 0012 0120     		mov	r0, #1
 199 0014 FFF7FEFF 		bl	verify_state
 200 0018 031C     		mov	r3, r0
 201 001a 002B     		cmp	r3, #0
 202 001c 00D1     		bne	.L13
  51:.\morse.c     ****         return;
 203              		.loc 1 51 0
 204 001e 54E3     		b	.L12
 205              	.L13:
  52:.\morse.c     ****     }
  53:.\morse.c     ****     switch(c) {
 206              		.loc 1 53 0
 207 0020 BB1D     		add	r3, r7, #6
 208 0022 1B78     		ldrb	r3, [r3]
 209 0024 0A3B     		sub	r3, r3, #10
 210 0026 702B     		cmp	r3, #112
 211 0028 00D9     		bls	.LCB166
 212 002a 4EE3     		b	.L12	@long jump
 213              	.LCB166:
 214 002c 9A00     		lsl	r2, r3, #2
 215 002e EA4B     		ldr	r3, .L56
 216 0030 D318     		add	r3, r2, r3
 217 0032 1B68     		ldr	r3, [r3]
 218 0034 9F46     		mov	pc, r3
 219              		.section	.rodata
 220              		.align	2
 221              	.L16:
 222 0000 CA060000 		.word	.L12
 223 0004 CA060000 		.word	.L12
 224 0008 CA060000 		.word	.L12
 225 000c CA060000 		.word	.L12
 226 0010 CA060000 		.word	.L12
 227 0014 CA060000 		.word	.L12
 228 0018 CA060000 		.word	.L12
 229 001c CA060000 		.word	.L12
 230 0020 CA060000 		.word	.L12
 231 0024 CA060000 		.word	.L12
 232 0028 CA060000 		.word	.L12
ARM GAS  C:\Users\Admin\AppData\Local\Temp\ccKQVUVM.s 			page 6


 233 002c CA060000 		.word	.L12
 234 0030 CA060000 		.word	.L12
 235 0034 CA060000 		.word	.L12
 236 0038 CA060000 		.word	.L12
 237 003c CA060000 		.word	.L12
 238 0040 CA060000 		.word	.L12
 239 0044 CA060000 		.word	.L12
 240 0048 CA060000 		.word	.L12
 241 004c CA060000 		.word	.L12
 242 0050 CA060000 		.word	.L12
 243 0054 CA060000 		.word	.L12
 244 0058 BE060000 		.word	.L17
 245 005c CA060000 		.word	.L12
 246 0060 CA060000 		.word	.L12
 247 0064 CA060000 		.word	.L12
 248 0068 CA060000 		.word	.L12
 249 006c CA060000 		.word	.L12
 250 0070 CA060000 		.word	.L12
 251 0074 CA060000 		.word	.L12
 252 0078 CA060000 		.word	.L12
 253 007c CA060000 		.word	.L12
 254 0080 CA060000 		.word	.L12
 255 0084 CA060000 		.word	.L12
 256 0088 7C060000 		.word	.L18
 257 008c CA060000 		.word	.L12
 258 0090 3A060000 		.word	.L19
 259 0094 CA060000 		.word	.L12
 260 0098 0A040000 		.word	.L20
 261 009c 42040000 		.word	.L21
 262 00a0 7A040000 		.word	.L22
 263 00a4 B2040000 		.word	.L23
 264 00a8 EA040000 		.word	.L24
 265 00ac 22050000 		.word	.L25
 266 00b0 5A050000 		.word	.L26
 267 00b4 92050000 		.word	.L27
 268 00b8 CA050000 		.word	.L28
 269 00bc 02060000 		.word	.L29
 270 00c0 CA060000 		.word	.L12
 271 00c4 CA060000 		.word	.L12
 272 00c8 CA060000 		.word	.L12
 273 00cc CA060000 		.word	.L12
 274 00d0 CA060000 		.word	.L12
 275 00d4 CA060000 		.word	.L12
 276 00d8 CA060000 		.word	.L12
 277 00dc 36000000 		.word	.L30
 278 00e0 50000000 		.word	.L31
 279 00e4 7E000000 		.word	.L32
 280 00e8 AC000000 		.word	.L33
 281 00ec D0000000 		.word	.L34
 282 00f0 E0000000 		.word	.L35
 283 00f4 0E010000 		.word	.L36
 284 00f8 32010000 		.word	.L37
 285 00fc 60010000 		.word	.L38
 286 0100 7A010000 		.word	.L39
 287 0104 A8010000 		.word	.L40
 288 0108 CC010000 		.word	.L41
 289 010c FA010000 		.word	.L42
ARM GAS  C:\Users\Admin\AppData\Local\Temp\ccKQVUVM.s 			page 7


 290 0110 14020000 		.word	.L43
 291 0114 2E020000 		.word	.L44
 292 0118 52020000 		.word	.L45
 293 011c 80020000 		.word	.L46
 294 0120 AE020000 		.word	.L47
 295 0124 D2020000 		.word	.L48
 296 0128 F6020000 		.word	.L49
 297 012c 06030000 		.word	.L50
 298 0130 2A030000 		.word	.L51
 299 0134 58030000 		.word	.L52
 300 0138 7C030000 		.word	.L53
 301 013c AA030000 		.word	.L54
 302 0140 DC030000 		.word	.L55
 303 0144 CA060000 		.word	.L12
 304 0148 CA060000 		.word	.L12
 305 014c CA060000 		.word	.L12
 306 0150 CA060000 		.word	.L12
 307 0154 CA060000 		.word	.L12
 308 0158 CA060000 		.word	.L12
 309 015c 36000000 		.word	.L30
 310 0160 50000000 		.word	.L31
 311 0164 7E000000 		.word	.L32
 312 0168 AC000000 		.word	.L33
 313 016c D0000000 		.word	.L34
 314 0170 E0000000 		.word	.L35
 315 0174 0E010000 		.word	.L36
 316 0178 32010000 		.word	.L37
 317 017c 60010000 		.word	.L38
 318 0180 7A010000 		.word	.L39
 319 0184 A8010000 		.word	.L40
 320 0188 CC010000 		.word	.L41
 321 018c FA010000 		.word	.L42
 322 0190 14020000 		.word	.L43
 323 0194 2E020000 		.word	.L44
 324 0198 52020000 		.word	.L45
 325 019c 80020000 		.word	.L46
 326 01a0 AE020000 		.word	.L47
 327 01a4 D2020000 		.word	.L48
 328 01a8 F6020000 		.word	.L49
 329 01ac 06030000 		.word	.L50
 330 01b0 2A030000 		.word	.L51
 331 01b4 58030000 		.word	.L52
 332 01b8 7C030000 		.word	.L53
 333 01bc AA030000 		.word	.L54
 334 01c0 DC030000 		.word	.L55
 335              		.section	.text.morse_encode
 336              	.L30:
  54:.\morse.c     ****       case 'A':
  55:.\morse.c     ****       case 'a':
  56:.\morse.c     ****         blinkdot(led_flag);
 337              		.loc 1 56 0
 338 0036 FB1D     		add	r3, r7, #7
 339 0038 1B78     		ldrb	r3, [r3]
 340 003a 181C     		mov	r0, r3
 341 003c FFF7FEFF 		bl	blinkdot
  57:.\morse.c     ****         blinkdash(led_flag);
 342              		.loc 1 57 0
ARM GAS  C:\Users\Admin\AppData\Local\Temp\ccKQVUVM.s 			page 8


 343 0040 FB1D     		add	r3, r7, #7
 344 0042 1B78     		ldrb	r3, [r3]
 345 0044 181C     		mov	r0, r3
 346 0046 FFF7FEFF 		bl	blinkdash
  58:.\morse.c     ****         char_separate();
 347              		.loc 1 58 0
 348 004a FFF7FEFF 		bl	char_separate
  59:.\morse.c     ****         break;
 349              		.loc 1 59 0
 350 004e 3CE3     		b	.L12
 351              	.L31:
  60:.\morse.c     ****       case 'B':
  61:.\morse.c     ****       case 'b':
  62:.\morse.c     ****         blinkdash(led_flag);
 352              		.loc 1 62 0
 353 0050 FB1D     		add	r3, r7, #7
 354 0052 1B78     		ldrb	r3, [r3]
 355 0054 181C     		mov	r0, r3
 356 0056 FFF7FEFF 		bl	blinkdash
  63:.\morse.c     ****         blinkdot(led_flag);
 357              		.loc 1 63 0
 358 005a FB1D     		add	r3, r7, #7
 359 005c 1B78     		ldrb	r3, [r3]
 360 005e 181C     		mov	r0, r3
 361 0060 FFF7FEFF 		bl	blinkdot
  64:.\morse.c     ****         blinkdot(led_flag);
 362              		.loc 1 64 0
 363 0064 FB1D     		add	r3, r7, #7
 364 0066 1B78     		ldrb	r3, [r3]
 365 0068 181C     		mov	r0, r3
 366 006a FFF7FEFF 		bl	blinkdot
  65:.\morse.c     ****         blinkdot(led_flag);
 367              		.loc 1 65 0
 368 006e FB1D     		add	r3, r7, #7
 369 0070 1B78     		ldrb	r3, [r3]
 370 0072 181C     		mov	r0, r3
 371 0074 FFF7FEFF 		bl	blinkdot
  66:.\morse.c     ****         char_separate();
 372              		.loc 1 66 0
 373 0078 FFF7FEFF 		bl	char_separate
  67:.\morse.c     ****         break;
 374              		.loc 1 67 0
 375 007c 25E3     		b	.L12
 376              	.L32:
  68:.\morse.c     ****       case 'C':
  69:.\morse.c     ****       case 'c':
  70:.\morse.c     ****         blinkdash(led_flag);
 377              		.loc 1 70 0
 378 007e FB1D     		add	r3, r7, #7
 379 0080 1B78     		ldrb	r3, [r3]
 380 0082 181C     		mov	r0, r3
 381 0084 FFF7FEFF 		bl	blinkdash
  71:.\morse.c     ****         blinkdot(led_flag);
 382              		.loc 1 71 0
 383 0088 FB1D     		add	r3, r7, #7
 384 008a 1B78     		ldrb	r3, [r3]
 385 008c 181C     		mov	r0, r3
ARM GAS  C:\Users\Admin\AppData\Local\Temp\ccKQVUVM.s 			page 9


 386 008e FFF7FEFF 		bl	blinkdot
  72:.\morse.c     ****         blinkdash(led_flag);
 387              		.loc 1 72 0
 388 0092 FB1D     		add	r3, r7, #7
 389 0094 1B78     		ldrb	r3, [r3]
 390 0096 181C     		mov	r0, r3
 391 0098 FFF7FEFF 		bl	blinkdash
  73:.\morse.c     ****         blinkdot(led_flag);
 392              		.loc 1 73 0
 393 009c FB1D     		add	r3, r7, #7
 394 009e 1B78     		ldrb	r3, [r3]
 395 00a0 181C     		mov	r0, r3
 396 00a2 FFF7FEFF 		bl	blinkdot
  74:.\morse.c     ****         char_separate();
 397              		.loc 1 74 0
 398 00a6 FFF7FEFF 		bl	char_separate
  75:.\morse.c     ****         break;
 399              		.loc 1 75 0
 400 00aa 0EE3     		b	.L12
 401              	.L33:
  76:.\morse.c     ****       case 'D':
  77:.\morse.c     ****       case 'd':
  78:.\morse.c     ****         blinkdash(led_flag);
 402              		.loc 1 78 0
 403 00ac FB1D     		add	r3, r7, #7
 404 00ae 1B78     		ldrb	r3, [r3]
 405 00b0 181C     		mov	r0, r3
 406 00b2 FFF7FEFF 		bl	blinkdash
  79:.\morse.c     ****         blinkdot(led_flag);
 407              		.loc 1 79 0
 408 00b6 FB1D     		add	r3, r7, #7
 409 00b8 1B78     		ldrb	r3, [r3]
 410 00ba 181C     		mov	r0, r3
 411 00bc FFF7FEFF 		bl	blinkdot
  80:.\morse.c     ****         blinkdot(led_flag);
 412              		.loc 1 80 0
 413 00c0 FB1D     		add	r3, r7, #7
 414 00c2 1B78     		ldrb	r3, [r3]
 415 00c4 181C     		mov	r0, r3
 416 00c6 FFF7FEFF 		bl	blinkdot
  81:.\morse.c     ****         char_separate();
 417              		.loc 1 81 0
 418 00ca FFF7FEFF 		bl	char_separate
  82:.\morse.c     ****         break;
 419              		.loc 1 82 0
 420 00ce FCE2     		b	.L12
 421              	.L34:
  83:.\morse.c     ****        case 'E':
  84:.\morse.c     ****        case 'e':
  85:.\morse.c     ****         blinkdot(led_flag);
 422              		.loc 1 85 0
 423 00d0 FB1D     		add	r3, r7, #7
 424 00d2 1B78     		ldrb	r3, [r3]
 425 00d4 181C     		mov	r0, r3
 426 00d6 FFF7FEFF 		bl	blinkdot
  86:.\morse.c     ****         char_separate();
 427              		.loc 1 86 0
ARM GAS  C:\Users\Admin\AppData\Local\Temp\ccKQVUVM.s 			page 10


 428 00da FFF7FEFF 		bl	char_separate
  87:.\morse.c     ****         break;
 429              		.loc 1 87 0
 430 00de F4E2     		b	.L12
 431              	.L35:
  88:.\morse.c     ****        case 'F':
  89:.\morse.c     ****        case 'f':
  90:.\morse.c     ****         blinkdot(led_flag);
 432              		.loc 1 90 0
 433 00e0 FB1D     		add	r3, r7, #7
 434 00e2 1B78     		ldrb	r3, [r3]
 435 00e4 181C     		mov	r0, r3
 436 00e6 FFF7FEFF 		bl	blinkdot
  91:.\morse.c     ****         blinkdot(led_flag);
 437              		.loc 1 91 0
 438 00ea FB1D     		add	r3, r7, #7
 439 00ec 1B78     		ldrb	r3, [r3]
 440 00ee 181C     		mov	r0, r3
 441 00f0 FFF7FEFF 		bl	blinkdot
  92:.\morse.c     ****         blinkdash(led_flag);
 442              		.loc 1 92 0
 443 00f4 FB1D     		add	r3, r7, #7
 444 00f6 1B78     		ldrb	r3, [r3]
 445 00f8 181C     		mov	r0, r3
 446 00fa FFF7FEFF 		bl	blinkdash
  93:.\morse.c     ****         blinkdot(led_flag);
 447              		.loc 1 93 0
 448 00fe FB1D     		add	r3, r7, #7
 449 0100 1B78     		ldrb	r3, [r3]
 450 0102 181C     		mov	r0, r3
 451 0104 FFF7FEFF 		bl	blinkdot
  94:.\morse.c     ****         char_separate();
 452              		.loc 1 94 0
 453 0108 FFF7FEFF 		bl	char_separate
  95:.\morse.c     ****         break;
 454              		.loc 1 95 0
 455 010c DDE2     		b	.L12
 456              	.L36:
  96:.\morse.c     ****        case 'G':
  97:.\morse.c     ****        case 'g':
  98:.\morse.c     ****         blinkdash(led_flag);
 457              		.loc 1 98 0
 458 010e FB1D     		add	r3, r7, #7
 459 0110 1B78     		ldrb	r3, [r3]
 460 0112 181C     		mov	r0, r3
 461 0114 FFF7FEFF 		bl	blinkdash
  99:.\morse.c     ****         blinkdash(led_flag);
 462              		.loc 1 99 0
 463 0118 FB1D     		add	r3, r7, #7
 464 011a 1B78     		ldrb	r3, [r3]
 465 011c 181C     		mov	r0, r3
 466 011e FFF7FEFF 		bl	blinkdash
 100:.\morse.c     ****         blinkdot(led_flag);
 467              		.loc 1 100 0
 468 0122 FB1D     		add	r3, r7, #7
 469 0124 1B78     		ldrb	r3, [r3]
 470 0126 181C     		mov	r0, r3
ARM GAS  C:\Users\Admin\AppData\Local\Temp\ccKQVUVM.s 			page 11


 471 0128 FFF7FEFF 		bl	blinkdot
 101:.\morse.c     ****         char_separate();
 472              		.loc 1 101 0
 473 012c FFF7FEFF 		bl	char_separate
 102:.\morse.c     ****         break;
 474              		.loc 1 102 0
 475 0130 CBE2     		b	.L12
 476              	.L37:
 103:.\morse.c     ****        case 'H':
 104:.\morse.c     ****        case 'h':
 105:.\morse.c     ****         blinkdot(led_flag);
 477              		.loc 1 105 0
 478 0132 FB1D     		add	r3, r7, #7
 479 0134 1B78     		ldrb	r3, [r3]
 480 0136 181C     		mov	r0, r3
 481 0138 FFF7FEFF 		bl	blinkdot
 106:.\morse.c     ****         blinkdot(led_flag);
 482              		.loc 1 106 0
 483 013c FB1D     		add	r3, r7, #7
 484 013e 1B78     		ldrb	r3, [r3]
 485 0140 181C     		mov	r0, r3
 486 0142 FFF7FEFF 		bl	blinkdot
 107:.\morse.c     ****         blinkdot(led_flag);
 487              		.loc 1 107 0
 488 0146 FB1D     		add	r3, r7, #7
 489 0148 1B78     		ldrb	r3, [r3]
 490 014a 181C     		mov	r0, r3
 491 014c FFF7FEFF 		bl	blinkdot
 108:.\morse.c     ****         blinkdot(led_flag);
 492              		.loc 1 108 0
 493 0150 FB1D     		add	r3, r7, #7
 494 0152 1B78     		ldrb	r3, [r3]
 495 0154 181C     		mov	r0, r3
 496 0156 FFF7FEFF 		bl	blinkdot
 109:.\morse.c     ****         char_separate();
 497              		.loc 1 109 0
 498 015a FFF7FEFF 		bl	char_separate
 110:.\morse.c     ****         break;
 499              		.loc 1 110 0
 500 015e B4E2     		b	.L12
 501              	.L38:
 111:.\morse.c     ****        case 'I':
 112:.\morse.c     ****        case 'i':
 113:.\morse.c     ****         blinkdot(led_flag);
 502              		.loc 1 113 0
 503 0160 FB1D     		add	r3, r7, #7
 504 0162 1B78     		ldrb	r3, [r3]
 505 0164 181C     		mov	r0, r3
 506 0166 FFF7FEFF 		bl	blinkdot
 114:.\morse.c     ****         blinkdot(led_flag);
 507              		.loc 1 114 0
 508 016a FB1D     		add	r3, r7, #7
 509 016c 1B78     		ldrb	r3, [r3]
 510 016e 181C     		mov	r0, r3
 511 0170 FFF7FEFF 		bl	blinkdot
 115:.\morse.c     ****         char_separate();
 512              		.loc 1 115 0
ARM GAS  C:\Users\Admin\AppData\Local\Temp\ccKQVUVM.s 			page 12


 513 0174 FFF7FEFF 		bl	char_separate
 116:.\morse.c     ****         break;
 514              		.loc 1 116 0
 515 0178 A7E2     		b	.L12
 516              	.L39:
 117:.\morse.c     ****        case 'J':
 118:.\morse.c     ****        case 'j':
 119:.\morse.c     ****         blinkdot(led_flag);
 517              		.loc 1 119 0
 518 017a FB1D     		add	r3, r7, #7
 519 017c 1B78     		ldrb	r3, [r3]
 520 017e 181C     		mov	r0, r3
 521 0180 FFF7FEFF 		bl	blinkdot
 120:.\morse.c     ****         blinkdash(led_flag);
 522              		.loc 1 120 0
 523 0184 FB1D     		add	r3, r7, #7
 524 0186 1B78     		ldrb	r3, [r3]
 525 0188 181C     		mov	r0, r3
 526 018a FFF7FEFF 		bl	blinkdash
 121:.\morse.c     ****         blinkdash(led_flag);
 527              		.loc 1 121 0
 528 018e FB1D     		add	r3, r7, #7
 529 0190 1B78     		ldrb	r3, [r3]
 530 0192 181C     		mov	r0, r3
 531 0194 FFF7FEFF 		bl	blinkdash
 122:.\morse.c     ****         blinkdash(led_flag);
 532              		.loc 1 122 0
 533 0198 FB1D     		add	r3, r7, #7
 534 019a 1B78     		ldrb	r3, [r3]
 535 019c 181C     		mov	r0, r3
 536 019e FFF7FEFF 		bl	blinkdash
 123:.\morse.c     ****         char_separate();
 537              		.loc 1 123 0
 538 01a2 FFF7FEFF 		bl	char_separate
 124:.\morse.c     ****         break;
 539              		.loc 1 124 0
 540 01a6 90E2     		b	.L12
 541              	.L40:
 125:.\morse.c     ****        case 'K':
 126:.\morse.c     ****        case 'k':
 127:.\morse.c     ****         blinkdash(led_flag);
 542              		.loc 1 127 0
 543 01a8 FB1D     		add	r3, r7, #7
 544 01aa 1B78     		ldrb	r3, [r3]
 545 01ac 181C     		mov	r0, r3
 546 01ae FFF7FEFF 		bl	blinkdash
 128:.\morse.c     ****         blinkdot(led_flag);
 547              		.loc 1 128 0
 548 01b2 FB1D     		add	r3, r7, #7
 549 01b4 1B78     		ldrb	r3, [r3]
 550 01b6 181C     		mov	r0, r3
 551 01b8 FFF7FEFF 		bl	blinkdot
 129:.\morse.c     ****         blinkdash(led_flag);
 552              		.loc 1 129 0
 553 01bc FB1D     		add	r3, r7, #7
 554 01be 1B78     		ldrb	r3, [r3]
 555 01c0 181C     		mov	r0, r3
ARM GAS  C:\Users\Admin\AppData\Local\Temp\ccKQVUVM.s 			page 13


 556 01c2 FFF7FEFF 		bl	blinkdash
 130:.\morse.c     ****         char_separate();
 557              		.loc 1 130 0
 558 01c6 FFF7FEFF 		bl	char_separate
 131:.\morse.c     ****         break;
 559              		.loc 1 131 0
 560 01ca 7EE2     		b	.L12
 561              	.L41:
 132:.\morse.c     ****        case 'L':
 133:.\morse.c     ****        case 'l':
 134:.\morse.c     ****         blinkdot(led_flag);
 562              		.loc 1 134 0
 563 01cc FB1D     		add	r3, r7, #7
 564 01ce 1B78     		ldrb	r3, [r3]
 565 01d0 181C     		mov	r0, r3
 566 01d2 FFF7FEFF 		bl	blinkdot
 135:.\morse.c     ****         blinkdash(led_flag);
 567              		.loc 1 135 0
 568 01d6 FB1D     		add	r3, r7, #7
 569 01d8 1B78     		ldrb	r3, [r3]
 570 01da 181C     		mov	r0, r3
 571 01dc FFF7FEFF 		bl	blinkdash
 136:.\morse.c     ****         blinkdot(led_flag);
 572              		.loc 1 136 0
 573 01e0 FB1D     		add	r3, r7, #7
 574 01e2 1B78     		ldrb	r3, [r3]
 575 01e4 181C     		mov	r0, r3
 576 01e6 FFF7FEFF 		bl	blinkdot
 137:.\morse.c     ****         blinkdot(led_flag);
 577              		.loc 1 137 0
 578 01ea FB1D     		add	r3, r7, #7
 579 01ec 1B78     		ldrb	r3, [r3]
 580 01ee 181C     		mov	r0, r3
 581 01f0 FFF7FEFF 		bl	blinkdot
 138:.\morse.c     ****         char_separate();
 582              		.loc 1 138 0
 583 01f4 FFF7FEFF 		bl	char_separate
 139:.\morse.c     ****         break;
 584              		.loc 1 139 0
 585 01f8 67E2     		b	.L12
 586              	.L42:
 140:.\morse.c     ****        case 'M':
 141:.\morse.c     ****        case 'm':
 142:.\morse.c     ****         blinkdash(led_flag);
 587              		.loc 1 142 0
 588 01fa FB1D     		add	r3, r7, #7
 589 01fc 1B78     		ldrb	r3, [r3]
 590 01fe 181C     		mov	r0, r3
 591 0200 FFF7FEFF 		bl	blinkdash
 143:.\morse.c     ****         blinkdash(led_flag);
 592              		.loc 1 143 0
 593 0204 FB1D     		add	r3, r7, #7
 594 0206 1B78     		ldrb	r3, [r3]
 595 0208 181C     		mov	r0, r3
 596 020a FFF7FEFF 		bl	blinkdash
 144:.\morse.c     ****         char_separate();
 597              		.loc 1 144 0
ARM GAS  C:\Users\Admin\AppData\Local\Temp\ccKQVUVM.s 			page 14


 598 020e FFF7FEFF 		bl	char_separate
 145:.\morse.c     ****         break;
 599              		.loc 1 145 0
 600 0212 5AE2     		b	.L12
 601              	.L43:
 146:.\morse.c     ****        case 'N':
 147:.\morse.c     ****        case 'n':
 148:.\morse.c     ****         blinkdash(led_flag);
 602              		.loc 1 148 0
 603 0214 FB1D     		add	r3, r7, #7
 604 0216 1B78     		ldrb	r3, [r3]
 605 0218 181C     		mov	r0, r3
 606 021a FFF7FEFF 		bl	blinkdash
 149:.\morse.c     ****         blinkdot(led_flag);
 607              		.loc 1 149 0
 608 021e FB1D     		add	r3, r7, #7
 609 0220 1B78     		ldrb	r3, [r3]
 610 0222 181C     		mov	r0, r3
 611 0224 FFF7FEFF 		bl	blinkdot
 150:.\morse.c     ****         char_separate();
 612              		.loc 1 150 0
 613 0228 FFF7FEFF 		bl	char_separate
 151:.\morse.c     ****         break;
 614              		.loc 1 151 0
 615 022c 4DE2     		b	.L12
 616              	.L44:
 152:.\morse.c     ****        case 'O':
 153:.\morse.c     ****        case 'o':
 154:.\morse.c     ****         blinkdash(led_flag);
 617              		.loc 1 154 0
 618 022e FB1D     		add	r3, r7, #7
 619 0230 1B78     		ldrb	r3, [r3]
 620 0232 181C     		mov	r0, r3
 621 0234 FFF7FEFF 		bl	blinkdash
 155:.\morse.c     ****         blinkdash(led_flag);
 622              		.loc 1 155 0
 623 0238 FB1D     		add	r3, r7, #7
 624 023a 1B78     		ldrb	r3, [r3]
 625 023c 181C     		mov	r0, r3
 626 023e FFF7FEFF 		bl	blinkdash
 156:.\morse.c     ****         blinkdash(led_flag);
 627              		.loc 1 156 0
 628 0242 FB1D     		add	r3, r7, #7
 629 0244 1B78     		ldrb	r3, [r3]
 630 0246 181C     		mov	r0, r3
 631 0248 FFF7FEFF 		bl	blinkdash
 157:.\morse.c     ****         char_separate();
 632              		.loc 1 157 0
 633 024c FFF7FEFF 		bl	char_separate
 158:.\morse.c     ****         break;
 634              		.loc 1 158 0
 635 0250 3BE2     		b	.L12
 636              	.L45:
 159:.\morse.c     ****        case 'P':
 160:.\morse.c     ****        case 'p':
 161:.\morse.c     ****         blinkdot(led_flag);
 637              		.loc 1 161 0
ARM GAS  C:\Users\Admin\AppData\Local\Temp\ccKQVUVM.s 			page 15


 638 0252 FB1D     		add	r3, r7, #7
 639 0254 1B78     		ldrb	r3, [r3]
 640 0256 181C     		mov	r0, r3
 641 0258 FFF7FEFF 		bl	blinkdot
 162:.\morse.c     ****         blinkdash(led_flag);
 642              		.loc 1 162 0
 643 025c FB1D     		add	r3, r7, #7
 644 025e 1B78     		ldrb	r3, [r3]
 645 0260 181C     		mov	r0, r3
 646 0262 FFF7FEFF 		bl	blinkdash
 163:.\morse.c     ****         blinkdash(led_flag);
 647              		.loc 1 163 0
 648 0266 FB1D     		add	r3, r7, #7
 649 0268 1B78     		ldrb	r3, [r3]
 650 026a 181C     		mov	r0, r3
 651 026c FFF7FEFF 		bl	blinkdash
 164:.\morse.c     ****         blinkdot(led_flag);
 652              		.loc 1 164 0
 653 0270 FB1D     		add	r3, r7, #7
 654 0272 1B78     		ldrb	r3, [r3]
 655 0274 181C     		mov	r0, r3
 656 0276 FFF7FEFF 		bl	blinkdot
 165:.\morse.c     ****         char_separate();
 657              		.loc 1 165 0
 658 027a FFF7FEFF 		bl	char_separate
 166:.\morse.c     ****         break;
 659              		.loc 1 166 0
 660 027e 24E2     		b	.L12
 661              	.L46:
 167:.\morse.c     ****        case 'Q':
 168:.\morse.c     ****        case 'q':
 169:.\morse.c     ****         blinkdash(led_flag);
 662              		.loc 1 169 0
 663 0280 FB1D     		add	r3, r7, #7
 664 0282 1B78     		ldrb	r3, [r3]
 665 0284 181C     		mov	r0, r3
 666 0286 FFF7FEFF 		bl	blinkdash
 170:.\morse.c     ****         blinkdash(led_flag);
 667              		.loc 1 170 0
 668 028a FB1D     		add	r3, r7, #7
 669 028c 1B78     		ldrb	r3, [r3]
 670 028e 181C     		mov	r0, r3
 671 0290 FFF7FEFF 		bl	blinkdash
 171:.\morse.c     ****         blinkdot(led_flag);
 672              		.loc 1 171 0
 673 0294 FB1D     		add	r3, r7, #7
 674 0296 1B78     		ldrb	r3, [r3]
 675 0298 181C     		mov	r0, r3
 676 029a FFF7FEFF 		bl	blinkdot
 172:.\morse.c     ****         blinkdash(led_flag);
 677              		.loc 1 172 0
 678 029e FB1D     		add	r3, r7, #7
 679 02a0 1B78     		ldrb	r3, [r3]
 680 02a2 181C     		mov	r0, r3
 681 02a4 FFF7FEFF 		bl	blinkdash
 173:.\morse.c     ****         char_separate();
 682              		.loc 1 173 0
ARM GAS  C:\Users\Admin\AppData\Local\Temp\ccKQVUVM.s 			page 16


 683 02a8 FFF7FEFF 		bl	char_separate
 174:.\morse.c     ****         break;
 684              		.loc 1 174 0
 685 02ac 0DE2     		b	.L12
 686              	.L47:
 175:.\morse.c     ****        case 'R':
 176:.\morse.c     ****        case 'r':
 177:.\morse.c     ****         blinkdot(led_flag);
 687              		.loc 1 177 0
 688 02ae FB1D     		add	r3, r7, #7
 689 02b0 1B78     		ldrb	r3, [r3]
 690 02b2 181C     		mov	r0, r3
 691 02b4 FFF7FEFF 		bl	blinkdot
 178:.\morse.c     ****         blinkdash(led_flag);
 692              		.loc 1 178 0
 693 02b8 FB1D     		add	r3, r7, #7
 694 02ba 1B78     		ldrb	r3, [r3]
 695 02bc 181C     		mov	r0, r3
 696 02be FFF7FEFF 		bl	blinkdash
 179:.\morse.c     ****         blinkdot(led_flag);
 697              		.loc 1 179 0
 698 02c2 FB1D     		add	r3, r7, #7
 699 02c4 1B78     		ldrb	r3, [r3]
 700 02c6 181C     		mov	r0, r3
 701 02c8 FFF7FEFF 		bl	blinkdot
 180:.\morse.c     ****         char_separate();
 702              		.loc 1 180 0
 703 02cc FFF7FEFF 		bl	char_separate
 181:.\morse.c     ****         break;
 704              		.loc 1 181 0
 705 02d0 FBE1     		b	.L12
 706              	.L48:
 182:.\morse.c     ****        case 'S':
 183:.\morse.c     ****        case 's':
 184:.\morse.c     ****         blinkdot(led_flag);
 707              		.loc 1 184 0
 708 02d2 FB1D     		add	r3, r7, #7
 709 02d4 1B78     		ldrb	r3, [r3]
 710 02d6 181C     		mov	r0, r3
 711 02d8 FFF7FEFF 		bl	blinkdot
 185:.\morse.c     ****         blinkdot(led_flag);
 712              		.loc 1 185 0
 713 02dc FB1D     		add	r3, r7, #7
 714 02de 1B78     		ldrb	r3, [r3]
 715 02e0 181C     		mov	r0, r3
 716 02e2 FFF7FEFF 		bl	blinkdot
 186:.\morse.c     ****         blinkdot(led_flag);
 717              		.loc 1 186 0
 718 02e6 FB1D     		add	r3, r7, #7
 719 02e8 1B78     		ldrb	r3, [r3]
 720 02ea 181C     		mov	r0, r3
 721 02ec FFF7FEFF 		bl	blinkdot
 187:.\morse.c     ****         char_separate();
 722              		.loc 1 187 0
 723 02f0 FFF7FEFF 		bl	char_separate
 188:.\morse.c     ****         break;
 724              		.loc 1 188 0
ARM GAS  C:\Users\Admin\AppData\Local\Temp\ccKQVUVM.s 			page 17


 725 02f4 E9E1     		b	.L12
 726              	.L49:
 189:.\morse.c     ****        case 'T':
 190:.\morse.c     ****        case 't':
 191:.\morse.c     ****         blinkdash(led_flag);
 727              		.loc 1 191 0
 728 02f6 FB1D     		add	r3, r7, #7
 729 02f8 1B78     		ldrb	r3, [r3]
 730 02fa 181C     		mov	r0, r3
 731 02fc FFF7FEFF 		bl	blinkdash
 192:.\morse.c     ****         char_separate();
 732              		.loc 1 192 0
 733 0300 FFF7FEFF 		bl	char_separate
 193:.\morse.c     ****         break;
 734              		.loc 1 193 0
 735 0304 E1E1     		b	.L12
 736              	.L50:
 194:.\morse.c     ****        case 'U':
 195:.\morse.c     ****        case 'u':
 196:.\morse.c     ****         blinkdot(led_flag);
 737              		.loc 1 196 0
 738 0306 FB1D     		add	r3, r7, #7
 739 0308 1B78     		ldrb	r3, [r3]
 740 030a 181C     		mov	r0, r3
 741 030c FFF7FEFF 		bl	blinkdot
 197:.\morse.c     ****         blinkdot(led_flag);
 742              		.loc 1 197 0
 743 0310 FB1D     		add	r3, r7, #7
 744 0312 1B78     		ldrb	r3, [r3]
 745 0314 181C     		mov	r0, r3
 746 0316 FFF7FEFF 		bl	blinkdot
 198:.\morse.c     ****         blinkdash(led_flag);
 747              		.loc 1 198 0
 748 031a FB1D     		add	r3, r7, #7
 749 031c 1B78     		ldrb	r3, [r3]
 750 031e 181C     		mov	r0, r3
 751 0320 FFF7FEFF 		bl	blinkdash
 199:.\morse.c     ****         char_separate();
 752              		.loc 1 199 0
 753 0324 FFF7FEFF 		bl	char_separate
 200:.\morse.c     ****         break;
 754              		.loc 1 200 0
 755 0328 CFE1     		b	.L12
 756              	.L51:
 201:.\morse.c     ****        case 'V':
 202:.\morse.c     ****        case 'v':
 203:.\morse.c     ****         blinkdot(led_flag);
 757              		.loc 1 203 0
 758 032a FB1D     		add	r3, r7, #7
 759 032c 1B78     		ldrb	r3, [r3]
 760 032e 181C     		mov	r0, r3
 761 0330 FFF7FEFF 		bl	blinkdot
 204:.\morse.c     ****         blinkdot(led_flag);
 762              		.loc 1 204 0
 763 0334 FB1D     		add	r3, r7, #7
 764 0336 1B78     		ldrb	r3, [r3]
 765 0338 181C     		mov	r0, r3
ARM GAS  C:\Users\Admin\AppData\Local\Temp\ccKQVUVM.s 			page 18


 766 033a FFF7FEFF 		bl	blinkdot
 205:.\morse.c     ****         blinkdot(led_flag);
 767              		.loc 1 205 0
 768 033e FB1D     		add	r3, r7, #7
 769 0340 1B78     		ldrb	r3, [r3]
 770 0342 181C     		mov	r0, r3
 771 0344 FFF7FEFF 		bl	blinkdot
 206:.\morse.c     ****         blinkdash(led_flag);
 772              		.loc 1 206 0
 773 0348 FB1D     		add	r3, r7, #7
 774 034a 1B78     		ldrb	r3, [r3]
 775 034c 181C     		mov	r0, r3
 776 034e FFF7FEFF 		bl	blinkdash
 207:.\morse.c     ****         char_separate();
 777              		.loc 1 207 0
 778 0352 FFF7FEFF 		bl	char_separate
 208:.\morse.c     ****         break;
 779              		.loc 1 208 0
 780 0356 B8E1     		b	.L12
 781              	.L52:
 209:.\morse.c     ****        case 'W':
 210:.\morse.c     ****        case 'w':
 211:.\morse.c     ****         blinkdot(led_flag);
 782              		.loc 1 211 0
 783 0358 FB1D     		add	r3, r7, #7
 784 035a 1B78     		ldrb	r3, [r3]
 785 035c 181C     		mov	r0, r3
 786 035e FFF7FEFF 		bl	blinkdot
 212:.\morse.c     ****         blinkdash(led_flag);
 787              		.loc 1 212 0
 788 0362 FB1D     		add	r3, r7, #7
 789 0364 1B78     		ldrb	r3, [r3]
 790 0366 181C     		mov	r0, r3
 791 0368 FFF7FEFF 		bl	blinkdash
 213:.\morse.c     ****         blinkdash(led_flag);
 792              		.loc 1 213 0
 793 036c FB1D     		add	r3, r7, #7
 794 036e 1B78     		ldrb	r3, [r3]
 795 0370 181C     		mov	r0, r3
 796 0372 FFF7FEFF 		bl	blinkdash
 214:.\morse.c     ****         char_separate();
 797              		.loc 1 214 0
 798 0376 FFF7FEFF 		bl	char_separate
 215:.\morse.c     ****         break;
 799              		.loc 1 215 0
 800 037a A6E1     		b	.L12
 801              	.L53:
 216:.\morse.c     ****        case 'X':
 217:.\morse.c     ****        case 'x':
 218:.\morse.c     ****         blinkdash(led_flag);
 802              		.loc 1 218 0
 803 037c FB1D     		add	r3, r7, #7
 804 037e 1B78     		ldrb	r3, [r3]
 805 0380 181C     		mov	r0, r3
 806 0382 FFF7FEFF 		bl	blinkdash
 219:.\morse.c     ****         blinkdot(led_flag);
 807              		.loc 1 219 0
ARM GAS  C:\Users\Admin\AppData\Local\Temp\ccKQVUVM.s 			page 19


 808 0386 FB1D     		add	r3, r7, #7
 809 0388 1B78     		ldrb	r3, [r3]
 810 038a 181C     		mov	r0, r3
 811 038c FFF7FEFF 		bl	blinkdot
 220:.\morse.c     ****         blinkdot(led_flag);
 812              		.loc 1 220 0
 813 0390 FB1D     		add	r3, r7, #7
 814 0392 1B78     		ldrb	r3, [r3]
 815 0394 181C     		mov	r0, r3
 816 0396 FFF7FEFF 		bl	blinkdot
 221:.\morse.c     ****         blinkdash(led_flag);
 817              		.loc 1 221 0
 818 039a FB1D     		add	r3, r7, #7
 819 039c 1B78     		ldrb	r3, [r3]
 820 039e 181C     		mov	r0, r3
 821 03a0 FFF7FEFF 		bl	blinkdash
 222:.\morse.c     ****         char_separate();
 822              		.loc 1 222 0
 823 03a4 FFF7FEFF 		bl	char_separate
 223:.\morse.c     ****         break;
 824              		.loc 1 223 0
 825 03a8 8FE1     		b	.L12
 826              	.L54:
 224:.\morse.c     ****        case 'Y':
 225:.\morse.c     ****        case 'y':
 226:.\morse.c     ****         blinkdash(led_flag);
 827              		.loc 1 226 0
 828 03aa FB1D     		add	r3, r7, #7
 829 03ac 1B78     		ldrb	r3, [r3]
 830 03ae 181C     		mov	r0, r3
 831 03b0 FFF7FEFF 		bl	blinkdash
 227:.\morse.c     ****         blinkdot(led_flag);
 832              		.loc 1 227 0
 833 03b4 FB1D     		add	r3, r7, #7
 834 03b6 1B78     		ldrb	r3, [r3]
 835 03b8 181C     		mov	r0, r3
 836 03ba FFF7FEFF 		bl	blinkdot
 228:.\morse.c     ****         blinkdash(led_flag);
 837              		.loc 1 228 0
 838 03be FB1D     		add	r3, r7, #7
 839 03c0 1B78     		ldrb	r3, [r3]
 840 03c2 181C     		mov	r0, r3
 841 03c4 FFF7FEFF 		bl	blinkdash
 229:.\morse.c     ****         blinkdash(led_flag);
 842              		.loc 1 229 0
 843 03c8 FB1D     		add	r3, r7, #7
 844 03ca 1B78     		ldrb	r3, [r3]
 845 03cc 181C     		mov	r0, r3
 846 03ce FFF7FEFF 		bl	blinkdash
 230:.\morse.c     ****         char_separate();
 847              		.loc 1 230 0
 848 03d2 FFF7FEFF 		bl	char_separate
 231:.\morse.c     ****         break;
 849              		.loc 1 231 0
 850 03d6 78E1     		b	.L12
 851              	.L57:
 852              		.align	2
ARM GAS  C:\Users\Admin\AppData\Local\Temp\ccKQVUVM.s 			page 20


 853              	.L56:
 854 03d8 00000000 		.word	.L16
 855              	.L55:
 232:.\morse.c     ****        case 'Z':
 233:.\morse.c     ****        case 'z':
 234:.\morse.c     ****         blinkdash(led_flag);
 856              		.loc 1 234 0
 857 03dc FB1D     		add	r3, r7, #7
 858 03de 1B78     		ldrb	r3, [r3]
 859 03e0 181C     		mov	r0, r3
 860 03e2 FFF7FEFF 		bl	blinkdash
 235:.\morse.c     ****         blinkdash(led_flag);
 861              		.loc 1 235 0
 862 03e6 FB1D     		add	r3, r7, #7
 863 03e8 1B78     		ldrb	r3, [r3]
 864 03ea 181C     		mov	r0, r3
 865 03ec FFF7FEFF 		bl	blinkdash
 236:.\morse.c     ****         blinkdot(led_flag);
 866              		.loc 1 236 0
 867 03f0 FB1D     		add	r3, r7, #7
 868 03f2 1B78     		ldrb	r3, [r3]
 869 03f4 181C     		mov	r0, r3
 870 03f6 FFF7FEFF 		bl	blinkdot
 237:.\morse.c     ****         blinkdot(led_flag);
 871              		.loc 1 237 0
 872 03fa FB1D     		add	r3, r7, #7
 873 03fc 1B78     		ldrb	r3, [r3]
 874 03fe 181C     		mov	r0, r3
 875 0400 FFF7FEFF 		bl	blinkdot
 238:.\morse.c     ****         char_separate();
 876              		.loc 1 238 0
 877 0404 FFF7FEFF 		bl	char_separate
 239:.\morse.c     ****         break;
 878              		.loc 1 239 0
 879 0408 5FE1     		b	.L12
 880              	.L20:
 240:.\morse.c     ****        case '0':
 241:.\morse.c     ****         blinkdash(led_flag);
 881              		.loc 1 241 0
 882 040a FB1D     		add	r3, r7, #7
 883 040c 1B78     		ldrb	r3, [r3]
 884 040e 181C     		mov	r0, r3
 885 0410 FFF7FEFF 		bl	blinkdash
 242:.\morse.c     ****         blinkdash(led_flag);
 886              		.loc 1 242 0
 887 0414 FB1D     		add	r3, r7, #7
 888 0416 1B78     		ldrb	r3, [r3]
 889 0418 181C     		mov	r0, r3
 890 041a FFF7FEFF 		bl	blinkdash
 243:.\morse.c     ****         blinkdash(led_flag);
 891              		.loc 1 243 0
 892 041e FB1D     		add	r3, r7, #7
 893 0420 1B78     		ldrb	r3, [r3]
 894 0422 181C     		mov	r0, r3
 895 0424 FFF7FEFF 		bl	blinkdash
 244:.\morse.c     ****         blinkdash(led_flag);
 896              		.loc 1 244 0
ARM GAS  C:\Users\Admin\AppData\Local\Temp\ccKQVUVM.s 			page 21


 897 0428 FB1D     		add	r3, r7, #7
 898 042a 1B78     		ldrb	r3, [r3]
 899 042c 181C     		mov	r0, r3
 900 042e FFF7FEFF 		bl	blinkdash
 245:.\morse.c     ****         blinkdash(led_flag);
 901              		.loc 1 245 0
 902 0432 FB1D     		add	r3, r7, #7
 903 0434 1B78     		ldrb	r3, [r3]
 904 0436 181C     		mov	r0, r3
 905 0438 FFF7FEFF 		bl	blinkdash
 246:.\morse.c     ****         char_separate();
 906              		.loc 1 246 0
 907 043c FFF7FEFF 		bl	char_separate
 247:.\morse.c     ****         break;
 908              		.loc 1 247 0
 909 0440 43E1     		b	.L12
 910              	.L21:
 248:.\morse.c     ****        case '1':
 249:.\morse.c     ****         blinkdot(led_flag);
 911              		.loc 1 249 0
 912 0442 FB1D     		add	r3, r7, #7
 913 0444 1B78     		ldrb	r3, [r3]
 914 0446 181C     		mov	r0, r3
 915 0448 FFF7FEFF 		bl	blinkdot
 250:.\morse.c     ****         blinkdash(led_flag);
 916              		.loc 1 250 0
 917 044c FB1D     		add	r3, r7, #7
 918 044e 1B78     		ldrb	r3, [r3]
 919 0450 181C     		mov	r0, r3
 920 0452 FFF7FEFF 		bl	blinkdash
 251:.\morse.c     ****         blinkdash(led_flag);
 921              		.loc 1 251 0
 922 0456 FB1D     		add	r3, r7, #7
 923 0458 1B78     		ldrb	r3, [r3]
 924 045a 181C     		mov	r0, r3
 925 045c FFF7FEFF 		bl	blinkdash
 252:.\morse.c     ****         blinkdash(led_flag);
 926              		.loc 1 252 0
 927 0460 FB1D     		add	r3, r7, #7
 928 0462 1B78     		ldrb	r3, [r3]
 929 0464 181C     		mov	r0, r3
 930 0466 FFF7FEFF 		bl	blinkdash
 253:.\morse.c     ****         blinkdash(led_flag);
 931              		.loc 1 253 0
 932 046a FB1D     		add	r3, r7, #7
 933 046c 1B78     		ldrb	r3, [r3]
 934 046e 181C     		mov	r0, r3
 935 0470 FFF7FEFF 		bl	blinkdash
 254:.\morse.c     ****         char_separate();
 936              		.loc 1 254 0
 937 0474 FFF7FEFF 		bl	char_separate
 255:.\morse.c     ****         break;
 938              		.loc 1 255 0
 939 0478 27E1     		b	.L12
 940              	.L22:
 256:.\morse.c     ****        case '2':
 257:.\morse.c     ****         blinkdot(led_flag);
ARM GAS  C:\Users\Admin\AppData\Local\Temp\ccKQVUVM.s 			page 22


 941              		.loc 1 257 0
 942 047a FB1D     		add	r3, r7, #7
 943 047c 1B78     		ldrb	r3, [r3]
 944 047e 181C     		mov	r0, r3
 945 0480 FFF7FEFF 		bl	blinkdot
 258:.\morse.c     ****         blinkdot(led_flag);
 946              		.loc 1 258 0
 947 0484 FB1D     		add	r3, r7, #7
 948 0486 1B78     		ldrb	r3, [r3]
 949 0488 181C     		mov	r0, r3
 950 048a FFF7FEFF 		bl	blinkdot
 259:.\morse.c     ****         blinkdash(led_flag);
 951              		.loc 1 259 0
 952 048e FB1D     		add	r3, r7, #7
 953 0490 1B78     		ldrb	r3, [r3]
 954 0492 181C     		mov	r0, r3
 955 0494 FFF7FEFF 		bl	blinkdash
 260:.\morse.c     ****         blinkdash(led_flag);
 956              		.loc 1 260 0
 957 0498 FB1D     		add	r3, r7, #7
 958 049a 1B78     		ldrb	r3, [r3]
 959 049c 181C     		mov	r0, r3
 960 049e FFF7FEFF 		bl	blinkdash
 261:.\morse.c     ****         blinkdash(led_flag);
 961              		.loc 1 261 0
 962 04a2 FB1D     		add	r3, r7, #7
 963 04a4 1B78     		ldrb	r3, [r3]
 964 04a6 181C     		mov	r0, r3
 965 04a8 FFF7FEFF 		bl	blinkdash
 262:.\morse.c     ****         char_separate();
 966              		.loc 1 262 0
 967 04ac FFF7FEFF 		bl	char_separate
 263:.\morse.c     ****         break;
 968              		.loc 1 263 0
 969 04b0 0BE1     		b	.L12
 970              	.L23:
 264:.\morse.c     ****        case '3':
 265:.\morse.c     ****         blinkdot(led_flag);
 971              		.loc 1 265 0
 972 04b2 FB1D     		add	r3, r7, #7
 973 04b4 1B78     		ldrb	r3, [r3]
 974 04b6 181C     		mov	r0, r3
 975 04b8 FFF7FEFF 		bl	blinkdot
 266:.\morse.c     ****         blinkdot(led_flag);
 976              		.loc 1 266 0
 977 04bc FB1D     		add	r3, r7, #7
 978 04be 1B78     		ldrb	r3, [r3]
 979 04c0 181C     		mov	r0, r3
 980 04c2 FFF7FEFF 		bl	blinkdot
 267:.\morse.c     ****         blinkdot(led_flag);
 981              		.loc 1 267 0
 982 04c6 FB1D     		add	r3, r7, #7
 983 04c8 1B78     		ldrb	r3, [r3]
 984 04ca 181C     		mov	r0, r3
 985 04cc FFF7FEFF 		bl	blinkdot
 268:.\morse.c     ****         blinkdash(led_flag);
 986              		.loc 1 268 0
ARM GAS  C:\Users\Admin\AppData\Local\Temp\ccKQVUVM.s 			page 23


 987 04d0 FB1D     		add	r3, r7, #7
 988 04d2 1B78     		ldrb	r3, [r3]
 989 04d4 181C     		mov	r0, r3
 990 04d6 FFF7FEFF 		bl	blinkdash
 269:.\morse.c     ****         blinkdash(led_flag);
 991              		.loc 1 269 0
 992 04da FB1D     		add	r3, r7, #7
 993 04dc 1B78     		ldrb	r3, [r3]
 994 04de 181C     		mov	r0, r3
 995 04e0 FFF7FEFF 		bl	blinkdash
 270:.\morse.c     ****         char_separate();
 996              		.loc 1 270 0
 997 04e4 FFF7FEFF 		bl	char_separate
 271:.\morse.c     ****         break;
 998              		.loc 1 271 0
 999 04e8 EFE0     		b	.L12
 1000              	.L24:
 272:.\morse.c     ****        case '4':
 273:.\morse.c     ****         blinkdot(led_flag);
 1001              		.loc 1 273 0
 1002 04ea FB1D     		add	r3, r7, #7
 1003 04ec 1B78     		ldrb	r3, [r3]
 1004 04ee 181C     		mov	r0, r3
 1005 04f0 FFF7FEFF 		bl	blinkdot
 274:.\morse.c     ****         blinkdot(led_flag);
 1006              		.loc 1 274 0
 1007 04f4 FB1D     		add	r3, r7, #7
 1008 04f6 1B78     		ldrb	r3, [r3]
 1009 04f8 181C     		mov	r0, r3
 1010 04fa FFF7FEFF 		bl	blinkdot
 275:.\morse.c     ****         blinkdot(led_flag);
 1011              		.loc 1 275 0
 1012 04fe FB1D     		add	r3, r7, #7
 1013 0500 1B78     		ldrb	r3, [r3]
 1014 0502 181C     		mov	r0, r3
 1015 0504 FFF7FEFF 		bl	blinkdot
 276:.\morse.c     ****         blinkdot(led_flag);
 1016              		.loc 1 276 0
 1017 0508 FB1D     		add	r3, r7, #7
 1018 050a 1B78     		ldrb	r3, [r3]
 1019 050c 181C     		mov	r0, r3
 1020 050e FFF7FEFF 		bl	blinkdot
 277:.\morse.c     ****         blinkdash(led_flag);
 1021              		.loc 1 277 0
 1022 0512 FB1D     		add	r3, r7, #7
 1023 0514 1B78     		ldrb	r3, [r3]
 1024 0516 181C     		mov	r0, r3
 1025 0518 FFF7FEFF 		bl	blinkdash
 278:.\morse.c     ****         char_separate();
 1026              		.loc 1 278 0
 1027 051c FFF7FEFF 		bl	char_separate
 279:.\morse.c     ****         break;
 1028              		.loc 1 279 0
 1029 0520 D3E0     		b	.L12
 1030              	.L25:
 280:.\morse.c     ****        case '5':
 281:.\morse.c     ****         blinkdot(led_flag);
ARM GAS  C:\Users\Admin\AppData\Local\Temp\ccKQVUVM.s 			page 24


 1031              		.loc 1 281 0
 1032 0522 FB1D     		add	r3, r7, #7
 1033 0524 1B78     		ldrb	r3, [r3]
 1034 0526 181C     		mov	r0, r3
 1035 0528 FFF7FEFF 		bl	blinkdot
 282:.\morse.c     ****         blinkdot(led_flag);
 1036              		.loc 1 282 0
 1037 052c FB1D     		add	r3, r7, #7
 1038 052e 1B78     		ldrb	r3, [r3]
 1039 0530 181C     		mov	r0, r3
 1040 0532 FFF7FEFF 		bl	blinkdot
 283:.\morse.c     ****         blinkdot(led_flag);
 1041              		.loc 1 283 0
 1042 0536 FB1D     		add	r3, r7, #7
 1043 0538 1B78     		ldrb	r3, [r3]
 1044 053a 181C     		mov	r0, r3
 1045 053c FFF7FEFF 		bl	blinkdot
 284:.\morse.c     ****         blinkdot(led_flag);
 1046              		.loc 1 284 0
 1047 0540 FB1D     		add	r3, r7, #7
 1048 0542 1B78     		ldrb	r3, [r3]
 1049 0544 181C     		mov	r0, r3
 1050 0546 FFF7FEFF 		bl	blinkdot
 285:.\morse.c     ****         blinkdot(led_flag);
 1051              		.loc 1 285 0
 1052 054a FB1D     		add	r3, r7, #7
 1053 054c 1B78     		ldrb	r3, [r3]
 1054 054e 181C     		mov	r0, r3
 1055 0550 FFF7FEFF 		bl	blinkdot
 286:.\morse.c     ****         char_separate();
 1056              		.loc 1 286 0
 1057 0554 FFF7FEFF 		bl	char_separate
 287:.\morse.c     ****         break;
 1058              		.loc 1 287 0
 1059 0558 B7E0     		b	.L12
 1060              	.L26:
 288:.\morse.c     ****        case '6':
 289:.\morse.c     ****         blinkdash(led_flag);
 1061              		.loc 1 289 0
 1062 055a FB1D     		add	r3, r7, #7
 1063 055c 1B78     		ldrb	r3, [r3]
 1064 055e 181C     		mov	r0, r3
 1065 0560 FFF7FEFF 		bl	blinkdash
 290:.\morse.c     ****         blinkdot(led_flag);
 1066              		.loc 1 290 0
 1067 0564 FB1D     		add	r3, r7, #7
 1068 0566 1B78     		ldrb	r3, [r3]
 1069 0568 181C     		mov	r0, r3
 1070 056a FFF7FEFF 		bl	blinkdot
 291:.\morse.c     ****         blinkdot(led_flag);
 1071              		.loc 1 291 0
 1072 056e FB1D     		add	r3, r7, #7
 1073 0570 1B78     		ldrb	r3, [r3]
 1074 0572 181C     		mov	r0, r3
 1075 0574 FFF7FEFF 		bl	blinkdot
 292:.\morse.c     ****         blinkdot(led_flag);
 1076              		.loc 1 292 0
ARM GAS  C:\Users\Admin\AppData\Local\Temp\ccKQVUVM.s 			page 25


 1077 0578 FB1D     		add	r3, r7, #7
 1078 057a 1B78     		ldrb	r3, [r3]
 1079 057c 181C     		mov	r0, r3
 1080 057e FFF7FEFF 		bl	blinkdot
 293:.\morse.c     ****         blinkdot(led_flag);
 1081              		.loc 1 293 0
 1082 0582 FB1D     		add	r3, r7, #7
 1083 0584 1B78     		ldrb	r3, [r3]
 1084 0586 181C     		mov	r0, r3
 1085 0588 FFF7FEFF 		bl	blinkdot
 294:.\morse.c     ****         char_separate();
 1086              		.loc 1 294 0
 1087 058c FFF7FEFF 		bl	char_separate
 295:.\morse.c     ****         break;
 1088              		.loc 1 295 0
 1089 0590 9BE0     		b	.L12
 1090              	.L27:
 296:.\morse.c     ****        case '7':
 297:.\morse.c     ****         blinkdash(led_flag);
 1091              		.loc 1 297 0
 1092 0592 FB1D     		add	r3, r7, #7
 1093 0594 1B78     		ldrb	r3, [r3]
 1094 0596 181C     		mov	r0, r3
 1095 0598 FFF7FEFF 		bl	blinkdash
 298:.\morse.c     ****         blinkdash(led_flag);
 1096              		.loc 1 298 0
 1097 059c FB1D     		add	r3, r7, #7
 1098 059e 1B78     		ldrb	r3, [r3]
 1099 05a0 181C     		mov	r0, r3
 1100 05a2 FFF7FEFF 		bl	blinkdash
 299:.\morse.c     ****         blinkdot(led_flag);
 1101              		.loc 1 299 0
 1102 05a6 FB1D     		add	r3, r7, #7
 1103 05a8 1B78     		ldrb	r3, [r3]
 1104 05aa 181C     		mov	r0, r3
 1105 05ac FFF7FEFF 		bl	blinkdot
 300:.\morse.c     ****         blinkdot(led_flag);
 1106              		.loc 1 300 0
 1107 05b0 FB1D     		add	r3, r7, #7
 1108 05b2 1B78     		ldrb	r3, [r3]
 1109 05b4 181C     		mov	r0, r3
 1110 05b6 FFF7FEFF 		bl	blinkdot
 301:.\morse.c     ****         blinkdot(led_flag);
 1111              		.loc 1 301 0
 1112 05ba FB1D     		add	r3, r7, #7
 1113 05bc 1B78     		ldrb	r3, [r3]
 1114 05be 181C     		mov	r0, r3
 1115 05c0 FFF7FEFF 		bl	blinkdot
 302:.\morse.c     ****         char_separate();
 1116              		.loc 1 302 0
 1117 05c4 FFF7FEFF 		bl	char_separate
 303:.\morse.c     ****         break;
 1118              		.loc 1 303 0
 1119 05c8 7FE0     		b	.L12
 1120              	.L28:
 304:.\morse.c     ****        case '8':
 305:.\morse.c     ****         blinkdash(led_flag);
ARM GAS  C:\Users\Admin\AppData\Local\Temp\ccKQVUVM.s 			page 26


 1121              		.loc 1 305 0
 1122 05ca FB1D     		add	r3, r7, #7
 1123 05cc 1B78     		ldrb	r3, [r3]
 1124 05ce 181C     		mov	r0, r3
 1125 05d0 FFF7FEFF 		bl	blinkdash
 306:.\morse.c     ****         blinkdash(led_flag);
 1126              		.loc 1 306 0
 1127 05d4 FB1D     		add	r3, r7, #7
 1128 05d6 1B78     		ldrb	r3, [r3]
 1129 05d8 181C     		mov	r0, r3
 1130 05da FFF7FEFF 		bl	blinkdash
 307:.\morse.c     ****         blinkdash(led_flag);
 1131              		.loc 1 307 0
 1132 05de FB1D     		add	r3, r7, #7
 1133 05e0 1B78     		ldrb	r3, [r3]
 1134 05e2 181C     		mov	r0, r3
 1135 05e4 FFF7FEFF 		bl	blinkdash
 308:.\morse.c     ****         blinkdot(led_flag);
 1136              		.loc 1 308 0
 1137 05e8 FB1D     		add	r3, r7, #7
 1138 05ea 1B78     		ldrb	r3, [r3]
 1139 05ec 181C     		mov	r0, r3
 1140 05ee FFF7FEFF 		bl	blinkdot
 309:.\morse.c     ****         blinkdot(led_flag);
 1141              		.loc 1 309 0
 1142 05f2 FB1D     		add	r3, r7, #7
 1143 05f4 1B78     		ldrb	r3, [r3]
 1144 05f6 181C     		mov	r0, r3
 1145 05f8 FFF7FEFF 		bl	blinkdot
 310:.\morse.c     ****         char_separate();
 1146              		.loc 1 310 0
 1147 05fc FFF7FEFF 		bl	char_separate
 311:.\morse.c     ****         break;
 1148              		.loc 1 311 0
 1149 0600 63E0     		b	.L12
 1150              	.L29:
 312:.\morse.c     ****        case '9':
 313:.\morse.c     ****         blinkdash(led_flag);
 1151              		.loc 1 313 0
 1152 0602 FB1D     		add	r3, r7, #7
 1153 0604 1B78     		ldrb	r3, [r3]
 1154 0606 181C     		mov	r0, r3
 1155 0608 FFF7FEFF 		bl	blinkdash
 314:.\morse.c     ****         blinkdash(led_flag);
 1156              		.loc 1 314 0
 1157 060c FB1D     		add	r3, r7, #7
 1158 060e 1B78     		ldrb	r3, [r3]
 1159 0610 181C     		mov	r0, r3
 1160 0612 FFF7FEFF 		bl	blinkdash
 315:.\morse.c     ****         blinkdash(led_flag);
 1161              		.loc 1 315 0
 1162 0616 FB1D     		add	r3, r7, #7
 1163 0618 1B78     		ldrb	r3, [r3]
 1164 061a 181C     		mov	r0, r3
 1165 061c FFF7FEFF 		bl	blinkdash
 316:.\morse.c     ****         blinkdash(led_flag);
 1166              		.loc 1 316 0
ARM GAS  C:\Users\Admin\AppData\Local\Temp\ccKQVUVM.s 			page 27


 1167 0620 FB1D     		add	r3, r7, #7
 1168 0622 1B78     		ldrb	r3, [r3]
 1169 0624 181C     		mov	r0, r3
 1170 0626 FFF7FEFF 		bl	blinkdash
 317:.\morse.c     ****         blinkdot(led_flag);
 1171              		.loc 1 317 0
 1172 062a FB1D     		add	r3, r7, #7
 1173 062c 1B78     		ldrb	r3, [r3]
 1174 062e 181C     		mov	r0, r3
 1175 0630 FFF7FEFF 		bl	blinkdot
 318:.\morse.c     ****         char_separate();
 1176              		.loc 1 318 0
 1177 0634 FFF7FEFF 		bl	char_separate
 319:.\morse.c     ****         break;
 1178              		.loc 1 319 0
 1179 0638 47E0     		b	.L12
 1180              	.L19:
 320:.\morse.c     ****        case '.':
 321:.\morse.c     ****         blinkdot(led_flag);
 1181              		.loc 1 321 0
 1182 063a FB1D     		add	r3, r7, #7
 1183 063c 1B78     		ldrb	r3, [r3]
 1184 063e 181C     		mov	r0, r3
 1185 0640 FFF7FEFF 		bl	blinkdot
 322:.\morse.c     ****         blinkdash(led_flag);
 1186              		.loc 1 322 0
 1187 0644 FB1D     		add	r3, r7, #7
 1188 0646 1B78     		ldrb	r3, [r3]
 1189 0648 181C     		mov	r0, r3
 1190 064a FFF7FEFF 		bl	blinkdash
 323:.\morse.c     ****         blinkdot(led_flag);
 1191              		.loc 1 323 0
 1192 064e FB1D     		add	r3, r7, #7
 1193 0650 1B78     		ldrb	r3, [r3]
 1194 0652 181C     		mov	r0, r3
 1195 0654 FFF7FEFF 		bl	blinkdot
 324:.\morse.c     ****         blinkdash(led_flag);
 1196              		.loc 1 324 0
 1197 0658 FB1D     		add	r3, r7, #7
 1198 065a 1B78     		ldrb	r3, [r3]
 1199 065c 181C     		mov	r0, r3
 1200 065e FFF7FEFF 		bl	blinkdash
 325:.\morse.c     ****         blinkdot(led_flag);
 1201              		.loc 1 325 0
 1202 0662 FB1D     		add	r3, r7, #7
 1203 0664 1B78     		ldrb	r3, [r3]
 1204 0666 181C     		mov	r0, r3
 1205 0668 FFF7FEFF 		bl	blinkdot
 326:.\morse.c     ****         blinkdash(led_flag);
 1206              		.loc 1 326 0
 1207 066c FB1D     		add	r3, r7, #7
 1208 066e 1B78     		ldrb	r3, [r3]
 1209 0670 181C     		mov	r0, r3
 1210 0672 FFF7FEFF 		bl	blinkdash
 327:.\morse.c     ****         char_separate();
 1211              		.loc 1 327 0
 1212 0676 FFF7FEFF 		bl	char_separate
ARM GAS  C:\Users\Admin\AppData\Local\Temp\ccKQVUVM.s 			page 28


 328:.\morse.c     ****         break;
 1213              		.loc 1 328 0
 1214 067a 26E0     		b	.L12
 1215              	.L18:
 329:.\morse.c     ****        case ',':
 330:.\morse.c     ****         blinkdash(led_flag);
 1216              		.loc 1 330 0
 1217 067c FB1D     		add	r3, r7, #7
 1218 067e 1B78     		ldrb	r3, [r3]
 1219 0680 181C     		mov	r0, r3
 1220 0682 FFF7FEFF 		bl	blinkdash
 331:.\morse.c     ****         blinkdash(led_flag);
 1221              		.loc 1 331 0
 1222 0686 FB1D     		add	r3, r7, #7
 1223 0688 1B78     		ldrb	r3, [r3]
 1224 068a 181C     		mov	r0, r3
 1225 068c FFF7FEFF 		bl	blinkdash
 332:.\morse.c     ****         blinkdot(led_flag);
 1226              		.loc 1 332 0
 1227 0690 FB1D     		add	r3, r7, #7
 1228 0692 1B78     		ldrb	r3, [r3]
 1229 0694 181C     		mov	r0, r3
 1230 0696 FFF7FEFF 		bl	blinkdot
 333:.\morse.c     ****         blinkdot(led_flag);
 1231              		.loc 1 333 0
 1232 069a FB1D     		add	r3, r7, #7
 1233 069c 1B78     		ldrb	r3, [r3]
 1234 069e 181C     		mov	r0, r3
 1235 06a0 FFF7FEFF 		bl	blinkdot
 334:.\morse.c     ****         blinkdash(led_flag);
 1236              		.loc 1 334 0
 1237 06a4 FB1D     		add	r3, r7, #7
 1238 06a6 1B78     		ldrb	r3, [r3]
 1239 06a8 181C     		mov	r0, r3
 1240 06aa FFF7FEFF 		bl	blinkdash
 335:.\morse.c     ****         blinkdash(led_flag);
 1241              		.loc 1 335 0
 1242 06ae FB1D     		add	r3, r7, #7
 1243 06b0 1B78     		ldrb	r3, [r3]
 1244 06b2 181C     		mov	r0, r3
 1245 06b4 FFF7FEFF 		bl	blinkdash
 336:.\morse.c     ****         char_separate();
 1246              		.loc 1 336 0
 1247 06b8 FFF7FEFF 		bl	char_separate
 337:.\morse.c     ****         break;
 1248              		.loc 1 337 0
 1249 06bc 05E0     		b	.L12
 1250              	.L17:
 338:.\morse.c     ****        case ' ':
 339:.\morse.c     ****         CyDelay(WORD_SEPARATE_TIME);
 1251              		.loc 1 339 0
 1252 06be FA23     		mov	r3, #250
 1253 06c0 9B00     		lsl	r3, r3, #2
 1254 06c2 181C     		mov	r0, r3
 1255 06c4 FFF7FEFF 		bl	CyDelay
 340:.\morse.c     ****         break;
 1256              		.loc 1 340 0
ARM GAS  C:\Users\Admin\AppData\Local\Temp\ccKQVUVM.s 			page 29


 1257 06c8 C046     		mov	r8, r8
 1258              	.L12:
 341:.\morse.c     ****        case '\n':
 342:.\morse.c     ****         break;
 343:.\morse.c     ****    }
 344:.\morse.c     **** }
 1259              		.loc 1 344 0
 1260 06ca BD46     		mov	sp, r7
 1261 06cc 02B0     		add	sp, sp, #8
 1262              		@ sp needed
 1263 06ce 80BD     		pop	{r7, pc}
 1264              		.cfi_endproc
 1265              	.LFE36:
 1266              		.size	morse_encode, .-morse_encode
 1267              		.section	.text.morse_message,"ax",%progbits
 1268              		.align	2
 1269              		.global	morse_message
 1270              		.code	16
 1271              		.thumb_func
 1272              		.type	morse_message, %function
 1273              	morse_message:
 1274              	.LFB37:
 345:.\morse.c     **** 
 346:.\morse.c     **** void morse_message(uint8 led_flag, char* message) {
 1275              		.loc 1 346 0
 1276              		.cfi_startproc
 1277 0000 80B5     		push	{r7, lr}
 1278              		.cfi_def_cfa_offset 8
 1279              		.cfi_offset 7, -8
 1280              		.cfi_offset 14, -4
 1281 0002 84B0     		sub	sp, sp, #16
 1282              		.cfi_def_cfa_offset 24
 1283 0004 00AF     		add	r7, sp, #0
 1284              		.cfi_def_cfa_register 7
 1285 0006 021C     		mov	r2, r0
 1286 0008 3960     		str	r1, [r7]
 1287 000a FB1D     		add	r3, r7, #7
 1288 000c 1A70     		strb	r2, [r3]
 347:.\morse.c     ****     unsigned int i;
 348:.\morse.c     ****     for (i=0; i < strlen(message); i++) {
 1289              		.loc 1 348 0
 1290 000e 0023     		mov	r3, #0
 1291 0010 FB60     		str	r3, [r7, #12]
 1292 0012 13E0     		b	.L59
 1293              	.L62:
 349:.\morse.c     ****         /* Verify state */
 350:.\morse.c     ****         if(!verify_state(MORSE)) {
 1294              		.loc 1 350 0
 1295 0014 0120     		mov	r0, #1
 1296 0016 FFF7FEFF 		bl	verify_state
 1297 001a 031C     		mov	r3, r0
 1298 001c 002B     		cmp	r3, #0
 1299 001e 00D1     		bne	.L60
 351:.\morse.c     ****             return;
 1300              		.loc 1 351 0
 1301 0020 14E0     		b	.L58
 1302              	.L60:
ARM GAS  C:\Users\Admin\AppData\Local\Temp\ccKQVUVM.s 			page 30


 352:.\morse.c     ****         }
 353:.\morse.c     ****         morse_encode(led_flag, message[i]);
 1303              		.loc 1 353 0
 1304 0022 3A68     		ldr	r2, [r7]
 1305 0024 FB68     		ldr	r3, [r7, #12]
 1306 0026 D318     		add	r3, r2, r3
 1307 0028 1B78     		ldrb	r3, [r3]
 1308 002a FA1D     		add	r2, r7, #7
 1309 002c 1278     		ldrb	r2, [r2]
 1310 002e 101C     		mov	r0, r2
 1311 0030 191C     		mov	r1, r3
 1312 0032 FFF7FEFF 		bl	morse_encode
 348:.\morse.c     ****     for (i=0; i < strlen(message); i++) {
 1313              		.loc 1 348 0
 1314 0036 FB68     		ldr	r3, [r7, #12]
 1315 0038 0133     		add	r3, r3, #1
 1316 003a FB60     		str	r3, [r7, #12]
 1317              	.L59:
 348:.\morse.c     ****     for (i=0; i < strlen(message); i++) {
 1318              		.loc 1 348 0 is_stmt 0 discriminator 1
 1319 003c 3B68     		ldr	r3, [r7]
 1320 003e 181C     		mov	r0, r3
 1321 0040 FFF7FEFF 		bl	strlen
 1322 0044 021C     		mov	r2, r0
 1323 0046 FB68     		ldr	r3, [r7, #12]
 1324 0048 9A42     		cmp	r2, r3
 1325 004a E3D8     		bhi	.L62
 1326              	.L58:
 354:.\morse.c     ****     }
 355:.\morse.c     **** }
 1327              		.loc 1 355 0 is_stmt 1
 1328 004c BD46     		mov	sp, r7
 1329 004e 04B0     		add	sp, sp, #16
 1330              		@ sp needed
 1331 0050 80BD     		pop	{r7, pc}
 1332              		.cfi_endproc
 1333              	.LFE37:
 1334              		.size	morse_message, .-morse_message
 1335 0052 C046     		.text
 1336              	.Letext0:
 1337              		.file 2 ".\\Generated_Source\\PSoC4/cytypes.h"
 1338              		.section	.debug_info,"",%progbits
 1339              	.Ldebug_info0:
 1340 0000 5C010000 		.4byte	0x15c
 1341 0004 0400     		.2byte	0x4
 1342 0006 00000000 		.4byte	.Ldebug_abbrev0
 1343 000a 04       		.byte	0x4
 1344 000b 01       		.uleb128 0x1
 1345 000c D1000000 		.4byte	.LASF18
 1346 0010 01       		.byte	0x1
 1347 0011 81000000 		.4byte	.LASF19
 1348 0015 3A000000 		.4byte	.LASF20
 1349 0019 00000000 		.4byte	.Ldebug_ranges0+0
 1350 001d 00000000 		.4byte	0
 1351 0021 00000000 		.4byte	.Ldebug_line0
 1352 0025 02       		.uleb128 0x2
 1353 0026 01       		.byte	0x1
ARM GAS  C:\Users\Admin\AppData\Local\Temp\ccKQVUVM.s 			page 31


 1354 0027 06       		.byte	0x6
 1355 0028 91010000 		.4byte	.LASF0
 1356 002c 02       		.uleb128 0x2
 1357 002d 01       		.byte	0x1
 1358 002e 08       		.byte	0x8
 1359 002f 4D010000 		.4byte	.LASF1
 1360 0033 02       		.uleb128 0x2
 1361 0034 02       		.byte	0x2
 1362 0035 05       		.byte	0x5
 1363 0036 AC010000 		.4byte	.LASF2
 1364 003a 02       		.uleb128 0x2
 1365 003b 02       		.byte	0x2
 1366 003c 07       		.byte	0x7
 1367 003d 7E010000 		.4byte	.LASF3
 1368 0041 02       		.uleb128 0x2
 1369 0042 04       		.byte	0x4
 1370 0043 05       		.byte	0x5
 1371 0044 60010000 		.4byte	.LASF4
 1372 0048 02       		.uleb128 0x2
 1373 0049 04       		.byte	0x4
 1374 004a 07       		.byte	0x7
 1375 004b 91000000 		.4byte	.LASF5
 1376 004f 02       		.uleb128 0x2
 1377 0050 08       		.byte	0x8
 1378 0051 05       		.byte	0x5
 1379 0052 00000000 		.4byte	.LASF6
 1380 0056 02       		.uleb128 0x2
 1381 0057 08       		.byte	0x8
 1382 0058 07       		.byte	0x7
 1383 0059 A3000000 		.4byte	.LASF7
 1384 005d 03       		.uleb128 0x3
 1385 005e 04       		.byte	0x4
 1386 005f 05       		.byte	0x5
 1387 0060 696E7400 		.ascii	"int\000"
 1388 0064 02       		.uleb128 0x2
 1389 0065 04       		.byte	0x4
 1390 0066 07       		.byte	0x7
 1391 0067 18000000 		.4byte	.LASF8
 1392 006b 04       		.uleb128 0x4
 1393 006c 8B000000 		.4byte	.LASF21
 1394 0070 02       		.byte	0x2
 1395 0071 A1       		.byte	0xa1
 1396 0072 2C000000 		.4byte	0x2c
 1397 0076 02       		.uleb128 0x2
 1398 0077 04       		.byte	0x4
 1399 0078 04       		.byte	0x4
 1400 0079 A6010000 		.4byte	.LASF9
 1401 007d 02       		.uleb128 0x2
 1402 007e 08       		.byte	0x8
 1403 007f 04       		.byte	0x4
 1404 0080 69010000 		.4byte	.LASF10
 1405 0084 02       		.uleb128 0x2
 1406 0085 01       		.byte	0x1
 1407 0086 08       		.byte	0x8
 1408 0087 5B010000 		.4byte	.LASF11
 1409 008b 02       		.uleb128 0x2
 1410 008c 04       		.byte	0x4
ARM GAS  C:\Users\Admin\AppData\Local\Temp\ccKQVUVM.s 			page 32


 1411 008d 07       		.byte	0x7
 1412 008e B6010000 		.4byte	.LASF12
 1413 0092 05       		.uleb128 0x5
 1414 0093 04       		.byte	0x4
 1415 0094 84000000 		.4byte	0x84
 1416 0098 06       		.uleb128 0x6
 1417 0099 BA000000 		.4byte	.LASF13
 1418 009d 01       		.byte	0x1
 1419 009e 12       		.byte	0x12
 1420 009f 00000000 		.4byte	.LFB33
 1421 00a3 44000000 		.4byte	.LFE33-.LFB33
 1422 00a7 01       		.uleb128 0x1
 1423 00a8 9C       		.byte	0x9c
 1424 00a9 BC000000 		.4byte	0xbc
 1425 00ad 07       		.uleb128 0x7
 1426 00ae 9D010000 		.4byte	.LASF15
 1427 00b2 01       		.byte	0x1
 1428 00b3 12       		.byte	0x12
 1429 00b4 6B000000 		.4byte	0x6b
 1430 00b8 02       		.uleb128 0x2
 1431 00b9 91       		.byte	0x91
 1432 00ba 77       		.sleb128 -9
 1433 00bb 00       		.byte	0
 1434 00bc 06       		.uleb128 0x6
 1435 00bd 0E000000 		.4byte	.LASF14
 1436 00c1 01       		.byte	0x1
 1437 00c2 1D       		.byte	0x1d
 1438 00c3 00000000 		.4byte	.LFB34
 1439 00c7 48000000 		.4byte	.LFE34-.LFB34
 1440 00cb 01       		.uleb128 0x1
 1441 00cc 9C       		.byte	0x9c
 1442 00cd E0000000 		.4byte	0xe0
 1443 00d1 07       		.uleb128 0x7
 1444 00d2 9D010000 		.4byte	.LASF15
 1445 00d6 01       		.byte	0x1
 1446 00d7 1D       		.byte	0x1d
 1447 00d8 6B000000 		.4byte	0x6b
 1448 00dc 02       		.uleb128 0x2
 1449 00dd 91       		.byte	0x91
 1450 00de 77       		.sleb128 -9
 1451 00df 00       		.byte	0
 1452 00e0 08       		.uleb128 0x8
 1453 00e1 C3000000 		.4byte	.LASF22
 1454 00e5 01       		.byte	0x1
 1455 00e6 28       		.byte	0x28
 1456 00e7 00000000 		.4byte	.LFB35
 1457 00eb 20000000 		.4byte	.LFE35-.LFB35
 1458 00ef 01       		.uleb128 0x1
 1459 00f0 9C       		.byte	0x9c
 1460 00f1 06       		.uleb128 0x6
 1461 00f2 2D000000 		.4byte	.LASF16
 1462 00f6 01       		.byte	0x1
 1463 00f7 30       		.byte	0x30
 1464 00f8 00000000 		.4byte	.LFB36
 1465 00fc D0060000 		.4byte	.LFE36-.LFB36
 1466 0100 01       		.uleb128 0x1
 1467 0101 9C       		.byte	0x9c
ARM GAS  C:\Users\Admin\AppData\Local\Temp\ccKQVUVM.s 			page 33


 1468 0102 21010000 		.4byte	0x121
 1469 0106 07       		.uleb128 0x7
 1470 0107 9D010000 		.4byte	.LASF15
 1471 010b 01       		.byte	0x1
 1472 010c 30       		.byte	0x30
 1473 010d 6B000000 		.4byte	0x6b
 1474 0111 02       		.uleb128 0x2
 1475 0112 91       		.byte	0x91
 1476 0113 77       		.sleb128 -9
 1477 0114 09       		.uleb128 0x9
 1478 0115 6300     		.ascii	"c\000"
 1479 0117 01       		.byte	0x1
 1480 0118 30       		.byte	0x30
 1481 0119 84000000 		.4byte	0x84
 1482 011d 02       		.uleb128 0x2
 1483 011e 91       		.byte	0x91
 1484 011f 76       		.sleb128 -10
 1485 0120 00       		.byte	0
 1486 0121 0A       		.uleb128 0xa
 1487 0122 70010000 		.4byte	.LASF23
 1488 0126 01       		.byte	0x1
 1489 0127 5A01     		.2byte	0x15a
 1490 0129 00000000 		.4byte	.LFB37
 1491 012d 52000000 		.4byte	.LFE37-.LFB37
 1492 0131 01       		.uleb128 0x1
 1493 0132 9C       		.byte	0x9c
 1494 0133 0B       		.uleb128 0xb
 1495 0134 9D010000 		.4byte	.LASF15
 1496 0138 01       		.byte	0x1
 1497 0139 5A01     		.2byte	0x15a
 1498 013b 6B000000 		.4byte	0x6b
 1499 013f 02       		.uleb128 0x2
 1500 0140 91       		.byte	0x91
 1501 0141 6F       		.sleb128 -17
 1502 0142 0B       		.uleb128 0xb
 1503 0143 25000000 		.4byte	.LASF17
 1504 0147 01       		.byte	0x1
 1505 0148 5A01     		.2byte	0x15a
 1506 014a 92000000 		.4byte	0x92
 1507 014e 02       		.uleb128 0x2
 1508 014f 91       		.byte	0x91
 1509 0150 68       		.sleb128 -24
 1510 0151 0C       		.uleb128 0xc
 1511 0152 6900     		.ascii	"i\000"
 1512 0154 01       		.byte	0x1
 1513 0155 5B01     		.2byte	0x15b
 1514 0157 64000000 		.4byte	0x64
 1515 015b 02       		.uleb128 0x2
 1516 015c 91       		.byte	0x91
 1517 015d 74       		.sleb128 -12
 1518 015e 00       		.byte	0
 1519 015f 00       		.byte	0
 1520              		.section	.debug_abbrev,"",%progbits
 1521              	.Ldebug_abbrev0:
 1522 0000 01       		.uleb128 0x1
 1523 0001 11       		.uleb128 0x11
 1524 0002 01       		.byte	0x1
ARM GAS  C:\Users\Admin\AppData\Local\Temp\ccKQVUVM.s 			page 34


 1525 0003 25       		.uleb128 0x25
 1526 0004 0E       		.uleb128 0xe
 1527 0005 13       		.uleb128 0x13
 1528 0006 0B       		.uleb128 0xb
 1529 0007 03       		.uleb128 0x3
 1530 0008 0E       		.uleb128 0xe
 1531 0009 1B       		.uleb128 0x1b
 1532 000a 0E       		.uleb128 0xe
 1533 000b 55       		.uleb128 0x55
 1534 000c 17       		.uleb128 0x17
 1535 000d 11       		.uleb128 0x11
 1536 000e 01       		.uleb128 0x1
 1537 000f 10       		.uleb128 0x10
 1538 0010 17       		.uleb128 0x17
 1539 0011 00       		.byte	0
 1540 0012 00       		.byte	0
 1541 0013 02       		.uleb128 0x2
 1542 0014 24       		.uleb128 0x24
 1543 0015 00       		.byte	0
 1544 0016 0B       		.uleb128 0xb
 1545 0017 0B       		.uleb128 0xb
 1546 0018 3E       		.uleb128 0x3e
 1547 0019 0B       		.uleb128 0xb
 1548 001a 03       		.uleb128 0x3
 1549 001b 0E       		.uleb128 0xe
 1550 001c 00       		.byte	0
 1551 001d 00       		.byte	0
 1552 001e 03       		.uleb128 0x3
 1553 001f 24       		.uleb128 0x24
 1554 0020 00       		.byte	0
 1555 0021 0B       		.uleb128 0xb
 1556 0022 0B       		.uleb128 0xb
 1557 0023 3E       		.uleb128 0x3e
 1558 0024 0B       		.uleb128 0xb
 1559 0025 03       		.uleb128 0x3
 1560 0026 08       		.uleb128 0x8
 1561 0027 00       		.byte	0
 1562 0028 00       		.byte	0
 1563 0029 04       		.uleb128 0x4
 1564 002a 16       		.uleb128 0x16
 1565 002b 00       		.byte	0
 1566 002c 03       		.uleb128 0x3
 1567 002d 0E       		.uleb128 0xe
 1568 002e 3A       		.uleb128 0x3a
 1569 002f 0B       		.uleb128 0xb
 1570 0030 3B       		.uleb128 0x3b
 1571 0031 0B       		.uleb128 0xb
 1572 0032 49       		.uleb128 0x49
 1573 0033 13       		.uleb128 0x13
 1574 0034 00       		.byte	0
 1575 0035 00       		.byte	0
 1576 0036 05       		.uleb128 0x5
 1577 0037 0F       		.uleb128 0xf
 1578 0038 00       		.byte	0
 1579 0039 0B       		.uleb128 0xb
 1580 003a 0B       		.uleb128 0xb
 1581 003b 49       		.uleb128 0x49
ARM GAS  C:\Users\Admin\AppData\Local\Temp\ccKQVUVM.s 			page 35


 1582 003c 13       		.uleb128 0x13
 1583 003d 00       		.byte	0
 1584 003e 00       		.byte	0
 1585 003f 06       		.uleb128 0x6
 1586 0040 2E       		.uleb128 0x2e
 1587 0041 01       		.byte	0x1
 1588 0042 3F       		.uleb128 0x3f
 1589 0043 19       		.uleb128 0x19
 1590 0044 03       		.uleb128 0x3
 1591 0045 0E       		.uleb128 0xe
 1592 0046 3A       		.uleb128 0x3a
 1593 0047 0B       		.uleb128 0xb
 1594 0048 3B       		.uleb128 0x3b
 1595 0049 0B       		.uleb128 0xb
 1596 004a 27       		.uleb128 0x27
 1597 004b 19       		.uleb128 0x19
 1598 004c 11       		.uleb128 0x11
 1599 004d 01       		.uleb128 0x1
 1600 004e 12       		.uleb128 0x12
 1601 004f 06       		.uleb128 0x6
 1602 0050 40       		.uleb128 0x40
 1603 0051 18       		.uleb128 0x18
 1604 0052 9642     		.uleb128 0x2116
 1605 0054 19       		.uleb128 0x19
 1606 0055 01       		.uleb128 0x1
 1607 0056 13       		.uleb128 0x13
 1608 0057 00       		.byte	0
 1609 0058 00       		.byte	0
 1610 0059 07       		.uleb128 0x7
 1611 005a 05       		.uleb128 0x5
 1612 005b 00       		.byte	0
 1613 005c 03       		.uleb128 0x3
 1614 005d 0E       		.uleb128 0xe
 1615 005e 3A       		.uleb128 0x3a
 1616 005f 0B       		.uleb128 0xb
 1617 0060 3B       		.uleb128 0x3b
 1618 0061 0B       		.uleb128 0xb
 1619 0062 49       		.uleb128 0x49
 1620 0063 13       		.uleb128 0x13
 1621 0064 02       		.uleb128 0x2
 1622 0065 18       		.uleb128 0x18
 1623 0066 00       		.byte	0
 1624 0067 00       		.byte	0
 1625 0068 08       		.uleb128 0x8
 1626 0069 2E       		.uleb128 0x2e
 1627 006a 00       		.byte	0
 1628 006b 3F       		.uleb128 0x3f
 1629 006c 19       		.uleb128 0x19
 1630 006d 03       		.uleb128 0x3
 1631 006e 0E       		.uleb128 0xe
 1632 006f 3A       		.uleb128 0x3a
 1633 0070 0B       		.uleb128 0xb
 1634 0071 3B       		.uleb128 0x3b
 1635 0072 0B       		.uleb128 0xb
 1636 0073 27       		.uleb128 0x27
 1637 0074 19       		.uleb128 0x19
 1638 0075 11       		.uleb128 0x11
ARM GAS  C:\Users\Admin\AppData\Local\Temp\ccKQVUVM.s 			page 36


 1639 0076 01       		.uleb128 0x1
 1640 0077 12       		.uleb128 0x12
 1641 0078 06       		.uleb128 0x6
 1642 0079 40       		.uleb128 0x40
 1643 007a 18       		.uleb128 0x18
 1644 007b 9642     		.uleb128 0x2116
 1645 007d 19       		.uleb128 0x19
 1646 007e 00       		.byte	0
 1647 007f 00       		.byte	0
 1648 0080 09       		.uleb128 0x9
 1649 0081 05       		.uleb128 0x5
 1650 0082 00       		.byte	0
 1651 0083 03       		.uleb128 0x3
 1652 0084 08       		.uleb128 0x8
 1653 0085 3A       		.uleb128 0x3a
 1654 0086 0B       		.uleb128 0xb
 1655 0087 3B       		.uleb128 0x3b
 1656 0088 0B       		.uleb128 0xb
 1657 0089 49       		.uleb128 0x49
 1658 008a 13       		.uleb128 0x13
 1659 008b 02       		.uleb128 0x2
 1660 008c 18       		.uleb128 0x18
 1661 008d 00       		.byte	0
 1662 008e 00       		.byte	0
 1663 008f 0A       		.uleb128 0xa
 1664 0090 2E       		.uleb128 0x2e
 1665 0091 01       		.byte	0x1
 1666 0092 3F       		.uleb128 0x3f
 1667 0093 19       		.uleb128 0x19
 1668 0094 03       		.uleb128 0x3
 1669 0095 0E       		.uleb128 0xe
 1670 0096 3A       		.uleb128 0x3a
 1671 0097 0B       		.uleb128 0xb
 1672 0098 3B       		.uleb128 0x3b
 1673 0099 05       		.uleb128 0x5
 1674 009a 27       		.uleb128 0x27
 1675 009b 19       		.uleb128 0x19
 1676 009c 11       		.uleb128 0x11
 1677 009d 01       		.uleb128 0x1
 1678 009e 12       		.uleb128 0x12
 1679 009f 06       		.uleb128 0x6
 1680 00a0 40       		.uleb128 0x40
 1681 00a1 18       		.uleb128 0x18
 1682 00a2 9642     		.uleb128 0x2116
 1683 00a4 19       		.uleb128 0x19
 1684 00a5 00       		.byte	0
 1685 00a6 00       		.byte	0
 1686 00a7 0B       		.uleb128 0xb
 1687 00a8 05       		.uleb128 0x5
 1688 00a9 00       		.byte	0
 1689 00aa 03       		.uleb128 0x3
 1690 00ab 0E       		.uleb128 0xe
 1691 00ac 3A       		.uleb128 0x3a
 1692 00ad 0B       		.uleb128 0xb
 1693 00ae 3B       		.uleb128 0x3b
 1694 00af 05       		.uleb128 0x5
 1695 00b0 49       		.uleb128 0x49
ARM GAS  C:\Users\Admin\AppData\Local\Temp\ccKQVUVM.s 			page 37


 1696 00b1 13       		.uleb128 0x13
 1697 00b2 02       		.uleb128 0x2
 1698 00b3 18       		.uleb128 0x18
 1699 00b4 00       		.byte	0
 1700 00b5 00       		.byte	0
 1701 00b6 0C       		.uleb128 0xc
 1702 00b7 34       		.uleb128 0x34
 1703 00b8 00       		.byte	0
 1704 00b9 03       		.uleb128 0x3
 1705 00ba 08       		.uleb128 0x8
 1706 00bb 3A       		.uleb128 0x3a
 1707 00bc 0B       		.uleb128 0xb
 1708 00bd 3B       		.uleb128 0x3b
 1709 00be 05       		.uleb128 0x5
 1710 00bf 49       		.uleb128 0x49
 1711 00c0 13       		.uleb128 0x13
 1712 00c1 02       		.uleb128 0x2
 1713 00c2 18       		.uleb128 0x18
 1714 00c3 00       		.byte	0
 1715 00c4 00       		.byte	0
 1716 00c5 00       		.byte	0
 1717              		.section	.debug_aranges,"",%progbits
 1718 0000 3C000000 		.4byte	0x3c
 1719 0004 0200     		.2byte	0x2
 1720 0006 00000000 		.4byte	.Ldebug_info0
 1721 000a 04       		.byte	0x4
 1722 000b 00       		.byte	0
 1723 000c 0000     		.2byte	0
 1724 000e 0000     		.2byte	0
 1725 0010 00000000 		.4byte	.LFB33
 1726 0014 44000000 		.4byte	.LFE33-.LFB33
 1727 0018 00000000 		.4byte	.LFB34
 1728 001c 48000000 		.4byte	.LFE34-.LFB34
 1729 0020 00000000 		.4byte	.LFB35
 1730 0024 20000000 		.4byte	.LFE35-.LFB35
 1731 0028 00000000 		.4byte	.LFB36
 1732 002c D0060000 		.4byte	.LFE36-.LFB36
 1733 0030 00000000 		.4byte	.LFB37
 1734 0034 52000000 		.4byte	.LFE37-.LFB37
 1735 0038 00000000 		.4byte	0
 1736 003c 00000000 		.4byte	0
 1737              		.section	.debug_ranges,"",%progbits
 1738              	.Ldebug_ranges0:
 1739 0000 00000000 		.4byte	.LFB33
 1740 0004 44000000 		.4byte	.LFE33
 1741 0008 00000000 		.4byte	.LFB34
 1742 000c 48000000 		.4byte	.LFE34
 1743 0010 00000000 		.4byte	.LFB35
 1744 0014 20000000 		.4byte	.LFE35
 1745 0018 00000000 		.4byte	.LFB36
 1746 001c D0060000 		.4byte	.LFE36
 1747 0020 00000000 		.4byte	.LFB37
 1748 0024 52000000 		.4byte	.LFE37
 1749 0028 00000000 		.4byte	0
 1750 002c 00000000 		.4byte	0
 1751              		.section	.debug_line,"",%progbits
 1752              	.Ldebug_line0:
ARM GAS  C:\Users\Admin\AppData\Local\Temp\ccKQVUVM.s 			page 38


 1753 0000 99010000 		.section	.debug_str,"MS",%progbits,1
 1753      02004600 
 1753      00000201 
 1753      FB0E0D00 
 1753      01010101 
 1754              	.LASF6:
 1755 0000 6C6F6E67 		.ascii	"long long int\000"
 1755      206C6F6E 
 1755      6720696E 
 1755      7400
 1756              	.LASF14:
 1757 000e 626C696E 		.ascii	"blinkdash\000"
 1757      6B646173 
 1757      6800
 1758              	.LASF8:
 1759 0018 756E7369 		.ascii	"unsigned int\000"
 1759      676E6564 
 1759      20696E74 
 1759      00
 1760              	.LASF17:
 1761 0025 6D657373 		.ascii	"message\000"
 1761      61676500 
 1762              	.LASF16:
 1763 002d 6D6F7273 		.ascii	"morse_encode\000"
 1763      655F656E 
 1763      636F6465 
 1763      00
 1764              	.LASF20:
 1765 003a 433A5C55 		.ascii	"C:\\Users\\Admin\\Desktop\\Student Badge\\Student_B"
 1765      73657273 
 1765      5C41646D 
 1765      696E5C44 
 1765      65736B74 
 1766 0068 61646765 		.ascii	"adge\\Student_Badge.cydsn\000"
 1766      5C537475 
 1766      64656E74 
 1766      5F426164 
 1766      67652E63 
 1767              	.LASF19:
 1768 0081 2E5C6D6F 		.ascii	".\\morse.c\000"
 1768      7273652E 
 1768      6300
 1769              	.LASF21:
 1770 008b 75696E74 		.ascii	"uint8\000"
 1770      3800
 1771              	.LASF5:
 1772 0091 6C6F6E67 		.ascii	"long unsigned int\000"
 1772      20756E73 
 1772      69676E65 
 1772      6420696E 
 1772      7400
 1773              	.LASF7:
 1774 00a3 6C6F6E67 		.ascii	"long long unsigned int\000"
 1774      206C6F6E 
 1774      6720756E 
 1774      7369676E 
 1774      65642069 
ARM GAS  C:\Users\Admin\AppData\Local\Temp\ccKQVUVM.s 			page 39


 1775              	.LASF13:
 1776 00ba 626C696E 		.ascii	"blinkdot\000"
 1776      6B646F74 
 1776      00
 1777              	.LASF22:
 1778 00c3 63686172 		.ascii	"char_separate\000"
 1778      5F736570 
 1778      61726174 
 1778      6500
 1779              	.LASF18:
 1780 00d1 474E5520 		.ascii	"GNU C 4.8.4 20140526 (release) [ARM/embedded-4_8-br"
 1780      4320342E 
 1780      382E3420 
 1780      32303134 
 1780      30353236 
 1781 0104 616E6368 		.ascii	"anch revision 211358] -mcpu=cortex-m0 -mthumb -g -O"
 1781      20726576 
 1781      6973696F 
 1781      6E203231 
 1781      31333538 
 1782 0137 30202D66 		.ascii	"0 -ffunction-sections\000"
 1782      66756E63 
 1782      74696F6E 
 1782      2D736563 
 1782      74696F6E 
 1783              	.LASF1:
 1784 014d 756E7369 		.ascii	"unsigned char\000"
 1784      676E6564 
 1784      20636861 
 1784      7200
 1785              	.LASF11:
 1786 015b 63686172 		.ascii	"char\000"
 1786      00
 1787              	.LASF4:
 1788 0160 6C6F6E67 		.ascii	"long int\000"
 1788      20696E74 
 1788      00
 1789              	.LASF10:
 1790 0169 646F7562 		.ascii	"double\000"
 1790      6C6500
 1791              	.LASF23:
 1792 0170 6D6F7273 		.ascii	"morse_message\000"
 1792      655F6D65 
 1792      73736167 
 1792      6500
 1793              	.LASF3:
 1794 017e 73686F72 		.ascii	"short unsigned int\000"
 1794      7420756E 
 1794      7369676E 
 1794      65642069 
 1794      6E7400
 1795              	.LASF0:
 1796 0191 7369676E 		.ascii	"signed char\000"
 1796      65642063 
 1796      68617200 
 1797              	.LASF15:
 1798 019d 6C65645F 		.ascii	"led_flag\000"
ARM GAS  C:\Users\Admin\AppData\Local\Temp\ccKQVUVM.s 			page 40


 1798      666C6167 
 1798      00
 1799              	.LASF9:
 1800 01a6 666C6F61 		.ascii	"float\000"
 1800      7400
 1801              	.LASF2:
 1802 01ac 73686F72 		.ascii	"short int\000"
 1802      7420696E 
 1802      7400
 1803              	.LASF12:
 1804 01b6 73697A65 		.ascii	"sizetype\000"
 1804      74797065 
 1804      00
 1805              		.ident	"GCC: (GNU Tools for ARM Embedded Processors) 4.8.4 20140526 (release) [ARM/embedded-4_8-br
