ARM GAS  C:\Users\Admin\AppData\Local\Temp\ccO5YTHF.s 			page 1


   1              		.cpu cortex-m0
   2              		.fpu softvfp
   3              		.eabi_attribute 20, 1
   4              		.eabi_attribute 21, 1
   5              		.eabi_attribute 23, 3
   6              		.eabi_attribute 24, 1
   7              		.eabi_attribute 25, 1
   8              		.eabi_attribute 26, 1
   9              		.eabi_attribute 30, 6
  10              		.eabi_attribute 34, 0
  11              		.eabi_attribute 18, 4
  12              		.code	16
  13              		.file	"morse.c"
  14              		.text
  15              	.Ltext0:
  16              		.cfi_sections	.debug_frame
  17              		.section	.text.blinkdot,"ax",%progbits
  18              		.align	2
  19              		.global	blinkdot
  20              		.code	16
  21              		.thumb_func
  22              		.type	blinkdot, %function
  23              	blinkdot:
  24              	.LFB33:
  25              		.file 1 ".\\morse.c"
   1:.\morse.c     **** /* ========================================
   2:.\morse.c     ****  *
   3:.\morse.c     ****  * Copyright Nullify, 2016
   4:.\morse.c     ****  * All Rights Reserved
   5:.\morse.c     ****  * UNPUBLISHED, LICENSED SOFTWARE.
   6:.\morse.c     ****  *
   7:.\morse.c     ****  * CONFIDENTIAL AND PROPRIETARY INFORMATION
   8:.\morse.c     ****  * WHICH IS THE PROPERTY OF NULLIY.
   9:.\morse.c     ****  *
  10:.\morse.c     ****  * ========================================
  11:.\morse.c     **** */
  12:.\morse.c     **** #include <project.h>
  13:.\morse.c     **** #include <string.h>
  14:.\morse.c     **** #include "lightlib.h"
  15:.\morse.c     **** #include "morse.h"
  16:.\morse.c     **** #include "state.h"
  17:.\morse.c     **** 
  18:.\morse.c     **** void blinkdot(uint8 led_flag) {
  26              		.loc 1 18 0
  27              		.cfi_startproc
  28 0000 80B5     		push	{r7, lr}
  29              		.cfi_def_cfa_offset 8
  30              		.cfi_offset 7, -8
  31              		.cfi_offset 14, -4
  32 0002 82B0     		sub	sp, sp, #8
  33              		.cfi_def_cfa_offset 16
  34 0004 00AF     		add	r7, sp, #0
  35              		.cfi_def_cfa_register 7
  36 0006 021C     		mov	r2, r0
  37 0008 FB1D     		add	r3, r7, #7
  38 000a 1A70     		strb	r2, [r3]
  19:.\morse.c     ****     /* Verify state */
ARM GAS  C:\Users\Admin\AppData\Local\Temp\ccO5YTHF.s 			page 2


  20:.\morse.c     ****     if(!verify_state(VOLUNTEER)) {
  39              		.loc 1 20 0
  40 000c 0120     		mov	r0, #1
  41 000e FFF7FEFF 		bl	verify_state
  42 0012 031C     		mov	r3, r0
  43 0014 002B     		cmp	r3, #0
  44 0016 00D1     		bne	.L2
  21:.\morse.c     ****         return;
  45              		.loc 1 21 0
  46 0018 11E0     		b	.L1
  47              	.L2:
  22:.\morse.c     ****     }
  23:.\morse.c     ****     turn_on(led_flag);
  48              		.loc 1 23 0
  49 001a FB1D     		add	r3, r7, #7
  50 001c 1B78     		ldrb	r3, [r3]
  51 001e 181C     		mov	r0, r3
  52 0020 FFF7FEFF 		bl	turn_on
  24:.\morse.c     ****     CyDelay(DOT_ON_TIME);
  53              		.loc 1 24 0
  54 0024 FA23     		mov	r3, #250
  55 0026 5B00     		lsl	r3, r3, #1
  56 0028 181C     		mov	r0, r3
  57 002a FFF7FEFF 		bl	CyDelay
  25:.\morse.c     ****     turn_off(led_flag);
  58              		.loc 1 25 0
  59 002e FB1D     		add	r3, r7, #7
  60 0030 1B78     		ldrb	r3, [r3]
  61 0032 181C     		mov	r0, r3
  62 0034 FFF7FEFF 		bl	turn_off
  26:.\morse.c     ****     CyDelay(DOT_OFF_TIME);
  63              		.loc 1 26 0
  64 0038 FA20     		mov	r0, #250
  65 003a FFF7FEFF 		bl	CyDelay
  66              	.L1:
  27:.\morse.c     **** }
  67              		.loc 1 27 0
  68 003e BD46     		mov	sp, r7
  69 0040 02B0     		add	sp, sp, #8
  70              		@ sp needed
  71 0042 80BD     		pop	{r7, pc}
  72              		.cfi_endproc
  73              	.LFE33:
  74              		.size	blinkdot, .-blinkdot
  75              		.section	.text.blinkdash,"ax",%progbits
  76              		.align	2
  77              		.global	blinkdash
  78              		.code	16
  79              		.thumb_func
  80              		.type	blinkdash, %function
  81              	blinkdash:
  82              	.LFB34:
  28:.\morse.c     **** 
  29:.\morse.c     **** void blinkdash(uint8 led_flag) {
  83              		.loc 1 29 0
  84              		.cfi_startproc
  85 0000 80B5     		push	{r7, lr}
ARM GAS  C:\Users\Admin\AppData\Local\Temp\ccO5YTHF.s 			page 3


  86              		.cfi_def_cfa_offset 8
  87              		.cfi_offset 7, -8
  88              		.cfi_offset 14, -4
  89 0002 82B0     		sub	sp, sp, #8
  90              		.cfi_def_cfa_offset 16
  91 0004 00AF     		add	r7, sp, #0
  92              		.cfi_def_cfa_register 7
  93 0006 021C     		mov	r2, r0
  94 0008 FB1D     		add	r3, r7, #7
  95 000a 1A70     		strb	r2, [r3]
  30:.\morse.c     ****     /* Verify state */
  31:.\morse.c     ****     if(!verify_state(VOLUNTEER)) {
  96              		.loc 1 31 0
  97 000c 0120     		mov	r0, #1
  98 000e FFF7FEFF 		bl	verify_state
  99 0012 031C     		mov	r3, r0
 100 0014 002B     		cmp	r3, #0
 101 0016 00D1     		bne	.L5
  32:.\morse.c     ****         return;
 102              		.loc 1 32 0
 103 0018 10E0     		b	.L4
 104              	.L5:
  33:.\morse.c     ****     }
  34:.\morse.c     ****     turn_on(led_flag);
 105              		.loc 1 34 0
 106 001a FB1D     		add	r3, r7, #7
 107 001c 1B78     		ldrb	r3, [r3]
 108 001e 181C     		mov	r0, r3
 109 0020 FFF7FEFF 		bl	turn_on
  35:.\morse.c     ****     CyDelay(DASH_ON_TIME);
 110              		.loc 1 35 0
 111 0024 074B     		ldr	r3, .L7
 112 0026 181C     		mov	r0, r3
 113 0028 FFF7FEFF 		bl	CyDelay
  36:.\morse.c     ****     turn_off(led_flag);
 114              		.loc 1 36 0
 115 002c FB1D     		add	r3, r7, #7
 116 002e 1B78     		ldrb	r3, [r3]
 117 0030 181C     		mov	r0, r3
 118 0032 FFF7FEFF 		bl	turn_off
  37:.\morse.c     ****     CyDelay(DASH_OFF_TIME);
 119              		.loc 1 37 0
 120 0036 FA20     		mov	r0, #250
 121 0038 FFF7FEFF 		bl	CyDelay
 122              	.L4:
  38:.\morse.c     **** }
 123              		.loc 1 38 0
 124 003c BD46     		mov	sp, r7
 125 003e 02B0     		add	sp, sp, #8
 126              		@ sp needed
 127 0040 80BD     		pop	{r7, pc}
 128              	.L8:
 129 0042 C046     		.align	2
 130              	.L7:
 131 0044 DC050000 		.word	1500
 132              		.cfi_endproc
 133              	.LFE34:
ARM GAS  C:\Users\Admin\AppData\Local\Temp\ccO5YTHF.s 			page 4


 134              		.size	blinkdash, .-blinkdash
 135              		.section	.text.new_message_morse,"ax",%progbits
 136              		.align	2
 137              		.global	new_message_morse
 138              		.code	16
 139              		.thumb_func
 140              		.type	new_message_morse, %function
 141              	new_message_morse:
 142              	.LFB35:
  39:.\morse.c     **** 
  40:.\morse.c     **** void new_message_morse(void) {
 143              		.loc 1 40 0
 144              		.cfi_startproc
 145 0000 90B5     		push	{r4, r7, lr}
 146              		.cfi_def_cfa_offset 12
 147              		.cfi_offset 4, -12
 148              		.cfi_offset 7, -8
 149              		.cfi_offset 14, -4
 150 0002 83B0     		sub	sp, sp, #12
 151              		.cfi_def_cfa_offset 24
 152 0004 00AF     		add	r7, sp, #0
 153              		.cfi_def_cfa_register 7
  41:.\morse.c     ****     unsigned int i;
  42:.\morse.c     ****     uint8 original_color;
  43:.\morse.c     ****     original_color = get_color(LEFT_LED);
 154              		.loc 1 43 0
 155 0006 FC1C     		add	r4, r7, #3
 156 0008 0120     		mov	r0, #1
 157 000a FFF7FEFF 		bl	get_color
 158 000e 031C     		mov	r3, r0
 159 0010 2370     		strb	r3, [r4]
  44:.\morse.c     ****     set_color(LEFT_RIGHT_LED, WHITE);
 160              		.loc 1 44 0
 161 0012 0320     		mov	r0, #3
 162 0014 0721     		mov	r1, #7
 163 0016 FFF7FEFF 		bl	set_color
  45:.\morse.c     ****     for (i=0; i<NEW_MESSAGE_NUMBER; i++) {
 164              		.loc 1 45 0
 165 001a 0023     		mov	r3, #0
 166 001c 7B60     		str	r3, [r7, #4]
 167 001e 15E0     		b	.L10
 168              	.L13:
  46:.\morse.c     ****         /* Verify state */
  47:.\morse.c     ****     if(!verify_state(VOLUNTEER)) {
 169              		.loc 1 47 0
 170 0020 0120     		mov	r0, #1
 171 0022 FFF7FEFF 		bl	verify_state
 172 0026 031C     		mov	r3, r0
 173 0028 002B     		cmp	r3, #0
 174 002a 00D1     		bne	.L11
  48:.\morse.c     ****         return;
 175              		.loc 1 48 0
 176 002c 17E0     		b	.L9
 177              	.L11:
  49:.\morse.c     ****     }
  50:.\morse.c     ****        turn_on(LEFT_RIGHT_LED);
 178              		.loc 1 50 0
ARM GAS  C:\Users\Admin\AppData\Local\Temp\ccO5YTHF.s 			page 5


 179 002e 0320     		mov	r0, #3
 180 0030 FFF7FEFF 		bl	turn_on
  51:.\morse.c     ****        CyDelay(RESET_DELAY);
 181              		.loc 1 51 0
 182 0034 FA20     		mov	r0, #250
 183 0036 FFF7FEFF 		bl	CyDelay
  52:.\morse.c     ****        turn_off(LEFT_RIGHT_LED);
 184              		.loc 1 52 0
 185 003a 0320     		mov	r0, #3
 186 003c FFF7FEFF 		bl	turn_off
  53:.\morse.c     ****        CyDelay(RESET_DELAY);
 187              		.loc 1 53 0
 188 0040 FA20     		mov	r0, #250
 189 0042 FFF7FEFF 		bl	CyDelay
  45:.\morse.c     ****     for (i=0; i<NEW_MESSAGE_NUMBER; i++) {
 190              		.loc 1 45 0
 191 0046 7B68     		ldr	r3, [r7, #4]
 192 0048 0133     		add	r3, r3, #1
 193 004a 7B60     		str	r3, [r7, #4]
 194              	.L10:
  45:.\morse.c     ****     for (i=0; i<NEW_MESSAGE_NUMBER; i++) {
 195              		.loc 1 45 0 is_stmt 0 discriminator 1
 196 004c 7B68     		ldr	r3, [r7, #4]
 197 004e 042B     		cmp	r3, #4
 198 0050 E6D9     		bls	.L13
  54:.\morse.c     ****     }
  55:.\morse.c     ****     set_color(LEFT_RIGHT_LED, original_color);
 199              		.loc 1 55 0 is_stmt 1
 200 0052 FB1C     		add	r3, r7, #3
 201 0054 1B78     		ldrb	r3, [r3]
 202 0056 0320     		mov	r0, #3
 203 0058 191C     		mov	r1, r3
 204 005a FFF7FEFF 		bl	set_color
 205              	.L9:
  56:.\morse.c     **** }
 206              		.loc 1 56 0
 207 005e BD46     		mov	sp, r7
 208 0060 03B0     		add	sp, sp, #12
 209              		@ sp needed
 210 0062 90BD     		pop	{r4, r7, pc}
 211              		.cfi_endproc
 212              	.LFE35:
 213              		.size	new_message_morse, .-new_message_morse
 214              		.section	.text.char_separate,"ax",%progbits
 215              		.align	2
 216              		.global	char_separate
 217              		.code	16
 218              		.thumb_func
 219              		.type	char_separate, %function
 220              	char_separate:
 221              	.LFB36:
  57:.\morse.c     **** 
  58:.\morse.c     **** void char_separate(void) {
 222              		.loc 1 58 0
 223              		.cfi_startproc
 224 0000 80B5     		push	{r7, lr}
 225              		.cfi_def_cfa_offset 8
ARM GAS  C:\Users\Admin\AppData\Local\Temp\ccO5YTHF.s 			page 6


 226              		.cfi_offset 7, -8
 227              		.cfi_offset 14, -4
 228 0002 00AF     		add	r7, sp, #0
 229              		.cfi_def_cfa_register 7
  59:.\morse.c     ****     /* Verify state */
  60:.\morse.c     ****     if(!verify_state(VOLUNTEER)) {
 230              		.loc 1 60 0
 231 0004 0120     		mov	r0, #1
 232 0006 FFF7FEFF 		bl	verify_state
 233 000a 031C     		mov	r3, r0
 234 000c 002B     		cmp	r3, #0
 235 000e 00D1     		bne	.L15
  61:.\morse.c     ****         return;
 236              		.loc 1 61 0
 237 0010 04E0     		b	.L14
 238              	.L15:
  62:.\morse.c     ****     }
  63:.\morse.c     ****     CyDelay(CHAR_SEPARATE_TIME);
 239              		.loc 1 63 0
 240 0012 FA23     		mov	r3, #250
 241 0014 9B00     		lsl	r3, r3, #2
 242 0016 181C     		mov	r0, r3
 243 0018 FFF7FEFF 		bl	CyDelay
 244              	.L14:
  64:.\morse.c     **** }
 245              		.loc 1 64 0
 246 001c BD46     		mov	sp, r7
 247              		@ sp needed
 248 001e 80BD     		pop	{r7, pc}
 249              		.cfi_endproc
 250              	.LFE36:
 251              		.size	char_separate, .-char_separate
 252              		.section	.text.morse_encode,"ax",%progbits
 253              		.align	2
 254              		.global	morse_encode
 255              		.code	16
 256              		.thumb_func
 257              		.type	morse_encode, %function
 258              	morse_encode:
 259              	.LFB37:
  65:.\morse.c     **** 
  66:.\morse.c     **** void morse_encode(uint8 led_flag, char c){
 260              		.loc 1 66 0
 261              		.cfi_startproc
 262 0000 80B5     		push	{r7, lr}
 263              		.cfi_def_cfa_offset 8
 264              		.cfi_offset 7, -8
 265              		.cfi_offset 14, -4
 266 0002 82B0     		sub	sp, sp, #8
 267              		.cfi_def_cfa_offset 16
 268 0004 00AF     		add	r7, sp, #0
 269              		.cfi_def_cfa_register 7
 270 0006 0A1C     		mov	r2, r1
 271 0008 FB1D     		add	r3, r7, #7
 272 000a 011C     		add	r1, r0, #0
 273 000c 1970     		strb	r1, [r3]
 274 000e BB1D     		add	r3, r7, #6
ARM GAS  C:\Users\Admin\AppData\Local\Temp\ccO5YTHF.s 			page 7


 275 0010 1A70     		strb	r2, [r3]
  67:.\morse.c     ****     /* Verify state */
  68:.\morse.c     ****     if(!verify_state(VOLUNTEER)) {
 276              		.loc 1 68 0
 277 0012 0120     		mov	r0, #1
 278 0014 FFF7FEFF 		bl	verify_state
 279 0018 031C     		mov	r3, r0
 280 001a 002B     		cmp	r3, #0
 281 001c 00D1     		bne	.L18
  69:.\morse.c     ****         return;
 282              		.loc 1 69 0
 283 001e 54E3     		b	.L17
 284              	.L18:
  70:.\morse.c     ****     }
  71:.\morse.c     ****     switch(c) {
 285              		.loc 1 71 0
 286 0020 BB1D     		add	r3, r7, #6
 287 0022 1B78     		ldrb	r3, [r3]
 288 0024 0A3B     		sub	r3, r3, #10
 289 0026 702B     		cmp	r3, #112
 290 0028 00D9     		bls	.LCB235
 291 002a 4EE3     		b	.L17	@long jump
 292              	.LCB235:
 293 002c 9A00     		lsl	r2, r3, #2
 294 002e EA4B     		ldr	r3, .L61
 295 0030 D318     		add	r3, r2, r3
 296 0032 1B68     		ldr	r3, [r3]
 297 0034 9F46     		mov	pc, r3
 298              		.section	.rodata
 299              		.align	2
 300              	.L21:
 301 0000 CA060000 		.word	.L17
 302 0004 CA060000 		.word	.L17
 303 0008 CA060000 		.word	.L17
 304 000c CA060000 		.word	.L17
 305 0010 CA060000 		.word	.L17
 306 0014 CA060000 		.word	.L17
 307 0018 CA060000 		.word	.L17
 308 001c CA060000 		.word	.L17
 309 0020 CA060000 		.word	.L17
 310 0024 CA060000 		.word	.L17
 311 0028 CA060000 		.word	.L17
 312 002c CA060000 		.word	.L17
 313 0030 CA060000 		.word	.L17
 314 0034 CA060000 		.word	.L17
 315 0038 CA060000 		.word	.L17
 316 003c CA060000 		.word	.L17
 317 0040 CA060000 		.word	.L17
 318 0044 CA060000 		.word	.L17
 319 0048 CA060000 		.word	.L17
 320 004c CA060000 		.word	.L17
 321 0050 CA060000 		.word	.L17
 322 0054 CA060000 		.word	.L17
 323 0058 BE060000 		.word	.L22
 324 005c CA060000 		.word	.L17
 325 0060 CA060000 		.word	.L17
 326 0064 CA060000 		.word	.L17
ARM GAS  C:\Users\Admin\AppData\Local\Temp\ccO5YTHF.s 			page 8


 327 0068 CA060000 		.word	.L17
 328 006c CA060000 		.word	.L17
 329 0070 CA060000 		.word	.L17
 330 0074 CA060000 		.word	.L17
 331 0078 CA060000 		.word	.L17
 332 007c CA060000 		.word	.L17
 333 0080 CA060000 		.word	.L17
 334 0084 CA060000 		.word	.L17
 335 0088 7C060000 		.word	.L23
 336 008c CA060000 		.word	.L17
 337 0090 3A060000 		.word	.L24
 338 0094 CA060000 		.word	.L17
 339 0098 0A040000 		.word	.L25
 340 009c 42040000 		.word	.L26
 341 00a0 7A040000 		.word	.L27
 342 00a4 B2040000 		.word	.L28
 343 00a8 EA040000 		.word	.L29
 344 00ac 22050000 		.word	.L30
 345 00b0 5A050000 		.word	.L31
 346 00b4 92050000 		.word	.L32
 347 00b8 CA050000 		.word	.L33
 348 00bc 02060000 		.word	.L34
 349 00c0 CA060000 		.word	.L17
 350 00c4 CA060000 		.word	.L17
 351 00c8 CA060000 		.word	.L17
 352 00cc CA060000 		.word	.L17
 353 00d0 CA060000 		.word	.L17
 354 00d4 CA060000 		.word	.L17
 355 00d8 CA060000 		.word	.L17
 356 00dc 36000000 		.word	.L35
 357 00e0 50000000 		.word	.L36
 358 00e4 7E000000 		.word	.L37
 359 00e8 AC000000 		.word	.L38
 360 00ec D0000000 		.word	.L39
 361 00f0 E0000000 		.word	.L40
 362 00f4 0E010000 		.word	.L41
 363 00f8 32010000 		.word	.L42
 364 00fc 60010000 		.word	.L43
 365 0100 7A010000 		.word	.L44
 366 0104 A8010000 		.word	.L45
 367 0108 CC010000 		.word	.L46
 368 010c FA010000 		.word	.L47
 369 0110 14020000 		.word	.L48
 370 0114 2E020000 		.word	.L49
 371 0118 52020000 		.word	.L50
 372 011c 80020000 		.word	.L51
 373 0120 AE020000 		.word	.L52
 374 0124 D2020000 		.word	.L53
 375 0128 F6020000 		.word	.L54
 376 012c 06030000 		.word	.L55
 377 0130 2A030000 		.word	.L56
 378 0134 58030000 		.word	.L57
 379 0138 7C030000 		.word	.L58
 380 013c AA030000 		.word	.L59
 381 0140 DC030000 		.word	.L60
 382 0144 CA060000 		.word	.L17
 383 0148 CA060000 		.word	.L17
ARM GAS  C:\Users\Admin\AppData\Local\Temp\ccO5YTHF.s 			page 9


 384 014c CA060000 		.word	.L17
 385 0150 CA060000 		.word	.L17
 386 0154 CA060000 		.word	.L17
 387 0158 CA060000 		.word	.L17
 388 015c 36000000 		.word	.L35
 389 0160 50000000 		.word	.L36
 390 0164 7E000000 		.word	.L37
 391 0168 AC000000 		.word	.L38
 392 016c D0000000 		.word	.L39
 393 0170 E0000000 		.word	.L40
 394 0174 0E010000 		.word	.L41
 395 0178 32010000 		.word	.L42
 396 017c 60010000 		.word	.L43
 397 0180 7A010000 		.word	.L44
 398 0184 A8010000 		.word	.L45
 399 0188 CC010000 		.word	.L46
 400 018c FA010000 		.word	.L47
 401 0190 14020000 		.word	.L48
 402 0194 2E020000 		.word	.L49
 403 0198 52020000 		.word	.L50
 404 019c 80020000 		.word	.L51
 405 01a0 AE020000 		.word	.L52
 406 01a4 D2020000 		.word	.L53
 407 01a8 F6020000 		.word	.L54
 408 01ac 06030000 		.word	.L55
 409 01b0 2A030000 		.word	.L56
 410 01b4 58030000 		.word	.L57
 411 01b8 7C030000 		.word	.L58
 412 01bc AA030000 		.word	.L59
 413 01c0 DC030000 		.word	.L60
 414              		.section	.text.morse_encode
 415              	.L35:
  72:.\morse.c     ****       case 'A':
  73:.\morse.c     ****       case 'a':
  74:.\morse.c     ****         blinkdot(led_flag);
 416              		.loc 1 74 0
 417 0036 FB1D     		add	r3, r7, #7
 418 0038 1B78     		ldrb	r3, [r3]
 419 003a 181C     		mov	r0, r3
 420 003c FFF7FEFF 		bl	blinkdot
  75:.\morse.c     ****         blinkdash(led_flag);
 421              		.loc 1 75 0
 422 0040 FB1D     		add	r3, r7, #7
 423 0042 1B78     		ldrb	r3, [r3]
 424 0044 181C     		mov	r0, r3
 425 0046 FFF7FEFF 		bl	blinkdash
  76:.\morse.c     ****         char_separate();
 426              		.loc 1 76 0
 427 004a FFF7FEFF 		bl	char_separate
  77:.\morse.c     ****         break;
 428              		.loc 1 77 0
 429 004e 3CE3     		b	.L17
 430              	.L36:
  78:.\morse.c     ****       case 'B':
  79:.\morse.c     ****       case 'b':
  80:.\morse.c     ****         blinkdash(led_flag);
 431              		.loc 1 80 0
ARM GAS  C:\Users\Admin\AppData\Local\Temp\ccO5YTHF.s 			page 10


 432 0050 FB1D     		add	r3, r7, #7
 433 0052 1B78     		ldrb	r3, [r3]
 434 0054 181C     		mov	r0, r3
 435 0056 FFF7FEFF 		bl	blinkdash
  81:.\morse.c     ****         blinkdot(led_flag);
 436              		.loc 1 81 0
 437 005a FB1D     		add	r3, r7, #7
 438 005c 1B78     		ldrb	r3, [r3]
 439 005e 181C     		mov	r0, r3
 440 0060 FFF7FEFF 		bl	blinkdot
  82:.\morse.c     ****         blinkdot(led_flag);
 441              		.loc 1 82 0
 442 0064 FB1D     		add	r3, r7, #7
 443 0066 1B78     		ldrb	r3, [r3]
 444 0068 181C     		mov	r0, r3
 445 006a FFF7FEFF 		bl	blinkdot
  83:.\morse.c     ****         blinkdot(led_flag);
 446              		.loc 1 83 0
 447 006e FB1D     		add	r3, r7, #7
 448 0070 1B78     		ldrb	r3, [r3]
 449 0072 181C     		mov	r0, r3
 450 0074 FFF7FEFF 		bl	blinkdot
  84:.\morse.c     ****         char_separate();
 451              		.loc 1 84 0
 452 0078 FFF7FEFF 		bl	char_separate
  85:.\morse.c     ****         break;
 453              		.loc 1 85 0
 454 007c 25E3     		b	.L17
 455              	.L37:
  86:.\morse.c     ****       case 'C':
  87:.\morse.c     ****       case 'c':
  88:.\morse.c     ****         blinkdash(led_flag);
 456              		.loc 1 88 0
 457 007e FB1D     		add	r3, r7, #7
 458 0080 1B78     		ldrb	r3, [r3]
 459 0082 181C     		mov	r0, r3
 460 0084 FFF7FEFF 		bl	blinkdash
  89:.\morse.c     ****         blinkdot(led_flag);
 461              		.loc 1 89 0
 462 0088 FB1D     		add	r3, r7, #7
 463 008a 1B78     		ldrb	r3, [r3]
 464 008c 181C     		mov	r0, r3
 465 008e FFF7FEFF 		bl	blinkdot
  90:.\morse.c     ****         blinkdash(led_flag);
 466              		.loc 1 90 0
 467 0092 FB1D     		add	r3, r7, #7
 468 0094 1B78     		ldrb	r3, [r3]
 469 0096 181C     		mov	r0, r3
 470 0098 FFF7FEFF 		bl	blinkdash
  91:.\morse.c     ****         blinkdot(led_flag);
 471              		.loc 1 91 0
 472 009c FB1D     		add	r3, r7, #7
 473 009e 1B78     		ldrb	r3, [r3]
 474 00a0 181C     		mov	r0, r3
 475 00a2 FFF7FEFF 		bl	blinkdot
  92:.\morse.c     ****         char_separate();
 476              		.loc 1 92 0
ARM GAS  C:\Users\Admin\AppData\Local\Temp\ccO5YTHF.s 			page 11


 477 00a6 FFF7FEFF 		bl	char_separate
  93:.\morse.c     ****         break;
 478              		.loc 1 93 0
 479 00aa 0EE3     		b	.L17
 480              	.L38:
  94:.\morse.c     ****       case 'D':
  95:.\morse.c     ****       case 'd':
  96:.\morse.c     ****         blinkdash(led_flag);
 481              		.loc 1 96 0
 482 00ac FB1D     		add	r3, r7, #7
 483 00ae 1B78     		ldrb	r3, [r3]
 484 00b0 181C     		mov	r0, r3
 485 00b2 FFF7FEFF 		bl	blinkdash
  97:.\morse.c     ****         blinkdot(led_flag);
 486              		.loc 1 97 0
 487 00b6 FB1D     		add	r3, r7, #7
 488 00b8 1B78     		ldrb	r3, [r3]
 489 00ba 181C     		mov	r0, r3
 490 00bc FFF7FEFF 		bl	blinkdot
  98:.\morse.c     ****         blinkdot(led_flag);
 491              		.loc 1 98 0
 492 00c0 FB1D     		add	r3, r7, #7
 493 00c2 1B78     		ldrb	r3, [r3]
 494 00c4 181C     		mov	r0, r3
 495 00c6 FFF7FEFF 		bl	blinkdot
  99:.\morse.c     ****         char_separate();
 496              		.loc 1 99 0
 497 00ca FFF7FEFF 		bl	char_separate
 100:.\morse.c     ****         break;
 498              		.loc 1 100 0
 499 00ce FCE2     		b	.L17
 500              	.L39:
 101:.\morse.c     ****        case 'E':
 102:.\morse.c     ****        case 'e':
 103:.\morse.c     ****         blinkdot(led_flag);
 501              		.loc 1 103 0
 502 00d0 FB1D     		add	r3, r7, #7
 503 00d2 1B78     		ldrb	r3, [r3]
 504 00d4 181C     		mov	r0, r3
 505 00d6 FFF7FEFF 		bl	blinkdot
 104:.\morse.c     ****         char_separate();
 506              		.loc 1 104 0
 507 00da FFF7FEFF 		bl	char_separate
 105:.\morse.c     ****         break;
 508              		.loc 1 105 0
 509 00de F4E2     		b	.L17
 510              	.L40:
 106:.\morse.c     ****        case 'F':
 107:.\morse.c     ****        case 'f':
 108:.\morse.c     ****         blinkdot(led_flag);
 511              		.loc 1 108 0
 512 00e0 FB1D     		add	r3, r7, #7
 513 00e2 1B78     		ldrb	r3, [r3]
 514 00e4 181C     		mov	r0, r3
 515 00e6 FFF7FEFF 		bl	blinkdot
 109:.\morse.c     ****         blinkdot(led_flag);
 516              		.loc 1 109 0
ARM GAS  C:\Users\Admin\AppData\Local\Temp\ccO5YTHF.s 			page 12


 517 00ea FB1D     		add	r3, r7, #7
 518 00ec 1B78     		ldrb	r3, [r3]
 519 00ee 181C     		mov	r0, r3
 520 00f0 FFF7FEFF 		bl	blinkdot
 110:.\morse.c     ****         blinkdash(led_flag);
 521              		.loc 1 110 0
 522 00f4 FB1D     		add	r3, r7, #7
 523 00f6 1B78     		ldrb	r3, [r3]
 524 00f8 181C     		mov	r0, r3
 525 00fa FFF7FEFF 		bl	blinkdash
 111:.\morse.c     ****         blinkdot(led_flag);
 526              		.loc 1 111 0
 527 00fe FB1D     		add	r3, r7, #7
 528 0100 1B78     		ldrb	r3, [r3]
 529 0102 181C     		mov	r0, r3
 530 0104 FFF7FEFF 		bl	blinkdot
 112:.\morse.c     ****         char_separate();
 531              		.loc 1 112 0
 532 0108 FFF7FEFF 		bl	char_separate
 113:.\morse.c     ****         break;
 533              		.loc 1 113 0
 534 010c DDE2     		b	.L17
 535              	.L41:
 114:.\morse.c     ****        case 'G':
 115:.\morse.c     ****        case 'g':
 116:.\morse.c     ****         blinkdash(led_flag);
 536              		.loc 1 116 0
 537 010e FB1D     		add	r3, r7, #7
 538 0110 1B78     		ldrb	r3, [r3]
 539 0112 181C     		mov	r0, r3
 540 0114 FFF7FEFF 		bl	blinkdash
 117:.\morse.c     ****         blinkdash(led_flag);
 541              		.loc 1 117 0
 542 0118 FB1D     		add	r3, r7, #7
 543 011a 1B78     		ldrb	r3, [r3]
 544 011c 181C     		mov	r0, r3
 545 011e FFF7FEFF 		bl	blinkdash
 118:.\morse.c     ****         blinkdot(led_flag);
 546              		.loc 1 118 0
 547 0122 FB1D     		add	r3, r7, #7
 548 0124 1B78     		ldrb	r3, [r3]
 549 0126 181C     		mov	r0, r3
 550 0128 FFF7FEFF 		bl	blinkdot
 119:.\morse.c     ****         char_separate();
 551              		.loc 1 119 0
 552 012c FFF7FEFF 		bl	char_separate
 120:.\morse.c     ****         break;
 553              		.loc 1 120 0
 554 0130 CBE2     		b	.L17
 555              	.L42:
 121:.\morse.c     ****        case 'H':
 122:.\morse.c     ****        case 'h':
 123:.\morse.c     ****         blinkdot(led_flag);
 556              		.loc 1 123 0
 557 0132 FB1D     		add	r3, r7, #7
 558 0134 1B78     		ldrb	r3, [r3]
 559 0136 181C     		mov	r0, r3
ARM GAS  C:\Users\Admin\AppData\Local\Temp\ccO5YTHF.s 			page 13


 560 0138 FFF7FEFF 		bl	blinkdot
 124:.\morse.c     ****         blinkdot(led_flag);
 561              		.loc 1 124 0
 562 013c FB1D     		add	r3, r7, #7
 563 013e 1B78     		ldrb	r3, [r3]
 564 0140 181C     		mov	r0, r3
 565 0142 FFF7FEFF 		bl	blinkdot
 125:.\morse.c     ****         blinkdot(led_flag);
 566              		.loc 1 125 0
 567 0146 FB1D     		add	r3, r7, #7
 568 0148 1B78     		ldrb	r3, [r3]
 569 014a 181C     		mov	r0, r3
 570 014c FFF7FEFF 		bl	blinkdot
 126:.\morse.c     ****         blinkdot(led_flag);
 571              		.loc 1 126 0
 572 0150 FB1D     		add	r3, r7, #7
 573 0152 1B78     		ldrb	r3, [r3]
 574 0154 181C     		mov	r0, r3
 575 0156 FFF7FEFF 		bl	blinkdot
 127:.\morse.c     ****         char_separate();
 576              		.loc 1 127 0
 577 015a FFF7FEFF 		bl	char_separate
 128:.\morse.c     ****         break;
 578              		.loc 1 128 0
 579 015e B4E2     		b	.L17
 580              	.L43:
 129:.\morse.c     ****        case 'I':
 130:.\morse.c     ****        case 'i':
 131:.\morse.c     ****         blinkdot(led_flag);
 581              		.loc 1 131 0
 582 0160 FB1D     		add	r3, r7, #7
 583 0162 1B78     		ldrb	r3, [r3]
 584 0164 181C     		mov	r0, r3
 585 0166 FFF7FEFF 		bl	blinkdot
 132:.\morse.c     ****         blinkdot(led_flag);
 586              		.loc 1 132 0
 587 016a FB1D     		add	r3, r7, #7
 588 016c 1B78     		ldrb	r3, [r3]
 589 016e 181C     		mov	r0, r3
 590 0170 FFF7FEFF 		bl	blinkdot
 133:.\morse.c     ****         char_separate();
 591              		.loc 1 133 0
 592 0174 FFF7FEFF 		bl	char_separate
 134:.\morse.c     ****         break;
 593              		.loc 1 134 0
 594 0178 A7E2     		b	.L17
 595              	.L44:
 135:.\morse.c     ****        case 'J':
 136:.\morse.c     ****        case 'j':
 137:.\morse.c     ****         blinkdot(led_flag);
 596              		.loc 1 137 0
 597 017a FB1D     		add	r3, r7, #7
 598 017c 1B78     		ldrb	r3, [r3]
 599 017e 181C     		mov	r0, r3
 600 0180 FFF7FEFF 		bl	blinkdot
 138:.\morse.c     ****         blinkdash(led_flag);
 601              		.loc 1 138 0
ARM GAS  C:\Users\Admin\AppData\Local\Temp\ccO5YTHF.s 			page 14


 602 0184 FB1D     		add	r3, r7, #7
 603 0186 1B78     		ldrb	r3, [r3]
 604 0188 181C     		mov	r0, r3
 605 018a FFF7FEFF 		bl	blinkdash
 139:.\morse.c     ****         blinkdash(led_flag);
 606              		.loc 1 139 0
 607 018e FB1D     		add	r3, r7, #7
 608 0190 1B78     		ldrb	r3, [r3]
 609 0192 181C     		mov	r0, r3
 610 0194 FFF7FEFF 		bl	blinkdash
 140:.\morse.c     ****         blinkdash(led_flag);
 611              		.loc 1 140 0
 612 0198 FB1D     		add	r3, r7, #7
 613 019a 1B78     		ldrb	r3, [r3]
 614 019c 181C     		mov	r0, r3
 615 019e FFF7FEFF 		bl	blinkdash
 141:.\morse.c     ****         char_separate();
 616              		.loc 1 141 0
 617 01a2 FFF7FEFF 		bl	char_separate
 142:.\morse.c     ****         break;
 618              		.loc 1 142 0
 619 01a6 90E2     		b	.L17
 620              	.L45:
 143:.\morse.c     ****        case 'K':
 144:.\morse.c     ****        case 'k':
 145:.\morse.c     ****         blinkdash(led_flag);
 621              		.loc 1 145 0
 622 01a8 FB1D     		add	r3, r7, #7
 623 01aa 1B78     		ldrb	r3, [r3]
 624 01ac 181C     		mov	r0, r3
 625 01ae FFF7FEFF 		bl	blinkdash
 146:.\morse.c     ****         blinkdot(led_flag);
 626              		.loc 1 146 0
 627 01b2 FB1D     		add	r3, r7, #7
 628 01b4 1B78     		ldrb	r3, [r3]
 629 01b6 181C     		mov	r0, r3
 630 01b8 FFF7FEFF 		bl	blinkdot
 147:.\morse.c     ****         blinkdash(led_flag);
 631              		.loc 1 147 0
 632 01bc FB1D     		add	r3, r7, #7
 633 01be 1B78     		ldrb	r3, [r3]
 634 01c0 181C     		mov	r0, r3
 635 01c2 FFF7FEFF 		bl	blinkdash
 148:.\morse.c     ****         char_separate();
 636              		.loc 1 148 0
 637 01c6 FFF7FEFF 		bl	char_separate
 149:.\morse.c     ****         break;
 638              		.loc 1 149 0
 639 01ca 7EE2     		b	.L17
 640              	.L46:
 150:.\morse.c     ****        case 'L':
 151:.\morse.c     ****        case 'l':
 152:.\morse.c     ****         blinkdot(led_flag);
 641              		.loc 1 152 0
 642 01cc FB1D     		add	r3, r7, #7
 643 01ce 1B78     		ldrb	r3, [r3]
 644 01d0 181C     		mov	r0, r3
ARM GAS  C:\Users\Admin\AppData\Local\Temp\ccO5YTHF.s 			page 15


 645 01d2 FFF7FEFF 		bl	blinkdot
 153:.\morse.c     ****         blinkdash(led_flag);
 646              		.loc 1 153 0
 647 01d6 FB1D     		add	r3, r7, #7
 648 01d8 1B78     		ldrb	r3, [r3]
 649 01da 181C     		mov	r0, r3
 650 01dc FFF7FEFF 		bl	blinkdash
 154:.\morse.c     ****         blinkdot(led_flag);
 651              		.loc 1 154 0
 652 01e0 FB1D     		add	r3, r7, #7
 653 01e2 1B78     		ldrb	r3, [r3]
 654 01e4 181C     		mov	r0, r3
 655 01e6 FFF7FEFF 		bl	blinkdot
 155:.\morse.c     ****         blinkdot(led_flag);
 656              		.loc 1 155 0
 657 01ea FB1D     		add	r3, r7, #7
 658 01ec 1B78     		ldrb	r3, [r3]
 659 01ee 181C     		mov	r0, r3
 660 01f0 FFF7FEFF 		bl	blinkdot
 156:.\morse.c     ****         char_separate();
 661              		.loc 1 156 0
 662 01f4 FFF7FEFF 		bl	char_separate
 157:.\morse.c     ****         break;
 663              		.loc 1 157 0
 664 01f8 67E2     		b	.L17
 665              	.L47:
 158:.\morse.c     ****        case 'M':
 159:.\morse.c     ****        case 'm':
 160:.\morse.c     ****         blinkdash(led_flag);
 666              		.loc 1 160 0
 667 01fa FB1D     		add	r3, r7, #7
 668 01fc 1B78     		ldrb	r3, [r3]
 669 01fe 181C     		mov	r0, r3
 670 0200 FFF7FEFF 		bl	blinkdash
 161:.\morse.c     ****         blinkdash(led_flag);
 671              		.loc 1 161 0
 672 0204 FB1D     		add	r3, r7, #7
 673 0206 1B78     		ldrb	r3, [r3]
 674 0208 181C     		mov	r0, r3
 675 020a FFF7FEFF 		bl	blinkdash
 162:.\morse.c     ****         char_separate();
 676              		.loc 1 162 0
 677 020e FFF7FEFF 		bl	char_separate
 163:.\morse.c     ****         break;
 678              		.loc 1 163 0
 679 0212 5AE2     		b	.L17
 680              	.L48:
 164:.\morse.c     ****        case 'N':
 165:.\morse.c     ****        case 'n':
 166:.\morse.c     ****         blinkdash(led_flag);
 681              		.loc 1 166 0
 682 0214 FB1D     		add	r3, r7, #7
 683 0216 1B78     		ldrb	r3, [r3]
 684 0218 181C     		mov	r0, r3
 685 021a FFF7FEFF 		bl	blinkdash
 167:.\morse.c     ****         blinkdot(led_flag);
 686              		.loc 1 167 0
ARM GAS  C:\Users\Admin\AppData\Local\Temp\ccO5YTHF.s 			page 16


 687 021e FB1D     		add	r3, r7, #7
 688 0220 1B78     		ldrb	r3, [r3]
 689 0222 181C     		mov	r0, r3
 690 0224 FFF7FEFF 		bl	blinkdot
 168:.\morse.c     ****         char_separate();
 691              		.loc 1 168 0
 692 0228 FFF7FEFF 		bl	char_separate
 169:.\morse.c     ****         break;
 693              		.loc 1 169 0
 694 022c 4DE2     		b	.L17
 695              	.L49:
 170:.\morse.c     ****        case 'O':
 171:.\morse.c     ****        case 'o':
 172:.\morse.c     ****         blinkdash(led_flag);
 696              		.loc 1 172 0
 697 022e FB1D     		add	r3, r7, #7
 698 0230 1B78     		ldrb	r3, [r3]
 699 0232 181C     		mov	r0, r3
 700 0234 FFF7FEFF 		bl	blinkdash
 173:.\morse.c     ****         blinkdash(led_flag);
 701              		.loc 1 173 0
 702 0238 FB1D     		add	r3, r7, #7
 703 023a 1B78     		ldrb	r3, [r3]
 704 023c 181C     		mov	r0, r3
 705 023e FFF7FEFF 		bl	blinkdash
 174:.\morse.c     ****         blinkdash(led_flag);
 706              		.loc 1 174 0
 707 0242 FB1D     		add	r3, r7, #7
 708 0244 1B78     		ldrb	r3, [r3]
 709 0246 181C     		mov	r0, r3
 710 0248 FFF7FEFF 		bl	blinkdash
 175:.\morse.c     ****         char_separate();
 711              		.loc 1 175 0
 712 024c FFF7FEFF 		bl	char_separate
 176:.\morse.c     ****         break;
 713              		.loc 1 176 0
 714 0250 3BE2     		b	.L17
 715              	.L50:
 177:.\morse.c     ****        case 'P':
 178:.\morse.c     ****        case 'p':
 179:.\morse.c     ****         blinkdot(led_flag);
 716              		.loc 1 179 0
 717 0252 FB1D     		add	r3, r7, #7
 718 0254 1B78     		ldrb	r3, [r3]
 719 0256 181C     		mov	r0, r3
 720 0258 FFF7FEFF 		bl	blinkdot
 180:.\morse.c     ****         blinkdash(led_flag);
 721              		.loc 1 180 0
 722 025c FB1D     		add	r3, r7, #7
 723 025e 1B78     		ldrb	r3, [r3]
 724 0260 181C     		mov	r0, r3
 725 0262 FFF7FEFF 		bl	blinkdash
 181:.\morse.c     ****         blinkdash(led_flag);
 726              		.loc 1 181 0
 727 0266 FB1D     		add	r3, r7, #7
 728 0268 1B78     		ldrb	r3, [r3]
 729 026a 181C     		mov	r0, r3
ARM GAS  C:\Users\Admin\AppData\Local\Temp\ccO5YTHF.s 			page 17


 730 026c FFF7FEFF 		bl	blinkdash
 182:.\morse.c     ****         blinkdot(led_flag);
 731              		.loc 1 182 0
 732 0270 FB1D     		add	r3, r7, #7
 733 0272 1B78     		ldrb	r3, [r3]
 734 0274 181C     		mov	r0, r3
 735 0276 FFF7FEFF 		bl	blinkdot
 183:.\morse.c     ****         char_separate();
 736              		.loc 1 183 0
 737 027a FFF7FEFF 		bl	char_separate
 184:.\morse.c     ****         break;
 738              		.loc 1 184 0
 739 027e 24E2     		b	.L17
 740              	.L51:
 185:.\morse.c     ****        case 'Q':
 186:.\morse.c     ****        case 'q':
 187:.\morse.c     ****         blinkdash(led_flag);
 741              		.loc 1 187 0
 742 0280 FB1D     		add	r3, r7, #7
 743 0282 1B78     		ldrb	r3, [r3]
 744 0284 181C     		mov	r0, r3
 745 0286 FFF7FEFF 		bl	blinkdash
 188:.\morse.c     ****         blinkdash(led_flag);
 746              		.loc 1 188 0
 747 028a FB1D     		add	r3, r7, #7
 748 028c 1B78     		ldrb	r3, [r3]
 749 028e 181C     		mov	r0, r3
 750 0290 FFF7FEFF 		bl	blinkdash
 189:.\morse.c     ****         blinkdot(led_flag);
 751              		.loc 1 189 0
 752 0294 FB1D     		add	r3, r7, #7
 753 0296 1B78     		ldrb	r3, [r3]
 754 0298 181C     		mov	r0, r3
 755 029a FFF7FEFF 		bl	blinkdot
 190:.\morse.c     ****         blinkdash(led_flag);
 756              		.loc 1 190 0
 757 029e FB1D     		add	r3, r7, #7
 758 02a0 1B78     		ldrb	r3, [r3]
 759 02a2 181C     		mov	r0, r3
 760 02a4 FFF7FEFF 		bl	blinkdash
 191:.\morse.c     ****         char_separate();
 761              		.loc 1 191 0
 762 02a8 FFF7FEFF 		bl	char_separate
 192:.\morse.c     ****         break;
 763              		.loc 1 192 0
 764 02ac 0DE2     		b	.L17
 765              	.L52:
 193:.\morse.c     ****        case 'R':
 194:.\morse.c     ****        case 'r':
 195:.\morse.c     ****         blinkdot(led_flag);
 766              		.loc 1 195 0
 767 02ae FB1D     		add	r3, r7, #7
 768 02b0 1B78     		ldrb	r3, [r3]
 769 02b2 181C     		mov	r0, r3
 770 02b4 FFF7FEFF 		bl	blinkdot
 196:.\morse.c     ****         blinkdash(led_flag);
 771              		.loc 1 196 0
ARM GAS  C:\Users\Admin\AppData\Local\Temp\ccO5YTHF.s 			page 18


 772 02b8 FB1D     		add	r3, r7, #7
 773 02ba 1B78     		ldrb	r3, [r3]
 774 02bc 181C     		mov	r0, r3
 775 02be FFF7FEFF 		bl	blinkdash
 197:.\morse.c     ****         blinkdot(led_flag);
 776              		.loc 1 197 0
 777 02c2 FB1D     		add	r3, r7, #7
 778 02c4 1B78     		ldrb	r3, [r3]
 779 02c6 181C     		mov	r0, r3
 780 02c8 FFF7FEFF 		bl	blinkdot
 198:.\morse.c     ****         char_separate();
 781              		.loc 1 198 0
 782 02cc FFF7FEFF 		bl	char_separate
 199:.\morse.c     ****         break;
 783              		.loc 1 199 0
 784 02d0 FBE1     		b	.L17
 785              	.L53:
 200:.\morse.c     ****        case 'S':
 201:.\morse.c     ****        case 's':
 202:.\morse.c     ****         blinkdot(led_flag);
 786              		.loc 1 202 0
 787 02d2 FB1D     		add	r3, r7, #7
 788 02d4 1B78     		ldrb	r3, [r3]
 789 02d6 181C     		mov	r0, r3
 790 02d8 FFF7FEFF 		bl	blinkdot
 203:.\morse.c     ****         blinkdot(led_flag);
 791              		.loc 1 203 0
 792 02dc FB1D     		add	r3, r7, #7
 793 02de 1B78     		ldrb	r3, [r3]
 794 02e0 181C     		mov	r0, r3
 795 02e2 FFF7FEFF 		bl	blinkdot
 204:.\morse.c     ****         blinkdot(led_flag);
 796              		.loc 1 204 0
 797 02e6 FB1D     		add	r3, r7, #7
 798 02e8 1B78     		ldrb	r3, [r3]
 799 02ea 181C     		mov	r0, r3
 800 02ec FFF7FEFF 		bl	blinkdot
 205:.\morse.c     ****         char_separate();
 801              		.loc 1 205 0
 802 02f0 FFF7FEFF 		bl	char_separate
 206:.\morse.c     ****         break;
 803              		.loc 1 206 0
 804 02f4 E9E1     		b	.L17
 805              	.L54:
 207:.\morse.c     ****        case 'T':
 208:.\morse.c     ****        case 't':
 209:.\morse.c     ****         blinkdash(led_flag);
 806              		.loc 1 209 0
 807 02f6 FB1D     		add	r3, r7, #7
 808 02f8 1B78     		ldrb	r3, [r3]
 809 02fa 181C     		mov	r0, r3
 810 02fc FFF7FEFF 		bl	blinkdash
 210:.\morse.c     ****         char_separate();
 811              		.loc 1 210 0
 812 0300 FFF7FEFF 		bl	char_separate
 211:.\morse.c     ****         break;
 813              		.loc 1 211 0
ARM GAS  C:\Users\Admin\AppData\Local\Temp\ccO5YTHF.s 			page 19


 814 0304 E1E1     		b	.L17
 815              	.L55:
 212:.\morse.c     ****        case 'U':
 213:.\morse.c     ****        case 'u':
 214:.\morse.c     ****         blinkdot(led_flag);
 816              		.loc 1 214 0
 817 0306 FB1D     		add	r3, r7, #7
 818 0308 1B78     		ldrb	r3, [r3]
 819 030a 181C     		mov	r0, r3
 820 030c FFF7FEFF 		bl	blinkdot
 215:.\morse.c     ****         blinkdot(led_flag);
 821              		.loc 1 215 0
 822 0310 FB1D     		add	r3, r7, #7
 823 0312 1B78     		ldrb	r3, [r3]
 824 0314 181C     		mov	r0, r3
 825 0316 FFF7FEFF 		bl	blinkdot
 216:.\morse.c     ****         blinkdash(led_flag);
 826              		.loc 1 216 0
 827 031a FB1D     		add	r3, r7, #7
 828 031c 1B78     		ldrb	r3, [r3]
 829 031e 181C     		mov	r0, r3
 830 0320 FFF7FEFF 		bl	blinkdash
 217:.\morse.c     ****         char_separate();
 831              		.loc 1 217 0
 832 0324 FFF7FEFF 		bl	char_separate
 218:.\morse.c     ****         break;
 833              		.loc 1 218 0
 834 0328 CFE1     		b	.L17
 835              	.L56:
 219:.\morse.c     ****        case 'V':
 220:.\morse.c     ****        case 'v':
 221:.\morse.c     ****         blinkdot(led_flag);
 836              		.loc 1 221 0
 837 032a FB1D     		add	r3, r7, #7
 838 032c 1B78     		ldrb	r3, [r3]
 839 032e 181C     		mov	r0, r3
 840 0330 FFF7FEFF 		bl	blinkdot
 222:.\morse.c     ****         blinkdot(led_flag);
 841              		.loc 1 222 0
 842 0334 FB1D     		add	r3, r7, #7
 843 0336 1B78     		ldrb	r3, [r3]
 844 0338 181C     		mov	r0, r3
 845 033a FFF7FEFF 		bl	blinkdot
 223:.\morse.c     ****         blinkdot(led_flag);
 846              		.loc 1 223 0
 847 033e FB1D     		add	r3, r7, #7
 848 0340 1B78     		ldrb	r3, [r3]
 849 0342 181C     		mov	r0, r3
 850 0344 FFF7FEFF 		bl	blinkdot
 224:.\morse.c     ****         blinkdash(led_flag);
 851              		.loc 1 224 0
 852 0348 FB1D     		add	r3, r7, #7
 853 034a 1B78     		ldrb	r3, [r3]
 854 034c 181C     		mov	r0, r3
 855 034e FFF7FEFF 		bl	blinkdash
 225:.\morse.c     ****         char_separate();
 856              		.loc 1 225 0
ARM GAS  C:\Users\Admin\AppData\Local\Temp\ccO5YTHF.s 			page 20


 857 0352 FFF7FEFF 		bl	char_separate
 226:.\morse.c     ****         break;
 858              		.loc 1 226 0
 859 0356 B8E1     		b	.L17
 860              	.L57:
 227:.\morse.c     ****        case 'W':
 228:.\morse.c     ****        case 'w':
 229:.\morse.c     ****         blinkdot(led_flag);
 861              		.loc 1 229 0
 862 0358 FB1D     		add	r3, r7, #7
 863 035a 1B78     		ldrb	r3, [r3]
 864 035c 181C     		mov	r0, r3
 865 035e FFF7FEFF 		bl	blinkdot
 230:.\morse.c     ****         blinkdash(led_flag);
 866              		.loc 1 230 0
 867 0362 FB1D     		add	r3, r7, #7
 868 0364 1B78     		ldrb	r3, [r3]
 869 0366 181C     		mov	r0, r3
 870 0368 FFF7FEFF 		bl	blinkdash
 231:.\morse.c     ****         blinkdash(led_flag);
 871              		.loc 1 231 0
 872 036c FB1D     		add	r3, r7, #7
 873 036e 1B78     		ldrb	r3, [r3]
 874 0370 181C     		mov	r0, r3
 875 0372 FFF7FEFF 		bl	blinkdash
 232:.\morse.c     ****         char_separate();
 876              		.loc 1 232 0
 877 0376 FFF7FEFF 		bl	char_separate
 233:.\morse.c     ****         break;
 878              		.loc 1 233 0
 879 037a A6E1     		b	.L17
 880              	.L58:
 234:.\morse.c     ****        case 'X':
 235:.\morse.c     ****        case 'x':
 236:.\morse.c     ****         blinkdash(led_flag);
 881              		.loc 1 236 0
 882 037c FB1D     		add	r3, r7, #7
 883 037e 1B78     		ldrb	r3, [r3]
 884 0380 181C     		mov	r0, r3
 885 0382 FFF7FEFF 		bl	blinkdash
 237:.\morse.c     ****         blinkdot(led_flag);
 886              		.loc 1 237 0
 887 0386 FB1D     		add	r3, r7, #7
 888 0388 1B78     		ldrb	r3, [r3]
 889 038a 181C     		mov	r0, r3
 890 038c FFF7FEFF 		bl	blinkdot
 238:.\morse.c     ****         blinkdot(led_flag);
 891              		.loc 1 238 0
 892 0390 FB1D     		add	r3, r7, #7
 893 0392 1B78     		ldrb	r3, [r3]
 894 0394 181C     		mov	r0, r3
 895 0396 FFF7FEFF 		bl	blinkdot
 239:.\morse.c     ****         blinkdash(led_flag);
 896              		.loc 1 239 0
 897 039a FB1D     		add	r3, r7, #7
 898 039c 1B78     		ldrb	r3, [r3]
 899 039e 181C     		mov	r0, r3
ARM GAS  C:\Users\Admin\AppData\Local\Temp\ccO5YTHF.s 			page 21


 900 03a0 FFF7FEFF 		bl	blinkdash
 240:.\morse.c     ****         char_separate();
 901              		.loc 1 240 0
 902 03a4 FFF7FEFF 		bl	char_separate
 241:.\morse.c     ****         break;
 903              		.loc 1 241 0
 904 03a8 8FE1     		b	.L17
 905              	.L59:
 242:.\morse.c     ****        case 'Y':
 243:.\morse.c     ****        case 'y':
 244:.\morse.c     ****         blinkdash(led_flag);
 906              		.loc 1 244 0
 907 03aa FB1D     		add	r3, r7, #7
 908 03ac 1B78     		ldrb	r3, [r3]
 909 03ae 181C     		mov	r0, r3
 910 03b0 FFF7FEFF 		bl	blinkdash
 245:.\morse.c     ****         blinkdot(led_flag);
 911              		.loc 1 245 0
 912 03b4 FB1D     		add	r3, r7, #7
 913 03b6 1B78     		ldrb	r3, [r3]
 914 03b8 181C     		mov	r0, r3
 915 03ba FFF7FEFF 		bl	blinkdot
 246:.\morse.c     ****         blinkdash(led_flag);
 916              		.loc 1 246 0
 917 03be FB1D     		add	r3, r7, #7
 918 03c0 1B78     		ldrb	r3, [r3]
 919 03c2 181C     		mov	r0, r3
 920 03c4 FFF7FEFF 		bl	blinkdash
 247:.\morse.c     ****         blinkdash(led_flag);
 921              		.loc 1 247 0
 922 03c8 FB1D     		add	r3, r7, #7
 923 03ca 1B78     		ldrb	r3, [r3]
 924 03cc 181C     		mov	r0, r3
 925 03ce FFF7FEFF 		bl	blinkdash
 248:.\morse.c     ****         char_separate();
 926              		.loc 1 248 0
 927 03d2 FFF7FEFF 		bl	char_separate
 249:.\morse.c     ****         break;
 928              		.loc 1 249 0
 929 03d6 78E1     		b	.L17
 930              	.L62:
 931              		.align	2
 932              	.L61:
 933 03d8 00000000 		.word	.L21
 934              	.L60:
 250:.\morse.c     ****        case 'Z':
 251:.\morse.c     ****        case 'z':
 252:.\morse.c     ****         blinkdash(led_flag);
 935              		.loc 1 252 0
 936 03dc FB1D     		add	r3, r7, #7
 937 03de 1B78     		ldrb	r3, [r3]
 938 03e0 181C     		mov	r0, r3
 939 03e2 FFF7FEFF 		bl	blinkdash
 253:.\morse.c     ****         blinkdash(led_flag);
 940              		.loc 1 253 0
 941 03e6 FB1D     		add	r3, r7, #7
 942 03e8 1B78     		ldrb	r3, [r3]
ARM GAS  C:\Users\Admin\AppData\Local\Temp\ccO5YTHF.s 			page 22


 943 03ea 181C     		mov	r0, r3
 944 03ec FFF7FEFF 		bl	blinkdash
 254:.\morse.c     ****         blinkdot(led_flag);
 945              		.loc 1 254 0
 946 03f0 FB1D     		add	r3, r7, #7
 947 03f2 1B78     		ldrb	r3, [r3]
 948 03f4 181C     		mov	r0, r3
 949 03f6 FFF7FEFF 		bl	blinkdot
 255:.\morse.c     ****         blinkdot(led_flag);
 950              		.loc 1 255 0
 951 03fa FB1D     		add	r3, r7, #7
 952 03fc 1B78     		ldrb	r3, [r3]
 953 03fe 181C     		mov	r0, r3
 954 0400 FFF7FEFF 		bl	blinkdot
 256:.\morse.c     ****         char_separate();
 955              		.loc 1 256 0
 956 0404 FFF7FEFF 		bl	char_separate
 257:.\morse.c     ****         break;
 957              		.loc 1 257 0
 958 0408 5FE1     		b	.L17
 959              	.L25:
 258:.\morse.c     ****        case '0':
 259:.\morse.c     ****         blinkdash(led_flag);
 960              		.loc 1 259 0
 961 040a FB1D     		add	r3, r7, #7
 962 040c 1B78     		ldrb	r3, [r3]
 963 040e 181C     		mov	r0, r3
 964 0410 FFF7FEFF 		bl	blinkdash
 260:.\morse.c     ****         blinkdash(led_flag);
 965              		.loc 1 260 0
 966 0414 FB1D     		add	r3, r7, #7
 967 0416 1B78     		ldrb	r3, [r3]
 968 0418 181C     		mov	r0, r3
 969 041a FFF7FEFF 		bl	blinkdash
 261:.\morse.c     ****         blinkdash(led_flag);
 970              		.loc 1 261 0
 971 041e FB1D     		add	r3, r7, #7
 972 0420 1B78     		ldrb	r3, [r3]
 973 0422 181C     		mov	r0, r3
 974 0424 FFF7FEFF 		bl	blinkdash
 262:.\morse.c     ****         blinkdash(led_flag);
 975              		.loc 1 262 0
 976 0428 FB1D     		add	r3, r7, #7
 977 042a 1B78     		ldrb	r3, [r3]
 978 042c 181C     		mov	r0, r3
 979 042e FFF7FEFF 		bl	blinkdash
 263:.\morse.c     ****         blinkdash(led_flag);
 980              		.loc 1 263 0
 981 0432 FB1D     		add	r3, r7, #7
 982 0434 1B78     		ldrb	r3, [r3]
 983 0436 181C     		mov	r0, r3
 984 0438 FFF7FEFF 		bl	blinkdash
 264:.\morse.c     ****         char_separate();
 985              		.loc 1 264 0
 986 043c FFF7FEFF 		bl	char_separate
 265:.\morse.c     ****         break;
 987              		.loc 1 265 0
ARM GAS  C:\Users\Admin\AppData\Local\Temp\ccO5YTHF.s 			page 23


 988 0440 43E1     		b	.L17
 989              	.L26:
 266:.\morse.c     ****        case '1':
 267:.\morse.c     ****         blinkdot(led_flag);
 990              		.loc 1 267 0
 991 0442 FB1D     		add	r3, r7, #7
 992 0444 1B78     		ldrb	r3, [r3]
 993 0446 181C     		mov	r0, r3
 994 0448 FFF7FEFF 		bl	blinkdot
 268:.\morse.c     ****         blinkdash(led_flag);
 995              		.loc 1 268 0
 996 044c FB1D     		add	r3, r7, #7
 997 044e 1B78     		ldrb	r3, [r3]
 998 0450 181C     		mov	r0, r3
 999 0452 FFF7FEFF 		bl	blinkdash
 269:.\morse.c     ****         blinkdash(led_flag);
 1000              		.loc 1 269 0
 1001 0456 FB1D     		add	r3, r7, #7
 1002 0458 1B78     		ldrb	r3, [r3]
 1003 045a 181C     		mov	r0, r3
 1004 045c FFF7FEFF 		bl	blinkdash
 270:.\morse.c     ****         blinkdash(led_flag);
 1005              		.loc 1 270 0
 1006 0460 FB1D     		add	r3, r7, #7
 1007 0462 1B78     		ldrb	r3, [r3]
 1008 0464 181C     		mov	r0, r3
 1009 0466 FFF7FEFF 		bl	blinkdash
 271:.\morse.c     ****         blinkdash(led_flag);
 1010              		.loc 1 271 0
 1011 046a FB1D     		add	r3, r7, #7
 1012 046c 1B78     		ldrb	r3, [r3]
 1013 046e 181C     		mov	r0, r3
 1014 0470 FFF7FEFF 		bl	blinkdash
 272:.\morse.c     ****         char_separate();
 1015              		.loc 1 272 0
 1016 0474 FFF7FEFF 		bl	char_separate
 273:.\morse.c     ****         break;
 1017              		.loc 1 273 0
 1018 0478 27E1     		b	.L17
 1019              	.L27:
 274:.\morse.c     ****        case '2':
 275:.\morse.c     ****         blinkdot(led_flag);
 1020              		.loc 1 275 0
 1021 047a FB1D     		add	r3, r7, #7
 1022 047c 1B78     		ldrb	r3, [r3]
 1023 047e 181C     		mov	r0, r3
 1024 0480 FFF7FEFF 		bl	blinkdot
 276:.\morse.c     ****         blinkdot(led_flag);
 1025              		.loc 1 276 0
 1026 0484 FB1D     		add	r3, r7, #7
 1027 0486 1B78     		ldrb	r3, [r3]
 1028 0488 181C     		mov	r0, r3
 1029 048a FFF7FEFF 		bl	blinkdot
 277:.\morse.c     ****         blinkdash(led_flag);
 1030              		.loc 1 277 0
 1031 048e FB1D     		add	r3, r7, #7
 1032 0490 1B78     		ldrb	r3, [r3]
ARM GAS  C:\Users\Admin\AppData\Local\Temp\ccO5YTHF.s 			page 24


 1033 0492 181C     		mov	r0, r3
 1034 0494 FFF7FEFF 		bl	blinkdash
 278:.\morse.c     ****         blinkdash(led_flag);
 1035              		.loc 1 278 0
 1036 0498 FB1D     		add	r3, r7, #7
 1037 049a 1B78     		ldrb	r3, [r3]
 1038 049c 181C     		mov	r0, r3
 1039 049e FFF7FEFF 		bl	blinkdash
 279:.\morse.c     ****         blinkdash(led_flag);
 1040              		.loc 1 279 0
 1041 04a2 FB1D     		add	r3, r7, #7
 1042 04a4 1B78     		ldrb	r3, [r3]
 1043 04a6 181C     		mov	r0, r3
 1044 04a8 FFF7FEFF 		bl	blinkdash
 280:.\morse.c     ****         char_separate();
 1045              		.loc 1 280 0
 1046 04ac FFF7FEFF 		bl	char_separate
 281:.\morse.c     ****         break;
 1047              		.loc 1 281 0
 1048 04b0 0BE1     		b	.L17
 1049              	.L28:
 282:.\morse.c     ****        case '3':
 283:.\morse.c     ****         blinkdot(led_flag);
 1050              		.loc 1 283 0
 1051 04b2 FB1D     		add	r3, r7, #7
 1052 04b4 1B78     		ldrb	r3, [r3]
 1053 04b6 181C     		mov	r0, r3
 1054 04b8 FFF7FEFF 		bl	blinkdot
 284:.\morse.c     ****         blinkdot(led_flag);
 1055              		.loc 1 284 0
 1056 04bc FB1D     		add	r3, r7, #7
 1057 04be 1B78     		ldrb	r3, [r3]
 1058 04c0 181C     		mov	r0, r3
 1059 04c2 FFF7FEFF 		bl	blinkdot
 285:.\morse.c     ****         blinkdot(led_flag);
 1060              		.loc 1 285 0
 1061 04c6 FB1D     		add	r3, r7, #7
 1062 04c8 1B78     		ldrb	r3, [r3]
 1063 04ca 181C     		mov	r0, r3
 1064 04cc FFF7FEFF 		bl	blinkdot
 286:.\morse.c     ****         blinkdash(led_flag);
 1065              		.loc 1 286 0
 1066 04d0 FB1D     		add	r3, r7, #7
 1067 04d2 1B78     		ldrb	r3, [r3]
 1068 04d4 181C     		mov	r0, r3
 1069 04d6 FFF7FEFF 		bl	blinkdash
 287:.\morse.c     ****         blinkdash(led_flag);
 1070              		.loc 1 287 0
 1071 04da FB1D     		add	r3, r7, #7
 1072 04dc 1B78     		ldrb	r3, [r3]
 1073 04de 181C     		mov	r0, r3
 1074 04e0 FFF7FEFF 		bl	blinkdash
 288:.\morse.c     ****         char_separate();
 1075              		.loc 1 288 0
 1076 04e4 FFF7FEFF 		bl	char_separate
 289:.\morse.c     ****         break;
 1077              		.loc 1 289 0
ARM GAS  C:\Users\Admin\AppData\Local\Temp\ccO5YTHF.s 			page 25


 1078 04e8 EFE0     		b	.L17
 1079              	.L29:
 290:.\morse.c     ****        case '4':
 291:.\morse.c     ****         blinkdot(led_flag);
 1080              		.loc 1 291 0
 1081 04ea FB1D     		add	r3, r7, #7
 1082 04ec 1B78     		ldrb	r3, [r3]
 1083 04ee 181C     		mov	r0, r3
 1084 04f0 FFF7FEFF 		bl	blinkdot
 292:.\morse.c     ****         blinkdot(led_flag);
 1085              		.loc 1 292 0
 1086 04f4 FB1D     		add	r3, r7, #7
 1087 04f6 1B78     		ldrb	r3, [r3]
 1088 04f8 181C     		mov	r0, r3
 1089 04fa FFF7FEFF 		bl	blinkdot
 293:.\morse.c     ****         blinkdot(led_flag);
 1090              		.loc 1 293 0
 1091 04fe FB1D     		add	r3, r7, #7
 1092 0500 1B78     		ldrb	r3, [r3]
 1093 0502 181C     		mov	r0, r3
 1094 0504 FFF7FEFF 		bl	blinkdot
 294:.\morse.c     ****         blinkdot(led_flag);
 1095              		.loc 1 294 0
 1096 0508 FB1D     		add	r3, r7, #7
 1097 050a 1B78     		ldrb	r3, [r3]
 1098 050c 181C     		mov	r0, r3
 1099 050e FFF7FEFF 		bl	blinkdot
 295:.\morse.c     ****         blinkdash(led_flag);
 1100              		.loc 1 295 0
 1101 0512 FB1D     		add	r3, r7, #7
 1102 0514 1B78     		ldrb	r3, [r3]
 1103 0516 181C     		mov	r0, r3
 1104 0518 FFF7FEFF 		bl	blinkdash
 296:.\morse.c     ****         char_separate();
 1105              		.loc 1 296 0
 1106 051c FFF7FEFF 		bl	char_separate
 297:.\morse.c     ****         break;
 1107              		.loc 1 297 0
 1108 0520 D3E0     		b	.L17
 1109              	.L30:
 298:.\morse.c     ****        case '5':
 299:.\morse.c     ****         blinkdot(led_flag);
 1110              		.loc 1 299 0
 1111 0522 FB1D     		add	r3, r7, #7
 1112 0524 1B78     		ldrb	r3, [r3]
 1113 0526 181C     		mov	r0, r3
 1114 0528 FFF7FEFF 		bl	blinkdot
 300:.\morse.c     ****         blinkdot(led_flag);
 1115              		.loc 1 300 0
 1116 052c FB1D     		add	r3, r7, #7
 1117 052e 1B78     		ldrb	r3, [r3]
 1118 0530 181C     		mov	r0, r3
 1119 0532 FFF7FEFF 		bl	blinkdot
 301:.\morse.c     ****         blinkdot(led_flag);
 1120              		.loc 1 301 0
 1121 0536 FB1D     		add	r3, r7, #7
 1122 0538 1B78     		ldrb	r3, [r3]
ARM GAS  C:\Users\Admin\AppData\Local\Temp\ccO5YTHF.s 			page 26


 1123 053a 181C     		mov	r0, r3
 1124 053c FFF7FEFF 		bl	blinkdot
 302:.\morse.c     ****         blinkdot(led_flag);
 1125              		.loc 1 302 0
 1126 0540 FB1D     		add	r3, r7, #7
 1127 0542 1B78     		ldrb	r3, [r3]
 1128 0544 181C     		mov	r0, r3
 1129 0546 FFF7FEFF 		bl	blinkdot
 303:.\morse.c     ****         blinkdot(led_flag);
 1130              		.loc 1 303 0
 1131 054a FB1D     		add	r3, r7, #7
 1132 054c 1B78     		ldrb	r3, [r3]
 1133 054e 181C     		mov	r0, r3
 1134 0550 FFF7FEFF 		bl	blinkdot
 304:.\morse.c     ****         char_separate();
 1135              		.loc 1 304 0
 1136 0554 FFF7FEFF 		bl	char_separate
 305:.\morse.c     ****         break;
 1137              		.loc 1 305 0
 1138 0558 B7E0     		b	.L17
 1139              	.L31:
 306:.\morse.c     ****        case '6':
 307:.\morse.c     ****         blinkdash(led_flag);
 1140              		.loc 1 307 0
 1141 055a FB1D     		add	r3, r7, #7
 1142 055c 1B78     		ldrb	r3, [r3]
 1143 055e 181C     		mov	r0, r3
 1144 0560 FFF7FEFF 		bl	blinkdash
 308:.\morse.c     ****         blinkdot(led_flag);
 1145              		.loc 1 308 0
 1146 0564 FB1D     		add	r3, r7, #7
 1147 0566 1B78     		ldrb	r3, [r3]
 1148 0568 181C     		mov	r0, r3
 1149 056a FFF7FEFF 		bl	blinkdot
 309:.\morse.c     ****         blinkdot(led_flag);
 1150              		.loc 1 309 0
 1151 056e FB1D     		add	r3, r7, #7
 1152 0570 1B78     		ldrb	r3, [r3]
 1153 0572 181C     		mov	r0, r3
 1154 0574 FFF7FEFF 		bl	blinkdot
 310:.\morse.c     ****         blinkdot(led_flag);
 1155              		.loc 1 310 0
 1156 0578 FB1D     		add	r3, r7, #7
 1157 057a 1B78     		ldrb	r3, [r3]
 1158 057c 181C     		mov	r0, r3
 1159 057e FFF7FEFF 		bl	blinkdot
 311:.\morse.c     ****         blinkdot(led_flag);
 1160              		.loc 1 311 0
 1161 0582 FB1D     		add	r3, r7, #7
 1162 0584 1B78     		ldrb	r3, [r3]
 1163 0586 181C     		mov	r0, r3
 1164 0588 FFF7FEFF 		bl	blinkdot
 312:.\morse.c     ****         char_separate();
 1165              		.loc 1 312 0
 1166 058c FFF7FEFF 		bl	char_separate
 313:.\morse.c     ****         break;
 1167              		.loc 1 313 0
ARM GAS  C:\Users\Admin\AppData\Local\Temp\ccO5YTHF.s 			page 27


 1168 0590 9BE0     		b	.L17
 1169              	.L32:
 314:.\morse.c     ****        case '7':
 315:.\morse.c     ****         blinkdash(led_flag);
 1170              		.loc 1 315 0
 1171 0592 FB1D     		add	r3, r7, #7
 1172 0594 1B78     		ldrb	r3, [r3]
 1173 0596 181C     		mov	r0, r3
 1174 0598 FFF7FEFF 		bl	blinkdash
 316:.\morse.c     ****         blinkdash(led_flag);
 1175              		.loc 1 316 0
 1176 059c FB1D     		add	r3, r7, #7
 1177 059e 1B78     		ldrb	r3, [r3]
 1178 05a0 181C     		mov	r0, r3
 1179 05a2 FFF7FEFF 		bl	blinkdash
 317:.\morse.c     ****         blinkdot(led_flag);
 1180              		.loc 1 317 0
 1181 05a6 FB1D     		add	r3, r7, #7
 1182 05a8 1B78     		ldrb	r3, [r3]
 1183 05aa 181C     		mov	r0, r3
 1184 05ac FFF7FEFF 		bl	blinkdot
 318:.\morse.c     ****         blinkdot(led_flag);
 1185              		.loc 1 318 0
 1186 05b0 FB1D     		add	r3, r7, #7
 1187 05b2 1B78     		ldrb	r3, [r3]
 1188 05b4 181C     		mov	r0, r3
 1189 05b6 FFF7FEFF 		bl	blinkdot
 319:.\morse.c     ****         blinkdot(led_flag);
 1190              		.loc 1 319 0
 1191 05ba FB1D     		add	r3, r7, #7
 1192 05bc 1B78     		ldrb	r3, [r3]
 1193 05be 181C     		mov	r0, r3
 1194 05c0 FFF7FEFF 		bl	blinkdot
 320:.\morse.c     ****         char_separate();
 1195              		.loc 1 320 0
 1196 05c4 FFF7FEFF 		bl	char_separate
 321:.\morse.c     ****         break;
 1197              		.loc 1 321 0
 1198 05c8 7FE0     		b	.L17
 1199              	.L33:
 322:.\morse.c     ****        case '8':
 323:.\morse.c     ****         blinkdash(led_flag);
 1200              		.loc 1 323 0
 1201 05ca FB1D     		add	r3, r7, #7
 1202 05cc 1B78     		ldrb	r3, [r3]
 1203 05ce 181C     		mov	r0, r3
 1204 05d0 FFF7FEFF 		bl	blinkdash
 324:.\morse.c     ****         blinkdash(led_flag);
 1205              		.loc 1 324 0
 1206 05d4 FB1D     		add	r3, r7, #7
 1207 05d6 1B78     		ldrb	r3, [r3]
 1208 05d8 181C     		mov	r0, r3
 1209 05da FFF7FEFF 		bl	blinkdash
 325:.\morse.c     ****         blinkdash(led_flag);
 1210              		.loc 1 325 0
 1211 05de FB1D     		add	r3, r7, #7
 1212 05e0 1B78     		ldrb	r3, [r3]
ARM GAS  C:\Users\Admin\AppData\Local\Temp\ccO5YTHF.s 			page 28


 1213 05e2 181C     		mov	r0, r3
 1214 05e4 FFF7FEFF 		bl	blinkdash
 326:.\morse.c     ****         blinkdot(led_flag);
 1215              		.loc 1 326 0
 1216 05e8 FB1D     		add	r3, r7, #7
 1217 05ea 1B78     		ldrb	r3, [r3]
 1218 05ec 181C     		mov	r0, r3
 1219 05ee FFF7FEFF 		bl	blinkdot
 327:.\morse.c     ****         blinkdot(led_flag);
 1220              		.loc 1 327 0
 1221 05f2 FB1D     		add	r3, r7, #7
 1222 05f4 1B78     		ldrb	r3, [r3]
 1223 05f6 181C     		mov	r0, r3
 1224 05f8 FFF7FEFF 		bl	blinkdot
 328:.\morse.c     ****         char_separate();
 1225              		.loc 1 328 0
 1226 05fc FFF7FEFF 		bl	char_separate
 329:.\morse.c     ****         break;
 1227              		.loc 1 329 0
 1228 0600 63E0     		b	.L17
 1229              	.L34:
 330:.\morse.c     ****        case '9':
 331:.\morse.c     ****         blinkdash(led_flag);
 1230              		.loc 1 331 0
 1231 0602 FB1D     		add	r3, r7, #7
 1232 0604 1B78     		ldrb	r3, [r3]
 1233 0606 181C     		mov	r0, r3
 1234 0608 FFF7FEFF 		bl	blinkdash
 332:.\morse.c     ****         blinkdash(led_flag);
 1235              		.loc 1 332 0
 1236 060c FB1D     		add	r3, r7, #7
 1237 060e 1B78     		ldrb	r3, [r3]
 1238 0610 181C     		mov	r0, r3
 1239 0612 FFF7FEFF 		bl	blinkdash
 333:.\morse.c     ****         blinkdash(led_flag);
 1240              		.loc 1 333 0
 1241 0616 FB1D     		add	r3, r7, #7
 1242 0618 1B78     		ldrb	r3, [r3]
 1243 061a 181C     		mov	r0, r3
 1244 061c FFF7FEFF 		bl	blinkdash
 334:.\morse.c     ****         blinkdash(led_flag);
 1245              		.loc 1 334 0
 1246 0620 FB1D     		add	r3, r7, #7
 1247 0622 1B78     		ldrb	r3, [r3]
 1248 0624 181C     		mov	r0, r3
 1249 0626 FFF7FEFF 		bl	blinkdash
 335:.\morse.c     ****         blinkdot(led_flag);
 1250              		.loc 1 335 0
 1251 062a FB1D     		add	r3, r7, #7
 1252 062c 1B78     		ldrb	r3, [r3]
 1253 062e 181C     		mov	r0, r3
 1254 0630 FFF7FEFF 		bl	blinkdot
 336:.\morse.c     ****         char_separate();
 1255              		.loc 1 336 0
 1256 0634 FFF7FEFF 		bl	char_separate
 337:.\morse.c     ****         break;
 1257              		.loc 1 337 0
ARM GAS  C:\Users\Admin\AppData\Local\Temp\ccO5YTHF.s 			page 29


 1258 0638 47E0     		b	.L17
 1259              	.L24:
 338:.\morse.c     ****        case '.':
 339:.\morse.c     ****         blinkdot(led_flag);
 1260              		.loc 1 339 0
 1261 063a FB1D     		add	r3, r7, #7
 1262 063c 1B78     		ldrb	r3, [r3]
 1263 063e 181C     		mov	r0, r3
 1264 0640 FFF7FEFF 		bl	blinkdot
 340:.\morse.c     ****         blinkdash(led_flag);
 1265              		.loc 1 340 0
 1266 0644 FB1D     		add	r3, r7, #7
 1267 0646 1B78     		ldrb	r3, [r3]
 1268 0648 181C     		mov	r0, r3
 1269 064a FFF7FEFF 		bl	blinkdash
 341:.\morse.c     ****         blinkdot(led_flag);
 1270              		.loc 1 341 0
 1271 064e FB1D     		add	r3, r7, #7
 1272 0650 1B78     		ldrb	r3, [r3]
 1273 0652 181C     		mov	r0, r3
 1274 0654 FFF7FEFF 		bl	blinkdot
 342:.\morse.c     ****         blinkdash(led_flag);
 1275              		.loc 1 342 0
 1276 0658 FB1D     		add	r3, r7, #7
 1277 065a 1B78     		ldrb	r3, [r3]
 1278 065c 181C     		mov	r0, r3
 1279 065e FFF7FEFF 		bl	blinkdash
 343:.\morse.c     ****         blinkdot(led_flag);
 1280              		.loc 1 343 0
 1281 0662 FB1D     		add	r3, r7, #7
 1282 0664 1B78     		ldrb	r3, [r3]
 1283 0666 181C     		mov	r0, r3
 1284 0668 FFF7FEFF 		bl	blinkdot
 344:.\morse.c     ****         blinkdash(led_flag);
 1285              		.loc 1 344 0
 1286 066c FB1D     		add	r3, r7, #7
 1287 066e 1B78     		ldrb	r3, [r3]
 1288 0670 181C     		mov	r0, r3
 1289 0672 FFF7FEFF 		bl	blinkdash
 345:.\morse.c     ****         char_separate();
 1290              		.loc 1 345 0
 1291 0676 FFF7FEFF 		bl	char_separate
 346:.\morse.c     ****         break;
 1292              		.loc 1 346 0
 1293 067a 26E0     		b	.L17
 1294              	.L23:
 347:.\morse.c     ****        case ',':
 348:.\morse.c     ****         blinkdash(led_flag);
 1295              		.loc 1 348 0
 1296 067c FB1D     		add	r3, r7, #7
 1297 067e 1B78     		ldrb	r3, [r3]
 1298 0680 181C     		mov	r0, r3
 1299 0682 FFF7FEFF 		bl	blinkdash
 349:.\morse.c     ****         blinkdash(led_flag);
 1300              		.loc 1 349 0
 1301 0686 FB1D     		add	r3, r7, #7
 1302 0688 1B78     		ldrb	r3, [r3]
ARM GAS  C:\Users\Admin\AppData\Local\Temp\ccO5YTHF.s 			page 30


 1303 068a 181C     		mov	r0, r3
 1304 068c FFF7FEFF 		bl	blinkdash
 350:.\morse.c     ****         blinkdot(led_flag);
 1305              		.loc 1 350 0
 1306 0690 FB1D     		add	r3, r7, #7
 1307 0692 1B78     		ldrb	r3, [r3]
 1308 0694 181C     		mov	r0, r3
 1309 0696 FFF7FEFF 		bl	blinkdot
 351:.\morse.c     ****         blinkdot(led_flag);
 1310              		.loc 1 351 0
 1311 069a FB1D     		add	r3, r7, #7
 1312 069c 1B78     		ldrb	r3, [r3]
 1313 069e 181C     		mov	r0, r3
 1314 06a0 FFF7FEFF 		bl	blinkdot
 352:.\morse.c     ****         blinkdash(led_flag);
 1315              		.loc 1 352 0
 1316 06a4 FB1D     		add	r3, r7, #7
 1317 06a6 1B78     		ldrb	r3, [r3]
 1318 06a8 181C     		mov	r0, r3
 1319 06aa FFF7FEFF 		bl	blinkdash
 353:.\morse.c     ****         blinkdash(led_flag);
 1320              		.loc 1 353 0
 1321 06ae FB1D     		add	r3, r7, #7
 1322 06b0 1B78     		ldrb	r3, [r3]
 1323 06b2 181C     		mov	r0, r3
 1324 06b4 FFF7FEFF 		bl	blinkdash
 354:.\morse.c     ****         char_separate();
 1325              		.loc 1 354 0
 1326 06b8 FFF7FEFF 		bl	char_separate
 355:.\morse.c     ****         break;
 1327              		.loc 1 355 0
 1328 06bc 05E0     		b	.L17
 1329              	.L22:
 356:.\morse.c     ****        case ' ':
 357:.\morse.c     ****         CyDelay(WORD_SEPARATE_TIME);
 1330              		.loc 1 357 0
 1331 06be FA23     		mov	r3, #250
 1332 06c0 9B00     		lsl	r3, r3, #2
 1333 06c2 181C     		mov	r0, r3
 1334 06c4 FFF7FEFF 		bl	CyDelay
 358:.\morse.c     ****         break;
 1335              		.loc 1 358 0
 1336 06c8 C046     		mov	r8, r8
 1337              	.L17:
 359:.\morse.c     ****        case '\n':
 360:.\morse.c     ****         break;
 361:.\morse.c     ****    }
 362:.\morse.c     **** }
 1338              		.loc 1 362 0
 1339 06ca BD46     		mov	sp, r7
 1340 06cc 02B0     		add	sp, sp, #8
 1341              		@ sp needed
 1342 06ce 80BD     		pop	{r7, pc}
 1343              		.cfi_endproc
 1344              	.LFE37:
 1345              		.size	morse_encode, .-morse_encode
 1346              		.section	.text.morse_message,"ax",%progbits
ARM GAS  C:\Users\Admin\AppData\Local\Temp\ccO5YTHF.s 			page 31


 1347              		.align	2
 1348              		.global	morse_message
 1349              		.code	16
 1350              		.thumb_func
 1351              		.type	morse_message, %function
 1352              	morse_message:
 1353              	.LFB38:
 363:.\morse.c     **** 
 364:.\morse.c     **** void morse_message(uint8 led_flag, char* message) {
 1354              		.loc 1 364 0
 1355              		.cfi_startproc
 1356 0000 80B5     		push	{r7, lr}
 1357              		.cfi_def_cfa_offset 8
 1358              		.cfi_offset 7, -8
 1359              		.cfi_offset 14, -4
 1360 0002 84B0     		sub	sp, sp, #16
 1361              		.cfi_def_cfa_offset 24
 1362 0004 00AF     		add	r7, sp, #0
 1363              		.cfi_def_cfa_register 7
 1364 0006 021C     		mov	r2, r0
 1365 0008 3960     		str	r1, [r7]
 1366 000a FB1D     		add	r3, r7, #7
 1367 000c 1A70     		strb	r2, [r3]
 365:.\morse.c     ****     unsigned int i;
 366:.\morse.c     ****     
 367:.\morse.c     ****     /* Let user know there is a new message */
 368:.\morse.c     ****     new_message_morse();
 1368              		.loc 1 368 0
 1369 000e FFF7FEFF 		bl	new_message_morse
 369:.\morse.c     ****     
 370:.\morse.c     ****     for (i=0; i < strlen(message); i++) {
 1370              		.loc 1 370 0
 1371 0012 0023     		mov	r3, #0
 1372 0014 FB60     		str	r3, [r7, #12]
 1373 0016 13E0     		b	.L64
 1374              	.L67:
 371:.\morse.c     ****         /* Verify state */
 372:.\morse.c     ****         if(!verify_state(VOLUNTEER)) {
 1375              		.loc 1 372 0
 1376 0018 0120     		mov	r0, #1
 1377 001a FFF7FEFF 		bl	verify_state
 1378 001e 031C     		mov	r3, r0
 1379 0020 002B     		cmp	r3, #0
 1380 0022 00D1     		bne	.L65
 373:.\morse.c     ****             return;
 1381              		.loc 1 373 0
 1382 0024 14E0     		b	.L63
 1383              	.L65:
 374:.\morse.c     ****         }
 375:.\morse.c     ****         morse_encode(led_flag, message[i]);
 1384              		.loc 1 375 0
 1385 0026 3A68     		ldr	r2, [r7]
 1386 0028 FB68     		ldr	r3, [r7, #12]
 1387 002a D318     		add	r3, r2, r3
 1388 002c 1B78     		ldrb	r3, [r3]
 1389 002e FA1D     		add	r2, r7, #7
 1390 0030 1278     		ldrb	r2, [r2]
ARM GAS  C:\Users\Admin\AppData\Local\Temp\ccO5YTHF.s 			page 32


 1391 0032 101C     		mov	r0, r2
 1392 0034 191C     		mov	r1, r3
 1393 0036 FFF7FEFF 		bl	morse_encode
 370:.\morse.c     ****     for (i=0; i < strlen(message); i++) {
 1394              		.loc 1 370 0
 1395 003a FB68     		ldr	r3, [r7, #12]
 1396 003c 0133     		add	r3, r3, #1
 1397 003e FB60     		str	r3, [r7, #12]
 1398              	.L64:
 370:.\morse.c     ****     for (i=0; i < strlen(message); i++) {
 1399              		.loc 1 370 0 is_stmt 0 discriminator 1
 1400 0040 3B68     		ldr	r3, [r7]
 1401 0042 181C     		mov	r0, r3
 1402 0044 FFF7FEFF 		bl	strlen
 1403 0048 021C     		mov	r2, r0
 1404 004a FB68     		ldr	r3, [r7, #12]
 1405 004c 9A42     		cmp	r2, r3
 1406 004e E3D8     		bhi	.L67
 1407              	.L63:
 376:.\morse.c     ****     }
 377:.\morse.c     **** }
 1408              		.loc 1 377 0 is_stmt 1
 1409 0050 BD46     		mov	sp, r7
 1410 0052 04B0     		add	sp, sp, #16
 1411              		@ sp needed
 1412 0054 80BD     		pop	{r7, pc}
 1413              		.cfi_endproc
 1414              	.LFE38:
 1415              		.size	morse_message, .-morse_message
 1416 0056 C046     		.text
 1417              	.Letext0:
 1418              		.file 2 ".\\Generated_Source\\PSoC4/cytypes.h"
 1419              		.section	.debug_info,"",%progbits
 1420              	.Ldebug_info0:
 1421 0000 8C010000 		.4byte	0x18c
 1422 0004 0400     		.2byte	0x4
 1423 0006 00000000 		.4byte	.Ldebug_abbrev0
 1424 000a 04       		.byte	0x4
 1425 000b 01       		.uleb128 0x1
 1426 000c 8A000000 		.4byte	.LASF20
 1427 0010 01       		.byte	0x1
 1428 0011 3A000000 		.4byte	.LASF21
 1429 0015 06010000 		.4byte	.LASF22
 1430 0019 00000000 		.4byte	.Ldebug_ranges0+0
 1431 001d 00000000 		.4byte	0
 1432 0021 00000000 		.4byte	.Ldebug_line0
 1433 0025 02       		.uleb128 0x2
 1434 0026 01       		.byte	0x1
 1435 0027 06       		.byte	0x6
 1436 0028 A8010000 		.4byte	.LASF0
 1437 002c 02       		.uleb128 0x2
 1438 002d 01       		.byte	0x1
 1439 002e 08       		.byte	0x8
 1440 002f 43010000 		.4byte	.LASF1
 1441 0033 02       		.uleb128 0x2
 1442 0034 02       		.byte	0x2
 1443 0035 05       		.byte	0x5
ARM GAS  C:\Users\Admin\AppData\Local\Temp\ccO5YTHF.s 			page 33


 1444 0036 C3010000 		.4byte	.LASF2
 1445 003a 02       		.uleb128 0x2
 1446 003b 02       		.byte	0x2
 1447 003c 07       		.byte	0x7
 1448 003d 95010000 		.4byte	.LASF3
 1449 0041 02       		.uleb128 0x2
 1450 0042 04       		.byte	0x4
 1451 0043 05       		.byte	0x5
 1452 0044 68010000 		.4byte	.LASF4
 1453 0048 02       		.uleb128 0x2
 1454 0049 04       		.byte	0x4
 1455 004a 07       		.byte	0x7
 1456 004b 4A000000 		.4byte	.LASF5
 1457 004f 02       		.uleb128 0x2
 1458 0050 08       		.byte	0x8
 1459 0051 05       		.byte	0x5
 1460 0052 00000000 		.4byte	.LASF6
 1461 0056 02       		.uleb128 0x2
 1462 0057 08       		.byte	0x8
 1463 0058 07       		.byte	0x7
 1464 0059 5C000000 		.4byte	.LASF7
 1465 005d 03       		.uleb128 0x3
 1466 005e 04       		.byte	0x4
 1467 005f 05       		.byte	0x5
 1468 0060 696E7400 		.ascii	"int\000"
 1469 0064 02       		.uleb128 0x2
 1470 0065 04       		.byte	0x4
 1471 0066 07       		.byte	0x7
 1472 0067 18000000 		.4byte	.LASF8
 1473 006b 04       		.uleb128 0x4
 1474 006c 44000000 		.4byte	.LASF23
 1475 0070 02       		.byte	0x2
 1476 0071 A1       		.byte	0xa1
 1477 0072 2C000000 		.4byte	0x2c
 1478 0076 02       		.uleb128 0x2
 1479 0077 04       		.byte	0x4
 1480 0078 04       		.byte	0x4
 1481 0079 BD010000 		.4byte	.LASF9
 1482 007d 02       		.uleb128 0x2
 1483 007e 08       		.byte	0x8
 1484 007f 04       		.byte	0x4
 1485 0080 80010000 		.4byte	.LASF10
 1486 0084 02       		.uleb128 0x2
 1487 0085 01       		.byte	0x1
 1488 0086 08       		.byte	0x8
 1489 0087 51010000 		.4byte	.LASF11
 1490 008b 02       		.uleb128 0x2
 1491 008c 04       		.byte	0x4
 1492 008d 07       		.byte	0x7
 1493 008e CD010000 		.4byte	.LASF12
 1494 0092 05       		.uleb128 0x5
 1495 0093 04       		.byte	0x4
 1496 0094 84000000 		.4byte	0x84
 1497 0098 06       		.uleb128 0x6
 1498 0099 73000000 		.4byte	.LASF13
 1499 009d 01       		.byte	0x1
 1500 009e 12       		.byte	0x12
ARM GAS  C:\Users\Admin\AppData\Local\Temp\ccO5YTHF.s 			page 34


 1501 009f 00000000 		.4byte	.LFB33
 1502 00a3 44000000 		.4byte	.LFE33-.LFB33
 1503 00a7 01       		.uleb128 0x1
 1504 00a8 9C       		.byte	0x9c
 1505 00a9 BC000000 		.4byte	0xbc
 1506 00ad 07       		.uleb128 0x7
 1507 00ae B4010000 		.4byte	.LASF15
 1508 00b2 01       		.byte	0x1
 1509 00b3 12       		.byte	0x12
 1510 00b4 6B000000 		.4byte	0x6b
 1511 00b8 02       		.uleb128 0x2
 1512 00b9 91       		.byte	0x91
 1513 00ba 77       		.sleb128 -9
 1514 00bb 00       		.byte	0
 1515 00bc 06       		.uleb128 0x6
 1516 00bd 0E000000 		.4byte	.LASF14
 1517 00c1 01       		.byte	0x1
 1518 00c2 1D       		.byte	0x1d
 1519 00c3 00000000 		.4byte	.LFB34
 1520 00c7 48000000 		.4byte	.LFE34-.LFB34
 1521 00cb 01       		.uleb128 0x1
 1522 00cc 9C       		.byte	0x9c
 1523 00cd E0000000 		.4byte	0xe0
 1524 00d1 07       		.uleb128 0x7
 1525 00d2 B4010000 		.4byte	.LASF15
 1526 00d6 01       		.byte	0x1
 1527 00d7 1D       		.byte	0x1d
 1528 00d8 6B000000 		.4byte	0x6b
 1529 00dc 02       		.uleb128 0x2
 1530 00dd 91       		.byte	0x91
 1531 00de 77       		.sleb128 -9
 1532 00df 00       		.byte	0
 1533 00e0 06       		.uleb128 0x6
 1534 00e1 56010000 		.4byte	.LASF16
 1535 00e5 01       		.byte	0x1
 1536 00e6 28       		.byte	0x28
 1537 00e7 00000000 		.4byte	.LFB35
 1538 00eb 64000000 		.4byte	.LFE35-.LFB35
 1539 00ef 01       		.uleb128 0x1
 1540 00f0 9C       		.byte	0x9c
 1541 00f1 10010000 		.4byte	0x110
 1542 00f5 08       		.uleb128 0x8
 1543 00f6 6900     		.ascii	"i\000"
 1544 00f8 01       		.byte	0x1
 1545 00f9 29       		.byte	0x29
 1546 00fa 64000000 		.4byte	0x64
 1547 00fe 02       		.uleb128 0x2
 1548 00ff 91       		.byte	0x91
 1549 0100 6C       		.sleb128 -20
 1550 0101 09       		.uleb128 0x9
 1551 0102 71010000 		.4byte	.LASF17
 1552 0106 01       		.byte	0x1
 1553 0107 2A       		.byte	0x2a
 1554 0108 6B000000 		.4byte	0x6b
 1555 010c 02       		.uleb128 0x2
 1556 010d 91       		.byte	0x91
 1557 010e 6B       		.sleb128 -21
ARM GAS  C:\Users\Admin\AppData\Local\Temp\ccO5YTHF.s 			page 35


 1558 010f 00       		.byte	0
 1559 0110 0A       		.uleb128 0xa
 1560 0111 7C000000 		.4byte	.LASF24
 1561 0115 01       		.byte	0x1
 1562 0116 3A       		.byte	0x3a
 1563 0117 00000000 		.4byte	.LFB36
 1564 011b 20000000 		.4byte	.LFE36-.LFB36
 1565 011f 01       		.uleb128 0x1
 1566 0120 9C       		.byte	0x9c
 1567 0121 06       		.uleb128 0x6
 1568 0122 2D000000 		.4byte	.LASF18
 1569 0126 01       		.byte	0x1
 1570 0127 42       		.byte	0x42
 1571 0128 00000000 		.4byte	.LFB37
 1572 012c D0060000 		.4byte	.LFE37-.LFB37
 1573 0130 01       		.uleb128 0x1
 1574 0131 9C       		.byte	0x9c
 1575 0132 51010000 		.4byte	0x151
 1576 0136 07       		.uleb128 0x7
 1577 0137 B4010000 		.4byte	.LASF15
 1578 013b 01       		.byte	0x1
 1579 013c 42       		.byte	0x42
 1580 013d 6B000000 		.4byte	0x6b
 1581 0141 02       		.uleb128 0x2
 1582 0142 91       		.byte	0x91
 1583 0143 77       		.sleb128 -9
 1584 0144 0B       		.uleb128 0xb
 1585 0145 6300     		.ascii	"c\000"
 1586 0147 01       		.byte	0x1
 1587 0148 42       		.byte	0x42
 1588 0149 84000000 		.4byte	0x84
 1589 014d 02       		.uleb128 0x2
 1590 014e 91       		.byte	0x91
 1591 014f 76       		.sleb128 -10
 1592 0150 00       		.byte	0
 1593 0151 0C       		.uleb128 0xc
 1594 0152 87010000 		.4byte	.LASF25
 1595 0156 01       		.byte	0x1
 1596 0157 6C01     		.2byte	0x16c
 1597 0159 00000000 		.4byte	.LFB38
 1598 015d 56000000 		.4byte	.LFE38-.LFB38
 1599 0161 01       		.uleb128 0x1
 1600 0162 9C       		.byte	0x9c
 1601 0163 0D       		.uleb128 0xd
 1602 0164 B4010000 		.4byte	.LASF15
 1603 0168 01       		.byte	0x1
 1604 0169 6C01     		.2byte	0x16c
 1605 016b 6B000000 		.4byte	0x6b
 1606 016f 02       		.uleb128 0x2
 1607 0170 91       		.byte	0x91
 1608 0171 6F       		.sleb128 -17
 1609 0172 0D       		.uleb128 0xd
 1610 0173 25000000 		.4byte	.LASF19
 1611 0177 01       		.byte	0x1
 1612 0178 6C01     		.2byte	0x16c
 1613 017a 92000000 		.4byte	0x92
 1614 017e 02       		.uleb128 0x2
ARM GAS  C:\Users\Admin\AppData\Local\Temp\ccO5YTHF.s 			page 36


 1615 017f 91       		.byte	0x91
 1616 0180 68       		.sleb128 -24
 1617 0181 0E       		.uleb128 0xe
 1618 0182 6900     		.ascii	"i\000"
 1619 0184 01       		.byte	0x1
 1620 0185 6D01     		.2byte	0x16d
 1621 0187 64000000 		.4byte	0x64
 1622 018b 02       		.uleb128 0x2
 1623 018c 91       		.byte	0x91
 1624 018d 74       		.sleb128 -12
 1625 018e 00       		.byte	0
 1626 018f 00       		.byte	0
 1627              		.section	.debug_abbrev,"",%progbits
 1628              	.Ldebug_abbrev0:
 1629 0000 01       		.uleb128 0x1
 1630 0001 11       		.uleb128 0x11
 1631 0002 01       		.byte	0x1
 1632 0003 25       		.uleb128 0x25
 1633 0004 0E       		.uleb128 0xe
 1634 0005 13       		.uleb128 0x13
 1635 0006 0B       		.uleb128 0xb
 1636 0007 03       		.uleb128 0x3
 1637 0008 0E       		.uleb128 0xe
 1638 0009 1B       		.uleb128 0x1b
 1639 000a 0E       		.uleb128 0xe
 1640 000b 55       		.uleb128 0x55
 1641 000c 17       		.uleb128 0x17
 1642 000d 11       		.uleb128 0x11
 1643 000e 01       		.uleb128 0x1
 1644 000f 10       		.uleb128 0x10
 1645 0010 17       		.uleb128 0x17
 1646 0011 00       		.byte	0
 1647 0012 00       		.byte	0
 1648 0013 02       		.uleb128 0x2
 1649 0014 24       		.uleb128 0x24
 1650 0015 00       		.byte	0
 1651 0016 0B       		.uleb128 0xb
 1652 0017 0B       		.uleb128 0xb
 1653 0018 3E       		.uleb128 0x3e
 1654 0019 0B       		.uleb128 0xb
 1655 001a 03       		.uleb128 0x3
 1656 001b 0E       		.uleb128 0xe
 1657 001c 00       		.byte	0
 1658 001d 00       		.byte	0
 1659 001e 03       		.uleb128 0x3
 1660 001f 24       		.uleb128 0x24
 1661 0020 00       		.byte	0
 1662 0021 0B       		.uleb128 0xb
 1663 0022 0B       		.uleb128 0xb
 1664 0023 3E       		.uleb128 0x3e
 1665 0024 0B       		.uleb128 0xb
 1666 0025 03       		.uleb128 0x3
 1667 0026 08       		.uleb128 0x8
 1668 0027 00       		.byte	0
 1669 0028 00       		.byte	0
 1670 0029 04       		.uleb128 0x4
 1671 002a 16       		.uleb128 0x16
ARM GAS  C:\Users\Admin\AppData\Local\Temp\ccO5YTHF.s 			page 37


 1672 002b 00       		.byte	0
 1673 002c 03       		.uleb128 0x3
 1674 002d 0E       		.uleb128 0xe
 1675 002e 3A       		.uleb128 0x3a
 1676 002f 0B       		.uleb128 0xb
 1677 0030 3B       		.uleb128 0x3b
 1678 0031 0B       		.uleb128 0xb
 1679 0032 49       		.uleb128 0x49
 1680 0033 13       		.uleb128 0x13
 1681 0034 00       		.byte	0
 1682 0035 00       		.byte	0
 1683 0036 05       		.uleb128 0x5
 1684 0037 0F       		.uleb128 0xf
 1685 0038 00       		.byte	0
 1686 0039 0B       		.uleb128 0xb
 1687 003a 0B       		.uleb128 0xb
 1688 003b 49       		.uleb128 0x49
 1689 003c 13       		.uleb128 0x13
 1690 003d 00       		.byte	0
 1691 003e 00       		.byte	0
 1692 003f 06       		.uleb128 0x6
 1693 0040 2E       		.uleb128 0x2e
 1694 0041 01       		.byte	0x1
 1695 0042 3F       		.uleb128 0x3f
 1696 0043 19       		.uleb128 0x19
 1697 0044 03       		.uleb128 0x3
 1698 0045 0E       		.uleb128 0xe
 1699 0046 3A       		.uleb128 0x3a
 1700 0047 0B       		.uleb128 0xb
 1701 0048 3B       		.uleb128 0x3b
 1702 0049 0B       		.uleb128 0xb
 1703 004a 27       		.uleb128 0x27
 1704 004b 19       		.uleb128 0x19
 1705 004c 11       		.uleb128 0x11
 1706 004d 01       		.uleb128 0x1
 1707 004e 12       		.uleb128 0x12
 1708 004f 06       		.uleb128 0x6
 1709 0050 40       		.uleb128 0x40
 1710 0051 18       		.uleb128 0x18
 1711 0052 9642     		.uleb128 0x2116
 1712 0054 19       		.uleb128 0x19
 1713 0055 01       		.uleb128 0x1
 1714 0056 13       		.uleb128 0x13
 1715 0057 00       		.byte	0
 1716 0058 00       		.byte	0
 1717 0059 07       		.uleb128 0x7
 1718 005a 05       		.uleb128 0x5
 1719 005b 00       		.byte	0
 1720 005c 03       		.uleb128 0x3
 1721 005d 0E       		.uleb128 0xe
 1722 005e 3A       		.uleb128 0x3a
 1723 005f 0B       		.uleb128 0xb
 1724 0060 3B       		.uleb128 0x3b
 1725 0061 0B       		.uleb128 0xb
 1726 0062 49       		.uleb128 0x49
 1727 0063 13       		.uleb128 0x13
 1728 0064 02       		.uleb128 0x2
ARM GAS  C:\Users\Admin\AppData\Local\Temp\ccO5YTHF.s 			page 38


 1729 0065 18       		.uleb128 0x18
 1730 0066 00       		.byte	0
 1731 0067 00       		.byte	0
 1732 0068 08       		.uleb128 0x8
 1733 0069 34       		.uleb128 0x34
 1734 006a 00       		.byte	0
 1735 006b 03       		.uleb128 0x3
 1736 006c 08       		.uleb128 0x8
 1737 006d 3A       		.uleb128 0x3a
 1738 006e 0B       		.uleb128 0xb
 1739 006f 3B       		.uleb128 0x3b
 1740 0070 0B       		.uleb128 0xb
 1741 0071 49       		.uleb128 0x49
 1742 0072 13       		.uleb128 0x13
 1743 0073 02       		.uleb128 0x2
 1744 0074 18       		.uleb128 0x18
 1745 0075 00       		.byte	0
 1746 0076 00       		.byte	0
 1747 0077 09       		.uleb128 0x9
 1748 0078 34       		.uleb128 0x34
 1749 0079 00       		.byte	0
 1750 007a 03       		.uleb128 0x3
 1751 007b 0E       		.uleb128 0xe
 1752 007c 3A       		.uleb128 0x3a
 1753 007d 0B       		.uleb128 0xb
 1754 007e 3B       		.uleb128 0x3b
 1755 007f 0B       		.uleb128 0xb
 1756 0080 49       		.uleb128 0x49
 1757 0081 13       		.uleb128 0x13
 1758 0082 02       		.uleb128 0x2
 1759 0083 18       		.uleb128 0x18
 1760 0084 00       		.byte	0
 1761 0085 00       		.byte	0
 1762 0086 0A       		.uleb128 0xa
 1763 0087 2E       		.uleb128 0x2e
 1764 0088 00       		.byte	0
 1765 0089 3F       		.uleb128 0x3f
 1766 008a 19       		.uleb128 0x19
 1767 008b 03       		.uleb128 0x3
 1768 008c 0E       		.uleb128 0xe
 1769 008d 3A       		.uleb128 0x3a
 1770 008e 0B       		.uleb128 0xb
 1771 008f 3B       		.uleb128 0x3b
 1772 0090 0B       		.uleb128 0xb
 1773 0091 27       		.uleb128 0x27
 1774 0092 19       		.uleb128 0x19
 1775 0093 11       		.uleb128 0x11
 1776 0094 01       		.uleb128 0x1
 1777 0095 12       		.uleb128 0x12
 1778 0096 06       		.uleb128 0x6
 1779 0097 40       		.uleb128 0x40
 1780 0098 18       		.uleb128 0x18
 1781 0099 9642     		.uleb128 0x2116
 1782 009b 19       		.uleb128 0x19
 1783 009c 00       		.byte	0
 1784 009d 00       		.byte	0
 1785 009e 0B       		.uleb128 0xb
ARM GAS  C:\Users\Admin\AppData\Local\Temp\ccO5YTHF.s 			page 39


 1786 009f 05       		.uleb128 0x5
 1787 00a0 00       		.byte	0
 1788 00a1 03       		.uleb128 0x3
 1789 00a2 08       		.uleb128 0x8
 1790 00a3 3A       		.uleb128 0x3a
 1791 00a4 0B       		.uleb128 0xb
 1792 00a5 3B       		.uleb128 0x3b
 1793 00a6 0B       		.uleb128 0xb
 1794 00a7 49       		.uleb128 0x49
 1795 00a8 13       		.uleb128 0x13
 1796 00a9 02       		.uleb128 0x2
 1797 00aa 18       		.uleb128 0x18
 1798 00ab 00       		.byte	0
 1799 00ac 00       		.byte	0
 1800 00ad 0C       		.uleb128 0xc
 1801 00ae 2E       		.uleb128 0x2e
 1802 00af 01       		.byte	0x1
 1803 00b0 3F       		.uleb128 0x3f
 1804 00b1 19       		.uleb128 0x19
 1805 00b2 03       		.uleb128 0x3
 1806 00b3 0E       		.uleb128 0xe
 1807 00b4 3A       		.uleb128 0x3a
 1808 00b5 0B       		.uleb128 0xb
 1809 00b6 3B       		.uleb128 0x3b
 1810 00b7 05       		.uleb128 0x5
 1811 00b8 27       		.uleb128 0x27
 1812 00b9 19       		.uleb128 0x19
 1813 00ba 11       		.uleb128 0x11
 1814 00bb 01       		.uleb128 0x1
 1815 00bc 12       		.uleb128 0x12
 1816 00bd 06       		.uleb128 0x6
 1817 00be 40       		.uleb128 0x40
 1818 00bf 18       		.uleb128 0x18
 1819 00c0 9642     		.uleb128 0x2116
 1820 00c2 19       		.uleb128 0x19
 1821 00c3 00       		.byte	0
 1822 00c4 00       		.byte	0
 1823 00c5 0D       		.uleb128 0xd
 1824 00c6 05       		.uleb128 0x5
 1825 00c7 00       		.byte	0
 1826 00c8 03       		.uleb128 0x3
 1827 00c9 0E       		.uleb128 0xe
 1828 00ca 3A       		.uleb128 0x3a
 1829 00cb 0B       		.uleb128 0xb
 1830 00cc 3B       		.uleb128 0x3b
 1831 00cd 05       		.uleb128 0x5
 1832 00ce 49       		.uleb128 0x49
 1833 00cf 13       		.uleb128 0x13
 1834 00d0 02       		.uleb128 0x2
 1835 00d1 18       		.uleb128 0x18
 1836 00d2 00       		.byte	0
 1837 00d3 00       		.byte	0
 1838 00d4 0E       		.uleb128 0xe
 1839 00d5 34       		.uleb128 0x34
 1840 00d6 00       		.byte	0
 1841 00d7 03       		.uleb128 0x3
 1842 00d8 08       		.uleb128 0x8
ARM GAS  C:\Users\Admin\AppData\Local\Temp\ccO5YTHF.s 			page 40


 1843 00d9 3A       		.uleb128 0x3a
 1844 00da 0B       		.uleb128 0xb
 1845 00db 3B       		.uleb128 0x3b
 1846 00dc 05       		.uleb128 0x5
 1847 00dd 49       		.uleb128 0x49
 1848 00de 13       		.uleb128 0x13
 1849 00df 02       		.uleb128 0x2
 1850 00e0 18       		.uleb128 0x18
 1851 00e1 00       		.byte	0
 1852 00e2 00       		.byte	0
 1853 00e3 00       		.byte	0
 1854              		.section	.debug_aranges,"",%progbits
 1855 0000 44000000 		.4byte	0x44
 1856 0004 0200     		.2byte	0x2
 1857 0006 00000000 		.4byte	.Ldebug_info0
 1858 000a 04       		.byte	0x4
 1859 000b 00       		.byte	0
 1860 000c 0000     		.2byte	0
 1861 000e 0000     		.2byte	0
 1862 0010 00000000 		.4byte	.LFB33
 1863 0014 44000000 		.4byte	.LFE33-.LFB33
 1864 0018 00000000 		.4byte	.LFB34
 1865 001c 48000000 		.4byte	.LFE34-.LFB34
 1866 0020 00000000 		.4byte	.LFB35
 1867 0024 64000000 		.4byte	.LFE35-.LFB35
 1868 0028 00000000 		.4byte	.LFB36
 1869 002c 20000000 		.4byte	.LFE36-.LFB36
 1870 0030 00000000 		.4byte	.LFB37
 1871 0034 D0060000 		.4byte	.LFE37-.LFB37
 1872 0038 00000000 		.4byte	.LFB38
 1873 003c 56000000 		.4byte	.LFE38-.LFB38
 1874 0040 00000000 		.4byte	0
 1875 0044 00000000 		.4byte	0
 1876              		.section	.debug_ranges,"",%progbits
 1877              	.Ldebug_ranges0:
 1878 0000 00000000 		.4byte	.LFB33
 1879 0004 44000000 		.4byte	.LFE33
 1880 0008 00000000 		.4byte	.LFB34
 1881 000c 48000000 		.4byte	.LFE34
 1882 0010 00000000 		.4byte	.LFB35
 1883 0014 64000000 		.4byte	.LFE35
 1884 0018 00000000 		.4byte	.LFB36
 1885 001c 20000000 		.4byte	.LFE36
 1886 0020 00000000 		.4byte	.LFB37
 1887 0024 D0060000 		.4byte	.LFE37
 1888 0028 00000000 		.4byte	.LFB38
 1889 002c 56000000 		.4byte	.LFE38
 1890 0030 00000000 		.4byte	0
 1891 0034 00000000 		.4byte	0
 1892              		.section	.debug_line,"",%progbits
 1893              	.Ldebug_line0:
 1894 0000 C1010000 		.section	.debug_str,"MS",%progbits,1
 1894      02004600 
 1894      00000201 
 1894      FB0E0D00 
 1894      01010101 
 1895              	.LASF6:
ARM GAS  C:\Users\Admin\AppData\Local\Temp\ccO5YTHF.s 			page 41


 1896 0000 6C6F6E67 		.ascii	"long long int\000"
 1896      206C6F6E 
 1896      6720696E 
 1896      7400
 1897              	.LASF14:
 1898 000e 626C696E 		.ascii	"blinkdash\000"
 1898      6B646173 
 1898      6800
 1899              	.LASF8:
 1900 0018 756E7369 		.ascii	"unsigned int\000"
 1900      676E6564 
 1900      20696E74 
 1900      00
 1901              	.LASF19:
 1902 0025 6D657373 		.ascii	"message\000"
 1902      61676500 
 1903              	.LASF18:
 1904 002d 6D6F7273 		.ascii	"morse_encode\000"
 1904      655F656E 
 1904      636F6465 
 1904      00
 1905              	.LASF21:
 1906 003a 2E5C6D6F 		.ascii	".\\morse.c\000"
 1906      7273652E 
 1906      6300
 1907              	.LASF23:
 1908 0044 75696E74 		.ascii	"uint8\000"
 1908      3800
 1909              	.LASF5:
 1910 004a 6C6F6E67 		.ascii	"long unsigned int\000"
 1910      20756E73 
 1910      69676E65 
 1910      6420696E 
 1910      7400
 1911              	.LASF7:
 1912 005c 6C6F6E67 		.ascii	"long long unsigned int\000"
 1912      206C6F6E 
 1912      6720756E 
 1912      7369676E 
 1912      65642069 
 1913              	.LASF13:
 1914 0073 626C696E 		.ascii	"blinkdot\000"
 1914      6B646F74 
 1914      00
 1915              	.LASF24:
 1916 007c 63686172 		.ascii	"char_separate\000"
 1916      5F736570 
 1916      61726174 
 1916      6500
 1917              	.LASF20:
 1918 008a 474E5520 		.ascii	"GNU C 4.8.4 20140526 (release) [ARM/embedded-4_8-br"
 1918      4320342E 
 1918      382E3420 
 1918      32303134 
 1918      30353236 
 1919 00bd 616E6368 		.ascii	"anch revision 211358] -mcpu=cortex-m0 -mthumb -g -O"
 1919      20726576 
ARM GAS  C:\Users\Admin\AppData\Local\Temp\ccO5YTHF.s 			page 42


 1919      6973696F 
 1919      6E203231 
 1919      31333538 
 1920 00f0 30202D66 		.ascii	"0 -ffunction-sections\000"
 1920      66756E63 
 1920      74696F6E 
 1920      2D736563 
 1920      74696F6E 
 1921              	.LASF22:
 1922 0106 433A5C55 		.ascii	"C:\\Users\\Admin\\Desktop\\Volunteer Badge\\Volunte"
 1922      73657273 
 1922      5C41646D 
 1922      696E5C44 
 1922      65736B74 
 1923 0134 65725F42 		.ascii	"er_Badge.cydsn\000"
 1923      61646765 
 1923      2E637964 
 1923      736E00
 1924              	.LASF1:
 1925 0143 756E7369 		.ascii	"unsigned char\000"
 1925      676E6564 
 1925      20636861 
 1925      7200
 1926              	.LASF11:
 1927 0151 63686172 		.ascii	"char\000"
 1927      00
 1928              	.LASF16:
 1929 0156 6E65775F 		.ascii	"new_message_morse\000"
 1929      6D657373 
 1929      6167655F 
 1929      6D6F7273 
 1929      6500
 1930              	.LASF4:
 1931 0168 6C6F6E67 		.ascii	"long int\000"
 1931      20696E74 
 1931      00
 1932              	.LASF17:
 1933 0171 6F726967 		.ascii	"original_color\000"
 1933      696E616C 
 1933      5F636F6C 
 1933      6F7200
 1934              	.LASF10:
 1935 0180 646F7562 		.ascii	"double\000"
 1935      6C6500
 1936              	.LASF25:
 1937 0187 6D6F7273 		.ascii	"morse_message\000"
 1937      655F6D65 
 1937      73736167 
 1937      6500
 1938              	.LASF3:
 1939 0195 73686F72 		.ascii	"short unsigned int\000"
 1939      7420756E 
 1939      7369676E 
 1939      65642069 
 1939      6E7400
 1940              	.LASF0:
 1941 01a8 7369676E 		.ascii	"signed char\000"
ARM GAS  C:\Users\Admin\AppData\Local\Temp\ccO5YTHF.s 			page 43


 1941      65642063 
 1941      68617200 
 1942              	.LASF15:
 1943 01b4 6C65645F 		.ascii	"led_flag\000"
 1943      666C6167 
 1943      00
 1944              	.LASF9:
 1945 01bd 666C6F61 		.ascii	"float\000"
 1945      7400
 1946              	.LASF2:
 1947 01c3 73686F72 		.ascii	"short int\000"
 1947      7420696E 
 1947      7400
 1948              	.LASF12:
 1949 01cd 73697A65 		.ascii	"sizetype\000"
 1949      74797065 
 1949      00
 1950              		.ident	"GCC: (GNU Tools for ARM Embedded Processors) 4.8.4 20140526 (release) [ARM/embedded-4_8-br
