ARM GAS  C:\Users\Admin\AppData\Local\Temp\ccsuPDm0.s 			page 1


   1              		.cpu cortex-m0
   2              		.fpu softvfp
   3              		.eabi_attribute 20, 1
   4              		.eabi_attribute 21, 1
   5              		.eabi_attribute 23, 3
   6              		.eabi_attribute 24, 1
   7              		.eabi_attribute 25, 1
   8              		.eabi_attribute 26, 1
   9              		.eabi_attribute 30, 4
  10              		.eabi_attribute 34, 0
  11              		.eabi_attribute 18, 4
  12              		.code	16
  13              		.file	"Bootloadable_1.c"
  14              		.text
  15              	.Ltext0:
  16              		.cfi_sections	.debug_frame
  17              		.section	.text.Bootloadable_1_Load,"ax",%progbits
  18              		.align	1
  19              		.global	Bootloadable_1_Load
  20              		.code	16
  21              		.thumb_func
  22              		.type	Bootloadable_1_Load, %function
  23              	Bootloadable_1_Load:
  24              	.LFB0:
  25              		.file 1 ".\\Generated_Source\\PSoC4\\Bootloadable_1.c"
   1:.\Generated_Source\PSoC4/Bootloadable_1.c **** /*******************************************************************************
   2:.\Generated_Source\PSoC4/Bootloadable_1.c **** * File Name: Bootloadable_1.c
   3:.\Generated_Source\PSoC4/Bootloadable_1.c **** * Version 1.20
   4:.\Generated_Source\PSoC4/Bootloadable_1.c **** *
   5:.\Generated_Source\PSoC4/Bootloadable_1.c **** *  Description:
   6:.\Generated_Source\PSoC4/Bootloadable_1.c **** *   Provides an API for the Bootloadable application. The API includes a
   7:.\Generated_Source\PSoC4/Bootloadable_1.c **** *   single function for starting bootloader.
   8:.\Generated_Source\PSoC4/Bootloadable_1.c **** *
   9:.\Generated_Source\PSoC4/Bootloadable_1.c **** ********************************************************************************
  10:.\Generated_Source\PSoC4/Bootloadable_1.c **** * Copyright 2008-2013, Cypress Semiconductor Corporation.  All rights reserved.
  11:.\Generated_Source\PSoC4/Bootloadable_1.c **** * You may use this file only in accordance with the license, terms, conditions,
  12:.\Generated_Source\PSoC4/Bootloadable_1.c **** * disclaimers, and limitations in the end user license agreement accompanying
  13:.\Generated_Source\PSoC4/Bootloadable_1.c **** * the software package with which this file was provided.
  14:.\Generated_Source\PSoC4/Bootloadable_1.c **** *******************************************************************************/
  15:.\Generated_Source\PSoC4/Bootloadable_1.c **** 
  16:.\Generated_Source\PSoC4/Bootloadable_1.c **** #include "Bootloadable_1.h"
  17:.\Generated_Source\PSoC4/Bootloadable_1.c **** 
  18:.\Generated_Source\PSoC4/Bootloadable_1.c **** 
  19:.\Generated_Source\PSoC4/Bootloadable_1.c **** /*******************************************************************************
  20:.\Generated_Source\PSoC4/Bootloadable_1.c **** * Function Name: Bootloadable_1_Load
  21:.\Generated_Source\PSoC4/Bootloadable_1.c **** ********************************************************************************
  22:.\Generated_Source\PSoC4/Bootloadable_1.c **** * Summary:
  23:.\Generated_Source\PSoC4/Bootloadable_1.c **** *  Begins the bootloading algorithm, downloading a new ACD image from the host.
  24:.\Generated_Source\PSoC4/Bootloadable_1.c **** *
  25:.\Generated_Source\PSoC4/Bootloadable_1.c **** * Parameters:
  26:.\Generated_Source\PSoC4/Bootloadable_1.c **** *  None
  27:.\Generated_Source\PSoC4/Bootloadable_1.c **** *
  28:.\Generated_Source\PSoC4/Bootloadable_1.c **** * Returns:
  29:.\Generated_Source\PSoC4/Bootloadable_1.c **** *  This method will never return. It will load a new application and reset
  30:.\Generated_Source\PSoC4/Bootloadable_1.c **** *  the device.
  31:.\Generated_Source\PSoC4/Bootloadable_1.c **** *
  32:.\Generated_Source\PSoC4/Bootloadable_1.c **** *******************************************************************************/
ARM GAS  C:\Users\Admin\AppData\Local\Temp\ccsuPDm0.s 			page 2


  33:.\Generated_Source\PSoC4/Bootloadable_1.c **** void Bootloadable_1_Load(void) 
  34:.\Generated_Source\PSoC4/Bootloadable_1.c **** {
  26              		.loc 1 34 0
  27              		.cfi_startproc
  28 0000 08B5     		push	{r3, lr}
  29              		.cfi_def_cfa_offset 8
  30              		.cfi_offset 3, -8
  31              		.cfi_offset 14, -4
  35:.\Generated_Source\PSoC4/Bootloadable_1.c ****     /* Schedule Bootloader to start after reset */
  36:.\Generated_Source\PSoC4/Bootloadable_1.c ****     Bootloadable_1_SET_RUN_TYPE(Bootloadable_1_START_BTLDR);
  32              		.loc 1 36 0
  33 0002 034B     		ldr	r3, .L2
  34 0004 4022     		mov	r2, #64
  35 0006 1A60     		str	r2, [r3]
  37:.\Generated_Source\PSoC4/Bootloadable_1.c **** 
  38:.\Generated_Source\PSoC4/Bootloadable_1.c ****     CySoftwareReset();
  39:.\Generated_Source\PSoC4/Bootloadable_1.c **** }
  36              		.loc 1 39 0
  37              		@ sp needed
  38:.\Generated_Source\PSoC4/Bootloadable_1.c ****     CySoftwareReset();
  38              		.loc 1 38 0
  39 0008 FFF7FEFF 		bl	CySoftwareReset
  40              	.LVL0:
  41              		.loc 1 39 0
  42 000c 08BD     		pop	{r3, pc}
  43              	.L3:
  44 000e C046     		.align	2
  45              	.L2:
  46 0010 00000000 		.word	cyBtldrRunType
  47              		.cfi_endproc
  48              	.LFE0:
  49              		.size	Bootloadable_1_Load, .-Bootloadable_1_Load
  50              		.section	.text.Bootloadable_1_SetFlashByte,"ax",%progbits
  51              		.align	1
  52              		.global	Bootloadable_1_SetFlashByte
  53              		.code	16
  54              		.thumb_func
  55              		.type	Bootloadable_1_SetFlashByte, %function
  56              	Bootloadable_1_SetFlashByte:
  57              	.LFB1:
  40:.\Generated_Source\PSoC4/Bootloadable_1.c **** 
  41:.\Generated_Source\PSoC4/Bootloadable_1.c **** 
  42:.\Generated_Source\PSoC4/Bootloadable_1.c **** /*******************************************************************************
  43:.\Generated_Source\PSoC4/Bootloadable_1.c **** * Function Name: Bootloadable_1_SetFlashByte
  44:.\Generated_Source\PSoC4/Bootloadable_1.c **** ********************************************************************************
  45:.\Generated_Source\PSoC4/Bootloadable_1.c **** * Summary:
  46:.\Generated_Source\PSoC4/Bootloadable_1.c **** *  Sets byte at specified address in Flash.
  47:.\Generated_Source\PSoC4/Bootloadable_1.c **** *
  48:.\Generated_Source\PSoC4/Bootloadable_1.c **** * Parameters:
  49:.\Generated_Source\PSoC4/Bootloadable_1.c **** *  None
  50:.\Generated_Source\PSoC4/Bootloadable_1.c **** *
  51:.\Generated_Source\PSoC4/Bootloadable_1.c **** * Returns:
  52:.\Generated_Source\PSoC4/Bootloadable_1.c **** *  None
  53:.\Generated_Source\PSoC4/Bootloadable_1.c **** *
  54:.\Generated_Source\PSoC4/Bootloadable_1.c **** *******************************************************************************/
  55:.\Generated_Source\PSoC4/Bootloadable_1.c **** void Bootloadable_1_SetFlashByte(uint32 address, uint8 runType) 
  56:.\Generated_Source\PSoC4/Bootloadable_1.c **** {
ARM GAS  C:\Users\Admin\AppData\Local\Temp\ccsuPDm0.s 			page 3


  58              		.loc 1 56 0
  59              		.cfi_startproc
  60              	.LVL1:
  61 0000 70B5     		push	{r4, r5, r6, lr}
  62              		.cfi_def_cfa_offset 16
  63              		.cfi_offset 4, -16
  64              		.cfi_offset 5, -12
  65              		.cfi_offset 6, -8
  66              		.cfi_offset 14, -4
  67 0002 021C     		mov	r2, r0
  57:.\Generated_Source\PSoC4/Bootloadable_1.c ****     uint32 flsAddr = address - CYDEV_FLASH_BASE;
  58:.\Generated_Source\PSoC4/Bootloadable_1.c ****     uint8 rowData[CYDEV_FLS_ROW_SIZE];
  59:.\Generated_Source\PSoC4/Bootloadable_1.c **** 
  60:.\Generated_Source\PSoC4/Bootloadable_1.c ****     #if !(CY_PSOC4)
  61:.\Generated_Source\PSoC4/Bootloadable_1.c ****         uint8 arrayId = (uint8)(flsAddr / CYDEV_FLS_SECTOR_SIZE);
  62:.\Generated_Source\PSoC4/Bootloadable_1.c ****     #endif  /* !(CY_PSOC4) */
  63:.\Generated_Source\PSoC4/Bootloadable_1.c **** 
  64:.\Generated_Source\PSoC4/Bootloadable_1.c ****     uint16 rowNum = (uint16)((flsAddr % CYDEV_FLS_SECTOR_SIZE) / CYDEV_FLS_ROW_SIZE);
  65:.\Generated_Source\PSoC4/Bootloadable_1.c ****     uint32 baseAddr = address - (address % CYDEV_FLS_ROW_SIZE);
  68              		.loc 1 65 0
  69 0004 7F23     		mov	r3, #127
  64:.\Generated_Source\PSoC4/Bootloadable_1.c ****     uint16 rowNum = (uint16)((flsAddr % CYDEV_FLS_SECTOR_SIZE) / CYDEV_FLS_ROW_SIZE);
  70              		.loc 1 64 0
  71 0006 4004     		lsl	r0, r0, #17
  72              	.LVL2:
  73              		.loc 1 65 0
  74 0008 151C     		mov	r5, r2
  75 000a 9D43     		bic	r5, r3
  56:.\Generated_Source\PSoC4/Bootloadable_1.c **** {
  76              		.loc 1 56 0
  77 000c A0B0     		sub	sp, sp, #128
  78              		.cfi_def_cfa_offset 144
  64:.\Generated_Source\PSoC4/Bootloadable_1.c ****     uint16 rowNum = (uint16)((flsAddr % CYDEV_FLS_SECTOR_SIZE) / CYDEV_FLS_ROW_SIZE);
  79              		.loc 1 64 0
  80 000e 000E     		lsr	r0, r0, #24
  81              	.LVL3:
  82              		.loc 1 65 0
  83 0010 0023     		mov	r3, #0
  84              	.LVL4:
  85              	.L6:
  66:.\Generated_Source\PSoC4/Bootloadable_1.c ****     uint16 idx;
  67:.\Generated_Source\PSoC4/Bootloadable_1.c **** 
  68:.\Generated_Source\PSoC4/Bootloadable_1.c **** 
  69:.\Generated_Source\PSoC4/Bootloadable_1.c ****     for (idx = 0u; idx < CYDEV_FLS_ROW_SIZE; idx++)
  70:.\Generated_Source\PSoC4/Bootloadable_1.c ****     {
  71:.\Generated_Source\PSoC4/Bootloadable_1.c ****         rowData[idx] = Bootloadable_1_GET_CODE_DATA(baseAddr + idx);
  86              		.loc 1 71 0 discriminator 2
  87 0012 5C5D     		ldrb	r4, [r3, r5]
  88 0014 6E46     		mov	r6, sp
  89 0016 9C55     		strb	r4, [r3, r6]
  90              	.LVL5:
  91 0018 0133     		add	r3, r3, #1
  92              	.LVL6:
  69:.\Generated_Source\PSoC4/Bootloadable_1.c ****     for (idx = 0u; idx < CYDEV_FLS_ROW_SIZE; idx++)
  93              		.loc 1 69 0 discriminator 2
  94 001a 802B     		cmp	r3, #128
  95 001c F9D1     		bne	.L6
ARM GAS  C:\Users\Admin\AppData\Local\Temp\ccsuPDm0.s 			page 4


  72:.\Generated_Source\PSoC4/Bootloadable_1.c ****     }
  73:.\Generated_Source\PSoC4/Bootloadable_1.c ****     rowData[address % CYDEV_FLS_ROW_SIZE] = runType;
  96              		.loc 1 73 0
  97 001e 7F23     		mov	r3, #127
  98              	.LVL7:
  99 0020 1A40     		and	r2, r3
 100              	.LVL8:
 101 0022 B154     		strb	r1, [r6, r2]
  74:.\Generated_Source\PSoC4/Bootloadable_1.c **** 
  75:.\Generated_Source\PSoC4/Bootloadable_1.c **** 
  76:.\Generated_Source\PSoC4/Bootloadable_1.c ****     #if(CY_PSOC4)
  77:.\Generated_Source\PSoC4/Bootloadable_1.c ****         (void) CySysFlashWriteRow((uint32)rowNum, rowData);
 102              		.loc 1 77 0
 103 0024 6946     		mov	r1, sp
 104              	.LVL9:
 105 0026 FFF7FEFF 		bl	CySysFlashWriteRow
 106              	.LVL10:
  78:.\Generated_Source\PSoC4/Bootloadable_1.c ****     #else
  79:.\Generated_Source\PSoC4/Bootloadable_1.c ****         (void) CyWriteRowData(arrayId, rowNum, rowData);
  80:.\Generated_Source\PSoC4/Bootloadable_1.c ****     #endif  /* (CY_PSOC4) */
  81:.\Generated_Source\PSoC4/Bootloadable_1.c **** }
 107              		.loc 1 81 0
 108 002a 20B0     		add	sp, sp, #128
 109              		@ sp needed
 110              	.LVL11:
 111 002c 70BD     		pop	{r4, r5, r6, pc}
 112              		.cfi_endproc
 113              	.LFE1:
 114              		.size	Bootloadable_1_SetFlashByte, .-Bootloadable_1_SetFlashByte
 115              		.text
 116              	.Letext0:
 117              		.file 2 ".\\Generated_Source\\PSoC4\\cytypes.h"
 118              		.file 3 ".\\Generated_Source\\PSoC4\\Bootloadable_1.h"
 119              		.file 4 ".\\Generated_Source\\PSoC4\\CyLib.h"
 120              		.file 5 ".\\Generated_Source\\PSoC4\\CyFlash.h"
 121              		.section	.debug_info,"",%progbits
 122              	.Ldebug_info0:
 123 0000 9F010000 		.4byte	0x19f
 124 0004 0400     		.2byte	0x4
 125 0006 00000000 		.4byte	.Ldebug_abbrev0
 126 000a 04       		.byte	0x4
 127 000b 01       		.uleb128 0x1
 128 000c 4C000000 		.4byte	.LASF24
 129 0010 01       		.byte	0x1
 130 0011 FC000000 		.4byte	.LASF25
 131 0015 07000000 		.4byte	.LASF26
 132 0019 00000000 		.4byte	.Ldebug_ranges0+0
 133 001d 00000000 		.4byte	0
 134 0021 00000000 		.4byte	.Ldebug_line0
 135 0025 02       		.uleb128 0x2
 136 0026 01       		.byte	0x1
 137 0027 06       		.byte	0x6
 138 0028 EE010000 		.4byte	.LASF0
 139 002c 02       		.uleb128 0x2
 140 002d 01       		.byte	0x1
 141 002e 08       		.byte	0x8
 142 002f CE000000 		.4byte	.LASF1
ARM GAS  C:\Users\Admin\AppData\Local\Temp\ccsuPDm0.s 			page 5


 143 0033 02       		.uleb128 0x2
 144 0034 02       		.byte	0x2
 145 0035 05       		.byte	0x5
 146 0036 CB010000 		.4byte	.LASF2
 147 003a 02       		.uleb128 0x2
 148 003b 02       		.byte	0x2
 149 003c 07       		.byte	0x7
 150 003d 39000000 		.4byte	.LASF3
 151 0041 02       		.uleb128 0x2
 152 0042 04       		.byte	0x4
 153 0043 05       		.byte	0x5
 154 0044 E5010000 		.4byte	.LASF4
 155 0048 02       		.uleb128 0x2
 156 0049 04       		.byte	0x4
 157 004a 07       		.byte	0x7
 158 004b E4000000 		.4byte	.LASF5
 159 004f 02       		.uleb128 0x2
 160 0050 08       		.byte	0x8
 161 0051 05       		.byte	0x5
 162 0052 B8010000 		.4byte	.LASF6
 163 0056 02       		.uleb128 0x2
 164 0057 08       		.byte	0x8
 165 0058 07       		.byte	0x7
 166 0059 87010000 		.4byte	.LASF7
 167 005d 03       		.uleb128 0x3
 168 005e 04       		.byte	0x4
 169 005f 05       		.byte	0x5
 170 0060 696E7400 		.ascii	"int\000"
 171 0064 02       		.uleb128 0x2
 172 0065 04       		.byte	0x4
 173 0066 07       		.byte	0x7
 174 0067 56010000 		.4byte	.LASF8
 175 006b 04       		.uleb128 0x4
 176 006c F6000000 		.4byte	.LASF9
 177 0070 02       		.byte	0x2
 178 0071 A1       		.byte	0xa1
 179 0072 2C000000 		.4byte	0x2c
 180 0076 04       		.uleb128 0x4
 181 0077 48010000 		.4byte	.LASF10
 182 007b 02       		.byte	0x2
 183 007c A2       		.byte	0xa2
 184 007d 3A000000 		.4byte	0x3a
 185 0081 04       		.uleb128 0x4
 186 0082 4F010000 		.4byte	.LASF11
 187 0086 02       		.byte	0x2
 188 0087 A3       		.byte	0xa3
 189 0088 48000000 		.4byte	0x48
 190 008c 02       		.uleb128 0x2
 191 008d 04       		.byte	0x4
 192 008e 04       		.byte	0x4
 193 008f C8000000 		.4byte	.LASF12
 194 0093 02       		.uleb128 0x2
 195 0094 08       		.byte	0x8
 196 0095 04       		.byte	0x4
 197 0096 26010000 		.4byte	.LASF13
 198 009a 02       		.uleb128 0x2
 199 009b 01       		.byte	0x1
ARM GAS  C:\Users\Admin\AppData\Local\Temp\ccsuPDm0.s 			page 6


 200 009c 08       		.byte	0x8
 201 009d C6010000 		.4byte	.LASF14
 202 00a1 05       		.uleb128 0x5
 203 00a2 81000000 		.4byte	0x81
 204 00a6 02       		.uleb128 0x2
 205 00a7 04       		.byte	0x4
 206 00a8 07       		.byte	0x7
 207 00a9 AF010000 		.4byte	.LASF15
 208 00ad 06       		.uleb128 0x6
 209 00ae 09020000 		.4byte	.LASF16
 210 00b2 01       		.byte	0x1
 211 00b3 21       		.byte	0x21
 212 00b4 00000000 		.4byte	.LFB0
 213 00b8 14000000 		.4byte	.LFE0-.LFB0
 214 00bc 01       		.uleb128 0x1
 215 00bd 9C       		.byte	0x9c
 216 00be CC000000 		.4byte	0xcc
 217 00c2 07       		.uleb128 0x7
 218 00c3 0C000000 		.4byte	.LVL0
 219 00c7 76010000 		.4byte	0x176
 220 00cb 00       		.byte	0
 221 00cc 06       		.uleb128 0x6
 222 00cd 63010000 		.4byte	.LASF17
 223 00d1 01       		.byte	0x1
 224 00d2 37       		.byte	0x37
 225 00d3 00000000 		.4byte	.LFB1
 226 00d7 2E000000 		.4byte	.LFE1-.LFB1
 227 00db 01       		.uleb128 0x1
 228 00dc 9C       		.byte	0x9c
 229 00dd 5B010000 		.4byte	0x15b
 230 00e1 08       		.uleb128 0x8
 231 00e2 7F010000 		.4byte	.LASF18
 232 00e6 01       		.byte	0x1
 233 00e7 37       		.byte	0x37
 234 00e8 81000000 		.4byte	0x81
 235 00ec 00000000 		.4byte	.LLST0
 236 00f0 08       		.uleb128 0x8
 237 00f1 9E010000 		.4byte	.LASF19
 238 00f5 01       		.byte	0x1
 239 00f6 37       		.byte	0x37
 240 00f7 6B000000 		.4byte	0x6b
 241 00fb 2C000000 		.4byte	.LLST1
 242 00ff 09       		.uleb128 0x9
 243 0100 40010000 		.4byte	.LASF20
 244 0104 01       		.byte	0x1
 245 0105 39       		.byte	0x39
 246 0106 81000000 		.4byte	0x81
 247 010a 00000000 		.4byte	.LLST0
 248 010e 0A       		.uleb128 0xa
 249 010f DC000000 		.4byte	.LASF21
 250 0113 01       		.byte	0x1
 251 0114 3A       		.byte	0x3a
 252 0115 5B010000 		.4byte	0x15b
 253 0119 03       		.uleb128 0x3
 254 011a 91       		.byte	0x91
 255 011b F07E     		.sleb128 -144
 256 011d 09       		.uleb128 0x9
ARM GAS  C:\Users\Admin\AppData\Local\Temp\ccsuPDm0.s 			page 7


 257 011e 00000000 		.4byte	.LASF22
 258 0122 01       		.byte	0x1
 259 0123 40       		.byte	0x40
 260 0124 76000000 		.4byte	0x76
 261 0128 5C000000 		.4byte	.LLST3
 262 012c 09       		.uleb128 0x9
 263 012d A6010000 		.4byte	.LASF23
 264 0131 01       		.byte	0x1
 265 0132 41       		.byte	0x41
 266 0133 81000000 		.4byte	0x81
 267 0137 81000000 		.4byte	.LLST4
 268 013b 0B       		.uleb128 0xb
 269 013c 69647800 		.ascii	"idx\000"
 270 0140 01       		.byte	0x1
 271 0141 42       		.byte	0x42
 272 0142 76000000 		.4byte	0x76
 273 0146 A5000000 		.4byte	.LLST5
 274 014a 0C       		.uleb128 0xc
 275 014b 2A000000 		.4byte	.LVL10
 276 014f 7D010000 		.4byte	0x17d
 277 0153 0D       		.uleb128 0xd
 278 0154 01       		.uleb128 0x1
 279 0155 51       		.byte	0x51
 280 0156 02       		.uleb128 0x2
 281 0157 76       		.byte	0x76
 282 0158 00       		.sleb128 0
 283 0159 00       		.byte	0
 284 015a 00       		.byte	0
 285 015b 0E       		.uleb128 0xe
 286 015c 6B000000 		.4byte	0x6b
 287 0160 6B010000 		.4byte	0x16b
 288 0164 0F       		.uleb128 0xf
 289 0165 A6000000 		.4byte	0xa6
 290 0169 7F       		.byte	0x7f
 291 016a 00       		.byte	0
 292 016b 10       		.uleb128 0x10
 293 016c FA010000 		.4byte	.LASF27
 294 0170 03       		.byte	0x3
 295 0171 37       		.byte	0x37
 296 0172 A1000000 		.4byte	0xa1
 297 0176 11       		.uleb128 0x11
 298 0177 D5010000 		.4byte	.LASF28
 299 017b 04       		.byte	0x4
 300 017c 81       		.byte	0x81
 301 017d 12       		.uleb128 0x12
 302 017e 2D010000 		.4byte	.LASF29
 303 0182 05       		.byte	0x5
 304 0183 1C       		.byte	0x1c
 305 0184 81000000 		.4byte	0x81
 306 0188 97010000 		.4byte	0x197
 307 018c 13       		.uleb128 0x13
 308 018d 81000000 		.4byte	0x81
 309 0191 13       		.uleb128 0x13
 310 0192 97010000 		.4byte	0x197
 311 0196 00       		.byte	0
 312 0197 14       		.uleb128 0x14
 313 0198 04       		.byte	0x4
ARM GAS  C:\Users\Admin\AppData\Local\Temp\ccsuPDm0.s 			page 8


 314 0199 9D010000 		.4byte	0x19d
 315 019d 15       		.uleb128 0x15
 316 019e 6B000000 		.4byte	0x6b
 317 01a2 00       		.byte	0
 318              		.section	.debug_abbrev,"",%progbits
 319              	.Ldebug_abbrev0:
 320 0000 01       		.uleb128 0x1
 321 0001 11       		.uleb128 0x11
 322 0002 01       		.byte	0x1
 323 0003 25       		.uleb128 0x25
 324 0004 0E       		.uleb128 0xe
 325 0005 13       		.uleb128 0x13
 326 0006 0B       		.uleb128 0xb
 327 0007 03       		.uleb128 0x3
 328 0008 0E       		.uleb128 0xe
 329 0009 1B       		.uleb128 0x1b
 330 000a 0E       		.uleb128 0xe
 331 000b 55       		.uleb128 0x55
 332 000c 17       		.uleb128 0x17
 333 000d 11       		.uleb128 0x11
 334 000e 01       		.uleb128 0x1
 335 000f 10       		.uleb128 0x10
 336 0010 17       		.uleb128 0x17
 337 0011 00       		.byte	0
 338 0012 00       		.byte	0
 339 0013 02       		.uleb128 0x2
 340 0014 24       		.uleb128 0x24
 341 0015 00       		.byte	0
 342 0016 0B       		.uleb128 0xb
 343 0017 0B       		.uleb128 0xb
 344 0018 3E       		.uleb128 0x3e
 345 0019 0B       		.uleb128 0xb
 346 001a 03       		.uleb128 0x3
 347 001b 0E       		.uleb128 0xe
 348 001c 00       		.byte	0
 349 001d 00       		.byte	0
 350 001e 03       		.uleb128 0x3
 351 001f 24       		.uleb128 0x24
 352 0020 00       		.byte	0
 353 0021 0B       		.uleb128 0xb
 354 0022 0B       		.uleb128 0xb
 355 0023 3E       		.uleb128 0x3e
 356 0024 0B       		.uleb128 0xb
 357 0025 03       		.uleb128 0x3
 358 0026 08       		.uleb128 0x8
 359 0027 00       		.byte	0
 360 0028 00       		.byte	0
 361 0029 04       		.uleb128 0x4
 362 002a 16       		.uleb128 0x16
 363 002b 00       		.byte	0
 364 002c 03       		.uleb128 0x3
 365 002d 0E       		.uleb128 0xe
 366 002e 3A       		.uleb128 0x3a
 367 002f 0B       		.uleb128 0xb
 368 0030 3B       		.uleb128 0x3b
 369 0031 0B       		.uleb128 0xb
 370 0032 49       		.uleb128 0x49
ARM GAS  C:\Users\Admin\AppData\Local\Temp\ccsuPDm0.s 			page 9


 371 0033 13       		.uleb128 0x13
 372 0034 00       		.byte	0
 373 0035 00       		.byte	0
 374 0036 05       		.uleb128 0x5
 375 0037 35       		.uleb128 0x35
 376 0038 00       		.byte	0
 377 0039 49       		.uleb128 0x49
 378 003a 13       		.uleb128 0x13
 379 003b 00       		.byte	0
 380 003c 00       		.byte	0
 381 003d 06       		.uleb128 0x6
 382 003e 2E       		.uleb128 0x2e
 383 003f 01       		.byte	0x1
 384 0040 3F       		.uleb128 0x3f
 385 0041 19       		.uleb128 0x19
 386 0042 03       		.uleb128 0x3
 387 0043 0E       		.uleb128 0xe
 388 0044 3A       		.uleb128 0x3a
 389 0045 0B       		.uleb128 0xb
 390 0046 3B       		.uleb128 0x3b
 391 0047 0B       		.uleb128 0xb
 392 0048 27       		.uleb128 0x27
 393 0049 19       		.uleb128 0x19
 394 004a 11       		.uleb128 0x11
 395 004b 01       		.uleb128 0x1
 396 004c 12       		.uleb128 0x12
 397 004d 06       		.uleb128 0x6
 398 004e 40       		.uleb128 0x40
 399 004f 18       		.uleb128 0x18
 400 0050 9742     		.uleb128 0x2117
 401 0052 19       		.uleb128 0x19
 402 0053 01       		.uleb128 0x1
 403 0054 13       		.uleb128 0x13
 404 0055 00       		.byte	0
 405 0056 00       		.byte	0
 406 0057 07       		.uleb128 0x7
 407 0058 898201   		.uleb128 0x4109
 408 005b 00       		.byte	0
 409 005c 11       		.uleb128 0x11
 410 005d 01       		.uleb128 0x1
 411 005e 31       		.uleb128 0x31
 412 005f 13       		.uleb128 0x13
 413 0060 00       		.byte	0
 414 0061 00       		.byte	0
 415 0062 08       		.uleb128 0x8
 416 0063 05       		.uleb128 0x5
 417 0064 00       		.byte	0
 418 0065 03       		.uleb128 0x3
 419 0066 0E       		.uleb128 0xe
 420 0067 3A       		.uleb128 0x3a
 421 0068 0B       		.uleb128 0xb
 422 0069 3B       		.uleb128 0x3b
 423 006a 0B       		.uleb128 0xb
 424 006b 49       		.uleb128 0x49
 425 006c 13       		.uleb128 0x13
 426 006d 02       		.uleb128 0x2
 427 006e 17       		.uleb128 0x17
ARM GAS  C:\Users\Admin\AppData\Local\Temp\ccsuPDm0.s 			page 10


 428 006f 00       		.byte	0
 429 0070 00       		.byte	0
 430 0071 09       		.uleb128 0x9
 431 0072 34       		.uleb128 0x34
 432 0073 00       		.byte	0
 433 0074 03       		.uleb128 0x3
 434 0075 0E       		.uleb128 0xe
 435 0076 3A       		.uleb128 0x3a
 436 0077 0B       		.uleb128 0xb
 437 0078 3B       		.uleb128 0x3b
 438 0079 0B       		.uleb128 0xb
 439 007a 49       		.uleb128 0x49
 440 007b 13       		.uleb128 0x13
 441 007c 02       		.uleb128 0x2
 442 007d 17       		.uleb128 0x17
 443 007e 00       		.byte	0
 444 007f 00       		.byte	0
 445 0080 0A       		.uleb128 0xa
 446 0081 34       		.uleb128 0x34
 447 0082 00       		.byte	0
 448 0083 03       		.uleb128 0x3
 449 0084 0E       		.uleb128 0xe
 450 0085 3A       		.uleb128 0x3a
 451 0086 0B       		.uleb128 0xb
 452 0087 3B       		.uleb128 0x3b
 453 0088 0B       		.uleb128 0xb
 454 0089 49       		.uleb128 0x49
 455 008a 13       		.uleb128 0x13
 456 008b 02       		.uleb128 0x2
 457 008c 18       		.uleb128 0x18
 458 008d 00       		.byte	0
 459 008e 00       		.byte	0
 460 008f 0B       		.uleb128 0xb
 461 0090 34       		.uleb128 0x34
 462 0091 00       		.byte	0
 463 0092 03       		.uleb128 0x3
 464 0093 08       		.uleb128 0x8
 465 0094 3A       		.uleb128 0x3a
 466 0095 0B       		.uleb128 0xb
 467 0096 3B       		.uleb128 0x3b
 468 0097 0B       		.uleb128 0xb
 469 0098 49       		.uleb128 0x49
 470 0099 13       		.uleb128 0x13
 471 009a 02       		.uleb128 0x2
 472 009b 17       		.uleb128 0x17
 473 009c 00       		.byte	0
 474 009d 00       		.byte	0
 475 009e 0C       		.uleb128 0xc
 476 009f 898201   		.uleb128 0x4109
 477 00a2 01       		.byte	0x1
 478 00a3 11       		.uleb128 0x11
 479 00a4 01       		.uleb128 0x1
 480 00a5 31       		.uleb128 0x31
 481 00a6 13       		.uleb128 0x13
 482 00a7 00       		.byte	0
 483 00a8 00       		.byte	0
 484 00a9 0D       		.uleb128 0xd
ARM GAS  C:\Users\Admin\AppData\Local\Temp\ccsuPDm0.s 			page 11


 485 00aa 8A8201   		.uleb128 0x410a
 486 00ad 00       		.byte	0
 487 00ae 02       		.uleb128 0x2
 488 00af 18       		.uleb128 0x18
 489 00b0 9142     		.uleb128 0x2111
 490 00b2 18       		.uleb128 0x18
 491 00b3 00       		.byte	0
 492 00b4 00       		.byte	0
 493 00b5 0E       		.uleb128 0xe
 494 00b6 01       		.uleb128 0x1
 495 00b7 01       		.byte	0x1
 496 00b8 49       		.uleb128 0x49
 497 00b9 13       		.uleb128 0x13
 498 00ba 01       		.uleb128 0x1
 499 00bb 13       		.uleb128 0x13
 500 00bc 00       		.byte	0
 501 00bd 00       		.byte	0
 502 00be 0F       		.uleb128 0xf
 503 00bf 21       		.uleb128 0x21
 504 00c0 00       		.byte	0
 505 00c1 49       		.uleb128 0x49
 506 00c2 13       		.uleb128 0x13
 507 00c3 2F       		.uleb128 0x2f
 508 00c4 0B       		.uleb128 0xb
 509 00c5 00       		.byte	0
 510 00c6 00       		.byte	0
 511 00c7 10       		.uleb128 0x10
 512 00c8 34       		.uleb128 0x34
 513 00c9 00       		.byte	0
 514 00ca 03       		.uleb128 0x3
 515 00cb 0E       		.uleb128 0xe
 516 00cc 3A       		.uleb128 0x3a
 517 00cd 0B       		.uleb128 0xb
 518 00ce 3B       		.uleb128 0x3b
 519 00cf 0B       		.uleb128 0xb
 520 00d0 49       		.uleb128 0x49
 521 00d1 13       		.uleb128 0x13
 522 00d2 3F       		.uleb128 0x3f
 523 00d3 19       		.uleb128 0x19
 524 00d4 3C       		.uleb128 0x3c
 525 00d5 19       		.uleb128 0x19
 526 00d6 00       		.byte	0
 527 00d7 00       		.byte	0
 528 00d8 11       		.uleb128 0x11
 529 00d9 2E       		.uleb128 0x2e
 530 00da 00       		.byte	0
 531 00db 3F       		.uleb128 0x3f
 532 00dc 19       		.uleb128 0x19
 533 00dd 03       		.uleb128 0x3
 534 00de 0E       		.uleb128 0xe
 535 00df 3A       		.uleb128 0x3a
 536 00e0 0B       		.uleb128 0xb
 537 00e1 3B       		.uleb128 0x3b
 538 00e2 0B       		.uleb128 0xb
 539 00e3 27       		.uleb128 0x27
 540 00e4 19       		.uleb128 0x19
 541 00e5 3C       		.uleb128 0x3c
ARM GAS  C:\Users\Admin\AppData\Local\Temp\ccsuPDm0.s 			page 12


 542 00e6 19       		.uleb128 0x19
 543 00e7 00       		.byte	0
 544 00e8 00       		.byte	0
 545 00e9 12       		.uleb128 0x12
 546 00ea 2E       		.uleb128 0x2e
 547 00eb 01       		.byte	0x1
 548 00ec 3F       		.uleb128 0x3f
 549 00ed 19       		.uleb128 0x19
 550 00ee 03       		.uleb128 0x3
 551 00ef 0E       		.uleb128 0xe
 552 00f0 3A       		.uleb128 0x3a
 553 00f1 0B       		.uleb128 0xb
 554 00f2 3B       		.uleb128 0x3b
 555 00f3 0B       		.uleb128 0xb
 556 00f4 27       		.uleb128 0x27
 557 00f5 19       		.uleb128 0x19
 558 00f6 49       		.uleb128 0x49
 559 00f7 13       		.uleb128 0x13
 560 00f8 3C       		.uleb128 0x3c
 561 00f9 19       		.uleb128 0x19
 562 00fa 01       		.uleb128 0x1
 563 00fb 13       		.uleb128 0x13
 564 00fc 00       		.byte	0
 565 00fd 00       		.byte	0
 566 00fe 13       		.uleb128 0x13
 567 00ff 05       		.uleb128 0x5
 568 0100 00       		.byte	0
 569 0101 49       		.uleb128 0x49
 570 0102 13       		.uleb128 0x13
 571 0103 00       		.byte	0
 572 0104 00       		.byte	0
 573 0105 14       		.uleb128 0x14
 574 0106 0F       		.uleb128 0xf
 575 0107 00       		.byte	0
 576 0108 0B       		.uleb128 0xb
 577 0109 0B       		.uleb128 0xb
 578 010a 49       		.uleb128 0x49
 579 010b 13       		.uleb128 0x13
 580 010c 00       		.byte	0
 581 010d 00       		.byte	0
 582 010e 15       		.uleb128 0x15
 583 010f 26       		.uleb128 0x26
 584 0110 00       		.byte	0
 585 0111 49       		.uleb128 0x49
 586 0112 13       		.uleb128 0x13
 587 0113 00       		.byte	0
 588 0114 00       		.byte	0
 589 0115 00       		.byte	0
 590              		.section	.debug_loc,"",%progbits
 591              	.Ldebug_loc0:
 592              	.LLST0:
 593 0000 00000000 		.4byte	.LVL1
 594 0004 08000000 		.4byte	.LVL2
 595 0008 0100     		.2byte	0x1
 596 000a 50       		.byte	0x50
 597 000b 08000000 		.4byte	.LVL2
 598 000f 22000000 		.4byte	.LVL8
ARM GAS  C:\Users\Admin\AppData\Local\Temp\ccsuPDm0.s 			page 13


 599 0013 0100     		.2byte	0x1
 600 0015 52       		.byte	0x52
 601 0016 22000000 		.4byte	.LVL8
 602 001a 2E000000 		.4byte	.LFE1
 603 001e 0400     		.2byte	0x4
 604 0020 F3       		.byte	0xf3
 605 0021 01       		.uleb128 0x1
 606 0022 50       		.byte	0x50
 607 0023 9F       		.byte	0x9f
 608 0024 00000000 		.4byte	0
 609 0028 00000000 		.4byte	0
 610              	.LLST1:
 611 002c 00000000 		.4byte	.LVL1
 612 0030 26000000 		.4byte	.LVL9
 613 0034 0100     		.2byte	0x1
 614 0036 51       		.byte	0x51
 615 0037 26000000 		.4byte	.LVL9
 616 003b 29000000 		.4byte	.LVL10-1
 617 003f 0500     		.2byte	0x5
 618 0041 71       		.byte	0x71
 619 0042 00       		.sleb128 0
 620 0043 72       		.byte	0x72
 621 0044 00       		.sleb128 0
 622 0045 22       		.byte	0x22
 623 0046 29000000 		.4byte	.LVL10-1
 624 004a 2E000000 		.4byte	.LFE1
 625 004e 0400     		.2byte	0x4
 626 0050 F3       		.byte	0xf3
 627 0051 01       		.uleb128 0x1
 628 0052 51       		.byte	0x51
 629 0053 9F       		.byte	0x9f
 630 0054 00000000 		.4byte	0
 631 0058 00000000 		.4byte	0
 632              	.LLST3:
 633 005c 10000000 		.4byte	.LVL3
 634 0060 29000000 		.4byte	.LVL10-1
 635 0064 0100     		.2byte	0x1
 636 0066 50       		.byte	0x50
 637 0067 29000000 		.4byte	.LVL10-1
 638 006b 2E000000 		.4byte	.LFE1
 639 006f 0800     		.2byte	0x8
 640 0071 F3       		.byte	0xf3
 641 0072 01       		.uleb128 0x1
 642 0073 50       		.byte	0x50
 643 0074 41       		.byte	0x41
 644 0075 24       		.byte	0x24
 645 0076 48       		.byte	0x48
 646 0077 25       		.byte	0x25
 647 0078 9F       		.byte	0x9f
 648 0079 00000000 		.4byte	0
 649 007d 00000000 		.4byte	0
 650              	.LLST4:
 651 0081 10000000 		.4byte	.LVL3
 652 0085 2C000000 		.4byte	.LVL11
 653 0089 0100     		.2byte	0x1
 654 008b 55       		.byte	0x55
 655 008c 2C000000 		.4byte	.LVL11
ARM GAS  C:\Users\Admin\AppData\Local\Temp\ccsuPDm0.s 			page 14


 656 0090 2E000000 		.4byte	.LFE1
 657 0094 0700     		.2byte	0x7
 658 0096 F3       		.byte	0xf3
 659 0097 01       		.uleb128 0x1
 660 0098 50       		.byte	0x50
 661 0099 09       		.byte	0x9
 662 009a 80       		.byte	0x80
 663 009b 1A       		.byte	0x1a
 664 009c 9F       		.byte	0x9f
 665 009d 00000000 		.4byte	0
 666 00a1 00000000 		.4byte	0
 667              	.LLST5:
 668 00a5 10000000 		.4byte	.LVL3
 669 00a9 12000000 		.4byte	.LVL4
 670 00ad 0200     		.2byte	0x2
 671 00af 30       		.byte	0x30
 672 00b0 9F       		.byte	0x9f
 673 00b1 12000000 		.4byte	.LVL4
 674 00b5 18000000 		.4byte	.LVL5
 675 00b9 0100     		.2byte	0x1
 676 00bb 53       		.byte	0x53
 677 00bc 18000000 		.4byte	.LVL5
 678 00c0 1A000000 		.4byte	.LVL6
 679 00c4 0300     		.2byte	0x3
 680 00c6 73       		.byte	0x73
 681 00c7 01       		.sleb128 1
 682 00c8 9F       		.byte	0x9f
 683 00c9 1A000000 		.4byte	.LVL6
 684 00cd 20000000 		.4byte	.LVL7
 685 00d1 0300     		.2byte	0x3
 686 00d3 73       		.byte	0x73
 687 00d4 00       		.sleb128 0
 688 00d5 9F       		.byte	0x9f
 689 00d6 00000000 		.4byte	0
 690 00da 00000000 		.4byte	0
 691              		.section	.debug_aranges,"",%progbits
 692 0000 24000000 		.4byte	0x24
 693 0004 0200     		.2byte	0x2
 694 0006 00000000 		.4byte	.Ldebug_info0
 695 000a 04       		.byte	0x4
 696 000b 00       		.byte	0
 697 000c 0000     		.2byte	0
 698 000e 0000     		.2byte	0
 699 0010 00000000 		.4byte	.LFB0
 700 0014 14000000 		.4byte	.LFE0-.LFB0
 701 0018 00000000 		.4byte	.LFB1
 702 001c 2E000000 		.4byte	.LFE1-.LFB1
 703 0020 00000000 		.4byte	0
 704 0024 00000000 		.4byte	0
 705              		.section	.debug_ranges,"",%progbits
 706              	.Ldebug_ranges0:
 707 0000 00000000 		.4byte	.LFB0
 708 0004 14000000 		.4byte	.LFE0
 709 0008 00000000 		.4byte	.LFB1
 710 000c 2E000000 		.4byte	.LFE1
 711 0010 00000000 		.4byte	0
 712 0014 00000000 		.4byte	0
ARM GAS  C:\Users\Admin\AppData\Local\Temp\ccsuPDm0.s 			page 15


 713              		.section	.debug_line,"",%progbits
 714              	.Ldebug_line0:
 715 0000 B8000000 		.section	.debug_str,"MS",%progbits,1
 715      02007900 
 715      00000201 
 715      FB0E0D00 
 715      01010101 
 716              	.LASF22:
 717 0000 726F774E 		.ascii	"rowNum\000"
 717      756D00
 718              	.LASF26:
 719 0007 433A5C55 		.ascii	"C:\\Users\\Admin\\Desktop\\IR LCD\\IR_LCD\\IR_LCD.c"
 719      73657273 
 719      5C41646D 
 719      696E5C44 
 719      65736B74 
 720 0034 7964736E 		.ascii	"ydsn\000"
 720      00
 721              	.LASF3:
 722 0039 73686F72 		.ascii	"short unsigned int\000"
 722      7420756E 
 722      7369676E 
 722      65642069 
 722      6E7400
 723              	.LASF24:
 724 004c 474E5520 		.ascii	"GNU C 4.8.4 20140526 (release) [ARM/embedded-4_8-br"
 724      4320342E 
 724      382E3420 
 724      32303134 
 724      30353236 
 725 007f 616E6368 		.ascii	"anch revision 211358] -mcpu=cortex-m0 -mthumb -g -O"
 725      20726576 
 725      6973696F 
 725      6E203231 
 725      31333538 
 726 00b2 73202D66 		.ascii	"s -ffunction-sections\000"
 726      66756E63 
 726      74696F6E 
 726      2D736563 
 726      74696F6E 
 727              	.LASF12:
 728 00c8 666C6F61 		.ascii	"float\000"
 728      7400
 729              	.LASF1:
 730 00ce 756E7369 		.ascii	"unsigned char\000"
 730      676E6564 
 730      20636861 
 730      7200
 731              	.LASF21:
 732 00dc 726F7744 		.ascii	"rowData\000"
 732      61746100 
 733              	.LASF5:
 734 00e4 6C6F6E67 		.ascii	"long unsigned int\000"
 734      20756E73 
 734      69676E65 
 734      6420696E 
 734      7400
ARM GAS  C:\Users\Admin\AppData\Local\Temp\ccsuPDm0.s 			page 16


 735              	.LASF9:
 736 00f6 75696E74 		.ascii	"uint8\000"
 736      3800
 737              	.LASF25:
 738 00fc 2E5C4765 		.ascii	".\\Generated_Source\\PSoC4\\Bootloadable_1.c\000"
 738      6E657261 
 738      7465645F 
 738      536F7572 
 738      63655C50 
 739              	.LASF13:
 740 0126 646F7562 		.ascii	"double\000"
 740      6C6500
 741              	.LASF29:
 742 012d 43795379 		.ascii	"CySysFlashWriteRow\000"
 742      73466C61 
 742      73685772 
 742      69746552 
 742      6F7700
 743              	.LASF20:
 744 0140 666C7341 		.ascii	"flsAddr\000"
 744      64647200 
 745              	.LASF10:
 746 0148 75696E74 		.ascii	"uint16\000"
 746      313600
 747              	.LASF11:
 748 014f 75696E74 		.ascii	"uint32\000"
 748      333200
 749              	.LASF8:
 750 0156 756E7369 		.ascii	"unsigned int\000"
 750      676E6564 
 750      20696E74 
 750      00
 751              	.LASF17:
 752 0163 426F6F74 		.ascii	"Bootloadable_1_SetFlashByte\000"
 752      6C6F6164 
 752      61626C65 
 752      5F315F53 
 752      6574466C 
 753              	.LASF18:
 754 017f 61646472 		.ascii	"address\000"
 754      65737300 
 755              	.LASF7:
 756 0187 6C6F6E67 		.ascii	"long long unsigned int\000"
 756      206C6F6E 
 756      6720756E 
 756      7369676E 
 756      65642069 
 757              	.LASF19:
 758 019e 72756E54 		.ascii	"runType\000"
 758      79706500 
 759              	.LASF23:
 760 01a6 62617365 		.ascii	"baseAddr\000"
 760      41646472 
 760      00
 761              	.LASF15:
 762 01af 73697A65 		.ascii	"sizetype\000"
 762      74797065 
ARM GAS  C:\Users\Admin\AppData\Local\Temp\ccsuPDm0.s 			page 17


 762      00
 763              	.LASF6:
 764 01b8 6C6F6E67 		.ascii	"long long int\000"
 764      206C6F6E 
 764      6720696E 
 764      7400
 765              	.LASF14:
 766 01c6 63686172 		.ascii	"char\000"
 766      00
 767              	.LASF2:
 768 01cb 73686F72 		.ascii	"short int\000"
 768      7420696E 
 768      7400
 769              	.LASF28:
 770 01d5 4379536F 		.ascii	"CySoftwareReset\000"
 770      66747761 
 770      72655265 
 770      73657400 
 771              	.LASF4:
 772 01e5 6C6F6E67 		.ascii	"long int\000"
 772      20696E74 
 772      00
 773              	.LASF0:
 774 01ee 7369676E 		.ascii	"signed char\000"
 774      65642063 
 774      68617200 
 775              	.LASF27:
 776 01fa 63794274 		.ascii	"cyBtldrRunType\000"
 776      6C647252 
 776      756E5479 
 776      706500
 777              	.LASF16:
 778 0209 426F6F74 		.ascii	"Bootloadable_1_Load\000"
 778      6C6F6164 
 778      61626C65 
 778      5F315F4C 
 778      6F616400 
 779              		.ident	"GCC: (GNU Tools for ARM Embedded Processors) 4.8.4 20140526 (release) [ARM/embedded-4_8-br
