--------------- Rebuild Started: 11/18/2016 13:28:06 Project: IR_LCD, Configuration: ARM GCC 4.8.4 Release ---------------
Deleting file ".\CortexM0\ARM_GCC_484\Release\main.o"
Deleting file ".\CortexM0\ARM_GCC_484\Release\cyfitter_cfg.o"
Deleting file ".\CortexM0\ARM_GCC_484\Release\cybootloader.o"
Deleting file ".\CortexM0\ARM_GCC_484\Release\cymetadata.o"
Deleting file ".\CortexM0\ARM_GCC_484\Release\Bootloadable_1.o"
Deleting file ".\CortexM0\ARM_GCC_484\Release\Power_Up_LCD_Pin_1.o"
Deleting file ".\CortexM0\ARM_GCC_484\Release\Back_Light_On_P.o"
Deleting file ".\CortexM0\ARM_GCC_484\Release\Back_Light_On_N.o"
Deleting file ".\CortexM0\ARM_GCC_484\Release\LCD_Char_BarGraph.o"
Deleting file ".\CortexM0\ARM_GCC_484\Release\LCD_Char.o"
Deleting file ".\CortexM0\ARM_GCC_484\Release\LCD_Char_PM.o"
Deleting file ".\CortexM0\ARM_GCC_484\Release\LED.o"
Deleting file ".\CortexM0\ARM_GCC_484\Release\LCD_Char_LCDPort.o"
Deleting file ".\CortexM0\ARM_GCC_484\Release\Cm0Start.o"
Deleting file ".\CortexM0\ARM_GCC_484\Release\CyBootAsmGnu.o"
Deleting file ".\CortexM0\ARM_GCC_484\Release\CyFlash.o"
Deleting file ".\CortexM0\ARM_GCC_484\Release\CyLib.o"
Deleting file ".\CortexM0\ARM_GCC_484\Release\cyPm.o"
Deleting file ".\CortexM0\ARM_GCC_484\Release\cyutils.o"
Deleting file ".\CortexM0\ARM_GCC_484\Release\IR_REC.o"
Deleting file ".\CortexM0\ARM_GCC_484\Release\IR_Int.o"
Deleting file ".\CortexM0\ARM_GCC_484\Release\IR_LCD.hex"
Deleting file ".\CortexM0\ARM_GCC_484\Release\IR_LCD.elf"
Deleting file ".\CortexM0\ARM_GCC_484\Release\IR_LCD.map"
Deleting file ".\CortexM0\ARM_GCC_484\Release\IR_LCD.cyacd"
Deleting file ".\IR_LCD.cycdx"
Deleting file ".\IR_LCD.rpt"
Deleting file ".\IR_LCD_timing.html"
Deleting file ".\CortexM0\ARM_GCC_484\Release\.deps\C_FILE.P"
Deleting file ".\CortexM0\ARM_GCC_484\Release\.deps\ARM_C_FILE.P"
Deleting file ".\CortexM0\ARM_GCC_484\Release\.deps\GNU_ARM_ASM_FILE.P"
cydsfit.exe -.appdatapath "C:\Users\Admin\AppData\Local\Cypress Semiconductor\PSoC Creator\3.1" -.fdsnotice -.fdswarpdepfile=warp_dependencies.txt -.fdselabdepfile=elab_dependencies.txt -.fdsbldfile=generated_files.txt -p "C:\Users\Admin\Desktop\IR LCD\IR_LCD\IR_LCD.cydsn\IR_LCD.cyprj" -d CY8C4245AXI-483 -s "C:\Users\Admin\Desktop\IR LCD\IR_LCD\IR_LCD.cydsn\Generated_Source\PSoC4" -- -yv2 -q10 -ygs -o2 -v3 -.fftcfgtype=LE
Elaborating Design...
ADD: pft.M0111: information: One or more rows of flash have been configured to be protected; however, debugging has been enabled in the System DWR Editor. This means that while write restrictions are honored flash rows can still be read via SWD or JTAG. To prevent any ability to read the flash rows, disable debugging in the System DWR Editor.
 * C:\Users\Admin\Desktop\IR LCD\IR_LCD\IR_LCD.cydsn\IR_LCD.cydwr (Chip Protection)
HDL Generation ...
Synthesis ...
Place and Route ...
Tech mapping ...
Analog Placement ...
Analog Routing ...
Analog Code Generation ...
Digital Placement ...
Digital Routing ...
Bitstream Generation ...
Static timing analysis ...
API Generation ...
Dependency Generation ...
Clean Temporary Files ...
arm-none-eabi-gcc.exe -mcpu=cortex-m0 -mthumb -Wno-main -I. -I.\Generated_Source\PSoC4 -Wa,-alh=.\CortexM0\ARM_GCC_484\Release/main.lst -g -D NDEBUG -Wall -ffunction-sections -Os -c .\main.c -o .\CortexM0\ARM_GCC_484\Release\main.o
arm-none-eabi-gcc.exe -mcpu=cortex-m0 -mthumb -Wno-main -I. -I.\Generated_Source\PSoC4 -Wa,-alh=.\CortexM0\ARM_GCC_484\Release/cyfitter_cfg.lst -g -D NDEBUG -Wall -ffunction-sections -Os -c .\Generated_Source\PSoC4\cyfitter_cfg.c -o .\CortexM0\ARM_GCC_484\Release\cyfitter_cfg.o
arm-none-eabi-gcc.exe -mcpu=cortex-m0 -mthumb -Wno-main -I. -I.\Generated_Source\PSoC4 -Wa,-alh=.\CortexM0\ARM_GCC_484\Release/cybootloader.lst -g -D NDEBUG -Wall -ffunction-sections -Os -c .\Generated_Source\PSoC4\cybootloader.c -o .\CortexM0\ARM_GCC_484\Release\cybootloader.o
arm-none-eabi-gcc.exe -mcpu=cortex-m0 -mthumb -Wno-main -I. -I.\Generated_Source\PSoC4 -Wa,-alh=.\CortexM0\ARM_GCC_484\Release/cymetadata.lst -g -D NDEBUG -Wall -ffunction-sections -Os -c .\Generated_Source\PSoC4\cymetadata.c -o .\CortexM0\ARM_GCC_484\Release\cymetadata.o
arm-none-eabi-gcc.exe -mcpu=cortex-m0 -mthumb -Wno-main -I. -I.\Generated_Source\PSoC4 -Wa,-alh=.\CortexM0\ARM_GCC_484\Release/Bootloadable_1.lst -g -D NDEBUG -Wall -ffunction-sections -Os -c .\Generated_Source\PSoC4\Bootloadable_1.c -o .\CortexM0\ARM_GCC_484\Release\Bootloadable_1.o
arm-none-eabi-gcc.exe -mcpu=cortex-m0 -mthumb -Wno-main -I. -I.\Generated_Source\PSoC4 -Wa,-alh=.\CortexM0\ARM_GCC_484\Release/Power_Up_LCD_Pin_1.lst -g -D NDEBUG -Wall -ffunction-sections -Os -c .\Generated_Source\PSoC4\Power_Up_LCD_Pin_1.c -o .\CortexM0\ARM_GCC_484\Release\Power_Up_LCD_Pin_1.o
arm-none-eabi-gcc.exe -mcpu=cortex-m0 -mthumb -Wno-main -I. -I.\Generated_Source\PSoC4 -Wa,-alh=.\CortexM0\ARM_GCC_484\Release/Back_Light_On_P.lst -g -D NDEBUG -Wall -ffunction-sections -Os -c .\Generated_Source\PSoC4\Back_Light_On_P.c -o .\CortexM0\ARM_GCC_484\Release\Back_Light_On_P.o
arm-none-eabi-gcc.exe -mcpu=cortex-m0 -mthumb -Wno-main -I. -I.\Generated_Source\PSoC4 -Wa,-alh=.\CortexM0\ARM_GCC_484\Release/Back_Light_On_N.lst -g -D NDEBUG -Wall -ffunction-sections -Os -c .\Generated_Source\PSoC4\Back_Light_On_N.c -o .\CortexM0\ARM_GCC_484\Release\Back_Light_On_N.o
arm-none-eabi-gcc.exe -mcpu=cortex-m0 -mthumb -Wno-main -I. -I.\Generated_Source\PSoC4 -Wa,-alh=.\CortexM0\ARM_GCC_484\Release/LCD_Char_BarGraph.lst -g -D NDEBUG -Wall -ffunction-sections -Os -c .\Generated_Source\PSoC4\LCD_Char_BarGraph.c -o .\CortexM0\ARM_GCC_484\Release\LCD_Char_BarGraph.o
arm-none-eabi-gcc.exe -mcpu=cortex-m0 -mthumb -Wno-main -I. -I.\Generated_Source\PSoC4 -Wa,-alh=.\CortexM0\ARM_GCC_484\Release/LCD_Char.lst -g -D NDEBUG -Wall -ffunction-sections -Os -c .\Generated_Source\PSoC4\LCD_Char.c -o .\CortexM0\ARM_GCC_484\Release\LCD_Char.o
arm-none-eabi-gcc.exe -mcpu=cortex-m0 -mthumb -Wno-main -I. -I.\Generated_Source\PSoC4 -Wa,-alh=.\CortexM0\ARM_GCC_484\Release/LCD_Char_PM.lst -g -D NDEBUG -Wall -ffunction-sections -Os -c .\Generated_Source\PSoC4\LCD_Char_PM.c -o .\CortexM0\ARM_GCC_484\Release\LCD_Char_PM.o
arm-none-eabi-gcc.exe -mcpu=cortex-m0 -mthumb -Wno-main -I. -I.\Generated_Source\PSoC4 -Wa,-alh=.\CortexM0\ARM_GCC_484\Release/LED.lst -g -D NDEBUG -Wall -ffunction-sections -Os -c .\Generated_Source\PSoC4\LED.c -o .\CortexM0\ARM_GCC_484\Release\LED.o
arm-none-eabi-gcc.exe -mcpu=cortex-m0 -mthumb -Wno-main -I. -I.\Generated_Source\PSoC4 -Wa,-alh=.\CortexM0\ARM_GCC_484\Release/LCD_Char_LCDPort.lst -g -D NDEBUG -Wall -ffunction-sections -Os -c .\Generated_Source\PSoC4\LCD_Char_LCDPort.c -o .\CortexM0\ARM_GCC_484\Release\LCD_Char_LCDPort.o
arm-none-eabi-gcc.exe -mcpu=cortex-m0 -mthumb -Wno-main -I. -I.\Generated_Source\PSoC4 -Wa,-alh=.\CortexM0\ARM_GCC_484\Release/Cm0Start.lst -g -D NDEBUG -Wall -ffunction-sections -Os -c .\Generated_Source\PSoC4\Cm0Start.c -o .\CortexM0\ARM_GCC_484\Release\Cm0Start.o
arm-none-eabi-as.exe -mcpu=cortex-m0 -mthumb -I. -I.\Generated_Source\PSoC4 -alh=.\CortexM0\ARM_GCC_484\Release/CyBootAsmGnu.lst -g -W -o .\CortexM0\ARM_GCC_484\Release\CyBootAsmGnu.o .\Generated_Source\PSoC4\CyBootAsmGnu.s
arm-none-eabi-gcc.exe -mcpu=cortex-m0 -mthumb -Wno-main -I. -I.\Generated_Source\PSoC4 -Wa,-alh=.\CortexM0\ARM_GCC_484\Release/CyFlash.lst -g -D NDEBUG -Wall -ffunction-sections -Os -c .\Generated_Source\PSoC4\CyFlash.c -o .\CortexM0\ARM_GCC_484\Release\CyFlash.o
arm-none-eabi-gcc.exe -mcpu=cortex-m0 -mthumb -Wno-main -I. -I.\Generated_Source\PSoC4 -Wa,-alh=.\CortexM0\ARM_GCC_484\Release/CyLib.lst -g -D NDEBUG -Wall -ffunction-sections -Os -c .\Generated_Source\PSoC4\CyLib.c -o .\CortexM0\ARM_GCC_484\Release\CyLib.o
arm-none-eabi-gcc.exe -mcpu=cortex-m0 -mthumb -Wno-main -I. -I.\Generated_Source\PSoC4 -Wa,-alh=.\CortexM0\ARM_GCC_484\Release/cyPm.lst -g -D NDEBUG -Wall -ffunction-sections -Os -c .\Generated_Source\PSoC4\cyPm.c -o .\CortexM0\ARM_GCC_484\Release\cyPm.o
arm-none-eabi-gcc.exe -mcpu=cortex-m0 -mthumb -Wno-main -I. -I.\Generated_Source\PSoC4 -Wa,-alh=.\CortexM0\ARM_GCC_484\Release/cyutils.lst -g -D NDEBUG -Wall -ffunction-sections -Os -c .\Generated_Source\PSoC4\cyutils.c -o .\CortexM0\ARM_GCC_484\Release\cyutils.o
arm-none-eabi-gcc.exe -mcpu=cortex-m0 -mthumb -Wno-main -I. -I.\Generated_Source\PSoC4 -Wa,-alh=.\CortexM0\ARM_GCC_484\Release/IR_REC.lst -g -D NDEBUG -Wall -ffunction-sections -Os -c .\Generated_Source\PSoC4\IR_REC.c -o .\CortexM0\ARM_GCC_484\Release\IR_REC.o
arm-none-eabi-gcc.exe -mcpu=cortex-m0 -mthumb -Wno-main -I. -I.\Generated_Source\PSoC4 -Wa,-alh=.\CortexM0\ARM_GCC_484\Release/IR_Int.lst -g -D NDEBUG -Wall -ffunction-sections -Os -c .\Generated_Source\PSoC4\IR_Int.c -o .\CortexM0\ARM_GCC_484\Release\IR_Int.o
arm-none-eabi-ar.exe -rs .\CortexM0\ARM_GCC_484\Release\IR_LCD.a .\CortexM0\ARM_GCC_484\Release\cyfitter_cfg.o .\CortexM0\ARM_GCC_484\Release\Bootloadable_1.o .\CortexM0\ARM_GCC_484\Release\Power_Up_LCD_Pin_1.o .\CortexM0\ARM_GCC_484\Release\Back_Light_On_P.o .\CortexM0\ARM_GCC_484\Release\Back_Light_On_N.o .\CortexM0\ARM_GCC_484\Release\LCD_Char_BarGraph.o .\CortexM0\ARM_GCC_484\Release\LCD_Char.o .\CortexM0\ARM_GCC_484\Release\LCD_Char_PM.o .\CortexM0\ARM_GCC_484\Release\LED.o .\CortexM0\ARM_GCC_484\Release\LCD_Char_LCDPort.o .\CortexM0\ARM_GCC_484\Release\CyBootAsmGnu.o .\CortexM0\ARM_GCC_484\Release\CyFlash.o .\CortexM0\ARM_GCC_484\Release\CyLib.o .\CortexM0\ARM_GCC_484\Release\cyPm.o .\CortexM0\ARM_GCC_484\Release\cyutils.o .\CortexM0\ARM_GCC_484\Release\IR_REC.o .\CortexM0\ARM_GCC_484\Release\IR_Int.o
arm-none-eabi-ar.exe: creating .\CortexM0\ARM_GCC_484\Release\IR_LCD.a
arm-none-eabi-gcc.exe -Wl,--start-group -o .\CortexM0\ARM_GCC_484\Release\IR_LCD.elf .\CortexM0\ARM_GCC_484\Release\main.o .\CortexM0\ARM_GCC_484\Release\cybootloader.o .\CortexM0\ARM_GCC_484\Release\cymetadata.o .\CortexM0\ARM_GCC_484\Release\Cm0Start.o .\CortexM0\ARM_GCC_484\Release\IR_LCD.a "C:\Program Files\Cypress\PSoC Creator\3.1\PSoC Creator\psoc\content\cycomponentlibrary\CyComponentLibrary.cylib\CortexM0\ARM_GCC_484\Release\CyComponentLibrary.a" -mthumb -march=armv6-m -Wl,-Map,.\CortexM0\ARM_GCC_484\Release/IR_LCD.map -T .\Generated_Source\PSoC4\cm0gcc.ld -g -specs=nano.specs "-u _printf_float" "" -Wl,--gc-sections -Wl,--end-group
cyelftool.exe -B "C:\Users\Admin\Desktop\IR LCD\IR_LCD\IR_LCD.cydsn\CortexM0\ARM_GCC_484\Release\IR_LCD.elf" --flash_row_size 128 --flash_size 32768 --flash_array_size 32768
cyelftool.exe -S "C:\Users\Admin\Desktop\IR LCD\IR_LCD\IR_LCD.cydsn\CortexM0\ARM_GCC_484\Release\IR_LCD.elf"
Flash used: 6336 of 32768 bytes (19.3 %). Bootloader: 4224 bytes. Application: 2112 bytes
SRAM used: 1408 of 4096 bytes (34.4 %). Stack: 1024 bytes. Heap: 128 bytes.
--------------- Rebuild Succeeded: 11/18/2016 13:28:20 ---------------
