--------------- Clean Started: 11/18/2016 13:04:42 Project: IR_LCD, Configuration: ARM GCC 4.8.4 Release ---------------
Deleting file ".\CortexM0\ARM_GCC_484\Release\main.o"
Deleting file ".\CortexM0\ARM_GCC_484\Release\cyfitter_cfg.o"
Deleting file ".\CortexM0\ARM_GCC_484\Release\cybootloader.o"
Deleting file ".\CortexM0\ARM_GCC_484\Release\cymetadata.o"
Deleting file ".\CortexM0\ARM_GCC_484\Release\Bootloadable_1.o"
Deleting file ".\CortexM0\ARM_GCC_484\Release\Power_Up_LCD_Pin_1.o"
Deleting file ".\CortexM0\ARM_GCC_484\Release\Back_Light_On_P.o"
Deleting file ".\CortexM0\ARM_GCC_484\Release\Back_Light_On_N.o"
Deleting file ".\CortexM0\ARM_GCC_484\Release\LCD_Char_BarGraph.o"
Deleting file ".\CortexM0\ARM_GCC_484\Release\LCD_Char.o"
Deleting file ".\CortexM0\ARM_GCC_484\Release\LCD_Char_PM.o"
Deleting file ".\CortexM0\ARM_GCC_484\Release\LED.o"
Deleting file ".\CortexM0\ARM_GCC_484\Release\LCD_Char_LCDPort.o"
Deleting file ".\CortexM0\ARM_GCC_484\Release\Cm0Start.o"
Deleting file ".\CortexM0\ARM_GCC_484\Release\CyBootAsmGnu.o"
Deleting file ".\CortexM0\ARM_GCC_484\Release\CyFlash.o"
Deleting file ".\CortexM0\ARM_GCC_484\Release\CyLib.o"
Deleting file ".\CortexM0\ARM_GCC_484\Release\cyPm.o"
Deleting file ".\CortexM0\ARM_GCC_484\Release\cyutils.o"
Deleting file ".\CortexM0\ARM_GCC_484\Release\IR_REC.o"
Deleting file ".\CortexM0\ARM_GCC_484\Release\IR_Int.o"
Deleting file ".\CortexM0\ARM_GCC_484\Release\IR_LCD.hex"
Deleting file ".\CortexM0\ARM_GCC_484\Release\IR_LCD.map"
Deleting file ".\CortexM0\ARM_GCC_484\Release\IR_LCD.cyacd"
Deleting file ".\IR_LCD.cycdx"
Deleting file ".\IR_LCD.rpt"
Deleting file ".\IR_LCD_timing.html"
Deleting file ".\CortexM0\ARM_GCC_484\Release\.deps\C_FILE.P"
Deleting file ".\CortexM0\ARM_GCC_484\Release\.deps\ARM_C_FILE.P"
Deleting file ".\CortexM0\ARM_GCC_484\Release\.deps\GNU_ARM_ASM_FILE.P"
--------------- Clean Succeeded: 11/18/2016 13:04:43 ---------------
