ARM GAS  C:\Users\Admin\AppData\Local\Temp\cc8UDPYe.s 			page 1


   1              		.cpu cortex-m0
   2              		.fpu softvfp
   3              		.eabi_attribute 20, 1
   4              		.eabi_attribute 21, 1
   5              		.eabi_attribute 23, 3
   6              		.eabi_attribute 24, 1
   7              		.eabi_attribute 25, 1
   8              		.eabi_attribute 26, 1
   9              		.eabi_attribute 30, 4
  10              		.eabi_attribute 34, 0
  11              		.eabi_attribute 18, 4
  12              		.code	16
  13              		.file	"LCD_Char_CustChars.c"
  14              		.text
  15              	.Ltext0:
  16              		.cfi_sections	.debug_frame
  17              		.section	.text.LCD_Char_LoadCustomFonts,"ax",%progbits
  18              		.align	1
  19              		.global	LCD_Char_LoadCustomFonts
  20              		.code	16
  21              		.thumb_func
  22              		.type	LCD_Char_LoadCustomFonts, %function
  23              	LCD_Char_LoadCustomFonts:
  24              	.LFB0:
  25              		.file 1 ".\\Generated_Source\\PSoC4\\LCD_Char_CustChars.c"
   1:.\Generated_Source\PSoC4/LCD_Char_CustChars.c **** /*******************************************************************************
   2:.\Generated_Source\PSoC4/LCD_Char_CustChars.c **** * File Name: LCD_Char_CustChars.c
   3:.\Generated_Source\PSoC4/LCD_Char_CustChars.c **** * Version 2.0
   4:.\Generated_Source\PSoC4/LCD_Char_CustChars.c **** *
   5:.\Generated_Source\PSoC4/LCD_Char_CustChars.c **** * Description:
   6:.\Generated_Source\PSoC4/LCD_Char_CustChars.c **** *  This file provides the source code for the Character LCD custom character
   7:.\Generated_Source\PSoC4/LCD_Char_CustChars.c **** *  API.
   8:.\Generated_Source\PSoC4/LCD_Char_CustChars.c **** *
   9:.\Generated_Source\PSoC4/LCD_Char_CustChars.c **** * Note:
  10:.\Generated_Source\PSoC4/LCD_Char_CustChars.c **** *
  11:.\Generated_Source\PSoC4/LCD_Char_CustChars.c **** ********************************************************************************
  12:.\Generated_Source\PSoC4/LCD_Char_CustChars.c **** * Copyright 2008-2014, Cypress Semiconductor Corporation.  All rights reserved.
  13:.\Generated_Source\PSoC4/LCD_Char_CustChars.c **** * You may use this file only in accordance with the license, terms, conditions,
  14:.\Generated_Source\PSoC4/LCD_Char_CustChars.c **** * disclaimers, and limitations in the end user license agreement accompanying
  15:.\Generated_Source\PSoC4/LCD_Char_CustChars.c **** * the software package with which this file was provided.
  16:.\Generated_Source\PSoC4/LCD_Char_CustChars.c **** *******************************************************************************/
  17:.\Generated_Source\PSoC4/LCD_Char_CustChars.c **** 
  18:.\Generated_Source\PSoC4/LCD_Char_CustChars.c **** #include "LCD_Char.h"
  19:.\Generated_Source\PSoC4/LCD_Char_CustChars.c **** 
  20:.\Generated_Source\PSoC4/LCD_Char_CustChars.c **** 
  21:.\Generated_Source\PSoC4/LCD_Char_CustChars.c **** uint8 const CYCODE LCD_Char_customFonts[] = \
  22:.\Generated_Source\PSoC4/LCD_Char_CustChars.c **** {
  23:.\Generated_Source\PSoC4/LCD_Char_CustChars.c ****     /* Character LCD_Char_CUSTOM_0   */
  24:.\Generated_Source\PSoC4/LCD_Char_CustChars.c ****         0x00u,    0x0Eu,    0x08u,    0x08u,    0x08u,    0x0Eu,    0x00u,    0x00u, \
  25:.\Generated_Source\PSoC4/LCD_Char_CustChars.c ****     /* Character LCD_Char_CUSTOM_1   */
  26:.\Generated_Source\PSoC4/LCD_Char_CustChars.c ****         0x00u,    0x0Au,    0x0Au,    0x04u,    0x04u,    0x04u,    0x00u,    0x00u, \
  27:.\Generated_Source\PSoC4/LCD_Char_CustChars.c ****     /* Character LCD_Char_CUSTOM_2   */
  28:.\Generated_Source\PSoC4/LCD_Char_CustChars.c ****         0x00u,    0x0Eu,    0x0Au,    0x0Eu,    0x08u,    0x08u,    0x00u,    0x00u, \
  29:.\Generated_Source\PSoC4/LCD_Char_CustChars.c ****     /* Character LCD_Char_CUSTOM_3   */
  30:.\Generated_Source\PSoC4/LCD_Char_CustChars.c ****         0x00u,    0x0Eu,    0x0Au,    0x0Cu,    0x0Au,    0x0Au,    0x00u,    0x00u, \
  31:.\Generated_Source\PSoC4/LCD_Char_CustChars.c ****     /* Character LCD_Char_CUSTOM_4   */
  32:.\Generated_Source\PSoC4/LCD_Char_CustChars.c ****         0x00u,    0x0Eu,    0x08u,    0x0Cu,    0x08u,    0x0Eu,    0x00u,    0x00u, \
ARM GAS  C:\Users\Admin\AppData\Local\Temp\cc8UDPYe.s 			page 2


  33:.\Generated_Source\PSoC4/LCD_Char_CustChars.c ****     /* Character LCD_Char_CUSTOM_5   */
  34:.\Generated_Source\PSoC4/LCD_Char_CustChars.c ****         0x00u,    0x0Eu,    0x08u,    0x0Eu,    0x02u,    0x0Eu,    0x00u,    0x00u, \
  35:.\Generated_Source\PSoC4/LCD_Char_CustChars.c ****     /* Character LCD_Char_CUSTOM_6   */
  36:.\Generated_Source\PSoC4/LCD_Char_CustChars.c ****         0x00u,    0x0Eu,    0x08u,    0x0Eu,    0x02u,    0x0Eu,    0x00u,    0x00u, \
  37:.\Generated_Source\PSoC4/LCD_Char_CustChars.c ****     /* Character LCD_Char_CUSTOM_7   */
  38:.\Generated_Source\PSoC4/LCD_Char_CustChars.c ****         0x00u,    0x04u,    0x04u,    0x04u,    0x00u,    0x04u,    0x00u,    0x00u \
  39:.\Generated_Source\PSoC4/LCD_Char_CustChars.c ****  };
  40:.\Generated_Source\PSoC4/LCD_Char_CustChars.c **** 
  41:.\Generated_Source\PSoC4/LCD_Char_CustChars.c **** 
  42:.\Generated_Source\PSoC4/LCD_Char_CustChars.c **** /*******************************************************************************
  43:.\Generated_Source\PSoC4/LCD_Char_CustChars.c **** * Function Name: LCD_Char_LoadCustomFonts
  44:.\Generated_Source\PSoC4/LCD_Char_CustChars.c **** ********************************************************************************
  45:.\Generated_Source\PSoC4/LCD_Char_CustChars.c **** *
  46:.\Generated_Source\PSoC4/LCD_Char_CustChars.c **** * Summary:
  47:.\Generated_Source\PSoC4/LCD_Char_CustChars.c **** *  Loads 8 custom font characters into the LCD Module for use.  Cannot use
  48:.\Generated_Source\PSoC4/LCD_Char_CustChars.c **** *  characters from two different font sets at once, but font sets can be
  49:.\Generated_Source\PSoC4/LCD_Char_CustChars.c **** *  switched out during runtime.
  50:.\Generated_Source\PSoC4/LCD_Char_CustChars.c **** *
  51:.\Generated_Source\PSoC4/LCD_Char_CustChars.c **** * Parameters:
  52:.\Generated_Source\PSoC4/LCD_Char_CustChars.c **** *  customData:  pointer to a constant array of 64 bytes representing 8 custom
  53:.\Generated_Source\PSoC4/LCD_Char_CustChars.c **** *               font characters.
  54:.\Generated_Source\PSoC4/LCD_Char_CustChars.c **** * Return:
  55:.\Generated_Source\PSoC4/LCD_Char_CustChars.c **** *  None.
  56:.\Generated_Source\PSoC4/LCD_Char_CustChars.c **** *
  57:.\Generated_Source\PSoC4/LCD_Char_CustChars.c **** * Theory:
  58:.\Generated_Source\PSoC4/LCD_Char_CustChars.c **** *  Prior to using this function user need to import the pointer to custom
  59:.\Generated_Source\PSoC4/LCD_Char_CustChars.c **** *  font array to your project by writting the following in the source code file
  60:.\Generated_Source\PSoC4/LCD_Char_CustChars.c **** *  where custom font will be used:
  61:.\Generated_Source\PSoC4/LCD_Char_CustChars.c **** *       extern uint8 const CYCODE LCD_Char_customFonts[];
  62:.\Generated_Source\PSoC4/LCD_Char_CustChars.c **** *  This function is not automatically called by the Start() routine and must be
  63:.\Generated_Source\PSoC4/LCD_Char_CustChars.c **** *  called manually by the user.
  64:.\Generated_Source\PSoC4/LCD_Char_CustChars.c **** *
  65:.\Generated_Source\PSoC4/LCD_Char_CustChars.c **** *******************************************************************************/
  66:.\Generated_Source\PSoC4/LCD_Char_CustChars.c **** void LCD_Char_LoadCustomFonts(uint8 const customData[]) 
  67:.\Generated_Source\PSoC4/LCD_Char_CustChars.c **** {
  26              		.loc 1 67 0
  27              		.cfi_startproc
  28              	.LVL0:
  29 0000 38B5     		push	{r3, r4, r5, lr}
  30              		.cfi_def_cfa_offset 16
  31              		.cfi_offset 3, -16
  32              		.cfi_offset 4, -12
  33              		.cfi_offset 5, -8
  34              		.cfi_offset 14, -4
  35              		.loc 1 67 0
  36 0002 051C     		mov	r5, r0
  68:.\Generated_Source\PSoC4/LCD_Char_CustChars.c ****     uint8 indexU8;
  69:.\Generated_Source\PSoC4/LCD_Char_CustChars.c **** 
  70:.\Generated_Source\PSoC4/LCD_Char_CustChars.c ****     LCD_Char_IsReady();
  37              		.loc 1 70 0
  38 0004 FFF7FEFF 		bl	LCD_Char_IsReady
  39              	.LVL1:
  71:.\Generated_Source\PSoC4/LCD_Char_CustChars.c **** 
  72:.\Generated_Source\PSoC4/LCD_Char_CustChars.c ****     /* Set starting address in the LCD Module.
  73:.\Generated_Source\PSoC4/LCD_Char_CustChars.c ****     * Optionally: Read the current address to restore at a later time.
  74:.\Generated_Source\PSoC4/LCD_Char_CustChars.c ****     */
  75:.\Generated_Source\PSoC4/LCD_Char_CustChars.c ****     LCD_Char_WriteControl(LCD_Char_CGRAM_0);
ARM GAS  C:\Users\Admin\AppData\Local\Temp\cc8UDPYe.s 			page 3


  40              		.loc 1 75 0
  41 0008 4020     		mov	r0, #64
  42 000a FFF7FEFF 		bl	LCD_Char_WriteControl
  43              	.LVL2:
  44 000e 0024     		mov	r4, #0
  45              	.LVL3:
  46              	.L3:
  76:.\Generated_Source\PSoC4/LCD_Char_CustChars.c **** 
  77:.\Generated_Source\PSoC4/LCD_Char_CustChars.c ****     /* Load in the 64 bytes of CustomChar Data */
  78:.\Generated_Source\PSoC4/LCD_Char_CustChars.c ****     for(indexU8 = 0u; indexU8 < LCD_Char_CUSTOM_CHAR_SET_LEN; indexU8++)
  79:.\Generated_Source\PSoC4/LCD_Char_CustChars.c ****     {
  80:.\Generated_Source\PSoC4/LCD_Char_CustChars.c ****         LCD_Char_WriteData(customData[indexU8]);
  47              		.loc 1 80 0 discriminator 2
  48 0010 285D     		ldrb	r0, [r5, r4]
  49 0012 0134     		add	r4, r4, #1
  50              	.LVL4:
  51 0014 FFF7FEFF 		bl	LCD_Char_WriteData
  52              	.LVL5:
  78:.\Generated_Source\PSoC4/LCD_Char_CustChars.c ****     for(indexU8 = 0u; indexU8 < LCD_Char_CUSTOM_CHAR_SET_LEN; indexU8++)
  53              		.loc 1 78 0 discriminator 2
  54 0018 402C     		cmp	r4, #64
  55 001a F9D1     		bne	.L3
  81:.\Generated_Source\PSoC4/LCD_Char_CustChars.c ****     }
  82:.\Generated_Source\PSoC4/LCD_Char_CustChars.c **** 
  83:.\Generated_Source\PSoC4/LCD_Char_CustChars.c ****     LCD_Char_IsReady();
  56              		.loc 1 83 0
  57 001c FFF7FEFF 		bl	LCD_Char_IsReady
  58              	.LVL6:
  84:.\Generated_Source\PSoC4/LCD_Char_CustChars.c ****     LCD_Char_WriteControl(LCD_Char_DDRAM_0);
  59              		.loc 1 84 0
  60 0020 8020     		mov	r0, #128
  61 0022 FFF7FEFF 		bl	LCD_Char_WriteControl
  62              	.LVL7:
  85:.\Generated_Source\PSoC4/LCD_Char_CustChars.c **** }
  63              		.loc 1 85 0
  64              		@ sp needed
  65              	.LVL8:
  66 0026 38BD     		pop	{r3, r4, r5, pc}
  67              		.cfi_endproc
  68              	.LFE0:
  69              		.size	LCD_Char_LoadCustomFonts, .-LCD_Char_LoadCustomFonts
  70              		.global	LCD_Char_customFonts
  71              		.section	.rodata
  72              		.type	LCD_Char_customFonts, %object
  73              		.size	LCD_Char_customFonts, 64
  74              	LCD_Char_customFonts:
  75 0000 00       		.byte	0
  76 0001 0E       		.byte	14
  77 0002 08       		.byte	8
  78 0003 08       		.byte	8
  79 0004 08       		.byte	8
  80 0005 0E       		.byte	14
  81 0006 00       		.byte	0
  82 0007 00       		.byte	0
  83 0008 00       		.byte	0
  84 0009 0A       		.byte	10
  85 000a 0A       		.byte	10
ARM GAS  C:\Users\Admin\AppData\Local\Temp\cc8UDPYe.s 			page 4


  86 000b 04       		.byte	4
  87 000c 04       		.byte	4
  88 000d 04       		.byte	4
  89 000e 00       		.byte	0
  90 000f 00       		.byte	0
  91 0010 00       		.byte	0
  92 0011 0E       		.byte	14
  93 0012 0A       		.byte	10
  94 0013 0E       		.byte	14
  95 0014 08       		.byte	8
  96 0015 08       		.byte	8
  97 0016 00       		.byte	0
  98 0017 00       		.byte	0
  99 0018 00       		.byte	0
 100 0019 0E       		.byte	14
 101 001a 0A       		.byte	10
 102 001b 0C       		.byte	12
 103 001c 0A       		.byte	10
 104 001d 0A       		.byte	10
 105 001e 00       		.byte	0
 106 001f 00       		.byte	0
 107 0020 00       		.byte	0
 108 0021 0E       		.byte	14
 109 0022 08       		.byte	8
 110 0023 0C       		.byte	12
 111 0024 08       		.byte	8
 112 0025 0E       		.byte	14
 113 0026 00       		.byte	0
 114 0027 00       		.byte	0
 115 0028 00       		.byte	0
 116 0029 0E       		.byte	14
 117 002a 08       		.byte	8
 118 002b 0E       		.byte	14
 119 002c 02       		.byte	2
 120 002d 0E       		.byte	14
 121 002e 00       		.byte	0
 122 002f 00       		.byte	0
 123 0030 00       		.byte	0
 124 0031 0E       		.byte	14
 125 0032 08       		.byte	8
 126 0033 0E       		.byte	14
 127 0034 02       		.byte	2
 128 0035 0E       		.byte	14
 129 0036 00       		.byte	0
 130 0037 00       		.byte	0
 131 0038 00       		.byte	0
 132 0039 04       		.byte	4
 133 003a 04       		.byte	4
 134 003b 04       		.byte	4
 135 003c 00       		.byte	0
 136 003d 04       		.byte	4
 137 003e 00       		.byte	0
 138 003f 00       		.byte	0
 139              		.text
 140              	.Letext0:
 141              		.file 2 ".\\Generated_Source\\PSoC4\\cytypes.h"
 142              		.file 3 ".\\Generated_Source\\PSoC4\\LCD_Char.h"
ARM GAS  C:\Users\Admin\AppData\Local\Temp\cc8UDPYe.s 			page 5


 143              		.section	.debug_info,"",%progbits
 144              	.Ldebug_info0:
 145 0000 58010000 		.4byte	0x158
 146 0004 0400     		.2byte	0x4
 147 0006 00000000 		.4byte	.Ldebug_abbrev0
 148 000a 04       		.byte	0x4
 149 000b 01       		.uleb128 0x1
 150 000c 5A000000 		.4byte	.LASF13
 151 0010 01       		.byte	0x1
 152 0011 56010000 		.4byte	.LASF14
 153 0015 00000000 		.4byte	.LASF15
 154 0019 00000000 		.4byte	.Ldebug_ranges0+0
 155 001d 00000000 		.4byte	0
 156 0021 00000000 		.4byte	.Ldebug_line0
 157 0025 02       		.uleb128 0x2
 158 0026 01       		.byte	0x1
 159 0027 06       		.byte	0x6
 160 0028 DF010000 		.4byte	.LASF0
 161 002c 02       		.uleb128 0x2
 162 002d 01       		.byte	0x1
 163 002e 08       		.byte	0x8
 164 002f DC000000 		.4byte	.LASF1
 165 0033 02       		.uleb128 0x2
 166 0034 02       		.byte	0x2
 167 0035 05       		.byte	0x5
 168 0036 C6010000 		.4byte	.LASF2
 169 003a 02       		.uleb128 0x2
 170 003b 02       		.byte	0x2
 171 003c 07       		.byte	0x7
 172 003d FC000000 		.4byte	.LASF3
 173 0041 02       		.uleb128 0x2
 174 0042 04       		.byte	0x4
 175 0043 05       		.byte	0x5
 176 0044 D6010000 		.4byte	.LASF4
 177 0048 02       		.uleb128 0x2
 178 0049 04       		.byte	0x4
 179 004a 07       		.byte	0x7
 180 004b EA000000 		.4byte	.LASF5
 181 004f 02       		.uleb128 0x2
 182 0050 08       		.byte	0x8
 183 0051 05       		.byte	0x5
 184 0052 84010000 		.4byte	.LASF6
 185 0056 02       		.uleb128 0x2
 186 0057 08       		.byte	0x8
 187 0058 07       		.byte	0x7
 188 0059 36010000 		.4byte	.LASF7
 189 005d 03       		.uleb128 0x3
 190 005e 04       		.byte	0x4
 191 005f 05       		.byte	0x5
 192 0060 696E7400 		.ascii	"int\000"
 193 0064 02       		.uleb128 0x2
 194 0065 04       		.byte	0x4
 195 0066 07       		.byte	0x7
 196 0067 29010000 		.4byte	.LASF8
 197 006b 04       		.uleb128 0x4
 198 006c D0010000 		.4byte	.LASF16
 199 0070 02       		.byte	0x2
ARM GAS  C:\Users\Admin\AppData\Local\Temp\cc8UDPYe.s 			page 6


 200 0071 A1       		.byte	0xa1
 201 0072 2C000000 		.4byte	0x2c
 202 0076 02       		.uleb128 0x2
 203 0077 04       		.byte	0x4
 204 0078 04       		.byte	0x4
 205 0079 D6000000 		.4byte	.LASF9
 206 007d 02       		.uleb128 0x2
 207 007e 08       		.byte	0x8
 208 007f 04       		.byte	0x4
 209 0080 22010000 		.4byte	.LASF10
 210 0084 02       		.uleb128 0x2
 211 0085 01       		.byte	0x1
 212 0086 08       		.byte	0x8
 213 0087 92010000 		.4byte	.LASF11
 214 008b 05       		.uleb128 0x5
 215 008c AD010000 		.4byte	.LASF17
 216 0090 01       		.byte	0x1
 217 0091 42       		.byte	0x42
 218 0092 00000000 		.4byte	.LFB0
 219 0096 28000000 		.4byte	.LFE0-.LFB0
 220 009a 01       		.uleb128 0x1
 221 009b 9C       		.byte	0x9c
 222 009c FE000000 		.4byte	0xfe
 223 00a0 06       		.uleb128 0x6
 224 00a1 4F000000 		.4byte	.LASF18
 225 00a5 01       		.byte	0x1
 226 00a6 42       		.byte	0x42
 227 00a7 FE000000 		.4byte	0xfe
 228 00ab 00000000 		.4byte	.LLST0
 229 00af 07       		.uleb128 0x7
 230 00b0 47000000 		.4byte	.LASF19
 231 00b4 01       		.byte	0x1
 232 00b5 44       		.byte	0x44
 233 00b6 6B000000 		.4byte	0x6b
 234 00ba 2C000000 		.4byte	.LLST1
 235 00be 08       		.uleb128 0x8
 236 00bf 08000000 		.4byte	.LVL1
 237 00c3 36010000 		.4byte	0x136
 238 00c7 09       		.uleb128 0x9
 239 00c8 0E000000 		.4byte	.LVL2
 240 00cc 3D010000 		.4byte	0x13d
 241 00d0 DB000000 		.4byte	0xdb
 242 00d4 0A       		.uleb128 0xa
 243 00d5 01       		.uleb128 0x1
 244 00d6 50       		.byte	0x50
 245 00d7 02       		.uleb128 0x2
 246 00d8 08       		.byte	0x8
 247 00d9 40       		.byte	0x40
 248 00da 00       		.byte	0
 249 00db 08       		.uleb128 0x8
 250 00dc 18000000 		.4byte	.LVL5
 251 00e0 4E010000 		.4byte	0x14e
 252 00e4 08       		.uleb128 0x8
 253 00e5 20000000 		.4byte	.LVL6
 254 00e9 36010000 		.4byte	0x136
 255 00ed 0B       		.uleb128 0xb
 256 00ee 26000000 		.4byte	.LVL7
ARM GAS  C:\Users\Admin\AppData\Local\Temp\cc8UDPYe.s 			page 7


 257 00f2 3D010000 		.4byte	0x13d
 258 00f6 0A       		.uleb128 0xa
 259 00f7 01       		.uleb128 0x1
 260 00f8 50       		.byte	0x50
 261 00f9 02       		.uleb128 0x2
 262 00fa 09       		.byte	0x9
 263 00fb 80       		.byte	0x80
 264 00fc 00       		.byte	0
 265 00fd 00       		.byte	0
 266 00fe 0C       		.uleb128 0xc
 267 00ff 04       		.byte	0x4
 268 0100 04010000 		.4byte	0x104
 269 0104 0D       		.uleb128 0xd
 270 0105 6B000000 		.4byte	0x6b
 271 0109 0E       		.uleb128 0xe
 272 010a 6B000000 		.4byte	0x6b
 273 010e 19010000 		.4byte	0x119
 274 0112 0F       		.uleb128 0xf
 275 0113 19010000 		.4byte	0x119
 276 0117 3F       		.byte	0x3f
 277 0118 00       		.byte	0
 278 0119 02       		.uleb128 0x2
 279 011a 04       		.byte	0x4
 280 011b 07       		.byte	0x7
 281 011c 4D010000 		.4byte	.LASF12
 282 0120 10       		.uleb128 0x10
 283 0121 32000000 		.4byte	.LASF20
 284 0125 01       		.byte	0x1
 285 0126 15       		.byte	0x15
 286 0127 31010000 		.4byte	0x131
 287 012b 05       		.uleb128 0x5
 288 012c 03       		.byte	0x3
 289 012d 00000000 		.4byte	LCD_Char_customFonts
 290 0131 0D       		.uleb128 0xd
 291 0132 09010000 		.4byte	0x109
 292 0136 11       		.uleb128 0x11
 293 0137 EB010000 		.4byte	.LASF21
 294 013b 03       		.byte	0x3
 295 013c 3F       		.byte	0x3f
 296 013d 12       		.uleb128 0x12
 297 013e 97010000 		.4byte	.LASF22
 298 0142 03       		.byte	0x3
 299 0143 3A       		.byte	0x3a
 300 0144 4E010000 		.4byte	0x14e
 301 0148 13       		.uleb128 0x13
 302 0149 6B000000 		.4byte	0x6b
 303 014d 00       		.byte	0
 304 014e 14       		.uleb128 0x14
 305 014f 0F010000 		.4byte	.LASF23
 306 0153 03       		.byte	0x3
 307 0154 3B       		.byte	0x3b
 308 0155 13       		.uleb128 0x13
 309 0156 6B000000 		.4byte	0x6b
 310 015a 00       		.byte	0
 311 015b 00       		.byte	0
 312              		.section	.debug_abbrev,"",%progbits
 313              	.Ldebug_abbrev0:
ARM GAS  C:\Users\Admin\AppData\Local\Temp\cc8UDPYe.s 			page 8


 314 0000 01       		.uleb128 0x1
 315 0001 11       		.uleb128 0x11
 316 0002 01       		.byte	0x1
 317 0003 25       		.uleb128 0x25
 318 0004 0E       		.uleb128 0xe
 319 0005 13       		.uleb128 0x13
 320 0006 0B       		.uleb128 0xb
 321 0007 03       		.uleb128 0x3
 322 0008 0E       		.uleb128 0xe
 323 0009 1B       		.uleb128 0x1b
 324 000a 0E       		.uleb128 0xe
 325 000b 55       		.uleb128 0x55
 326 000c 17       		.uleb128 0x17
 327 000d 11       		.uleb128 0x11
 328 000e 01       		.uleb128 0x1
 329 000f 10       		.uleb128 0x10
 330 0010 17       		.uleb128 0x17
 331 0011 00       		.byte	0
 332 0012 00       		.byte	0
 333 0013 02       		.uleb128 0x2
 334 0014 24       		.uleb128 0x24
 335 0015 00       		.byte	0
 336 0016 0B       		.uleb128 0xb
 337 0017 0B       		.uleb128 0xb
 338 0018 3E       		.uleb128 0x3e
 339 0019 0B       		.uleb128 0xb
 340 001a 03       		.uleb128 0x3
 341 001b 0E       		.uleb128 0xe
 342 001c 00       		.byte	0
 343 001d 00       		.byte	0
 344 001e 03       		.uleb128 0x3
 345 001f 24       		.uleb128 0x24
 346 0020 00       		.byte	0
 347 0021 0B       		.uleb128 0xb
 348 0022 0B       		.uleb128 0xb
 349 0023 3E       		.uleb128 0x3e
 350 0024 0B       		.uleb128 0xb
 351 0025 03       		.uleb128 0x3
 352 0026 08       		.uleb128 0x8
 353 0027 00       		.byte	0
 354 0028 00       		.byte	0
 355 0029 04       		.uleb128 0x4
 356 002a 16       		.uleb128 0x16
 357 002b 00       		.byte	0
 358 002c 03       		.uleb128 0x3
 359 002d 0E       		.uleb128 0xe
 360 002e 3A       		.uleb128 0x3a
 361 002f 0B       		.uleb128 0xb
 362 0030 3B       		.uleb128 0x3b
 363 0031 0B       		.uleb128 0xb
 364 0032 49       		.uleb128 0x49
 365 0033 13       		.uleb128 0x13
 366 0034 00       		.byte	0
 367 0035 00       		.byte	0
 368 0036 05       		.uleb128 0x5
 369 0037 2E       		.uleb128 0x2e
 370 0038 01       		.byte	0x1
ARM GAS  C:\Users\Admin\AppData\Local\Temp\cc8UDPYe.s 			page 9


 371 0039 3F       		.uleb128 0x3f
 372 003a 19       		.uleb128 0x19
 373 003b 03       		.uleb128 0x3
 374 003c 0E       		.uleb128 0xe
 375 003d 3A       		.uleb128 0x3a
 376 003e 0B       		.uleb128 0xb
 377 003f 3B       		.uleb128 0x3b
 378 0040 0B       		.uleb128 0xb
 379 0041 27       		.uleb128 0x27
 380 0042 19       		.uleb128 0x19
 381 0043 11       		.uleb128 0x11
 382 0044 01       		.uleb128 0x1
 383 0045 12       		.uleb128 0x12
 384 0046 06       		.uleb128 0x6
 385 0047 40       		.uleb128 0x40
 386 0048 18       		.uleb128 0x18
 387 0049 9742     		.uleb128 0x2117
 388 004b 19       		.uleb128 0x19
 389 004c 01       		.uleb128 0x1
 390 004d 13       		.uleb128 0x13
 391 004e 00       		.byte	0
 392 004f 00       		.byte	0
 393 0050 06       		.uleb128 0x6
 394 0051 05       		.uleb128 0x5
 395 0052 00       		.byte	0
 396 0053 03       		.uleb128 0x3
 397 0054 0E       		.uleb128 0xe
 398 0055 3A       		.uleb128 0x3a
 399 0056 0B       		.uleb128 0xb
 400 0057 3B       		.uleb128 0x3b
 401 0058 0B       		.uleb128 0xb
 402 0059 49       		.uleb128 0x49
 403 005a 13       		.uleb128 0x13
 404 005b 02       		.uleb128 0x2
 405 005c 17       		.uleb128 0x17
 406 005d 00       		.byte	0
 407 005e 00       		.byte	0
 408 005f 07       		.uleb128 0x7
 409 0060 34       		.uleb128 0x34
 410 0061 00       		.byte	0
 411 0062 03       		.uleb128 0x3
 412 0063 0E       		.uleb128 0xe
 413 0064 3A       		.uleb128 0x3a
 414 0065 0B       		.uleb128 0xb
 415 0066 3B       		.uleb128 0x3b
 416 0067 0B       		.uleb128 0xb
 417 0068 49       		.uleb128 0x49
 418 0069 13       		.uleb128 0x13
 419 006a 02       		.uleb128 0x2
 420 006b 17       		.uleb128 0x17
 421 006c 00       		.byte	0
 422 006d 00       		.byte	0
 423 006e 08       		.uleb128 0x8
 424 006f 898201   		.uleb128 0x4109
 425 0072 00       		.byte	0
 426 0073 11       		.uleb128 0x11
 427 0074 01       		.uleb128 0x1
ARM GAS  C:\Users\Admin\AppData\Local\Temp\cc8UDPYe.s 			page 10


 428 0075 31       		.uleb128 0x31
 429 0076 13       		.uleb128 0x13
 430 0077 00       		.byte	0
 431 0078 00       		.byte	0
 432 0079 09       		.uleb128 0x9
 433 007a 898201   		.uleb128 0x4109
 434 007d 01       		.byte	0x1
 435 007e 11       		.uleb128 0x11
 436 007f 01       		.uleb128 0x1
 437 0080 31       		.uleb128 0x31
 438 0081 13       		.uleb128 0x13
 439 0082 01       		.uleb128 0x1
 440 0083 13       		.uleb128 0x13
 441 0084 00       		.byte	0
 442 0085 00       		.byte	0
 443 0086 0A       		.uleb128 0xa
 444 0087 8A8201   		.uleb128 0x410a
 445 008a 00       		.byte	0
 446 008b 02       		.uleb128 0x2
 447 008c 18       		.uleb128 0x18
 448 008d 9142     		.uleb128 0x2111
 449 008f 18       		.uleb128 0x18
 450 0090 00       		.byte	0
 451 0091 00       		.byte	0
 452 0092 0B       		.uleb128 0xb
 453 0093 898201   		.uleb128 0x4109
 454 0096 01       		.byte	0x1
 455 0097 11       		.uleb128 0x11
 456 0098 01       		.uleb128 0x1
 457 0099 31       		.uleb128 0x31
 458 009a 13       		.uleb128 0x13
 459 009b 00       		.byte	0
 460 009c 00       		.byte	0
 461 009d 0C       		.uleb128 0xc
 462 009e 0F       		.uleb128 0xf
 463 009f 00       		.byte	0
 464 00a0 0B       		.uleb128 0xb
 465 00a1 0B       		.uleb128 0xb
 466 00a2 49       		.uleb128 0x49
 467 00a3 13       		.uleb128 0x13
 468 00a4 00       		.byte	0
 469 00a5 00       		.byte	0
 470 00a6 0D       		.uleb128 0xd
 471 00a7 26       		.uleb128 0x26
 472 00a8 00       		.byte	0
 473 00a9 49       		.uleb128 0x49
 474 00aa 13       		.uleb128 0x13
 475 00ab 00       		.byte	0
 476 00ac 00       		.byte	0
 477 00ad 0E       		.uleb128 0xe
 478 00ae 01       		.uleb128 0x1
 479 00af 01       		.byte	0x1
 480 00b0 49       		.uleb128 0x49
 481 00b1 13       		.uleb128 0x13
 482 00b2 01       		.uleb128 0x1
 483 00b3 13       		.uleb128 0x13
 484 00b4 00       		.byte	0
ARM GAS  C:\Users\Admin\AppData\Local\Temp\cc8UDPYe.s 			page 11


 485 00b5 00       		.byte	0
 486 00b6 0F       		.uleb128 0xf
 487 00b7 21       		.uleb128 0x21
 488 00b8 00       		.byte	0
 489 00b9 49       		.uleb128 0x49
 490 00ba 13       		.uleb128 0x13
 491 00bb 2F       		.uleb128 0x2f
 492 00bc 0B       		.uleb128 0xb
 493 00bd 00       		.byte	0
 494 00be 00       		.byte	0
 495 00bf 10       		.uleb128 0x10
 496 00c0 34       		.uleb128 0x34
 497 00c1 00       		.byte	0
 498 00c2 03       		.uleb128 0x3
 499 00c3 0E       		.uleb128 0xe
 500 00c4 3A       		.uleb128 0x3a
 501 00c5 0B       		.uleb128 0xb
 502 00c6 3B       		.uleb128 0x3b
 503 00c7 0B       		.uleb128 0xb
 504 00c8 49       		.uleb128 0x49
 505 00c9 13       		.uleb128 0x13
 506 00ca 3F       		.uleb128 0x3f
 507 00cb 19       		.uleb128 0x19
 508 00cc 02       		.uleb128 0x2
 509 00cd 18       		.uleb128 0x18
 510 00ce 00       		.byte	0
 511 00cf 00       		.byte	0
 512 00d0 11       		.uleb128 0x11
 513 00d1 2E       		.uleb128 0x2e
 514 00d2 00       		.byte	0
 515 00d3 3F       		.uleb128 0x3f
 516 00d4 19       		.uleb128 0x19
 517 00d5 03       		.uleb128 0x3
 518 00d6 0E       		.uleb128 0xe
 519 00d7 3A       		.uleb128 0x3a
 520 00d8 0B       		.uleb128 0xb
 521 00d9 3B       		.uleb128 0x3b
 522 00da 0B       		.uleb128 0xb
 523 00db 27       		.uleb128 0x27
 524 00dc 19       		.uleb128 0x19
 525 00dd 3C       		.uleb128 0x3c
 526 00de 19       		.uleb128 0x19
 527 00df 00       		.byte	0
 528 00e0 00       		.byte	0
 529 00e1 12       		.uleb128 0x12
 530 00e2 2E       		.uleb128 0x2e
 531 00e3 01       		.byte	0x1
 532 00e4 3F       		.uleb128 0x3f
 533 00e5 19       		.uleb128 0x19
 534 00e6 03       		.uleb128 0x3
 535 00e7 0E       		.uleb128 0xe
 536 00e8 3A       		.uleb128 0x3a
 537 00e9 0B       		.uleb128 0xb
 538 00ea 3B       		.uleb128 0x3b
 539 00eb 0B       		.uleb128 0xb
 540 00ec 27       		.uleb128 0x27
 541 00ed 19       		.uleb128 0x19
ARM GAS  C:\Users\Admin\AppData\Local\Temp\cc8UDPYe.s 			page 12


 542 00ee 3C       		.uleb128 0x3c
 543 00ef 19       		.uleb128 0x19
 544 00f0 01       		.uleb128 0x1
 545 00f1 13       		.uleb128 0x13
 546 00f2 00       		.byte	0
 547 00f3 00       		.byte	0
 548 00f4 13       		.uleb128 0x13
 549 00f5 05       		.uleb128 0x5
 550 00f6 00       		.byte	0
 551 00f7 49       		.uleb128 0x49
 552 00f8 13       		.uleb128 0x13
 553 00f9 00       		.byte	0
 554 00fa 00       		.byte	0
 555 00fb 14       		.uleb128 0x14
 556 00fc 2E       		.uleb128 0x2e
 557 00fd 01       		.byte	0x1
 558 00fe 3F       		.uleb128 0x3f
 559 00ff 19       		.uleb128 0x19
 560 0100 03       		.uleb128 0x3
 561 0101 0E       		.uleb128 0xe
 562 0102 3A       		.uleb128 0x3a
 563 0103 0B       		.uleb128 0xb
 564 0104 3B       		.uleb128 0x3b
 565 0105 0B       		.uleb128 0xb
 566 0106 27       		.uleb128 0x27
 567 0107 19       		.uleb128 0x19
 568 0108 3C       		.uleb128 0x3c
 569 0109 19       		.uleb128 0x19
 570 010a 00       		.byte	0
 571 010b 00       		.byte	0
 572 010c 00       		.byte	0
 573              		.section	.debug_loc,"",%progbits
 574              	.Ldebug_loc0:
 575              	.LLST0:
 576 0000 00000000 		.4byte	.LVL0
 577 0004 07000000 		.4byte	.LVL1-1
 578 0008 0100     		.2byte	0x1
 579 000a 50       		.byte	0x50
 580 000b 07000000 		.4byte	.LVL1-1
 581 000f 26000000 		.4byte	.LVL8
 582 0013 0100     		.2byte	0x1
 583 0015 55       		.byte	0x55
 584 0016 26000000 		.4byte	.LVL8
 585 001a 28000000 		.4byte	.LFE0
 586 001e 0400     		.2byte	0x4
 587 0020 F3       		.byte	0xf3
 588 0021 01       		.uleb128 0x1
 589 0022 50       		.byte	0x50
 590 0023 9F       		.byte	0x9f
 591 0024 00000000 		.4byte	0
 592 0028 00000000 		.4byte	0
 593              	.LLST1:
 594 002c 0E000000 		.4byte	.LVL2
 595 0030 10000000 		.4byte	.LVL3
 596 0034 0200     		.2byte	0x2
 597 0036 30       		.byte	0x30
 598 0037 9F       		.byte	0x9f
ARM GAS  C:\Users\Admin\AppData\Local\Temp\cc8UDPYe.s 			page 13


 599 0038 10000000 		.4byte	.LVL3
 600 003c 14000000 		.4byte	.LVL4
 601 0040 0100     		.2byte	0x1
 602 0042 54       		.byte	0x54
 603 0043 14000000 		.4byte	.LVL4
 604 0047 18000000 		.4byte	.LVL5
 605 004b 0300     		.2byte	0x3
 606 004d 74       		.byte	0x74
 607 004e 7F       		.sleb128 -1
 608 004f 9F       		.byte	0x9f
 609 0050 00000000 		.4byte	0
 610 0054 00000000 		.4byte	0
 611              		.section	.debug_aranges,"",%progbits
 612 0000 1C000000 		.4byte	0x1c
 613 0004 0200     		.2byte	0x2
 614 0006 00000000 		.4byte	.Ldebug_info0
 615 000a 04       		.byte	0x4
 616 000b 00       		.byte	0
 617 000c 0000     		.2byte	0
 618 000e 0000     		.2byte	0
 619 0010 00000000 		.4byte	.LFB0
 620 0014 28000000 		.4byte	.LFE0-.LFB0
 621 0018 00000000 		.4byte	0
 622 001c 00000000 		.4byte	0
 623              		.section	.debug_ranges,"",%progbits
 624              	.Ldebug_ranges0:
 625 0000 00000000 		.4byte	.LFB0
 626 0004 28000000 		.4byte	.LFE0
 627 0008 00000000 		.4byte	0
 628 000c 00000000 		.4byte	0
 629              		.section	.debug_line,"",%progbits
 630              	.Ldebug_line0:
 631 0000 85000000 		.section	.debug_str,"MS",%progbits,1
 631      02005F00 
 631      00000201 
 631      FB0E0D00 
 631      01010101 
 632              	.LASF15:
 633 0000 433A5C55 		.ascii	"C:\\Users\\Admin\\Desktop\\IR LCD\\IR_LCD\\IR_LCD.c"
 633      73657273 
 633      5C41646D 
 633      696E5C44 
 633      65736B74 
 634 002d 7964736E 		.ascii	"ydsn\000"
 634      00
 635              	.LASF20:
 636 0032 4C43445F 		.ascii	"LCD_Char_customFonts\000"
 636      43686172 
 636      5F637573 
 636      746F6D46 
 636      6F6E7473 
 637              	.LASF19:
 638 0047 696E6465 		.ascii	"indexU8\000"
 638      78553800 
 639              	.LASF18:
 640 004f 63757374 		.ascii	"customData\000"
 640      6F6D4461 
ARM GAS  C:\Users\Admin\AppData\Local\Temp\cc8UDPYe.s 			page 14


 640      746100
 641              	.LASF13:
 642 005a 474E5520 		.ascii	"GNU C 4.8.4 20140526 (release) [ARM/embedded-4_8-br"
 642      4320342E 
 642      382E3420 
 642      32303134 
 642      30353236 
 643 008d 616E6368 		.ascii	"anch revision 211358] -mcpu=cortex-m0 -mthumb -g -O"
 643      20726576 
 643      6973696F 
 643      6E203231 
 643      31333538 
 644 00c0 73202D66 		.ascii	"s -ffunction-sections\000"
 644      66756E63 
 644      74696F6E 
 644      2D736563 
 644      74696F6E 
 645              	.LASF9:
 646 00d6 666C6F61 		.ascii	"float\000"
 646      7400
 647              	.LASF1:
 648 00dc 756E7369 		.ascii	"unsigned char\000"
 648      676E6564 
 648      20636861 
 648      7200
 649              	.LASF5:
 650 00ea 6C6F6E67 		.ascii	"long unsigned int\000"
 650      20756E73 
 650      69676E65 
 650      6420696E 
 650      7400
 651              	.LASF3:
 652 00fc 73686F72 		.ascii	"short unsigned int\000"
 652      7420756E 
 652      7369676E 
 652      65642069 
 652      6E7400
 653              	.LASF23:
 654 010f 4C43445F 		.ascii	"LCD_Char_WriteData\000"
 654      43686172 
 654      5F577269 
 654      74654461 
 654      746100
 655              	.LASF10:
 656 0122 646F7562 		.ascii	"double\000"
 656      6C6500
 657              	.LASF8:
 658 0129 756E7369 		.ascii	"unsigned int\000"
 658      676E6564 
 658      20696E74 
 658      00
 659              	.LASF7:
 660 0136 6C6F6E67 		.ascii	"long long unsigned int\000"
 660      206C6F6E 
 660      6720756E 
 660      7369676E 
 660      65642069 
ARM GAS  C:\Users\Admin\AppData\Local\Temp\cc8UDPYe.s 			page 15


 661              	.LASF12:
 662 014d 73697A65 		.ascii	"sizetype\000"
 662      74797065 
 662      00
 663              	.LASF14:
 664 0156 2E5C4765 		.ascii	".\\Generated_Source\\PSoC4\\LCD_Char_CustChars.c\000"
 664      6E657261 
 664      7465645F 
 664      536F7572 
 664      63655C50 
 665              	.LASF6:
 666 0184 6C6F6E67 		.ascii	"long long int\000"
 666      206C6F6E 
 666      6720696E 
 666      7400
 667              	.LASF11:
 668 0192 63686172 		.ascii	"char\000"
 668      00
 669              	.LASF22:
 670 0197 4C43445F 		.ascii	"LCD_Char_WriteControl\000"
 670      43686172 
 670      5F577269 
 670      7465436F 
 670      6E74726F 
 671              	.LASF17:
 672 01ad 4C43445F 		.ascii	"LCD_Char_LoadCustomFonts\000"
 672      43686172 
 672      5F4C6F61 
 672      64437573 
 672      746F6D46 
 673              	.LASF2:
 674 01c6 73686F72 		.ascii	"short int\000"
 674      7420696E 
 674      7400
 675              	.LASF16:
 676 01d0 75696E74 		.ascii	"uint8\000"
 676      3800
 677              	.LASF4:
 678 01d6 6C6F6E67 		.ascii	"long int\000"
 678      20696E74 
 678      00
 679              	.LASF0:
 680 01df 7369676E 		.ascii	"signed char\000"
 680      65642063 
 680      68617200 
 681              	.LASF21:
 682 01eb 4C43445F 		.ascii	"LCD_Char_IsReady\000"
 682      43686172 
 682      5F497352 
 682      65616479 
 682      00
 683              		.ident	"GCC: (GNU Tools for ARM Embedded Processors) 4.8.4 20140526 (release) [ARM/embedded-4_8-br
