ARM GAS  C:\Users\Admin\AppData\Local\Temp\ccLGjnmN.s 			page 1


   1              		.cpu cortex-m0
   2              		.fpu softvfp
   3              		.eabi_attribute 20, 1
   4              		.eabi_attribute 21, 1
   5              		.eabi_attribute 23, 3
   6              		.eabi_attribute 24, 1
   7              		.eabi_attribute 25, 1
   8              		.eabi_attribute 26, 1
   9              		.eabi_attribute 30, 4
  10              		.eabi_attribute 34, 0
  11              		.eabi_attribute 18, 4
  12              		.code	16
  13              		.file	"LCD_Char_BarGraph.c"
  14              		.text
  15              	.Ltext0:
  16              		.cfi_sections	.debug_frame
  17              		.section	.text.LCD_Char_LoadCustomFonts,"ax",%progbits
  18              		.align	1
  19              		.global	LCD_Char_LoadCustomFonts
  20              		.code	16
  21              		.thumb_func
  22              		.type	LCD_Char_LoadCustomFonts, %function
  23              	LCD_Char_LoadCustomFonts:
  24              	.LFB0:
  25              		.file 1 ".\\Generated_Source\\PSoC4\\LCD_Char_BarGraph.c"
   1:.\Generated_Source\PSoC4/LCD_Char_BarGraph.c **** /*******************************************************************************
   2:.\Generated_Source\PSoC4/LCD_Char_BarGraph.c **** * File Name: LCD_Char_BarGraph.c
   3:.\Generated_Source\PSoC4/LCD_Char_BarGraph.c **** * Version 2.0
   4:.\Generated_Source\PSoC4/LCD_Char_BarGraph.c **** *
   5:.\Generated_Source\PSoC4/LCD_Char_BarGraph.c **** * Description:
   6:.\Generated_Source\PSoC4/LCD_Char_BarGraph.c **** *  This file provides the custom character data and API for creating and using
   7:.\Generated_Source\PSoC4/LCD_Char_BarGraph.c **** *  bar graphs with the Character LCD component.
   8:.\Generated_Source\PSoC4/LCD_Char_BarGraph.c **** *
   9:.\Generated_Source\PSoC4/LCD_Char_BarGraph.c **** * Note:
  10:.\Generated_Source\PSoC4/LCD_Char_BarGraph.c **** *
  11:.\Generated_Source\PSoC4/LCD_Char_BarGraph.c **** ********************************************************************************
  12:.\Generated_Source\PSoC4/LCD_Char_BarGraph.c **** * Copyright 2008-2014, Cypress Semiconductor Corporation.  All rights reserved.
  13:.\Generated_Source\PSoC4/LCD_Char_BarGraph.c **** * You may use this file only in accordance with the license, terms, conditions,
  14:.\Generated_Source\PSoC4/LCD_Char_BarGraph.c **** * disclaimers, and limitations in the end user license agreement accompanying
  15:.\Generated_Source\PSoC4/LCD_Char_BarGraph.c **** * the software package with which this file was provided.
  16:.\Generated_Source\PSoC4/LCD_Char_BarGraph.c **** *******************************************************************************/
  17:.\Generated_Source\PSoC4/LCD_Char_BarGraph.c **** 
  18:.\Generated_Source\PSoC4/LCD_Char_BarGraph.c **** #include "LCD_Char.h"
  19:.\Generated_Source\PSoC4/LCD_Char_BarGraph.c **** 
  20:.\Generated_Source\PSoC4/LCD_Char_BarGraph.c **** 
  21:.\Generated_Source\PSoC4/LCD_Char_BarGraph.c **** uint8 const CYCODE LCD_Char_customFonts[] = \
  22:.\Generated_Source\PSoC4/LCD_Char_BarGraph.c **** {
  23:.\Generated_Source\PSoC4/LCD_Char_BarGraph.c ****     /* Character LCD_Char_CUSTOM_0   */
  24:.\Generated_Source\PSoC4/LCD_Char_BarGraph.c ****     0x00u,    0x00u,    0x00u,    0x00u,    0x00u,    0x00u,    0x00u,    0x00u, \
  25:.\Generated_Source\PSoC4/LCD_Char_BarGraph.c ****     /* Character LCD_Char_CUSTOM_1   */
  26:.\Generated_Source\PSoC4/LCD_Char_BarGraph.c ****     0x10u,    0x10u,    0x10u,    0x10u,    0x10u,    0x10u,    0x10u,    0x10u, \
  27:.\Generated_Source\PSoC4/LCD_Char_BarGraph.c ****     /* Character LCD_Char_CUSTOM_2   */
  28:.\Generated_Source\PSoC4/LCD_Char_BarGraph.c ****     0x18u,    0x18u,    0x18u,    0x18u,    0x18u,    0x18u,    0x18u,    0x18u, \
  29:.\Generated_Source\PSoC4/LCD_Char_BarGraph.c ****     /* Character LCD_Char_CUSTOM_3   */
  30:.\Generated_Source\PSoC4/LCD_Char_BarGraph.c ****     0x1Cu,    0x1Cu,    0x1Cu,    0x1Cu,    0x1Cu,    0x1Cu,    0x1Cu,    0x1Cu, \
  31:.\Generated_Source\PSoC4/LCD_Char_BarGraph.c ****     /* Character LCD_Char_CUSTOM_4   */
  32:.\Generated_Source\PSoC4/LCD_Char_BarGraph.c ****     0x1Eu,    0x1Eu,    0x1Eu,    0x1Eu,    0x1Eu,    0x1Eu,    0x1Eu,    0x1Eu, \
ARM GAS  C:\Users\Admin\AppData\Local\Temp\ccLGjnmN.s 			page 2


  33:.\Generated_Source\PSoC4/LCD_Char_BarGraph.c ****     /* Character LCD_Char_CUSTOM_5   */
  34:.\Generated_Source\PSoC4/LCD_Char_BarGraph.c ****     0x1Fu,    0x1Fu,    0x1Fu,    0x1Fu,    0x1Fu,    0x1Fu,    0x1Fu,    0x1Fu, \
  35:.\Generated_Source\PSoC4/LCD_Char_BarGraph.c ****     /* Character LCD_Char_CUSTOM_6   */
  36:.\Generated_Source\PSoC4/LCD_Char_BarGraph.c ****     0x00u,    0x00u,    0x00u,    0x00u,    0x00u,    0x00u,    0x00u,    0x00u, \
  37:.\Generated_Source\PSoC4/LCD_Char_BarGraph.c ****     /* Character LCD_Char_CUSTOM_7   */
  38:.\Generated_Source\PSoC4/LCD_Char_BarGraph.c ****     0x00u,    0x00u,    0x00u,    0x00u,    0x00u,    0x00u,    0x00u,    0x00u \
  39:.\Generated_Source\PSoC4/LCD_Char_BarGraph.c **** };
  40:.\Generated_Source\PSoC4/LCD_Char_BarGraph.c **** 
  41:.\Generated_Source\PSoC4/LCD_Char_BarGraph.c **** 
  42:.\Generated_Source\PSoC4/LCD_Char_BarGraph.c **** /*******************************************************************************
  43:.\Generated_Source\PSoC4/LCD_Char_BarGraph.c **** * Function Name: LCD_Char_LoadCustomFonts
  44:.\Generated_Source\PSoC4/LCD_Char_BarGraph.c **** ********************************************************************************
  45:.\Generated_Source\PSoC4/LCD_Char_BarGraph.c **** *
  46:.\Generated_Source\PSoC4/LCD_Char_BarGraph.c **** * Summary:
  47:.\Generated_Source\PSoC4/LCD_Char_BarGraph.c **** *  Loads 8 custom font characters into the LCD Module for use.  Cannot use
  48:.\Generated_Source\PSoC4/LCD_Char_BarGraph.c **** *  characters from two different font sets at once, but font sets can be
  49:.\Generated_Source\PSoC4/LCD_Char_BarGraph.c **** *  switched out during runtime.
  50:.\Generated_Source\PSoC4/LCD_Char_BarGraph.c **** *
  51:.\Generated_Source\PSoC4/LCD_Char_BarGraph.c **** * Parameters:
  52:.\Generated_Source\PSoC4/LCD_Char_BarGraph.c **** *  customData:  pointer to a constant array of 64 bytes representing 8 custom
  53:.\Generated_Source\PSoC4/LCD_Char_BarGraph.c **** *               font characters.
  54:.\Generated_Source\PSoC4/LCD_Char_BarGraph.c **** * Return:
  55:.\Generated_Source\PSoC4/LCD_Char_BarGraph.c **** *  None.
  56:.\Generated_Source\PSoC4/LCD_Char_BarGraph.c **** *
  57:.\Generated_Source\PSoC4/LCD_Char_BarGraph.c **** * Theory:
  58:.\Generated_Source\PSoC4/LCD_Char_BarGraph.c **** *  Prior to using this function user need to import the pointer to custom
  59:.\Generated_Source\PSoC4/LCD_Char_BarGraph.c **** *  font array to your project by writting the following in the source code file
  60:.\Generated_Source\PSoC4/LCD_Char_BarGraph.c **** *  where custom font will be used:
  61:.\Generated_Source\PSoC4/LCD_Char_BarGraph.c **** *       extern uint8 const CYCODE LCD_Char_customFonts[];
  62:.\Generated_Source\PSoC4/LCD_Char_BarGraph.c **** *  This function is not automatically called by the Start() routine and must be
  63:.\Generated_Source\PSoC4/LCD_Char_BarGraph.c **** *  called manually by the user.
  64:.\Generated_Source\PSoC4/LCD_Char_BarGraph.c **** *******************************************************************************/
  65:.\Generated_Source\PSoC4/LCD_Char_BarGraph.c **** void LCD_Char_LoadCustomFonts(uint8 const customData[]) 
  66:.\Generated_Source\PSoC4/LCD_Char_BarGraph.c **** {
  26              		.loc 1 66 0
  27              		.cfi_startproc
  28              	.LVL0:
  29 0000 38B5     		push	{r3, r4, r5, lr}
  30              		.cfi_def_cfa_offset 16
  31              		.cfi_offset 3, -16
  32              		.cfi_offset 4, -12
  33              		.cfi_offset 5, -8
  34              		.cfi_offset 14, -4
  35              		.loc 1 66 0
  36 0002 051C     		mov	r5, r0
  67:.\Generated_Source\PSoC4/LCD_Char_BarGraph.c ****     uint8 indexU8;
  68:.\Generated_Source\PSoC4/LCD_Char_BarGraph.c **** 
  69:.\Generated_Source\PSoC4/LCD_Char_BarGraph.c ****     LCD_Char_IsReady();
  37              		.loc 1 69 0
  38 0004 FFF7FEFF 		bl	LCD_Char_IsReady
  39              	.LVL1:
  70:.\Generated_Source\PSoC4/LCD_Char_BarGraph.c ****     /* Set starting address in the LCD Module */
  71:.\Generated_Source\PSoC4/LCD_Char_BarGraph.c ****     /* Optionally: Read the current address to restore at a later time */
  72:.\Generated_Source\PSoC4/LCD_Char_BarGraph.c ****     LCD_Char_WriteControl(LCD_Char_CGRAM_0);
  40              		.loc 1 72 0
  41 0008 4020     		mov	r0, #64
  42 000a FFF7FEFF 		bl	LCD_Char_WriteControl
ARM GAS  C:\Users\Admin\AppData\Local\Temp\ccLGjnmN.s 			page 3


  43              	.LVL2:
  44 000e 0024     		mov	r4, #0
  45              	.LVL3:
  46              	.L3:
  73:.\Generated_Source\PSoC4/LCD_Char_BarGraph.c **** 
  74:.\Generated_Source\PSoC4/LCD_Char_BarGraph.c ****     /* Load in the 64 bytes of CustomChar Data */
  75:.\Generated_Source\PSoC4/LCD_Char_BarGraph.c ****     for(indexU8 = 0u; indexU8 < LCD_Char_CUSTOM_CHAR_SET_LEN; indexU8++)
  76:.\Generated_Source\PSoC4/LCD_Char_BarGraph.c ****     {
  77:.\Generated_Source\PSoC4/LCD_Char_BarGraph.c ****         /* Delay between each write */
  78:.\Generated_Source\PSoC4/LCD_Char_BarGraph.c ****         LCD_Char_WriteData(customData[indexU8]);
  47              		.loc 1 78 0 discriminator 2
  48 0010 285D     		ldrb	r0, [r5, r4]
  49 0012 0134     		add	r4, r4, #1
  50              	.LVL4:
  51 0014 FFF7FEFF 		bl	LCD_Char_WriteData
  52              	.LVL5:
  75:.\Generated_Source\PSoC4/LCD_Char_BarGraph.c ****     for(indexU8 = 0u; indexU8 < LCD_Char_CUSTOM_CHAR_SET_LEN; indexU8++)
  53              		.loc 1 75 0 discriminator 2
  54 0018 402C     		cmp	r4, #64
  55 001a F9D1     		bne	.L3
  79:.\Generated_Source\PSoC4/LCD_Char_BarGraph.c ****     }
  80:.\Generated_Source\PSoC4/LCD_Char_BarGraph.c **** 
  81:.\Generated_Source\PSoC4/LCD_Char_BarGraph.c ****     LCD_Char_IsReady();
  56              		.loc 1 81 0
  57 001c FFF7FEFF 		bl	LCD_Char_IsReady
  58              	.LVL6:
  82:.\Generated_Source\PSoC4/LCD_Char_BarGraph.c ****     LCD_Char_WriteControl(LCD_Char_DDRAM_0);
  59              		.loc 1 82 0
  60 0020 8020     		mov	r0, #128
  61 0022 FFF7FEFF 		bl	LCD_Char_WriteControl
  62              	.LVL7:
  83:.\Generated_Source\PSoC4/LCD_Char_BarGraph.c **** }
  63              		.loc 1 83 0
  64              		@ sp needed
  65              	.LVL8:
  66 0026 38BD     		pop	{r3, r4, r5, pc}
  67              		.cfi_endproc
  68              	.LFE0:
  69              		.size	LCD_Char_LoadCustomFonts, .-LCD_Char_LoadCustomFonts
  70              		.global	__aeabi_uidiv
  71              		.global	__aeabi_uidivmod
  72              		.section	.text.LCD_Char_DrawHorizontalBG,"ax",%progbits
  73              		.align	1
  74              		.global	LCD_Char_DrawHorizontalBG
  75              		.code	16
  76              		.thumb_func
  77              		.type	LCD_Char_DrawHorizontalBG, %function
  78              	LCD_Char_DrawHorizontalBG:
  79              	.LFB1:
  84:.\Generated_Source\PSoC4/LCD_Char_BarGraph.c **** 
  85:.\Generated_Source\PSoC4/LCD_Char_BarGraph.c **** 
  86:.\Generated_Source\PSoC4/LCD_Char_BarGraph.c **** #if (LCD_Char_CUSTOM_CHAR_SET == LCD_Char_HORIZONTAL_BG)
  87:.\Generated_Source\PSoC4/LCD_Char_BarGraph.c **** 
  88:.\Generated_Source\PSoC4/LCD_Char_BarGraph.c ****     /*******************************************************************************
  89:.\Generated_Source\PSoC4/LCD_Char_BarGraph.c ****     * Function Name: LCD_Char_DrawHorizontalBG
  90:.\Generated_Source\PSoC4/LCD_Char_BarGraph.c ****     ********************************************************************************
  91:.\Generated_Source\PSoC4/LCD_Char_BarGraph.c ****     *
ARM GAS  C:\Users\Admin\AppData\Local\Temp\ccLGjnmN.s 			page 4


  92:.\Generated_Source\PSoC4/LCD_Char_BarGraph.c ****     * Summary:
  93:.\Generated_Source\PSoC4/LCD_Char_BarGraph.c ****     *  Draws the horizontal bargraph.
  94:.\Generated_Source\PSoC4/LCD_Char_BarGraph.c ****     *
  95:.\Generated_Source\PSoC4/LCD_Char_BarGraph.c ****     * Parameters:
  96:.\Generated_Source\PSoC4/LCD_Char_BarGraph.c ****     *  row:            The row in which the bar graph starts.
  97:.\Generated_Source\PSoC4/LCD_Char_BarGraph.c ****     *  column:         The column in which the bar graph starts.
  98:.\Generated_Source\PSoC4/LCD_Char_BarGraph.c ****     *  maxCharacters:  The max length of the graph in whole characters.
  99:.\Generated_Source\PSoC4/LCD_Char_BarGraph.c ****     *  value:          The current length or height of the graph in pixels.
 100:.\Generated_Source\PSoC4/LCD_Char_BarGraph.c ****     *
 101:.\Generated_Source\PSoC4/LCD_Char_BarGraph.c ****     * Return:
 102:.\Generated_Source\PSoC4/LCD_Char_BarGraph.c ****     *  void.
 103:.\Generated_Source\PSoC4/LCD_Char_BarGraph.c ****     *
 104:.\Generated_Source\PSoC4/LCD_Char_BarGraph.c ****     *******************************************************************************/
 105:.\Generated_Source\PSoC4/LCD_Char_BarGraph.c ****     void LCD_Char_DrawHorizontalBG(uint8 row, uint8 column, uint8 maxCharacters, uint8 value) \
 106:.\Generated_Source\PSoC4/LCD_Char_BarGraph.c ****                                                             
 107:.\Generated_Source\PSoC4/LCD_Char_BarGraph.c ****     {
  80              		.loc 1 107 0
  81              		.cfi_startproc
  82              	.LVL9:
  83 0000 F7B5     		push	{r0, r1, r2, r4, r5, r6, r7, lr}
  84              		.cfi_def_cfa_offset 32
  85              		.cfi_offset 0, -32
  86              		.cfi_offset 1, -28
  87              		.cfi_offset 2, -24
  88              		.cfi_offset 4, -20
  89              		.cfi_offset 5, -16
  90              		.cfi_offset 6, -12
  91              		.cfi_offset 7, -8
  92              		.cfi_offset 14, -4
  93              		.loc 1 107 0
  94 0002 071C     		mov	r7, r0
  95 0004 0191     		str	r1, [sp, #4]
 108:.\Generated_Source\PSoC4/LCD_Char_BarGraph.c ****         /* 8-bit Counter */
 109:.\Generated_Source\PSoC4/LCD_Char_BarGraph.c ****         uint8 count8;
 110:.\Generated_Source\PSoC4/LCD_Char_BarGraph.c ****         uint8 fullChars;
 111:.\Generated_Source\PSoC4/LCD_Char_BarGraph.c ****         uint8 remainingPixels;
 112:.\Generated_Source\PSoC4/LCD_Char_BarGraph.c **** 
 113:.\Generated_Source\PSoC4/LCD_Char_BarGraph.c ****         /* Number of full characters to draw */
 114:.\Generated_Source\PSoC4/LCD_Char_BarGraph.c ****         fullChars = value / LCD_Char_CHARACTER_WIDTH;
  96              		.loc 1 114 0
  97 0006 181C     		mov	r0, r3
  98              	.LVL10:
  99 0008 0521     		mov	r1, #5
 100              	.LVL11:
 107:.\Generated_Source\PSoC4/LCD_Char_BarGraph.c ****     {
 101              		.loc 1 107 0
 102 000a 141C     		mov	r4, r2
 103 000c 1E1C     		mov	r6, r3
 104              		.loc 1 114 0
 105 000e FFF7FEFF 		bl	__aeabi_uidiv
 106              	.LVL12:
 107 0012 C0B2     		uxtb	r0, r0
 108              	.LVL13:
 109 0014 051C     		add	r5, r0, #0
 110 0016 A042     		cmp	r0, r4
 111 0018 00D9     		bls	.L6
 112 001a 251C     		add	r5, r4, #0
ARM GAS  C:\Users\Admin\AppData\Local\Temp\ccLGjnmN.s 			page 5


 113              	.L6:
 115:.\Generated_Source\PSoC4/LCD_Char_BarGraph.c **** 
 116:.\Generated_Source\PSoC4/LCD_Char_BarGraph.c ****         /* Number of remaining pixels to draw */
 117:.\Generated_Source\PSoC4/LCD_Char_BarGraph.c ****         remainingPixels = value % LCD_Char_CHARACTER_WIDTH;
 118:.\Generated_Source\PSoC4/LCD_Char_BarGraph.c **** 
 119:.\Generated_Source\PSoC4/LCD_Char_BarGraph.c ****         /* Ensure that the maximum character limit is followed. */
 120:.\Generated_Source\PSoC4/LCD_Char_BarGraph.c ****         if(fullChars >= maxCharacters)
 121:.\Generated_Source\PSoC4/LCD_Char_BarGraph.c ****         {
 122:.\Generated_Source\PSoC4/LCD_Char_BarGraph.c ****             fullChars = maxCharacters;
 123:.\Generated_Source\PSoC4/LCD_Char_BarGraph.c ****         }
 124:.\Generated_Source\PSoC4/LCD_Char_BarGraph.c **** 
 125:.\Generated_Source\PSoC4/LCD_Char_BarGraph.c ****         /* Put Cursor at start position */
 126:.\Generated_Source\PSoC4/LCD_Char_BarGraph.c ****         LCD_Char_Position(row, column);
 114              		.loc 1 126 0
 115 001c 381C     		mov	r0, r7
 116              	.LVL14:
 117 001e 0199     		ldr	r1, [sp, #4]
 118 0020 FFF7FEFF 		bl	LCD_Char_Position
 119              	.LVL15:
 120 0024 EDB2     		uxtb	r5, r5
 121              	.LVL16:
 127:.\Generated_Source\PSoC4/LCD_Char_BarGraph.c **** 
 128:.\Generated_Source\PSoC4/LCD_Char_BarGraph.c ****         /* Write full characters */
 129:.\Generated_Source\PSoC4/LCD_Char_BarGraph.c ****         for(count8 = 0u; count8 < fullChars; count8++)
 122              		.loc 1 129 0
 123 0026 0027     		mov	r7, #0
 124              	.LVL17:
 125              	.L7:
 126              		.loc 1 129 0 is_stmt 0 discriminator 1
 127 0028 AF42     		cmp	r7, r5
 128 002a 05D0     		beq	.L13
 130:.\Generated_Source\PSoC4/LCD_Char_BarGraph.c ****         {
 131:.\Generated_Source\PSoC4/LCD_Char_BarGraph.c ****             LCD_Char_WriteData(LCD_Char_CUSTOM_5);
 129              		.loc 1 131 0 is_stmt 1 discriminator 2
 130 002c 0520     		mov	r0, #5
 129:.\Generated_Source\PSoC4/LCD_Char_BarGraph.c ****         for(count8 = 0u; count8 < fullChars; count8++)
 131              		.loc 1 129 0 discriminator 2
 132 002e 0137     		add	r7, r7, #1
 133              	.LVL18:
 134              		.loc 1 131 0 discriminator 2
 135 0030 FFF7FEFF 		bl	LCD_Char_WriteData
 136              	.LVL19:
 129:.\Generated_Source\PSoC4/LCD_Char_BarGraph.c ****         for(count8 = 0u; count8 < fullChars; count8++)
 137              		.loc 1 129 0 discriminator 2
 138 0034 FFB2     		uxtb	r7, r7
 139              	.LVL20:
 140 0036 F7E7     		b	.L7
 141              	.L13:
 132:.\Generated_Source\PSoC4/LCD_Char_BarGraph.c ****         }
 133:.\Generated_Source\PSoC4/LCD_Char_BarGraph.c **** 
 134:.\Generated_Source\PSoC4/LCD_Char_BarGraph.c ****         if(fullChars < maxCharacters)
 142              		.loc 1 134 0
 143 0038 A542     		cmp	r5, r4
 144 003a 14D2     		bcs	.L5
 117:.\Generated_Source\PSoC4/LCD_Char_BarGraph.c ****         remainingPixels = value % LCD_Char_CHARACTER_WIDTH;
 145              		.loc 1 117 0
 146 003c 301C     		mov	r0, r6
ARM GAS  C:\Users\Admin\AppData\Local\Temp\ccLGjnmN.s 			page 6


 147 003e 0521     		mov	r1, #5
 148 0040 FFF7FEFF 		bl	__aeabi_uidivmod
 149              	.LVL21:
 135:.\Generated_Source\PSoC4/LCD_Char_BarGraph.c ****         {
 136:.\Generated_Source\PSoC4/LCD_Char_BarGraph.c ****             /* Write remaining pixels */
 137:.\Generated_Source\PSoC4/LCD_Char_BarGraph.c ****             LCD_Char_WriteData(remainingPixels);
 150              		.loc 1 137 0
 151 0044 C8B2     		uxtb	r0, r1
 152 0046 FFF7FEFF 		bl	LCD_Char_WriteData
 153              	.LVL22:
 138:.\Generated_Source\PSoC4/LCD_Char_BarGraph.c **** 
 139:.\Generated_Source\PSoC4/LCD_Char_BarGraph.c ****             if(fullChars < (maxCharacters - 1u))
 154              		.loc 1 139 0
 155 004a 631E     		sub	r3, r4, #1
 156 004c 0026     		mov	r6, #0
 157              	.LVL23:
 158 004e 9D42     		cmp	r5, r3
 159 0050 09D2     		bcs	.L5
 160              	.LVL24:
 161              	.L11:
 140:.\Generated_Source\PSoC4/LCD_Char_BarGraph.c ****             {
 141:.\Generated_Source\PSoC4/LCD_Char_BarGraph.c ****                 /* Fill with whitespace to end of bar graph */
 142:.\Generated_Source\PSoC4/LCD_Char_BarGraph.c ****                 for(count8 = 0u; count8 < (maxCharacters - fullChars - 1u); count8++)
 162              		.loc 1 142 0 discriminator 1
 163 0052 631B     		sub	r3, r4, r5
 164 0054 013B     		sub	r3, r3, #1
 165 0056 9E42     		cmp	r6, r3
 166 0058 05D2     		bcs	.L5
 143:.\Generated_Source\PSoC4/LCD_Char_BarGraph.c ****                 {
 144:.\Generated_Source\PSoC4/LCD_Char_BarGraph.c ****                     LCD_Char_WriteData(LCD_Char_CUSTOM_0);
 167              		.loc 1 144 0 discriminator 2
 168 005a 0020     		mov	r0, #0
 142:.\Generated_Source\PSoC4/LCD_Char_BarGraph.c ****                 for(count8 = 0u; count8 < (maxCharacters - fullChars - 1u); count8++)
 169              		.loc 1 142 0 discriminator 2
 170 005c 0136     		add	r6, r6, #1
 171              	.LVL25:
 172              		.loc 1 144 0 discriminator 2
 173 005e FFF7FEFF 		bl	LCD_Char_WriteData
 174              	.LVL26:
 142:.\Generated_Source\PSoC4/LCD_Char_BarGraph.c ****                 for(count8 = 0u; count8 < (maxCharacters - fullChars - 1u); count8++)
 175              		.loc 1 142 0 discriminator 2
 176 0062 F6B2     		uxtb	r6, r6
 177              	.LVL27:
 178 0064 F5E7     		b	.L11
 179              	.LVL28:
 180              	.L5:
 145:.\Generated_Source\PSoC4/LCD_Char_BarGraph.c ****                 }
 146:.\Generated_Source\PSoC4/LCD_Char_BarGraph.c ****             }
 147:.\Generated_Source\PSoC4/LCD_Char_BarGraph.c ****         }
 148:.\Generated_Source\PSoC4/LCD_Char_BarGraph.c ****     }
 181              		.loc 1 148 0
 182              		@ sp needed
 183 0066 F7BD     		pop	{r0, r1, r2, r4, r5, r6, r7, pc}
 184              		.cfi_endproc
 185              	.LFE1:
 186              		.size	LCD_Char_DrawHorizontalBG, .-LCD_Char_DrawHorizontalBG
 187              		.global	LCD_Char_customFonts
ARM GAS  C:\Users\Admin\AppData\Local\Temp\ccLGjnmN.s 			page 7


 188              		.section	.rodata
 189              		.type	LCD_Char_customFonts, %object
 190              		.size	LCD_Char_customFonts, 64
 191              	LCD_Char_customFonts:
 192 0000 00       		.byte	0
 193 0001 00       		.byte	0
 194 0002 00       		.byte	0
 195 0003 00       		.byte	0
 196 0004 00       		.byte	0
 197 0005 00       		.byte	0
 198 0006 00       		.byte	0
 199 0007 00       		.byte	0
 200 0008 10       		.byte	16
 201 0009 10       		.byte	16
 202 000a 10       		.byte	16
 203 000b 10       		.byte	16
 204 000c 10       		.byte	16
 205 000d 10       		.byte	16
 206 000e 10       		.byte	16
 207 000f 10       		.byte	16
 208 0010 18       		.byte	24
 209 0011 18       		.byte	24
 210 0012 18       		.byte	24
 211 0013 18       		.byte	24
 212 0014 18       		.byte	24
 213 0015 18       		.byte	24
 214 0016 18       		.byte	24
 215 0017 18       		.byte	24
 216 0018 1C       		.byte	28
 217 0019 1C       		.byte	28
 218 001a 1C       		.byte	28
 219 001b 1C       		.byte	28
 220 001c 1C       		.byte	28
 221 001d 1C       		.byte	28
 222 001e 1C       		.byte	28
 223 001f 1C       		.byte	28
 224 0020 1E       		.byte	30
 225 0021 1E       		.byte	30
 226 0022 1E       		.byte	30
 227 0023 1E       		.byte	30
 228 0024 1E       		.byte	30
 229 0025 1E       		.byte	30
 230 0026 1E       		.byte	30
 231 0027 1E       		.byte	30
 232 0028 1F       		.byte	31
 233 0029 1F       		.byte	31
 234 002a 1F       		.byte	31
 235 002b 1F       		.byte	31
 236 002c 1F       		.byte	31
 237 002d 1F       		.byte	31
 238 002e 1F       		.byte	31
 239 002f 1F       		.byte	31
 240 0030 00       		.byte	0
 241 0031 00       		.byte	0
 242 0032 00       		.byte	0
 243 0033 00       		.byte	0
 244 0034 00       		.byte	0
ARM GAS  C:\Users\Admin\AppData\Local\Temp\ccLGjnmN.s 			page 8


 245 0035 00       		.byte	0
 246 0036 00       		.byte	0
 247 0037 00       		.byte	0
 248 0038 00       		.byte	0
 249 0039 00       		.byte	0
 250 003a 00       		.byte	0
 251 003b 00       		.byte	0
 252 003c 00       		.byte	0
 253 003d 00       		.byte	0
 254 003e 00       		.byte	0
 255 003f 00       		.byte	0
 256              		.text
 257              	.Letext0:
 258              		.file 2 ".\\Generated_Source\\PSoC4\\LCD_Char.h"
 259              		.file 3 ".\\Generated_Source\\PSoC4\\cytypes.h"
 260              		.section	.debug_info,"",%progbits
 261              	.Ldebug_info0:
 262 0000 34020000 		.4byte	0x234
 263 0004 0400     		.2byte	0x4
 264 0006 00000000 		.4byte	.Ldebug_abbrev0
 265 000a 04       		.byte	0x4
 266 000b 01       		.uleb128 0x1
 267 000c 39000000 		.4byte	.LASF25
 268 0010 01       		.byte	0x1
 269 0011 09010000 		.4byte	.LASF26
 270 0015 36010000 		.4byte	.LASF27
 271 0019 00000000 		.4byte	.Ldebug_ranges0+0
 272 001d 00000000 		.4byte	0
 273 0021 00000000 		.4byte	.Ldebug_line0
 274 0025 02       		.uleb128 0x2
 275 0026 01       		.byte	0x1
 276 0027 06       		.byte	0x6
 277 0028 DA010000 		.4byte	.LASF0
 278 002c 02       		.uleb128 0x2
 279 002d 01       		.byte	0x1
 280 002e 08       		.byte	0x8
 281 002f AA010000 		.4byte	.LASF1
 282 0033 02       		.uleb128 0x2
 283 0034 02       		.byte	0x2
 284 0035 05       		.byte	0x5
 285 0036 B5000000 		.4byte	.LASF2
 286 003a 02       		.uleb128 0x2
 287 003b 02       		.byte	0x2
 288 003c 07       		.byte	0x7
 289 003d 18020000 		.4byte	.LASF3
 290 0041 02       		.uleb128 0x2
 291 0042 04       		.byte	0x4
 292 0043 05       		.byte	0x5
 293 0044 76010000 		.4byte	.LASF4
 294 0048 02       		.uleb128 0x2
 295 0049 04       		.byte	0x4
 296 004a 07       		.byte	0x7
 297 004b 30020000 		.4byte	.LASF5
 298 004f 02       		.uleb128 0x2
 299 0050 08       		.byte	0x8
 300 0051 05       		.byte	0x5
 301 0052 68010000 		.4byte	.LASF6
ARM GAS  C:\Users\Admin\AppData\Local\Temp\ccLGjnmN.s 			page 9


 302 0056 02       		.uleb128 0x2
 303 0057 08       		.byte	0x8
 304 0058 07       		.byte	0x7
 305 0059 E6010000 		.4byte	.LASF7
 306 005d 03       		.uleb128 0x3
 307 005e 04       		.byte	0x4
 308 005f 05       		.byte	0x5
 309 0060 696E7400 		.ascii	"int\000"
 310 0064 02       		.uleb128 0x2
 311 0065 04       		.byte	0x4
 312 0066 07       		.byte	0x7
 313 0067 FD010000 		.4byte	.LASF8
 314 006b 04       		.uleb128 0x4
 315 006c FD000000 		.4byte	.LASF28
 316 0070 03       		.byte	0x3
 317 0071 A1       		.byte	0xa1
 318 0072 2C000000 		.4byte	0x2c
 319 0076 02       		.uleb128 0x2
 320 0077 04       		.byte	0x4
 321 0078 04       		.byte	0x4
 322 0079 03010000 		.4byte	.LASF9
 323 007d 02       		.uleb128 0x2
 324 007e 08       		.byte	0x8
 325 007f 04       		.byte	0x4
 326 0080 42020000 		.4byte	.LASF10
 327 0084 02       		.uleb128 0x2
 328 0085 01       		.byte	0x1
 329 0086 08       		.byte	0x8
 330 0087 2B020000 		.4byte	.LASF11
 331 008b 05       		.uleb128 0x5
 332 008c 20000000 		.4byte	.LASF12
 333 0090 01       		.byte	0x1
 334 0091 41       		.byte	0x41
 335 0092 00000000 		.4byte	.LFB0
 336 0096 28000000 		.4byte	.LFE0-.LFB0
 337 009a 01       		.uleb128 0x1
 338 009b 9C       		.byte	0x9c
 339 009c FE000000 		.4byte	0xfe
 340 00a0 06       		.uleb128 0x6
 341 00a1 7F010000 		.4byte	.LASF14
 342 00a5 01       		.byte	0x1
 343 00a6 41       		.byte	0x41
 344 00a7 FE000000 		.4byte	0xfe
 345 00ab 00000000 		.4byte	.LLST0
 346 00af 07       		.uleb128 0x7
 347 00b0 00000000 		.4byte	.LASF18
 348 00b4 01       		.byte	0x1
 349 00b5 43       		.byte	0x43
 350 00b6 6B000000 		.4byte	0x6b
 351 00ba 2C000000 		.4byte	.LLST1
 352 00be 08       		.uleb128 0x8
 353 00bf 08000000 		.4byte	.LVL1
 354 00c3 FC010000 		.4byte	0x1fc
 355 00c7 09       		.uleb128 0x9
 356 00c8 0E000000 		.4byte	.LVL2
 357 00cc 03020000 		.4byte	0x203
 358 00d0 DB000000 		.4byte	0xdb
ARM GAS  C:\Users\Admin\AppData\Local\Temp\ccLGjnmN.s 			page 10


 359 00d4 0A       		.uleb128 0xa
 360 00d5 01       		.uleb128 0x1
 361 00d6 50       		.byte	0x50
 362 00d7 02       		.uleb128 0x2
 363 00d8 08       		.byte	0x8
 364 00d9 40       		.byte	0x40
 365 00da 00       		.byte	0
 366 00db 08       		.uleb128 0x8
 367 00dc 18000000 		.4byte	.LVL5
 368 00e0 14020000 		.4byte	0x214
 369 00e4 08       		.uleb128 0x8
 370 00e5 20000000 		.4byte	.LVL6
 371 00e9 FC010000 		.4byte	0x1fc
 372 00ed 0B       		.uleb128 0xb
 373 00ee 26000000 		.4byte	.LVL7
 374 00f2 03020000 		.4byte	0x203
 375 00f6 0A       		.uleb128 0xa
 376 00f7 01       		.uleb128 0x1
 377 00f8 50       		.byte	0x50
 378 00f9 02       		.uleb128 0x2
 379 00fa 09       		.byte	0x9
 380 00fb 80       		.byte	0x80
 381 00fc 00       		.byte	0
 382 00fd 00       		.byte	0
 383 00fe 0C       		.uleb128 0xc
 384 00ff 04       		.byte	0x4
 385 0100 04010000 		.4byte	0x104
 386 0104 0D       		.uleb128 0xd
 387 0105 6B000000 		.4byte	0x6b
 388 0109 0E       		.uleb128 0xe
 389 010a DD000000 		.4byte	.LASF13
 390 010e 01       		.byte	0x1
 391 010f 69       		.byte	0x69
 392 0110 00000000 		.4byte	.LFB1
 393 0114 68000000 		.4byte	.LFE1-.LFB1
 394 0118 01       		.uleb128 0x1
 395 0119 9C       		.byte	0x9c
 396 011a CF010000 		.4byte	0x1cf
 397 011e 0F       		.uleb128 0xf
 398 011f 726F7700 		.ascii	"row\000"
 399 0123 01       		.byte	0x1
 400 0124 69       		.byte	0x69
 401 0125 6B000000 		.4byte	0x6b
 402 0129 58000000 		.4byte	.LLST2
 403 012d 06       		.uleb128 0x6
 404 012e 19000000 		.4byte	.LASF15
 405 0132 01       		.byte	0x1
 406 0133 69       		.byte	0x69
 407 0134 6B000000 		.4byte	0x6b
 408 0138 79000000 		.4byte	.LLST3
 409 013c 06       		.uleb128 0x6
 410 013d 0A020000 		.4byte	.LASF16
 411 0141 01       		.byte	0x1
 412 0142 69       		.byte	0x69
 413 0143 6B000000 		.4byte	0x6b
 414 0147 9A000000 		.4byte	.LLST4
 415 014b 06       		.uleb128 0x6
ARM GAS  C:\Users\Admin\AppData\Local\Temp\ccLGjnmN.s 			page 11


 416 014c F7000000 		.4byte	.LASF17
 417 0150 01       		.byte	0x1
 418 0151 69       		.byte	0x69
 419 0152 6B000000 		.4byte	0x6b
 420 0156 BB000000 		.4byte	.LLST5
 421 015a 07       		.uleb128 0x7
 422 015b 5C020000 		.4byte	.LASF19
 423 015f 01       		.byte	0x1
 424 0160 6D       		.byte	0x6d
 425 0161 6B000000 		.4byte	0x6b
 426 0165 DC000000 		.4byte	.LLST6
 427 0169 07       		.uleb128 0x7
 428 016a A0010000 		.4byte	.LASF20
 429 016e 01       		.byte	0x1
 430 016f 6E       		.byte	0x6e
 431 0170 6B000000 		.4byte	0x6b
 432 0174 36010000 		.4byte	.LLST7
 433 0178 07       		.uleb128 0x7
 434 0179 CA010000 		.4byte	.LASF21
 435 017d 01       		.byte	0x1
 436 017e 6F       		.byte	0x6f
 437 017f 6B000000 		.4byte	0x6b
 438 0183 49010000 		.4byte	.LLST8
 439 0187 09       		.uleb128 0x9
 440 0188 24000000 		.4byte	.LVL15
 441 018c 25020000 		.4byte	0x225
 442 0190 A3010000 		.4byte	0x1a3
 443 0194 0A       		.uleb128 0xa
 444 0195 01       		.uleb128 0x1
 445 0196 51       		.byte	0x51
 446 0197 04       		.uleb128 0x4
 447 0198 7D       		.byte	0x7d
 448 0199 04       		.sleb128 4
 449 019a 94       		.byte	0x94
 450 019b 01       		.byte	0x1
 451 019c 0A       		.uleb128 0xa
 452 019d 01       		.uleb128 0x1
 453 019e 50       		.byte	0x50
 454 019f 02       		.uleb128 0x2
 455 01a0 77       		.byte	0x77
 456 01a1 00       		.sleb128 0
 457 01a2 00       		.byte	0
 458 01a3 09       		.uleb128 0x9
 459 01a4 34000000 		.4byte	.LVL19
 460 01a8 14020000 		.4byte	0x214
 461 01ac B6010000 		.4byte	0x1b6
 462 01b0 0A       		.uleb128 0xa
 463 01b1 01       		.uleb128 0x1
 464 01b2 50       		.byte	0x50
 465 01b3 01       		.uleb128 0x1
 466 01b4 35       		.byte	0x35
 467 01b5 00       		.byte	0
 468 01b6 08       		.uleb128 0x8
 469 01b7 4A000000 		.4byte	.LVL22
 470 01bb 14020000 		.4byte	0x214
 471 01bf 0B       		.uleb128 0xb
 472 01c0 62000000 		.4byte	.LVL26
ARM GAS  C:\Users\Admin\AppData\Local\Temp\ccLGjnmN.s 			page 12


 473 01c4 14020000 		.4byte	0x214
 474 01c8 0A       		.uleb128 0xa
 475 01c9 01       		.uleb128 0x1
 476 01ca 50       		.byte	0x50
 477 01cb 01       		.uleb128 0x1
 478 01cc 30       		.byte	0x30
 479 01cd 00       		.byte	0
 480 01ce 00       		.byte	0
 481 01cf 10       		.uleb128 0x10
 482 01d0 6B000000 		.4byte	0x6b
 483 01d4 DF010000 		.4byte	0x1df
 484 01d8 11       		.uleb128 0x11
 485 01d9 DF010000 		.4byte	0x1df
 486 01dd 3F       		.byte	0x3f
 487 01de 00       		.byte	0
 488 01df 02       		.uleb128 0x2
 489 01e0 04       		.byte	0x4
 490 01e1 07       		.byte	0x7
 491 01e2 BF000000 		.4byte	.LASF22
 492 01e6 12       		.uleb128 0x12
 493 01e7 C8000000 		.4byte	.LASF29
 494 01eb 01       		.byte	0x1
 495 01ec 15       		.byte	0x15
 496 01ed F7010000 		.4byte	0x1f7
 497 01f1 05       		.uleb128 0x5
 498 01f2 03       		.byte	0x3
 499 01f3 00000000 		.4byte	LCD_Char_customFonts
 500 01f7 0D       		.uleb128 0xd
 501 01f8 CF010000 		.4byte	0x1cf
 502 01fc 13       		.uleb128 0x13
 503 01fd 08000000 		.4byte	.LASF30
 504 0201 02       		.byte	0x2
 505 0202 3F       		.byte	0x3f
 506 0203 14       		.uleb128 0x14
 507 0204 8A010000 		.4byte	.LASF23
 508 0208 02       		.byte	0x2
 509 0209 3A       		.byte	0x3a
 510 020a 14020000 		.4byte	0x214
 511 020e 15       		.uleb128 0x15
 512 020f 6B000000 		.4byte	0x6b
 513 0213 00       		.byte	0
 514 0214 14       		.uleb128 0x14
 515 0215 49020000 		.4byte	.LASF24
 516 0219 02       		.byte	0x2
 517 021a 3B       		.byte	0x3b
 518 021b 25020000 		.4byte	0x225
 519 021f 15       		.uleb128 0x15
 520 0220 6B000000 		.4byte	0x6b
 521 0224 00       		.byte	0
 522 0225 16       		.uleb128 0x16
 523 0226 B8010000 		.4byte	.LASF31
 524 022a 02       		.byte	0x2
 525 022b 3D       		.byte	0x3d
 526 022c 15       		.uleb128 0x15
 527 022d 6B000000 		.4byte	0x6b
 528 0231 15       		.uleb128 0x15
 529 0232 6B000000 		.4byte	0x6b
ARM GAS  C:\Users\Admin\AppData\Local\Temp\ccLGjnmN.s 			page 13


 530 0236 00       		.byte	0
 531 0237 00       		.byte	0
 532              		.section	.debug_abbrev,"",%progbits
 533              	.Ldebug_abbrev0:
 534 0000 01       		.uleb128 0x1
 535 0001 11       		.uleb128 0x11
 536 0002 01       		.byte	0x1
 537 0003 25       		.uleb128 0x25
 538 0004 0E       		.uleb128 0xe
 539 0005 13       		.uleb128 0x13
 540 0006 0B       		.uleb128 0xb
 541 0007 03       		.uleb128 0x3
 542 0008 0E       		.uleb128 0xe
 543 0009 1B       		.uleb128 0x1b
 544 000a 0E       		.uleb128 0xe
 545 000b 55       		.uleb128 0x55
 546 000c 17       		.uleb128 0x17
 547 000d 11       		.uleb128 0x11
 548 000e 01       		.uleb128 0x1
 549 000f 10       		.uleb128 0x10
 550 0010 17       		.uleb128 0x17
 551 0011 00       		.byte	0
 552 0012 00       		.byte	0
 553 0013 02       		.uleb128 0x2
 554 0014 24       		.uleb128 0x24
 555 0015 00       		.byte	0
 556 0016 0B       		.uleb128 0xb
 557 0017 0B       		.uleb128 0xb
 558 0018 3E       		.uleb128 0x3e
 559 0019 0B       		.uleb128 0xb
 560 001a 03       		.uleb128 0x3
 561 001b 0E       		.uleb128 0xe
 562 001c 00       		.byte	0
 563 001d 00       		.byte	0
 564 001e 03       		.uleb128 0x3
 565 001f 24       		.uleb128 0x24
 566 0020 00       		.byte	0
 567 0021 0B       		.uleb128 0xb
 568 0022 0B       		.uleb128 0xb
 569 0023 3E       		.uleb128 0x3e
 570 0024 0B       		.uleb128 0xb
 571 0025 03       		.uleb128 0x3
 572 0026 08       		.uleb128 0x8
 573 0027 00       		.byte	0
 574 0028 00       		.byte	0
 575 0029 04       		.uleb128 0x4
 576 002a 16       		.uleb128 0x16
 577 002b 00       		.byte	0
 578 002c 03       		.uleb128 0x3
 579 002d 0E       		.uleb128 0xe
 580 002e 3A       		.uleb128 0x3a
 581 002f 0B       		.uleb128 0xb
 582 0030 3B       		.uleb128 0x3b
 583 0031 0B       		.uleb128 0xb
 584 0032 49       		.uleb128 0x49
 585 0033 13       		.uleb128 0x13
 586 0034 00       		.byte	0
ARM GAS  C:\Users\Admin\AppData\Local\Temp\ccLGjnmN.s 			page 14


 587 0035 00       		.byte	0
 588 0036 05       		.uleb128 0x5
 589 0037 2E       		.uleb128 0x2e
 590 0038 01       		.byte	0x1
 591 0039 3F       		.uleb128 0x3f
 592 003a 19       		.uleb128 0x19
 593 003b 03       		.uleb128 0x3
 594 003c 0E       		.uleb128 0xe
 595 003d 3A       		.uleb128 0x3a
 596 003e 0B       		.uleb128 0xb
 597 003f 3B       		.uleb128 0x3b
 598 0040 0B       		.uleb128 0xb
 599 0041 27       		.uleb128 0x27
 600 0042 19       		.uleb128 0x19
 601 0043 11       		.uleb128 0x11
 602 0044 01       		.uleb128 0x1
 603 0045 12       		.uleb128 0x12
 604 0046 06       		.uleb128 0x6
 605 0047 40       		.uleb128 0x40
 606 0048 18       		.uleb128 0x18
 607 0049 9742     		.uleb128 0x2117
 608 004b 19       		.uleb128 0x19
 609 004c 01       		.uleb128 0x1
 610 004d 13       		.uleb128 0x13
 611 004e 00       		.byte	0
 612 004f 00       		.byte	0
 613 0050 06       		.uleb128 0x6
 614 0051 05       		.uleb128 0x5
 615 0052 00       		.byte	0
 616 0053 03       		.uleb128 0x3
 617 0054 0E       		.uleb128 0xe
 618 0055 3A       		.uleb128 0x3a
 619 0056 0B       		.uleb128 0xb
 620 0057 3B       		.uleb128 0x3b
 621 0058 0B       		.uleb128 0xb
 622 0059 49       		.uleb128 0x49
 623 005a 13       		.uleb128 0x13
 624 005b 02       		.uleb128 0x2
 625 005c 17       		.uleb128 0x17
 626 005d 00       		.byte	0
 627 005e 00       		.byte	0
 628 005f 07       		.uleb128 0x7
 629 0060 34       		.uleb128 0x34
 630 0061 00       		.byte	0
 631 0062 03       		.uleb128 0x3
 632 0063 0E       		.uleb128 0xe
 633 0064 3A       		.uleb128 0x3a
 634 0065 0B       		.uleb128 0xb
 635 0066 3B       		.uleb128 0x3b
 636 0067 0B       		.uleb128 0xb
 637 0068 49       		.uleb128 0x49
 638 0069 13       		.uleb128 0x13
 639 006a 02       		.uleb128 0x2
 640 006b 17       		.uleb128 0x17
 641 006c 00       		.byte	0
 642 006d 00       		.byte	0
 643 006e 08       		.uleb128 0x8
ARM GAS  C:\Users\Admin\AppData\Local\Temp\ccLGjnmN.s 			page 15


 644 006f 898201   		.uleb128 0x4109
 645 0072 00       		.byte	0
 646 0073 11       		.uleb128 0x11
 647 0074 01       		.uleb128 0x1
 648 0075 31       		.uleb128 0x31
 649 0076 13       		.uleb128 0x13
 650 0077 00       		.byte	0
 651 0078 00       		.byte	0
 652 0079 09       		.uleb128 0x9
 653 007a 898201   		.uleb128 0x4109
 654 007d 01       		.byte	0x1
 655 007e 11       		.uleb128 0x11
 656 007f 01       		.uleb128 0x1
 657 0080 31       		.uleb128 0x31
 658 0081 13       		.uleb128 0x13
 659 0082 01       		.uleb128 0x1
 660 0083 13       		.uleb128 0x13
 661 0084 00       		.byte	0
 662 0085 00       		.byte	0
 663 0086 0A       		.uleb128 0xa
 664 0087 8A8201   		.uleb128 0x410a
 665 008a 00       		.byte	0
 666 008b 02       		.uleb128 0x2
 667 008c 18       		.uleb128 0x18
 668 008d 9142     		.uleb128 0x2111
 669 008f 18       		.uleb128 0x18
 670 0090 00       		.byte	0
 671 0091 00       		.byte	0
 672 0092 0B       		.uleb128 0xb
 673 0093 898201   		.uleb128 0x4109
 674 0096 01       		.byte	0x1
 675 0097 11       		.uleb128 0x11
 676 0098 01       		.uleb128 0x1
 677 0099 31       		.uleb128 0x31
 678 009a 13       		.uleb128 0x13
 679 009b 00       		.byte	0
 680 009c 00       		.byte	0
 681 009d 0C       		.uleb128 0xc
 682 009e 0F       		.uleb128 0xf
 683 009f 00       		.byte	0
 684 00a0 0B       		.uleb128 0xb
 685 00a1 0B       		.uleb128 0xb
 686 00a2 49       		.uleb128 0x49
 687 00a3 13       		.uleb128 0x13
 688 00a4 00       		.byte	0
 689 00a5 00       		.byte	0
 690 00a6 0D       		.uleb128 0xd
 691 00a7 26       		.uleb128 0x26
 692 00a8 00       		.byte	0
 693 00a9 49       		.uleb128 0x49
 694 00aa 13       		.uleb128 0x13
 695 00ab 00       		.byte	0
 696 00ac 00       		.byte	0
 697 00ad 0E       		.uleb128 0xe
 698 00ae 2E       		.uleb128 0x2e
 699 00af 01       		.byte	0x1
 700 00b0 3F       		.uleb128 0x3f
ARM GAS  C:\Users\Admin\AppData\Local\Temp\ccLGjnmN.s 			page 16


 701 00b1 19       		.uleb128 0x19
 702 00b2 03       		.uleb128 0x3
 703 00b3 0E       		.uleb128 0xe
 704 00b4 3A       		.uleb128 0x3a
 705 00b5 0B       		.uleb128 0xb
 706 00b6 3B       		.uleb128 0x3b
 707 00b7 0B       		.uleb128 0xb
 708 00b8 27       		.uleb128 0x27
 709 00b9 19       		.uleb128 0x19
 710 00ba 11       		.uleb128 0x11
 711 00bb 01       		.uleb128 0x1
 712 00bc 12       		.uleb128 0x12
 713 00bd 06       		.uleb128 0x6
 714 00be 40       		.uleb128 0x40
 715 00bf 18       		.uleb128 0x18
 716 00c0 9642     		.uleb128 0x2116
 717 00c2 19       		.uleb128 0x19
 718 00c3 01       		.uleb128 0x1
 719 00c4 13       		.uleb128 0x13
 720 00c5 00       		.byte	0
 721 00c6 00       		.byte	0
 722 00c7 0F       		.uleb128 0xf
 723 00c8 05       		.uleb128 0x5
 724 00c9 00       		.byte	0
 725 00ca 03       		.uleb128 0x3
 726 00cb 08       		.uleb128 0x8
 727 00cc 3A       		.uleb128 0x3a
 728 00cd 0B       		.uleb128 0xb
 729 00ce 3B       		.uleb128 0x3b
 730 00cf 0B       		.uleb128 0xb
 731 00d0 49       		.uleb128 0x49
 732 00d1 13       		.uleb128 0x13
 733 00d2 02       		.uleb128 0x2
 734 00d3 17       		.uleb128 0x17
 735 00d4 00       		.byte	0
 736 00d5 00       		.byte	0
 737 00d6 10       		.uleb128 0x10
 738 00d7 01       		.uleb128 0x1
 739 00d8 01       		.byte	0x1
 740 00d9 49       		.uleb128 0x49
 741 00da 13       		.uleb128 0x13
 742 00db 01       		.uleb128 0x1
 743 00dc 13       		.uleb128 0x13
 744 00dd 00       		.byte	0
 745 00de 00       		.byte	0
 746 00df 11       		.uleb128 0x11
 747 00e0 21       		.uleb128 0x21
 748 00e1 00       		.byte	0
 749 00e2 49       		.uleb128 0x49
 750 00e3 13       		.uleb128 0x13
 751 00e4 2F       		.uleb128 0x2f
 752 00e5 0B       		.uleb128 0xb
 753 00e6 00       		.byte	0
 754 00e7 00       		.byte	0
 755 00e8 12       		.uleb128 0x12
 756 00e9 34       		.uleb128 0x34
 757 00ea 00       		.byte	0
ARM GAS  C:\Users\Admin\AppData\Local\Temp\ccLGjnmN.s 			page 17


 758 00eb 03       		.uleb128 0x3
 759 00ec 0E       		.uleb128 0xe
 760 00ed 3A       		.uleb128 0x3a
 761 00ee 0B       		.uleb128 0xb
 762 00ef 3B       		.uleb128 0x3b
 763 00f0 0B       		.uleb128 0xb
 764 00f1 49       		.uleb128 0x49
 765 00f2 13       		.uleb128 0x13
 766 00f3 3F       		.uleb128 0x3f
 767 00f4 19       		.uleb128 0x19
 768 00f5 02       		.uleb128 0x2
 769 00f6 18       		.uleb128 0x18
 770 00f7 00       		.byte	0
 771 00f8 00       		.byte	0
 772 00f9 13       		.uleb128 0x13
 773 00fa 2E       		.uleb128 0x2e
 774 00fb 00       		.byte	0
 775 00fc 3F       		.uleb128 0x3f
 776 00fd 19       		.uleb128 0x19
 777 00fe 03       		.uleb128 0x3
 778 00ff 0E       		.uleb128 0xe
 779 0100 3A       		.uleb128 0x3a
 780 0101 0B       		.uleb128 0xb
 781 0102 3B       		.uleb128 0x3b
 782 0103 0B       		.uleb128 0xb
 783 0104 27       		.uleb128 0x27
 784 0105 19       		.uleb128 0x19
 785 0106 3C       		.uleb128 0x3c
 786 0107 19       		.uleb128 0x19
 787 0108 00       		.byte	0
 788 0109 00       		.byte	0
 789 010a 14       		.uleb128 0x14
 790 010b 2E       		.uleb128 0x2e
 791 010c 01       		.byte	0x1
 792 010d 3F       		.uleb128 0x3f
 793 010e 19       		.uleb128 0x19
 794 010f 03       		.uleb128 0x3
 795 0110 0E       		.uleb128 0xe
 796 0111 3A       		.uleb128 0x3a
 797 0112 0B       		.uleb128 0xb
 798 0113 3B       		.uleb128 0x3b
 799 0114 0B       		.uleb128 0xb
 800 0115 27       		.uleb128 0x27
 801 0116 19       		.uleb128 0x19
 802 0117 3C       		.uleb128 0x3c
 803 0118 19       		.uleb128 0x19
 804 0119 01       		.uleb128 0x1
 805 011a 13       		.uleb128 0x13
 806 011b 00       		.byte	0
 807 011c 00       		.byte	0
 808 011d 15       		.uleb128 0x15
 809 011e 05       		.uleb128 0x5
 810 011f 00       		.byte	0
 811 0120 49       		.uleb128 0x49
 812 0121 13       		.uleb128 0x13
 813 0122 00       		.byte	0
 814 0123 00       		.byte	0
ARM GAS  C:\Users\Admin\AppData\Local\Temp\ccLGjnmN.s 			page 18


 815 0124 16       		.uleb128 0x16
 816 0125 2E       		.uleb128 0x2e
 817 0126 01       		.byte	0x1
 818 0127 3F       		.uleb128 0x3f
 819 0128 19       		.uleb128 0x19
 820 0129 03       		.uleb128 0x3
 821 012a 0E       		.uleb128 0xe
 822 012b 3A       		.uleb128 0x3a
 823 012c 0B       		.uleb128 0xb
 824 012d 3B       		.uleb128 0x3b
 825 012e 0B       		.uleb128 0xb
 826 012f 27       		.uleb128 0x27
 827 0130 19       		.uleb128 0x19
 828 0131 3C       		.uleb128 0x3c
 829 0132 19       		.uleb128 0x19
 830 0133 00       		.byte	0
 831 0134 00       		.byte	0
 832 0135 00       		.byte	0
 833              		.section	.debug_loc,"",%progbits
 834              	.Ldebug_loc0:
 835              	.LLST0:
 836 0000 00000000 		.4byte	.LVL0
 837 0004 07000000 		.4byte	.LVL1-1
 838 0008 0100     		.2byte	0x1
 839 000a 50       		.byte	0x50
 840 000b 07000000 		.4byte	.LVL1-1
 841 000f 26000000 		.4byte	.LVL8
 842 0013 0100     		.2byte	0x1
 843 0015 55       		.byte	0x55
 844 0016 26000000 		.4byte	.LVL8
 845 001a 28000000 		.4byte	.LFE0
 846 001e 0400     		.2byte	0x4
 847 0020 F3       		.byte	0xf3
 848 0021 01       		.uleb128 0x1
 849 0022 50       		.byte	0x50
 850 0023 9F       		.byte	0x9f
 851 0024 00000000 		.4byte	0
 852 0028 00000000 		.4byte	0
 853              	.LLST1:
 854 002c 0E000000 		.4byte	.LVL2
 855 0030 10000000 		.4byte	.LVL3
 856 0034 0200     		.2byte	0x2
 857 0036 30       		.byte	0x30
 858 0037 9F       		.byte	0x9f
 859 0038 10000000 		.4byte	.LVL3
 860 003c 14000000 		.4byte	.LVL4
 861 0040 0100     		.2byte	0x1
 862 0042 54       		.byte	0x54
 863 0043 14000000 		.4byte	.LVL4
 864 0047 18000000 		.4byte	.LVL5
 865 004b 0300     		.2byte	0x3
 866 004d 74       		.byte	0x74
 867 004e 7F       		.sleb128 -1
 868 004f 9F       		.byte	0x9f
 869 0050 00000000 		.4byte	0
 870 0054 00000000 		.4byte	0
 871              	.LLST2:
ARM GAS  C:\Users\Admin\AppData\Local\Temp\ccLGjnmN.s 			page 19


 872 0058 00000000 		.4byte	.LVL9
 873 005c 08000000 		.4byte	.LVL10
 874 0060 0100     		.2byte	0x1
 875 0062 50       		.byte	0x50
 876 0063 08000000 		.4byte	.LVL10
 877 0067 68000000 		.4byte	.LFE1
 878 006b 0400     		.2byte	0x4
 879 006d F3       		.byte	0xf3
 880 006e 01       		.uleb128 0x1
 881 006f 50       		.byte	0x50
 882 0070 9F       		.byte	0x9f
 883 0071 00000000 		.4byte	0
 884 0075 00000000 		.4byte	0
 885              	.LLST3:
 886 0079 00000000 		.4byte	.LVL9
 887 007d 0A000000 		.4byte	.LVL11
 888 0081 0100     		.2byte	0x1
 889 0083 51       		.byte	0x51
 890 0084 0A000000 		.4byte	.LVL11
 891 0088 68000000 		.4byte	.LFE1
 892 008c 0400     		.2byte	0x4
 893 008e F3       		.byte	0xf3
 894 008f 01       		.uleb128 0x1
 895 0090 51       		.byte	0x51
 896 0091 9F       		.byte	0x9f
 897 0092 00000000 		.4byte	0
 898 0096 00000000 		.4byte	0
 899              	.LLST4:
 900 009a 00000000 		.4byte	.LVL9
 901 009e 11000000 		.4byte	.LVL12-1
 902 00a2 0100     		.2byte	0x1
 903 00a4 52       		.byte	0x52
 904 00a5 11000000 		.4byte	.LVL12-1
 905 00a9 68000000 		.4byte	.LFE1
 906 00ad 0400     		.2byte	0x4
 907 00af F3       		.byte	0xf3
 908 00b0 01       		.uleb128 0x1
 909 00b1 52       		.byte	0x52
 910 00b2 9F       		.byte	0x9f
 911 00b3 00000000 		.4byte	0
 912 00b7 00000000 		.4byte	0
 913              	.LLST5:
 914 00bb 00000000 		.4byte	.LVL9
 915 00bf 11000000 		.4byte	.LVL12-1
 916 00c3 0100     		.2byte	0x1
 917 00c5 53       		.byte	0x53
 918 00c6 11000000 		.4byte	.LVL12-1
 919 00ca 68000000 		.4byte	.LFE1
 920 00ce 0400     		.2byte	0x4
 921 00d0 F3       		.byte	0xf3
 922 00d1 01       		.uleb128 0x1
 923 00d2 53       		.byte	0x53
 924 00d3 9F       		.byte	0x9f
 925 00d4 00000000 		.4byte	0
 926 00d8 00000000 		.4byte	0
 927              	.LLST6:
 928 00dc 26000000 		.4byte	.LVL16
ARM GAS  C:\Users\Admin\AppData\Local\Temp\ccLGjnmN.s 			page 20


 929 00e0 28000000 		.4byte	.LVL17
 930 00e4 0200     		.2byte	0x2
 931 00e6 30       		.byte	0x30
 932 00e7 9F       		.byte	0x9f
 933 00e8 28000000 		.4byte	.LVL17
 934 00ec 30000000 		.4byte	.LVL18
 935 00f0 0100     		.2byte	0x1
 936 00f2 57       		.byte	0x57
 937 00f3 30000000 		.4byte	.LVL18
 938 00f7 36000000 		.4byte	.LVL20
 939 00fb 0300     		.2byte	0x3
 940 00fd 77       		.byte	0x77
 941 00fe 7F       		.sleb128 -1
 942 00ff 9F       		.byte	0x9f
 943 0100 36000000 		.4byte	.LVL20
 944 0104 52000000 		.4byte	.LVL24
 945 0108 0100     		.2byte	0x1
 946 010a 57       		.byte	0x57
 947 010b 52000000 		.4byte	.LVL24
 948 010f 5E000000 		.4byte	.LVL25
 949 0113 0100     		.2byte	0x1
 950 0115 56       		.byte	0x56
 951 0116 5E000000 		.4byte	.LVL25
 952 011a 64000000 		.4byte	.LVL27
 953 011e 0300     		.2byte	0x3
 954 0120 76       		.byte	0x76
 955 0121 7F       		.sleb128 -1
 956 0122 9F       		.byte	0x9f
 957 0123 64000000 		.4byte	.LVL27
 958 0127 66000000 		.4byte	.LVL28
 959 012b 0100     		.2byte	0x1
 960 012d 56       		.byte	0x56
 961 012e 00000000 		.4byte	0
 962 0132 00000000 		.4byte	0
 963              	.LLST7:
 964 0136 14000000 		.4byte	.LVL13
 965 013a 1E000000 		.4byte	.LVL14
 966 013e 0100     		.2byte	0x1
 967 0140 50       		.byte	0x50
 968 0141 00000000 		.4byte	0
 969 0145 00000000 		.4byte	0
 970              	.LLST8:
 971 0149 14000000 		.4byte	.LVL13
 972 014d 4E000000 		.4byte	.LVL23
 973 0151 0500     		.2byte	0x5
 974 0153 76       		.byte	0x76
 975 0154 00       		.sleb128 0
 976 0155 35       		.byte	0x35
 977 0156 1D       		.byte	0x1d
 978 0157 9F       		.byte	0x9f
 979 0158 00000000 		.4byte	0
 980 015c 00000000 		.4byte	0
 981              		.section	.debug_aranges,"",%progbits
 982 0000 24000000 		.4byte	0x24
 983 0004 0200     		.2byte	0x2
 984 0006 00000000 		.4byte	.Ldebug_info0
 985 000a 04       		.byte	0x4
ARM GAS  C:\Users\Admin\AppData\Local\Temp\ccLGjnmN.s 			page 21


 986 000b 00       		.byte	0
 987 000c 0000     		.2byte	0
 988 000e 0000     		.2byte	0
 989 0010 00000000 		.4byte	.LFB0
 990 0014 28000000 		.4byte	.LFE0-.LFB0
 991 0018 00000000 		.4byte	.LFB1
 992 001c 68000000 		.4byte	.LFE1-.LFB1
 993 0020 00000000 		.4byte	0
 994 0024 00000000 		.4byte	0
 995              		.section	.debug_ranges,"",%progbits
 996              	.Ldebug_ranges0:
 997 0000 00000000 		.4byte	.LFB0
 998 0004 28000000 		.4byte	.LFE0
 999 0008 00000000 		.4byte	.LFB1
 1000 000c 68000000 		.4byte	.LFE1
 1001 0010 00000000 		.4byte	0
 1002 0014 00000000 		.4byte	0
 1003              		.section	.debug_line,"",%progbits
 1004              	.Ldebug_line0:
 1005 0000 DB000000 		.section	.debug_str,"MS",%progbits,1
 1005      02005E00 
 1005      00000201 
 1005      FB0E0D00 
 1005      01010101 
 1006              	.LASF18:
 1007 0000 696E6465 		.ascii	"indexU8\000"
 1007      78553800 
 1008              	.LASF30:
 1009 0008 4C43445F 		.ascii	"LCD_Char_IsReady\000"
 1009      43686172 
 1009      5F497352 
 1009      65616479 
 1009      00
 1010              	.LASF15:
 1011 0019 636F6C75 		.ascii	"column\000"
 1011      6D6E00
 1012              	.LASF12:
 1013 0020 4C43445F 		.ascii	"LCD_Char_LoadCustomFonts\000"
 1013      43686172 
 1013      5F4C6F61 
 1013      64437573 
 1013      746F6D46 
 1014              	.LASF25:
 1015 0039 474E5520 		.ascii	"GNU C 4.8.4 20140526 (release) [ARM/embedded-4_8-br"
 1015      4320342E 
 1015      382E3420 
 1015      32303134 
 1015      30353236 
 1016 006c 616E6368 		.ascii	"anch revision 211358] -mcpu=cortex-m0 -mthumb -g -O"
 1016      20726576 
 1016      6973696F 
 1016      6E203231 
 1016      31333538 
 1017 009f 73202D66 		.ascii	"s -ffunction-sections\000"
 1017      66756E63 
 1017      74696F6E 
 1017      2D736563 
ARM GAS  C:\Users\Admin\AppData\Local\Temp\ccLGjnmN.s 			page 22


 1017      74696F6E 
 1018              	.LASF2:
 1019 00b5 73686F72 		.ascii	"short int\000"
 1019      7420696E 
 1019      7400
 1020              	.LASF22:
 1021 00bf 73697A65 		.ascii	"sizetype\000"
 1021      74797065 
 1021      00
 1022              	.LASF29:
 1023 00c8 4C43445F 		.ascii	"LCD_Char_customFonts\000"
 1023      43686172 
 1023      5F637573 
 1023      746F6D46 
 1023      6F6E7473 
 1024              	.LASF13:
 1025 00dd 4C43445F 		.ascii	"LCD_Char_DrawHorizontalBG\000"
 1025      43686172 
 1025      5F447261 
 1025      77486F72 
 1025      697A6F6E 
 1026              	.LASF17:
 1027 00f7 76616C75 		.ascii	"value\000"
 1027      6500
 1028              	.LASF28:
 1029 00fd 75696E74 		.ascii	"uint8\000"
 1029      3800
 1030              	.LASF9:
 1031 0103 666C6F61 		.ascii	"float\000"
 1031      7400
 1032              	.LASF26:
 1033 0109 2E5C4765 		.ascii	".\\Generated_Source\\PSoC4\\LCD_Char_BarGraph.c\000"
 1033      6E657261 
 1033      7465645F 
 1033      536F7572 
 1033      63655C50 
 1034              	.LASF27:
 1035 0136 433A5C55 		.ascii	"C:\\Users\\Admin\\Desktop\\IR LCD\\IR_LCD\\IR_LCD.c"
 1035      73657273 
 1035      5C41646D 
 1035      696E5C44 
 1035      65736B74 
 1036 0163 7964736E 		.ascii	"ydsn\000"
 1036      00
 1037              	.LASF6:
 1038 0168 6C6F6E67 		.ascii	"long long int\000"
 1038      206C6F6E 
 1038      6720696E 
 1038      7400
 1039              	.LASF4:
 1040 0176 6C6F6E67 		.ascii	"long int\000"
 1040      20696E74 
 1040      00
 1041              	.LASF14:
 1042 017f 63757374 		.ascii	"customData\000"
 1042      6F6D4461 
 1042      746100
ARM GAS  C:\Users\Admin\AppData\Local\Temp\ccLGjnmN.s 			page 23


 1043              	.LASF23:
 1044 018a 4C43445F 		.ascii	"LCD_Char_WriteControl\000"
 1044      43686172 
 1044      5F577269 
 1044      7465436F 
 1044      6E74726F 
 1045              	.LASF20:
 1046 01a0 66756C6C 		.ascii	"fullChars\000"
 1046      43686172 
 1046      7300
 1047              	.LASF1:
 1048 01aa 756E7369 		.ascii	"unsigned char\000"
 1048      676E6564 
 1048      20636861 
 1048      7200
 1049              	.LASF31:
 1050 01b8 4C43445F 		.ascii	"LCD_Char_Position\000"
 1050      43686172 
 1050      5F506F73 
 1050      6974696F 
 1050      6E00
 1051              	.LASF21:
 1052 01ca 72656D61 		.ascii	"remainingPixels\000"
 1052      696E696E 
 1052      67506978 
 1052      656C7300 
 1053              	.LASF0:
 1054 01da 7369676E 		.ascii	"signed char\000"
 1054      65642063 
 1054      68617200 
 1055              	.LASF7:
 1056 01e6 6C6F6E67 		.ascii	"long long unsigned int\000"
 1056      206C6F6E 
 1056      6720756E 
 1056      7369676E 
 1056      65642069 
 1057              	.LASF8:
 1058 01fd 756E7369 		.ascii	"unsigned int\000"
 1058      676E6564 
 1058      20696E74 
 1058      00
 1059              	.LASF16:
 1060 020a 6D617843 		.ascii	"maxCharacters\000"
 1060      68617261 
 1060      63746572 
 1060      7300
 1061              	.LASF3:
 1062 0218 73686F72 		.ascii	"short unsigned int\000"
 1062      7420756E 
 1062      7369676E 
 1062      65642069 
 1062      6E7400
 1063              	.LASF11:
 1064 022b 63686172 		.ascii	"char\000"
 1064      00
 1065              	.LASF5:
 1066 0230 6C6F6E67 		.ascii	"long unsigned int\000"
ARM GAS  C:\Users\Admin\AppData\Local\Temp\ccLGjnmN.s 			page 24


 1066      20756E73 
 1066      69676E65 
 1066      6420696E 
 1066      7400
 1067              	.LASF10:
 1068 0242 646F7562 		.ascii	"double\000"
 1068      6C6500
 1069              	.LASF24:
 1070 0249 4C43445F 		.ascii	"LCD_Char_WriteData\000"
 1070      43686172 
 1070      5F577269 
 1070      74654461 
 1070      746100
 1071              	.LASF19:
 1072 025c 636F756E 		.ascii	"count8\000"
 1072      743800
 1073              		.ident	"GCC: (GNU Tools for ARM Embedded Processors) 4.8.4 20140526 (release) [ARM/embedded-4_8-br
