ARM GAS  C:\Users\Admin\AppData\Local\Temp\cc3U9vtI.s 			page 1


   1              		.cpu cortex-m0
   2              		.fpu softvfp
   3              		.eabi_attribute 20, 1
   4              		.eabi_attribute 21, 1
   5              		.eabi_attribute 23, 3
   6              		.eabi_attribute 24, 1
   7              		.eabi_attribute 25, 1
   8              		.eabi_attribute 26, 1
   9              		.eabi_attribute 30, 4
  10              		.eabi_attribute 34, 0
  11              		.eabi_attribute 18, 4
  12              		.code	16
  13              		.file	"main.c"
  14              		.text
  15              	.Ltext0:
  16              		.cfi_sections	.debug_frame
  17              		.section	.text.IR_Handler,"ax",%progbits
  18              		.align	1
  19              		.global	IR_Handler
  20              		.code	16
  21              		.thumb_func
  22              		.type	IR_Handler, %function
  23              	IR_Handler:
  24              	.LFB33:
  25              		.file 1 ".\\main.c"
   1:.\main.c      **** /* ========================================
   2:.\main.c      ****  *
   3:.\main.c      ****  * Copyright Nullify, 2016
   4:.\main.c      ****  * All Rights Reserved
   5:.\main.c      ****  * UNPUBLISHED, LICENSED SOFTWARE.
   6:.\main.c      ****  *
   7:.\main.c      ****  * CONFIDENTIAL AND PROPRIETARY INFORMATION
   8:.\main.c      ****  * WHICH IS THE PROPERTY OF NULLIY.
   9:.\main.c      ****  *
  10:.\main.c      ****  * ========================================
  11:.\main.c      **** */
  12:.\main.c      **** #include <project.h>
  13:.\main.c      **** #include <stdio.h>
  14:.\main.c      **** #include <time.h>
  15:.\main.c      **** #include <stdlib.h>
  16:.\main.c      **** volatile uint8 show_flag = 0;
  17:.\main.c      **** static uint32 last_quote_num;
  18:.\main.c      **** 
  19:.\main.c      **** /* Signal handler for left toggle press */
  20:.\main.c      **** CY_ISR( IR_Handler ) {
  26              		.loc 1 20 0
  27              		.cfi_startproc
  28 0000 08B5     		push	{r3, lr}
  29              		.cfi_def_cfa_offset 8
  30              		.cfi_offset 3, -8
  31              		.cfi_offset 14, -4
  21:.\main.c      ****     LED_Write(1); 
  32              		.loc 1 21 0
  33 0002 0120     		mov	r0, #1
  34 0004 FFF7FEFF 		bl	LED_Write
  35              	.LVL0:
  22:.\main.c      ****     show_flag = 1;
ARM GAS  C:\Users\Admin\AppData\Local\Temp\cc3U9vtI.s 			page 2


  36              		.loc 1 22 0
  37 0008 024B     		ldr	r3, .L2
  38 000a 0122     		mov	r2, #1
  39 000c 1A70     		strb	r2, [r3]
  23:.\main.c      ****     IR_REC_ClearInterrupt();
  24:.\main.c      **** }
  40              		.loc 1 24 0
  41              		@ sp needed
  23:.\main.c      ****     IR_REC_ClearInterrupt();
  42              		.loc 1 23 0
  43 000e FFF7FEFF 		bl	IR_REC_ClearInterrupt
  44              	.LVL1:
  45              		.loc 1 24 0
  46 0012 08BD     		pop	{r3, pc}
  47              	.L3:
  48              		.align	2
  49              	.L2:
  50 0014 00000000 		.word	.LANCHOR0
  51              		.cfi_endproc
  52              	.LFE33:
  53              		.size	IR_Handler, .-IR_Handler
  54              		.section	.text.PWM_Handler,"ax",%progbits
  55              		.align	1
  56              		.global	PWM_Handler
  57              		.code	16
  58              		.thumb_func
  59              		.type	PWM_Handler, %function
  60              	PWM_Handler:
  61              	.LFB34:
  25:.\main.c      **** 
  26:.\main.c      **** 
  27:.\main.c      **** /* Signal handler for organizer lights */
  28:.\main.c      **** CY_ISR( PWM_Handler ) {
  62              		.loc 1 28 0
  63              		.cfi_startproc
  64 0000 08B5     		push	{r3, lr}
  65              		.cfi_def_cfa_offset 8
  66              		.cfi_offset 3, -8
  67              		.cfi_offset 14, -4
  29:.\main.c      ****     PWM_Int_ClearPending();
  68              		.loc 1 29 0
  69 0002 FFF7FEFF 		bl	PWM_Int_ClearPending
  70              	.LVL2:
  30:.\main.c      ****     PWM_Timer_ReadStatusRegister();
  31:.\main.c      **** }
  71              		.loc 1 31 0
  72              		@ sp needed
  30:.\main.c      ****     PWM_Timer_ReadStatusRegister();
  73              		.loc 1 30 0
  74 0006 FFF7FEFF 		bl	PWM_Timer_ReadStatusRegister
  75              	.LVL3:
  76              		.loc 1 31 0
  77 000a 08BD     		pop	{r3, pc}
  78              		.cfi_endproc
  79              	.LFE34:
  80              		.size	PWM_Handler, .-PWM_Handler
  81              		.global	__aeabi_idivmod
ARM GAS  C:\Users\Admin\AppData\Local\Temp\cc3U9vtI.s 			page 3


  82              		.section	.text.get_mario_quote,"ax",%progbits
  83              		.align	1
  84              		.global	get_mario_quote
  85              		.code	16
  86              		.thumb_func
  87              		.type	get_mario_quote, %function
  88              	get_mario_quote:
  89              	.LFB35:
  32:.\main.c      **** 
  33:.\main.c      **** char* get_mario_quote(){
  90              		.loc 1 33 0
  91              		.cfi_startproc
  92 0000 08B5     		push	{r3, lr}
  93              		.cfi_def_cfa_offset 8
  94              		.cfi_offset 3, -8
  95              		.cfi_offset 14, -4
  96              	.L7:
  34:.\main.c      ****     uint32 quote_num = (rand() % 11) + 1;
  35:.\main.c      ****     
  36:.\main.c      ****     while (quote_num == last_quote_num){
  37:.\main.c      ****         quote_num = (rand() % 11) + 1;
  97              		.loc 1 37 0
  98 0002 FFF7FEFF 		bl	rand
  99              	.LVL4:
 100 0006 0B21     		mov	r1, #11
 101 0008 FFF7FEFF 		bl	__aeabi_idivmod
 102              	.LVL5:
 103 000c 0131     		add	r1, r1, #1
 104              	.LVL6:
  36:.\main.c      ****     while (quote_num == last_quote_num){
 105              		.loc 1 36 0
 106 000e 0029     		cmp	r1, #0
 107 0010 F7D0     		beq	.L7
 108 0012 0139     		sub	r1, r1, #1
 109              	.LVL7:
 110 0014 0929     		cmp	r1, #9
 111 0016 03D8     		bhi	.L9
 112 0018 024B     		ldr	r3, .L11
 113 001a 8900     		lsl	r1, r1, #2
 114              	.LVL8:
 115 001c C858     		ldr	r0, [r1, r3]
 116 001e 00E0     		b	.L8
 117              	.LVL9:
 118              	.L9:
 119 0020 0148     		ldr	r0, .L11+4
 120              	.LVL10:
 121              	.L8:
  38:.\main.c      ****     }
  39:.\main.c      ****     
  40:.\main.c      ****     switch(quote_num){
  41:.\main.c      ****         case 1:
  42:.\main.c      ****             return "Let's-a go!";
  43:.\main.c      ****         break;
  44:.\main.c      ****         case 2:
  45:.\main.c      ****             return "Okey dokey!";
  46:.\main.c      ****         break;
  47:.\main.c      ****         case 3:
ARM GAS  C:\Users\Admin\AppData\Local\Temp\cc3U9vtI.s 			page 4


  48:.\main.c      ****             return "Here we go!";
  49:.\main.c      ****         break;
  50:.\main.c      ****         case 4:
  51:.\main.c      ****             return "It's-a me, Mario!";
  52:.\main.c      ****         break;
  53:.\main.c      ****         case 5:
  54:.\main.c      ****             return "So long-a Bowser!";
  55:.\main.c      ****         break;
  56:.\main.c      ****         case 6:
  57:.\main.c      ****             return "Nighty-nighty...";
  58:.\main.c      ****         break;
  59:.\main.c      ****         case 7:
  60:.\main.c      ****             return "Ah spaghetti...";
  61:.\main.c      ****         break;
  62:.\main.c      ****         case 8:
  63:.\main.c      ****             return "Ah ravioli...";
  64:.\main.c      ****         break;
  65:.\main.c      ****         case 9:
  66:.\main.c      ****             return "Press start to play!";
  67:.\main.c      ****         break;
  68:.\main.c      ****         case 10:
  69:.\main.c      ****             return "Mama mia!";
  70:.\main.c      ****         break;
  71:.\main.c      ****     }
  72:.\main.c      ****     return "Oh Nooooo!";
  73:.\main.c      **** }
 122              		.loc 1 73 0
 123              		@ sp needed
 124 0022 08BD     		pop	{r3, pc}
 125              	.L12:
 126              		.align	2
 127              	.L11:
 128 0024 00000000 		.word	.LANCHOR1
 129 0028 00000000 		.word	.LC1
 130              		.cfi_endproc
 131              	.LFE35:
 132              		.size	get_mario_quote, .-get_mario_quote
 133              		.section	.text.startup.main,"ax",%progbits
 134              		.align	1
 135              		.global	main
 136              		.code	16
 137              		.thumb_func
 138              		.type	main, %function
 139              	main:
 140              	.LFB36:
  74:.\main.c      **** 
  75:.\main.c      **** int main()
  76:.\main.c      **** {
 141              		.loc 1 76 0
 142              		.cfi_startproc
 143 0000 70B5     		push	{r4, r5, r6, lr}
 144              		.cfi_def_cfa_offset 16
 145              		.cfi_offset 4, -16
 146              		.cfi_offset 5, -12
 147              		.cfi_offset 6, -8
 148              		.cfi_offset 14, -4
  77:.\main.c      ****     /* Place your initialization/startup code here (e.g. MyInst_Start()) */
ARM GAS  C:\Users\Admin\AppData\Local\Temp\cc3U9vtI.s 			page 5


  78:.\main.c      ****     CyGlobalIntEnable;
 149              		.loc 1 78 0
 150              	@ 78 ".\main.c" 1
 151 0002 62B6     		CPSIE   i
 152              	@ 0 "" 2
  79:.\main.c      **** 
  80:.\main.c      ****     /* Setup IR Interupt Handlers */
  81:.\main.c      ****     IR_Int_StartEx( IR_Handler );
 153              		.loc 1 81 0
 154              		.code	16
 155 0004 3948     		ldr	r0, .L17
 156 0006 FFF7FEFF 		bl	IR_Int_StartEx
 157              	.LVL11:
  82:.\main.c      ****     PWM_Int_StartEx( PWM_Handler );
 158              		.loc 1 82 0
 159 000a 3948     		ldr	r0, .L17+4
 160 000c FFF7FEFF 		bl	PWM_Int_StartEx
 161              	.LVL12:
  83:.\main.c      **** 
  84:.\main.c      ****     /* Supply 5 Vdd to LCD display from MCU and power up Back Light*/
  85:.\main.c      ****     Power_Up_LCD_Pin_1_Write(1);
 162              		.loc 1 85 0
 163 0010 0120     		mov	r0, #1
 164 0012 FFF7FEFF 		bl	Power_Up_LCD_Pin_1_Write
 165              	.LVL13:
  86:.\main.c      ****     Back_Light_On_N_Write(0);
 166              		.loc 1 86 0
 167 0016 0020     		mov	r0, #0
 168 0018 FFF7FEFF 		bl	Back_Light_On_N_Write
 169              	.LVL14:
  87:.\main.c      ****     Back_Light_On_P_Write(1);
 170              		.loc 1 87 0
 171 001c 0120     		mov	r0, #1
 172 001e FFF7FEFF 		bl	Back_Light_On_P_Write
 173              	.LVL15:
  88:.\main.c      **** 
  89:.\main.c      ****     /* Start LCD display */    
  90:.\main.c      ****     LCD_Char_Start();
 174              		.loc 1 90 0
 175 0022 FFF7FEFF 		bl	LCD_Char_Start
 176              	.LVL16:
  91:.\main.c      ****     LCD_Char_DisplayOn();
 177              		.loc 1 91 0
 178 0026 0C20     		mov	r0, #12
 179 0028 FFF7FEFF 		bl	LCD_Char_WriteControl
 180              	.LVL17:
  92:.\main.c      ****     
  93:.\main.c      ****     /* Seed random */
  94:.\main.c      ****     srand(time(NULL));
 181              		.loc 1 94 0
 182 002c 0020     		mov	r0, #0
 183 002e FFF7FEFF 		bl	time
 184              	.LVL18:
 185 0032 FFF7FEFF 		bl	srand
 186              	.LVL19:
  95:.\main.c      ****     
  96:.\main.c      ****     /* Star the timer to change the quotes */
ARM GAS  C:\Users\Admin\AppData\Local\Temp\cc3U9vtI.s 			page 6


  97:.\main.c      ****     PWM_Timer_Start();
 187              		.loc 1 97 0
 188 0036 FFF7FEFF 		bl	PWM_Timer_Start
 189              	.LVL20:
 190              	.L14:
  98:.\main.c      ****     
  99:.\main.c      ****     /* CyGlobalIntEnable; */ /* Uncomment this line to enable global interrupts. */
 100:.\main.c      ****     for(;;)
 101:.\main.c      ****     {
 102:.\main.c      ****         if (!show_flag) {
 191              		.loc 1 102 0
 192 003a 2E4D     		ldr	r5, .L17+8
 193 003c 2E4E     		ldr	r6, .L17+12
 194 003e 2C78     		ldrb	r4, [r5]
 195 0040 E4B2     		uxtb	r4, r4
 196 0042 002C     		cmp	r4, #0
 197 0044 29D1     		bne	.L15
 103:.\main.c      ****           // Make sure on board led is off
 104:.\main.c      ****           LED_Write(0); 
 198              		.loc 1 104 0
 199 0046 201C     		mov	r0, r4
 200 0048 FFF7FEFF 		bl	LED_Write
 201              	.LVL21:
 105:.\main.c      ****           LCD_Char_Position(0,0);
 202              		.loc 1 105 0
 203 004c 211C     		mov	r1, r4
 204 004e 201C     		mov	r0, r4
 205 0050 FFF7FEFF 		bl	LCD_Char_Position
 206              	.LVL22:
 106:.\main.c      ****           LCD_Char_PrintString("Bowser Says:");
 207              		.loc 1 106 0
 208 0054 301C     		mov	r0, r6
 209 0056 FFF7FEFF 		bl	LCD_Char_PrintString
 210              	.LVL23:
 107:.\main.c      ****           LCD_Char_Position(1,0);
 211              		.loc 1 107 0
 212 005a 211C     		mov	r1, r4
 213 005c 0120     		mov	r0, #1
 214 005e FFF7FEFF 		bl	LCD_Char_Position
 215              	.LVL24:
 108:.\main.c      ****           LCD_Char_PrintString("IR Required For Flag"); 
 216              		.loc 1 108 0
 217 0062 2648     		ldr	r0, .L17+16
 218 0064 FFF7FEFF 		bl	LCD_Char_PrintString
 219              	.LVL25:
 109:.\main.c      ****           LCD_Char_Position(2,0);
 220              		.loc 1 109 0
 221 0068 211C     		mov	r1, r4
 222 006a 0220     		mov	r0, #2
 223 006c FFF7FEFF 		bl	LCD_Char_Position
 224              	.LVL26:
 110:.\main.c      ****           LCD_Char_PrintString("Mario Says:");  
 225              		.loc 1 110 0
 226 0070 2348     		ldr	r0, .L17+20
 227 0072 FFF7FEFF 		bl	LCD_Char_PrintString
 228              	.LVL27:
 111:.\main.c      ****           LCD_Char_Position(3,0);
ARM GAS  C:\Users\Admin\AppData\Local\Temp\cc3U9vtI.s 			page 7


 229              		.loc 1 111 0
 230 0076 211C     		mov	r1, r4
 231 0078 0320     		mov	r0, #3
 232 007a FFF7FEFF 		bl	LCD_Char_Position
 233              	.LVL28:
 112:.\main.c      ****           LCD_Char_PrintString("                    ");
 234              		.loc 1 112 0
 235 007e 2148     		ldr	r0, .L17+24
 236 0080 FFF7FEFF 		bl	LCD_Char_PrintString
 237              	.LVL29:
 113:.\main.c      ****           LCD_Char_Position(3,0);
 238              		.loc 1 113 0
 239 0084 211C     		mov	r1, r4
 240 0086 0320     		mov	r0, #3
 241 0088 FFF7FEFF 		bl	LCD_Char_Position
 242              	.LVL30:
 114:.\main.c      ****           LCD_Char_PrintString(get_mario_quote());  
 243              		.loc 1 114 0
 244 008c FFF7FEFF 		bl	get_mario_quote
 245              	.LVL31:
 246 0090 FFF7FEFF 		bl	LCD_Char_PrintString
 247              	.LVL32:
 115:.\main.c      ****           CySysPmSleep();
 248              		.loc 1 115 0
 249 0094 FFF7FEFF 		bl	CySysPmSleep
 250              	.LVL33:
 251 0098 CFE7     		b	.L14
 252              	.L15:
 116:.\main.c      ****         } else {
 117:.\main.c      ****           LCD_Char_ClearDisplay();
 253              		.loc 1 117 0
 254 009a 0120     		mov	r0, #1
 255 009c FFF7FEFF 		bl	LCD_Char_WriteControl
 256              	.LVL34:
 118:.\main.c      ****           LCD_Char_Position(0,0);
 257              		.loc 1 118 0
 258 00a0 0020     		mov	r0, #0
 259 00a2 011C     		mov	r1, r0
 260 00a4 FFF7FEFF 		bl	LCD_Char_Position
 261              	.LVL35:
 119:.\main.c      ****           LCD_Char_PrintString("Bowser Says:");
 262              		.loc 1 119 0
 263 00a8 301C     		mov	r0, r6
 264 00aa FFF7FEFF 		bl	LCD_Char_PrintString
 265              	.LVL36:
 120:.\main.c      ****           LCD_Char_Position(1,0);
 266              		.loc 1 120 0
 267 00ae 0021     		mov	r1, #0
 268 00b0 0120     		mov	r0, #1
 269 00b2 FFF7FEFF 		bl	LCD_Char_Position
 270              	.LVL37:
 121:.\main.c      ****           LCD_Char_PrintString("N...n...NO!!!");
 271              		.loc 1 121 0
 272 00b6 1448     		ldr	r0, .L17+28
 273 00b8 FFF7FEFF 		bl	LCD_Char_PrintString
 274              	.LVL38:
 122:.\main.c      ****           LCD_Char_Position(2,0);
ARM GAS  C:\Users\Admin\AppData\Local\Temp\cc3U9vtI.s 			page 8


 275              		.loc 1 122 0
 276 00bc 0021     		mov	r1, #0
 277 00be 0220     		mov	r0, #2
 278 00c0 FFF7FEFF 		bl	LCD_Char_Position
 279              	.LVL39:
 123:.\main.c      ****           LCD_Char_PrintString("null{c81e96410ec768c");
 280              		.loc 1 123 0
 281 00c4 1148     		ldr	r0, .L17+32
 282 00c6 FFF7FEFF 		bl	LCD_Char_PrintString
 283              	.LVL40:
 124:.\main.c      ****           LCD_Char_Position(3,0);
 284              		.loc 1 124 0
 285 00ca 0021     		mov	r1, #0
 286 00cc 0320     		mov	r0, #3
 287 00ce FFF7FEFF 		bl	LCD_Char_Position
 288              	.LVL41:
 125:.\main.c      ****           LCD_Char_PrintString("33eeb43b49c738b17}");
 289              		.loc 1 125 0
 290 00d2 0F48     		ldr	r0, .L17+36
 291 00d4 FFF7FEFF 		bl	LCD_Char_PrintString
 292              	.LVL42:
 126:.\main.c      ****           show_flag = 0;
 293              		.loc 1 126 0
 294 00d8 0023     		mov	r3, #0
 127:.\main.c      ****           /* Display flag for 5 seconds */
 128:.\main.c      ****           CyDelay(5000);
 295              		.loc 1 128 0
 296 00da 0E48     		ldr	r0, .L17+40
 126:.\main.c      ****           show_flag = 0;
 297              		.loc 1 126 0
 298 00dc 2B70     		strb	r3, [r5]
 299              		.loc 1 128 0
 300 00de FFF7FEFF 		bl	CyDelay
 301              	.LVL43:
 129:.\main.c      ****           LCD_Char_ClearDisplay();
 302              		.loc 1 129 0
 303 00e2 0120     		mov	r0, #1
 304 00e4 FFF7FEFF 		bl	LCD_Char_WriteControl
 305              	.LVL44:
 306 00e8 A7E7     		b	.L14
 307              	.L18:
 308 00ea C046     		.align	2
 309              	.L17:
 310 00ec 00000000 		.word	IR_Handler
 311 00f0 00000000 		.word	PWM_Handler
 312 00f4 00000000 		.word	.LANCHOR0
 313 00f8 0B000000 		.word	.LC7
 314 00fc 18000000 		.word	.LC9
 315 0100 2D000000 		.word	.LC11
 316 0104 39000000 		.word	.LC13
 317 0108 4E000000 		.word	.LC15
 318 010c 5C000000 		.word	.LC17
 319 0110 71000000 		.word	.LC19
 320 0114 88130000 		.word	5000
 321              		.cfi_endproc
 322              	.LFE36:
 323              		.size	main, .-main
ARM GAS  C:\Users\Admin\AppData\Local\Temp\cc3U9vtI.s 			page 9


 324              		.global	show_flag
 325              		.section	.rodata
 326              		.align	2
 327              		.set	.LANCHOR1,. + 0
 328              		.type	CSWTCH.5, %object
 329              		.size	CSWTCH.5, 40
 330              	CSWTCH.5:
 331 0000 84000000 		.word	.LC21
 332 0004 90000000 		.word	.LC22
 333 0008 9C000000 		.word	.LC23
 334 000c A8000000 		.word	.LC24
 335 0010 BA000000 		.word	.LC25
 336 0014 CC000000 		.word	.LC26
 337 0018 DD000000 		.word	.LC27
 338 001c ED000000 		.word	.LC28
 339 0020 FB000000 		.word	.LC29
 340 0024 10010000 		.word	.LC30
 341              		.section	.rodata.str1.1,"aMS",%progbits,1
 342              	.LC1:
 343 0000 4F68204E 		.ascii	"Oh Nooooo!\000"
 343      6F6F6F6F 
 343      6F2100
 344              	.LC7:
 345 000b 426F7773 		.ascii	"Bowser Says:\000"
 345      65722053 
 345      6179733A 
 345      00
 346              	.LC9:
 347 0018 49522052 		.ascii	"IR Required For Flag\000"
 347      65717569 
 347      72656420 
 347      466F7220 
 347      466C6167 
 348              	.LC11:
 349 002d 4D617269 		.ascii	"Mario Says:\000"
 349      6F205361 
 349      79733A00 
 350              	.LC13:
 351 0039 20202020 		.ascii	"                    \000"
 351      20202020 
 351      20202020 
 351      20202020 
 351      20202020 
 352              	.LC15:
 353 004e 4E2E2E2E 		.ascii	"N...n...NO!!!\000"
 353      6E2E2E2E 
 353      4E4F2121 
 353      2100
 354              	.LC17:
 355 005c 6E756C6C 		.ascii	"null{c81e96410ec768c\000"
 355      7B633831 
 355      65393634 
 355      31306563 
 355      37363863 
 356              	.LC19:
 357 0071 33336565 		.ascii	"33eeb43b49c738b17}\000"
 357      62343362 
ARM GAS  C:\Users\Admin\AppData\Local\Temp\cc3U9vtI.s 			page 10


 357      34396337 
 357      33386231 
 357      377D00
 358              	.LC21:
 359 0084 4C657427 		.ascii	"Let's-a go!\000"
 359      732D6120 
 359      676F2100 
 360              	.LC22:
 361 0090 4F6B6579 		.ascii	"Okey dokey!\000"
 361      20646F6B 
 361      65792100 
 362              	.LC23:
 363 009c 48657265 		.ascii	"Here we go!\000"
 363      20776520 
 363      676F2100 
 364              	.LC24:
 365 00a8 49742773 		.ascii	"It's-a me, Mario!\000"
 365      2D61206D 
 365      652C204D 
 365      6172696F 
 365      2100
 366              	.LC25:
 367 00ba 536F206C 		.ascii	"So long-a Bowser!\000"
 367      6F6E672D 
 367      6120426F 
 367      77736572 
 367      2100
 368              	.LC26:
 369 00cc 4E696768 		.ascii	"Nighty-nighty...\000"
 369      74792D6E 
 369      69676874 
 369      792E2E2E 
 369      00
 370              	.LC27:
 371 00dd 41682073 		.ascii	"Ah spaghetti...\000"
 371      70616768 
 371      65747469 
 371      2E2E2E00 
 372              	.LC28:
 373 00ed 41682072 		.ascii	"Ah ravioli...\000"
 373      6176696F 
 373      6C692E2E 
 373      2E00
 374              	.LC29:
 375 00fb 50726573 		.ascii	"Press start to play!\000"
 375      73207374 
 375      61727420 
 375      746F2070 
 375      6C617921 
 376              	.LC30:
 377 0110 4D616D61 		.ascii	"Mama mia!\000"
 377      206D6961 
 377      2100
 378              		.bss
 379              		.set	.LANCHOR0,. + 0
 380              		.type	show_flag, %object
 381              		.size	show_flag, 1
ARM GAS  C:\Users\Admin\AppData\Local\Temp\cc3U9vtI.s 			page 11


 382              	show_flag:
 383 0000 00       		.space	1
 384              		.text
 385              	.Letext0:
 386              		.file 2 ".\\Generated_Source\\PSoC4/cytypes.h"
 387              		.file 3 "c:\\program files\\cypress\\psoc creator\\3.1\\psoc creator\\import\\gnu_cs\\arm\\4.8.4\\
 388              		.file 4 ".\\Generated_Source\\PSoC4/IR_REC.h"
 389              		.file 5 ".\\Generated_Source\\PSoC4/PWM_Timer.h"
 390              		.file 6 "c:\\program files\\cypress\\psoc creator\\3.1\\psoc creator\\import\\gnu_cs\\arm\\4.8.4\\
 391              		.file 7 ".\\Generated_Source\\PSoC4/LED.h"
 392              		.file 8 ".\\Generated_Source\\PSoC4/IR_Int.h"
 393              		.file 9 ".\\Generated_Source\\PSoC4/PWM_Int.h"
 394              		.file 10 ".\\Generated_Source\\PSoC4/Power_Up_LCD_Pin_1.h"
 395              		.file 11 ".\\Generated_Source\\PSoC4/Back_Light_On_N.h"
 396              		.file 12 ".\\Generated_Source\\PSoC4/Back_Light_On_P.h"
 397              		.file 13 ".\\Generated_Source\\PSoC4/LCD_Char.h"
 398              		.file 14 ".\\Generated_Source\\PSoC4/cyPm.h"
 399              		.file 15 "c:\\program files\\cypress\\psoc creator\\3.1\\psoc creator\\import\\gnu_cs\\arm\\4.8.4\
 400              		.file 16 ".\\Generated_Source\\PSoC4/CyLib.h"
 401              		.section	.debug_info,"",%progbits
 402              	.Ldebug_info0:
 403 0000 52050000 		.4byte	0x552
 404 0004 0400     		.2byte	0x4
 405 0006 00000000 		.4byte	.Ldebug_abbrev0
 406 000a 04       		.byte	0x4
 407 000b 01       		.uleb128 0x1
 408 000c 7A000000 		.4byte	.LASF39
 409 0010 01       		.byte	0x1
 410 0011 C7010000 		.4byte	.LASF40
 411 0015 35000000 		.4byte	.LASF41
 412 0019 00000000 		.4byte	.Ldebug_ranges0+0
 413 001d 00000000 		.4byte	0
 414 0021 00000000 		.4byte	.Ldebug_line0
 415 0025 02       		.uleb128 0x2
 416 0026 01       		.byte	0x1
 417 0027 06       		.byte	0x6
 418 0028 CF020000 		.4byte	.LASF0
 419 002c 02       		.uleb128 0x2
 420 002d 01       		.byte	0x1
 421 002e 08       		.byte	0x8
 422 002f 96010000 		.4byte	.LASF1
 423 0033 02       		.uleb128 0x2
 424 0034 02       		.byte	0x2
 425 0035 05       		.byte	0x5
 426 0036 BC020000 		.4byte	.LASF2
 427 003a 02       		.uleb128 0x2
 428 003b 02       		.byte	0x2
 429 003c 07       		.byte	0x7
 430 003d 67000000 		.4byte	.LASF3
 431 0041 02       		.uleb128 0x2
 432 0042 04       		.byte	0x4
 433 0043 05       		.byte	0x5
 434 0044 C6020000 		.4byte	.LASF4
 435 0048 02       		.uleb128 0x2
 436 0049 04       		.byte	0x4
 437 004a 07       		.byte	0x7
 438 004b 44010000 		.4byte	.LASF5
ARM GAS  C:\Users\Admin\AppData\Local\Temp\cc3U9vtI.s 			page 12


 439 004f 02       		.uleb128 0x2
 440 0050 08       		.byte	0x8
 441 0051 05       		.byte	0x5
 442 0052 6E020000 		.4byte	.LASF6
 443 0056 02       		.uleb128 0x2
 444 0057 08       		.byte	0x8
 445 0058 07       		.byte	0x7
 446 0059 1A020000 		.4byte	.LASF7
 447 005d 03       		.uleb128 0x3
 448 005e 04       		.byte	0x4
 449 005f 05       		.byte	0x5
 450 0060 696E7400 		.ascii	"int\000"
 451 0064 02       		.uleb128 0x2
 452 0065 04       		.byte	0x4
 453 0066 07       		.byte	0x7
 454 0067 F4010000 		.4byte	.LASF8
 455 006b 04       		.uleb128 0x4
 456 006c 56010000 		.4byte	.LASF9
 457 0070 02       		.byte	0x2
 458 0071 A1       		.byte	0xa1
 459 0072 2C000000 		.4byte	0x2c
 460 0076 04       		.uleb128 0x4
 461 0077 D0010000 		.4byte	.LASF10
 462 007b 02       		.byte	0x2
 463 007c A3       		.byte	0xa3
 464 007d 48000000 		.4byte	0x48
 465 0081 02       		.uleb128 0x2
 466 0082 04       		.byte	0x4
 467 0083 04       		.byte	0x4
 468 0084 F6000000 		.4byte	.LASF11
 469 0088 02       		.uleb128 0x2
 470 0089 08       		.byte	0x8
 471 008a 04       		.byte	0x4
 472 008b BA010000 		.4byte	.LASF12
 473 008f 04       		.uleb128 0x4
 474 0090 34010000 		.4byte	.LASF13
 475 0094 02       		.byte	0x2
 476 0095 B2       		.byte	0xb2
 477 0096 9A000000 		.4byte	0x9a
 478 009a 02       		.uleb128 0x2
 479 009b 01       		.byte	0x1
 480 009c 08       		.byte	0x8
 481 009d 7C020000 		.4byte	.LASF14
 482 00a1 05       		.uleb128 0x5
 483 00a2 6B000000 		.4byte	0x6b
 484 00a6 06       		.uleb128 0x6
 485 00a7 4E020000 		.4byte	.LASF15
 486 00ab 02       		.byte	0x2
 487 00ac 5D01     		.2byte	0x15d
 488 00ae B2000000 		.4byte	0xb2
 489 00b2 07       		.uleb128 0x7
 490 00b3 04       		.byte	0x4
 491 00b4 B8000000 		.4byte	0xb8
 492 00b8 08       		.uleb128 0x8
 493 00b9 02       		.uleb128 0x2
 494 00ba 04       		.byte	0x4
 495 00bb 07       		.byte	0x7
ARM GAS  C:\Users\Admin\AppData\Local\Temp\cc3U9vtI.s 			page 13


 496 00bc 65020000 		.4byte	.LASF16
 497 00c0 07       		.uleb128 0x7
 498 00c1 04       		.byte	0x4
 499 00c2 9A000000 		.4byte	0x9a
 500 00c6 04       		.uleb128 0x4
 501 00c7 47020000 		.4byte	.LASF17
 502 00cb 03       		.byte	0x3
 503 00cc 7A       		.byte	0x7a
 504 00cd 41000000 		.4byte	0x41
 505 00d1 09       		.uleb128 0x9
 506 00d2 DB020000 		.4byte	.LASF18
 507 00d6 01       		.byte	0x1
 508 00d7 14       		.byte	0x14
 509 00d8 00000000 		.4byte	.LFB33
 510 00dc 18000000 		.4byte	.LFE33-.LFB33
 511 00e0 01       		.uleb128 0x1
 512 00e1 9C       		.byte	0x9c
 513 00e2 03010000 		.4byte	0x103
 514 00e6 0A       		.uleb128 0xa
 515 00e7 08000000 		.4byte	.LVL0
 516 00eb 36040000 		.4byte	0x436
 517 00ef F9000000 		.4byte	0xf9
 518 00f3 0B       		.uleb128 0xb
 519 00f4 01       		.uleb128 0x1
 520 00f5 50       		.byte	0x50
 521 00f6 01       		.uleb128 0x1
 522 00f7 31       		.byte	0x31
 523 00f8 00       		.byte	0
 524 00f9 0C       		.uleb128 0xc
 525 00fa 12000000 		.4byte	.LVL1
 526 00fe 47040000 		.4byte	0x447
 527 0102 00       		.byte	0
 528 0103 09       		.uleb128 0x9
 529 0104 29000000 		.4byte	.LASF19
 530 0108 01       		.byte	0x1
 531 0109 1C       		.byte	0x1c
 532 010a 00000000 		.4byte	.LFB34
 533 010e 0C000000 		.4byte	.LFE34-.LFB34
 534 0112 01       		.uleb128 0x1
 535 0113 9C       		.byte	0x9c
 536 0114 2B010000 		.4byte	0x12b
 537 0118 0C       		.uleb128 0xc
 538 0119 06000000 		.4byte	.LVL2
 539 011d 52040000 		.4byte	0x452
 540 0121 0C       		.uleb128 0xc
 541 0122 0A000000 		.4byte	.LVL3
 542 0126 59040000 		.4byte	0x459
 543 012a 00       		.byte	0
 544 012b 0D       		.uleb128 0xd
 545 012c AC020000 		.4byte	.LASF20
 546 0130 01       		.byte	0x1
 547 0131 21       		.byte	0x21
 548 0132 C0000000 		.4byte	0xc0
 549 0136 00000000 		.4byte	.LFB35
 550 013a 2C000000 		.4byte	.LFE35-.LFB35
 551 013e 01       		.uleb128 0x1
 552 013f 9C       		.byte	0x9c
ARM GAS  C:\Users\Admin\AppData\Local\Temp\cc3U9vtI.s 			page 14


 553 0140 5D010000 		.4byte	0x15d
 554 0144 0E       		.uleb128 0xe
 555 0145 3A010000 		.4byte	.LASF42
 556 0149 01       		.byte	0x1
 557 014a 22       		.byte	0x22
 558 014b 76000000 		.4byte	0x76
 559 014f 00000000 		.4byte	.LLST0
 560 0153 0C       		.uleb128 0xc
 561 0154 06000000 		.4byte	.LVL4
 562 0158 64040000 		.4byte	0x464
 563 015c 00       		.byte	0
 564 015d 0F       		.uleb128 0xf
 565 015e 5B020000 		.4byte	.LASF21
 566 0162 01       		.byte	0x1
 567 0163 4B       		.byte	0x4b
 568 0164 5D000000 		.4byte	0x5d
 569 0168 00000000 		.4byte	.LFB36
 570 016c 18010000 		.4byte	.LFE36-.LFB36
 571 0170 01       		.uleb128 0x1
 572 0171 9C       		.byte	0x9c
 573 0172 15040000 		.4byte	0x415
 574 0176 0A       		.uleb128 0xa
 575 0177 0A000000 		.4byte	.LVL11
 576 017b 6F040000 		.4byte	0x46f
 577 017f 8D010000 		.4byte	0x18d
 578 0183 0B       		.uleb128 0xb
 579 0184 01       		.uleb128 0x1
 580 0185 50       		.byte	0x50
 581 0186 05       		.uleb128 0x5
 582 0187 03       		.byte	0x3
 583 0188 00000000 		.4byte	IR_Handler
 584 018c 00       		.byte	0
 585 018d 0A       		.uleb128 0xa
 586 018e 10000000 		.4byte	.LVL12
 587 0192 80040000 		.4byte	0x480
 588 0196 A4010000 		.4byte	0x1a4
 589 019a 0B       		.uleb128 0xb
 590 019b 01       		.uleb128 0x1
 591 019c 50       		.byte	0x50
 592 019d 05       		.uleb128 0x5
 593 019e 03       		.byte	0x3
 594 019f 00000000 		.4byte	PWM_Handler
 595 01a3 00       		.byte	0
 596 01a4 0A       		.uleb128 0xa
 597 01a5 16000000 		.4byte	.LVL13
 598 01a9 91040000 		.4byte	0x491
 599 01ad B7010000 		.4byte	0x1b7
 600 01b1 0B       		.uleb128 0xb
 601 01b2 01       		.uleb128 0x1
 602 01b3 50       		.byte	0x50
 603 01b4 01       		.uleb128 0x1
 604 01b5 31       		.byte	0x31
 605 01b6 00       		.byte	0
 606 01b7 0A       		.uleb128 0xa
 607 01b8 1C000000 		.4byte	.LVL14
 608 01bc A2040000 		.4byte	0x4a2
 609 01c0 CA010000 		.4byte	0x1ca
ARM GAS  C:\Users\Admin\AppData\Local\Temp\cc3U9vtI.s 			page 15


 610 01c4 0B       		.uleb128 0xb
 611 01c5 01       		.uleb128 0x1
 612 01c6 50       		.byte	0x50
 613 01c7 01       		.uleb128 0x1
 614 01c8 30       		.byte	0x30
 615 01c9 00       		.byte	0
 616 01ca 0A       		.uleb128 0xa
 617 01cb 22000000 		.4byte	.LVL15
 618 01cf B3040000 		.4byte	0x4b3
 619 01d3 DD010000 		.4byte	0x1dd
 620 01d7 0B       		.uleb128 0xb
 621 01d8 01       		.uleb128 0x1
 622 01d9 50       		.byte	0x50
 623 01da 01       		.uleb128 0x1
 624 01db 31       		.byte	0x31
 625 01dc 00       		.byte	0
 626 01dd 0C       		.uleb128 0xc
 627 01de 26000000 		.4byte	.LVL16
 628 01e2 C4040000 		.4byte	0x4c4
 629 01e6 0A       		.uleb128 0xa
 630 01e7 2C000000 		.4byte	.LVL17
 631 01eb CB040000 		.4byte	0x4cb
 632 01ef F9010000 		.4byte	0x1f9
 633 01f3 0B       		.uleb128 0xb
 634 01f4 01       		.uleb128 0x1
 635 01f5 50       		.byte	0x50
 636 01f6 01       		.uleb128 0x1
 637 01f7 3C       		.byte	0x3c
 638 01f8 00       		.byte	0
 639 01f9 0A       		.uleb128 0xa
 640 01fa 32000000 		.4byte	.LVL18
 641 01fe DC040000 		.4byte	0x4dc
 642 0202 0C020000 		.4byte	0x20c
 643 0206 0B       		.uleb128 0xb
 644 0207 01       		.uleb128 0x1
 645 0208 50       		.byte	0x50
 646 0209 01       		.uleb128 0x1
 647 020a 30       		.byte	0x30
 648 020b 00       		.byte	0
 649 020c 0C       		.uleb128 0xc
 650 020d 36000000 		.4byte	.LVL19
 651 0211 F7040000 		.4byte	0x4f7
 652 0215 0C       		.uleb128 0xc
 653 0216 3A000000 		.4byte	.LVL20
 654 021a 08050000 		.4byte	0x508
 655 021e 0A       		.uleb128 0xa
 656 021f 4C000000 		.4byte	.LVL21
 657 0223 36040000 		.4byte	0x436
 658 0227 32020000 		.4byte	0x232
 659 022b 0B       		.uleb128 0xb
 660 022c 01       		.uleb128 0x1
 661 022d 50       		.byte	0x50
 662 022e 02       		.uleb128 0x2
 663 022f 74       		.byte	0x74
 664 0230 00       		.sleb128 0
 665 0231 00       		.byte	0
 666 0232 0A       		.uleb128 0xa
ARM GAS  C:\Users\Admin\AppData\Local\Temp\cc3U9vtI.s 			page 16


 667 0233 54000000 		.4byte	.LVL22
 668 0237 0F050000 		.4byte	0x50f
 669 023b 4C020000 		.4byte	0x24c
 670 023f 0B       		.uleb128 0xb
 671 0240 01       		.uleb128 0x1
 672 0241 51       		.byte	0x51
 673 0242 02       		.uleb128 0x2
 674 0243 74       		.byte	0x74
 675 0244 00       		.sleb128 0
 676 0245 0B       		.uleb128 0xb
 677 0246 01       		.uleb128 0x1
 678 0247 50       		.byte	0x50
 679 0248 02       		.uleb128 0x2
 680 0249 74       		.byte	0x74
 681 024a 00       		.sleb128 0
 682 024b 00       		.byte	0
 683 024c 0A       		.uleb128 0xa
 684 024d 5A000000 		.4byte	.LVL23
 685 0251 25050000 		.4byte	0x525
 686 0255 60020000 		.4byte	0x260
 687 0259 0B       		.uleb128 0xb
 688 025a 01       		.uleb128 0x1
 689 025b 50       		.byte	0x50
 690 025c 02       		.uleb128 0x2
 691 025d 76       		.byte	0x76
 692 025e 00       		.sleb128 0
 693 025f 00       		.byte	0
 694 0260 0A       		.uleb128 0xa
 695 0261 62000000 		.4byte	.LVL24
 696 0265 0F050000 		.4byte	0x50f
 697 0269 79020000 		.4byte	0x279
 698 026d 0B       		.uleb128 0xb
 699 026e 01       		.uleb128 0x1
 700 026f 51       		.byte	0x51
 701 0270 02       		.uleb128 0x2
 702 0271 74       		.byte	0x74
 703 0272 00       		.sleb128 0
 704 0273 0B       		.uleb128 0xb
 705 0274 01       		.uleb128 0x1
 706 0275 50       		.byte	0x50
 707 0276 01       		.uleb128 0x1
 708 0277 31       		.byte	0x31
 709 0278 00       		.byte	0
 710 0279 0A       		.uleb128 0xa
 711 027a 68000000 		.4byte	.LVL25
 712 027e 25050000 		.4byte	0x525
 713 0282 90020000 		.4byte	0x290
 714 0286 0B       		.uleb128 0xb
 715 0287 01       		.uleb128 0x1
 716 0288 50       		.byte	0x50
 717 0289 05       		.uleb128 0x5
 718 028a 03       		.byte	0x3
 719 028b 18000000 		.4byte	.LC9
 720 028f 00       		.byte	0
 721 0290 0A       		.uleb128 0xa
 722 0291 70000000 		.4byte	.LVL26
 723 0295 0F050000 		.4byte	0x50f
ARM GAS  C:\Users\Admin\AppData\Local\Temp\cc3U9vtI.s 			page 17


 724 0299 A9020000 		.4byte	0x2a9
 725 029d 0B       		.uleb128 0xb
 726 029e 01       		.uleb128 0x1
 727 029f 51       		.byte	0x51
 728 02a0 02       		.uleb128 0x2
 729 02a1 74       		.byte	0x74
 730 02a2 00       		.sleb128 0
 731 02a3 0B       		.uleb128 0xb
 732 02a4 01       		.uleb128 0x1
 733 02a5 50       		.byte	0x50
 734 02a6 01       		.uleb128 0x1
 735 02a7 32       		.byte	0x32
 736 02a8 00       		.byte	0
 737 02a9 0A       		.uleb128 0xa
 738 02aa 76000000 		.4byte	.LVL27
 739 02ae 25050000 		.4byte	0x525
 740 02b2 C0020000 		.4byte	0x2c0
 741 02b6 0B       		.uleb128 0xb
 742 02b7 01       		.uleb128 0x1
 743 02b8 50       		.byte	0x50
 744 02b9 05       		.uleb128 0x5
 745 02ba 03       		.byte	0x3
 746 02bb 2D000000 		.4byte	.LC11
 747 02bf 00       		.byte	0
 748 02c0 0A       		.uleb128 0xa
 749 02c1 7E000000 		.4byte	.LVL28
 750 02c5 0F050000 		.4byte	0x50f
 751 02c9 D9020000 		.4byte	0x2d9
 752 02cd 0B       		.uleb128 0xb
 753 02ce 01       		.uleb128 0x1
 754 02cf 51       		.byte	0x51
 755 02d0 02       		.uleb128 0x2
 756 02d1 74       		.byte	0x74
 757 02d2 00       		.sleb128 0
 758 02d3 0B       		.uleb128 0xb
 759 02d4 01       		.uleb128 0x1
 760 02d5 50       		.byte	0x50
 761 02d6 01       		.uleb128 0x1
 762 02d7 33       		.byte	0x33
 763 02d8 00       		.byte	0
 764 02d9 0A       		.uleb128 0xa
 765 02da 84000000 		.4byte	.LVL29
 766 02de 25050000 		.4byte	0x525
 767 02e2 F0020000 		.4byte	0x2f0
 768 02e6 0B       		.uleb128 0xb
 769 02e7 01       		.uleb128 0x1
 770 02e8 50       		.byte	0x50
 771 02e9 05       		.uleb128 0x5
 772 02ea 03       		.byte	0x3
 773 02eb 39000000 		.4byte	.LC13
 774 02ef 00       		.byte	0
 775 02f0 0A       		.uleb128 0xa
 776 02f1 8C000000 		.4byte	.LVL30
 777 02f5 0F050000 		.4byte	0x50f
 778 02f9 09030000 		.4byte	0x309
 779 02fd 0B       		.uleb128 0xb
 780 02fe 01       		.uleb128 0x1
ARM GAS  C:\Users\Admin\AppData\Local\Temp\cc3U9vtI.s 			page 18


 781 02ff 51       		.byte	0x51
 782 0300 02       		.uleb128 0x2
 783 0301 74       		.byte	0x74
 784 0302 00       		.sleb128 0
 785 0303 0B       		.uleb128 0xb
 786 0304 01       		.uleb128 0x1
 787 0305 50       		.byte	0x50
 788 0306 01       		.uleb128 0x1
 789 0307 33       		.byte	0x33
 790 0308 00       		.byte	0
 791 0309 0C       		.uleb128 0xc
 792 030a 90000000 		.4byte	.LVL31
 793 030e 2B010000 		.4byte	0x12b
 794 0312 0C       		.uleb128 0xc
 795 0313 94000000 		.4byte	.LVL32
 796 0317 25050000 		.4byte	0x525
 797 031b 0C       		.uleb128 0xc
 798 031c 98000000 		.4byte	.LVL33
 799 0320 41050000 		.4byte	0x541
 800 0324 0A       		.uleb128 0xa
 801 0325 A0000000 		.4byte	.LVL34
 802 0329 CB040000 		.4byte	0x4cb
 803 032d 37030000 		.4byte	0x337
 804 0331 0B       		.uleb128 0xb
 805 0332 01       		.uleb128 0x1
 806 0333 50       		.byte	0x50
 807 0334 01       		.uleb128 0x1
 808 0335 31       		.byte	0x31
 809 0336 00       		.byte	0
 810 0337 0A       		.uleb128 0xa
 811 0338 A8000000 		.4byte	.LVL35
 812 033c 0F050000 		.4byte	0x50f
 813 0340 4F030000 		.4byte	0x34f
 814 0344 0B       		.uleb128 0xb
 815 0345 01       		.uleb128 0x1
 816 0346 51       		.byte	0x51
 817 0347 01       		.uleb128 0x1
 818 0348 30       		.byte	0x30
 819 0349 0B       		.uleb128 0xb
 820 034a 01       		.uleb128 0x1
 821 034b 50       		.byte	0x50
 822 034c 01       		.uleb128 0x1
 823 034d 30       		.byte	0x30
 824 034e 00       		.byte	0
 825 034f 0A       		.uleb128 0xa
 826 0350 AE000000 		.4byte	.LVL36
 827 0354 25050000 		.4byte	0x525
 828 0358 63030000 		.4byte	0x363
 829 035c 0B       		.uleb128 0xb
 830 035d 01       		.uleb128 0x1
 831 035e 50       		.byte	0x50
 832 035f 02       		.uleb128 0x2
 833 0360 76       		.byte	0x76
 834 0361 00       		.sleb128 0
 835 0362 00       		.byte	0
 836 0363 0A       		.uleb128 0xa
 837 0364 B6000000 		.4byte	.LVL37
ARM GAS  C:\Users\Admin\AppData\Local\Temp\cc3U9vtI.s 			page 19


 838 0368 0F050000 		.4byte	0x50f
 839 036c 7B030000 		.4byte	0x37b
 840 0370 0B       		.uleb128 0xb
 841 0371 01       		.uleb128 0x1
 842 0372 51       		.byte	0x51
 843 0373 01       		.uleb128 0x1
 844 0374 30       		.byte	0x30
 845 0375 0B       		.uleb128 0xb
 846 0376 01       		.uleb128 0x1
 847 0377 50       		.byte	0x50
 848 0378 01       		.uleb128 0x1
 849 0379 31       		.byte	0x31
 850 037a 00       		.byte	0
 851 037b 0A       		.uleb128 0xa
 852 037c BC000000 		.4byte	.LVL38
 853 0380 25050000 		.4byte	0x525
 854 0384 92030000 		.4byte	0x392
 855 0388 0B       		.uleb128 0xb
 856 0389 01       		.uleb128 0x1
 857 038a 50       		.byte	0x50
 858 038b 05       		.uleb128 0x5
 859 038c 03       		.byte	0x3
 860 038d 4E000000 		.4byte	.LC15
 861 0391 00       		.byte	0
 862 0392 0A       		.uleb128 0xa
 863 0393 C4000000 		.4byte	.LVL39
 864 0397 0F050000 		.4byte	0x50f
 865 039b AA030000 		.4byte	0x3aa
 866 039f 0B       		.uleb128 0xb
 867 03a0 01       		.uleb128 0x1
 868 03a1 51       		.byte	0x51
 869 03a2 01       		.uleb128 0x1
 870 03a3 30       		.byte	0x30
 871 03a4 0B       		.uleb128 0xb
 872 03a5 01       		.uleb128 0x1
 873 03a6 50       		.byte	0x50
 874 03a7 01       		.uleb128 0x1
 875 03a8 32       		.byte	0x32
 876 03a9 00       		.byte	0
 877 03aa 0A       		.uleb128 0xa
 878 03ab CA000000 		.4byte	.LVL40
 879 03af 25050000 		.4byte	0x525
 880 03b3 C1030000 		.4byte	0x3c1
 881 03b7 0B       		.uleb128 0xb
 882 03b8 01       		.uleb128 0x1
 883 03b9 50       		.byte	0x50
 884 03ba 05       		.uleb128 0x5
 885 03bb 03       		.byte	0x3
 886 03bc 5C000000 		.4byte	.LC17
 887 03c0 00       		.byte	0
 888 03c1 0A       		.uleb128 0xa
 889 03c2 D2000000 		.4byte	.LVL41
 890 03c6 0F050000 		.4byte	0x50f
 891 03ca D9030000 		.4byte	0x3d9
 892 03ce 0B       		.uleb128 0xb
 893 03cf 01       		.uleb128 0x1
 894 03d0 51       		.byte	0x51
ARM GAS  C:\Users\Admin\AppData\Local\Temp\cc3U9vtI.s 			page 20


 895 03d1 01       		.uleb128 0x1
 896 03d2 30       		.byte	0x30
 897 03d3 0B       		.uleb128 0xb
 898 03d4 01       		.uleb128 0x1
 899 03d5 50       		.byte	0x50
 900 03d6 01       		.uleb128 0x1
 901 03d7 33       		.byte	0x33
 902 03d8 00       		.byte	0
 903 03d9 0A       		.uleb128 0xa
 904 03da D8000000 		.4byte	.LVL42
 905 03de 25050000 		.4byte	0x525
 906 03e2 F0030000 		.4byte	0x3f0
 907 03e6 0B       		.uleb128 0xb
 908 03e7 01       		.uleb128 0x1
 909 03e8 50       		.byte	0x50
 910 03e9 05       		.uleb128 0x5
 911 03ea 03       		.byte	0x3
 912 03eb 71000000 		.4byte	.LC19
 913 03ef 00       		.byte	0
 914 03f0 0A       		.uleb128 0xa
 915 03f1 E2000000 		.4byte	.LVL43
 916 03f5 48050000 		.4byte	0x548
 917 03f9 05040000 		.4byte	0x405
 918 03fd 0B       		.uleb128 0xb
 919 03fe 01       		.uleb128 0x1
 920 03ff 50       		.byte	0x50
 921 0400 03       		.uleb128 0x3
 922 0401 0A       		.byte	0xa
 923 0402 8813     		.2byte	0x1388
 924 0404 00       		.byte	0
 925 0405 10       		.uleb128 0x10
 926 0406 E8000000 		.4byte	.LVL44
 927 040a CB040000 		.4byte	0x4cb
 928 040e 0B       		.uleb128 0xb
 929 040f 01       		.uleb128 0x1
 930 0410 50       		.byte	0x50
 931 0411 01       		.uleb128 0x1
 932 0412 31       		.byte	0x31
 933 0413 00       		.byte	0
 934 0414 00       		.byte	0
 935 0415 11       		.uleb128 0x11
 936 0416 5C010000 		.4byte	.LASF43
 937 041a 01       		.byte	0x1
 938 041b 11       		.byte	0x11
 939 041c 20040000 		.4byte	0x420
 940 0420 12       		.uleb128 0x12
 941 0421 76000000 		.4byte	0x76
 942 0425 13       		.uleb128 0x13
 943 0426 FC000000 		.4byte	.LASF44
 944 042a 01       		.byte	0x1
 945 042b 10       		.byte	0x10
 946 042c A1000000 		.4byte	0xa1
 947 0430 05       		.uleb128 0x5
 948 0431 03       		.byte	0x3
 949 0432 00000000 		.4byte	show_flag
 950 0436 14       		.uleb128 0x14
 951 0437 12000000 		.4byte	.LASF25
ARM GAS  C:\Users\Admin\AppData\Local\Temp\cc3U9vtI.s 			page 21


 952 043b 07       		.byte	0x7
 953 043c 1D       		.byte	0x1d
 954 043d 47040000 		.4byte	0x447
 955 0441 15       		.uleb128 0x15
 956 0442 6B000000 		.4byte	0x6b
 957 0446 00       		.byte	0
 958 0447 16       		.uleb128 0x16
 959 0448 A4010000 		.4byte	.LASF22
 960 044c 04       		.byte	0x4
 961 044d 21       		.byte	0x21
 962 044e 6B000000 		.4byte	0x6b
 963 0452 17       		.uleb128 0x17
 964 0453 6B010000 		.4byte	.LASF31
 965 0457 09       		.byte	0x9
 966 0458 28       		.byte	0x28
 967 0459 16       		.uleb128 0x16
 968 045a D7010000 		.4byte	.LASF23
 969 045e 05       		.byte	0x5
 970 045f 97       		.byte	0x97
 971 0460 6B000000 		.4byte	0x6b
 972 0464 16       		.uleb128 0x16
 973 0465 FE020000 		.4byte	.LASF24
 974 0469 06       		.byte	0x6
 975 046a 7C       		.byte	0x7c
 976 046b 5D000000 		.4byte	0x5d
 977 046f 14       		.uleb128 0x14
 978 0470 16010000 		.4byte	.LASF26
 979 0474 08       		.byte	0x8
 980 0475 18       		.byte	0x18
 981 0476 80040000 		.4byte	0x480
 982 047a 15       		.uleb128 0x15
 983 047b A6000000 		.4byte	0xa6
 984 047f 00       		.byte	0
 985 0480 14       		.uleb128 0x14
 986 0481 06010000 		.4byte	.LASF27
 987 0485 09       		.byte	0x9
 988 0486 18       		.byte	0x18
 989 0487 91040000 		.4byte	0x491
 990 048b 15       		.uleb128 0x15
 991 048c A6000000 		.4byte	0xa6
 992 0490 00       		.byte	0
 993 0491 14       		.uleb128 0x14
 994 0492 01020000 		.4byte	.LASF28
 995 0496 0A       		.byte	0xa
 996 0497 1D       		.byte	0x1d
 997 0498 A2040000 		.4byte	0x4a2
 998 049c 15       		.uleb128 0x15
 999 049d 6B000000 		.4byte	0x6b
 1000 04a1 00       		.byte	0
 1001 04a2 14       		.uleb128 0x14
 1002 04a3 80010000 		.4byte	.LASF29
 1003 04a7 0B       		.byte	0xb
 1004 04a8 1D       		.byte	0x1d
 1005 04a9 B3040000 		.4byte	0x4b3
 1006 04ad 15       		.uleb128 0x15
 1007 04ae 6B000000 		.4byte	0x6b
 1008 04b2 00       		.byte	0
ARM GAS  C:\Users\Admin\AppData\Local\Temp\cc3U9vtI.s 			page 22


 1009 04b3 14       		.uleb128 0x14
 1010 04b4 31020000 		.4byte	.LASF30
 1011 04b8 0C       		.byte	0xc
 1012 04b9 1D       		.byte	0x1d
 1013 04ba C4040000 		.4byte	0x4c4
 1014 04be 15       		.uleb128 0x15
 1015 04bf 6B000000 		.4byte	0x6b
 1016 04c3 00       		.byte	0
 1017 04c4 17       		.uleb128 0x17
 1018 04c5 25010000 		.4byte	.LASF32
 1019 04c9 0D       		.byte	0xd
 1020 04ca 38       		.byte	0x38
 1021 04cb 14       		.uleb128 0x14
 1022 04cc 81020000 		.4byte	.LASF33
 1023 04d0 0D       		.byte	0xd
 1024 04d1 3A       		.byte	0x3a
 1025 04d2 DC040000 		.4byte	0x4dc
 1026 04d6 15       		.uleb128 0x15
 1027 04d7 6B000000 		.4byte	0x6b
 1028 04db 00       		.byte	0
 1029 04dc 18       		.uleb128 0x18
 1030 04dd 60020000 		.4byte	.LASF45
 1031 04e1 0F       		.byte	0xf
 1032 04e2 2F       		.byte	0x2f
 1033 04e3 C6000000 		.4byte	0xc6
 1034 04e7 F1040000 		.4byte	0x4f1
 1035 04eb 15       		.uleb128 0x15
 1036 04ec F1040000 		.4byte	0x4f1
 1037 04f0 00       		.byte	0
 1038 04f1 07       		.uleb128 0x7
 1039 04f2 04       		.byte	0x4
 1040 04f3 C6000000 		.4byte	0xc6
 1041 04f7 14       		.uleb128 0x14
 1042 04f8 C1010000 		.4byte	.LASF34
 1043 04fc 06       		.byte	0x6
 1044 04fd 82       		.byte	0x82
 1045 04fe 08050000 		.4byte	0x508
 1046 0502 15       		.uleb128 0x15
 1047 0503 64000000 		.4byte	0x64
 1048 0507 00       		.byte	0
 1049 0508 17       		.uleb128 0x17
 1050 0509 EE020000 		.4byte	.LASF35
 1051 050d 05       		.byte	0x5
 1052 050e 92       		.byte	0x92
 1053 050f 14       		.uleb128 0x14
 1054 0510 00000000 		.4byte	.LASF36
 1055 0514 0D       		.byte	0xd
 1056 0515 3D       		.byte	0x3d
 1057 0516 25050000 		.4byte	0x525
 1058 051a 15       		.uleb128 0x15
 1059 051b 6B000000 		.4byte	0x6b
 1060 051f 15       		.uleb128 0x15
 1061 0520 6B000000 		.4byte	0x6b
 1062 0524 00       		.byte	0
 1063 0525 14       		.uleb128 0x14
 1064 0526 97020000 		.4byte	.LASF37
 1065 052a 0D       		.byte	0xd
ARM GAS  C:\Users\Admin\AppData\Local\Temp\cc3U9vtI.s 			page 23


 1066 052b 3C       		.byte	0x3c
 1067 052c 36050000 		.4byte	0x536
 1068 0530 15       		.uleb128 0x15
 1069 0531 36050000 		.4byte	0x536
 1070 0535 00       		.byte	0
 1071 0536 07       		.uleb128 0x7
 1072 0537 04       		.byte	0x4
 1073 0538 3C050000 		.4byte	0x53c
 1074 053c 12       		.uleb128 0x12
 1075 053d 8F000000 		.4byte	0x8f
 1076 0541 17       		.uleb128 0x17
 1077 0542 1C000000 		.4byte	.LASF38
 1078 0546 0E       		.byte	0xe
 1079 0547 1C       		.byte	0x1c
 1080 0548 19       		.uleb128 0x19
 1081 0549 E6020000 		.4byte	.LASF46
 1082 054d 10       		.byte	0x10
 1083 054e 7B       		.byte	0x7b
 1084 054f 15       		.uleb128 0x15
 1085 0550 76000000 		.4byte	0x76
 1086 0554 00       		.byte	0
 1087 0555 00       		.byte	0
 1088              		.section	.debug_abbrev,"",%progbits
 1089              	.Ldebug_abbrev0:
 1090 0000 01       		.uleb128 0x1
 1091 0001 11       		.uleb128 0x11
 1092 0002 01       		.byte	0x1
 1093 0003 25       		.uleb128 0x25
 1094 0004 0E       		.uleb128 0xe
 1095 0005 13       		.uleb128 0x13
 1096 0006 0B       		.uleb128 0xb
 1097 0007 03       		.uleb128 0x3
 1098 0008 0E       		.uleb128 0xe
 1099 0009 1B       		.uleb128 0x1b
 1100 000a 0E       		.uleb128 0xe
 1101 000b 55       		.uleb128 0x55
 1102 000c 17       		.uleb128 0x17
 1103 000d 11       		.uleb128 0x11
 1104 000e 01       		.uleb128 0x1
 1105 000f 10       		.uleb128 0x10
 1106 0010 17       		.uleb128 0x17
 1107 0011 00       		.byte	0
 1108 0012 00       		.byte	0
 1109 0013 02       		.uleb128 0x2
 1110 0014 24       		.uleb128 0x24
 1111 0015 00       		.byte	0
 1112 0016 0B       		.uleb128 0xb
 1113 0017 0B       		.uleb128 0xb
 1114 0018 3E       		.uleb128 0x3e
 1115 0019 0B       		.uleb128 0xb
 1116 001a 03       		.uleb128 0x3
 1117 001b 0E       		.uleb128 0xe
 1118 001c 00       		.byte	0
 1119 001d 00       		.byte	0
 1120 001e 03       		.uleb128 0x3
 1121 001f 24       		.uleb128 0x24
 1122 0020 00       		.byte	0
ARM GAS  C:\Users\Admin\AppData\Local\Temp\cc3U9vtI.s 			page 24


 1123 0021 0B       		.uleb128 0xb
 1124 0022 0B       		.uleb128 0xb
 1125 0023 3E       		.uleb128 0x3e
 1126 0024 0B       		.uleb128 0xb
 1127 0025 03       		.uleb128 0x3
 1128 0026 08       		.uleb128 0x8
 1129 0027 00       		.byte	0
 1130 0028 00       		.byte	0
 1131 0029 04       		.uleb128 0x4
 1132 002a 16       		.uleb128 0x16
 1133 002b 00       		.byte	0
 1134 002c 03       		.uleb128 0x3
 1135 002d 0E       		.uleb128 0xe
 1136 002e 3A       		.uleb128 0x3a
 1137 002f 0B       		.uleb128 0xb
 1138 0030 3B       		.uleb128 0x3b
 1139 0031 0B       		.uleb128 0xb
 1140 0032 49       		.uleb128 0x49
 1141 0033 13       		.uleb128 0x13
 1142 0034 00       		.byte	0
 1143 0035 00       		.byte	0
 1144 0036 05       		.uleb128 0x5
 1145 0037 35       		.uleb128 0x35
 1146 0038 00       		.byte	0
 1147 0039 49       		.uleb128 0x49
 1148 003a 13       		.uleb128 0x13
 1149 003b 00       		.byte	0
 1150 003c 00       		.byte	0
 1151 003d 06       		.uleb128 0x6
 1152 003e 16       		.uleb128 0x16
 1153 003f 00       		.byte	0
 1154 0040 03       		.uleb128 0x3
 1155 0041 0E       		.uleb128 0xe
 1156 0042 3A       		.uleb128 0x3a
 1157 0043 0B       		.uleb128 0xb
 1158 0044 3B       		.uleb128 0x3b
 1159 0045 05       		.uleb128 0x5
 1160 0046 49       		.uleb128 0x49
 1161 0047 13       		.uleb128 0x13
 1162 0048 00       		.byte	0
 1163 0049 00       		.byte	0
 1164 004a 07       		.uleb128 0x7
 1165 004b 0F       		.uleb128 0xf
 1166 004c 00       		.byte	0
 1167 004d 0B       		.uleb128 0xb
 1168 004e 0B       		.uleb128 0xb
 1169 004f 49       		.uleb128 0x49
 1170 0050 13       		.uleb128 0x13
 1171 0051 00       		.byte	0
 1172 0052 00       		.byte	0
 1173 0053 08       		.uleb128 0x8
 1174 0054 15       		.uleb128 0x15
 1175 0055 00       		.byte	0
 1176 0056 27       		.uleb128 0x27
 1177 0057 19       		.uleb128 0x19
 1178 0058 00       		.byte	0
 1179 0059 00       		.byte	0
ARM GAS  C:\Users\Admin\AppData\Local\Temp\cc3U9vtI.s 			page 25


 1180 005a 09       		.uleb128 0x9
 1181 005b 2E       		.uleb128 0x2e
 1182 005c 01       		.byte	0x1
 1183 005d 3F       		.uleb128 0x3f
 1184 005e 19       		.uleb128 0x19
 1185 005f 03       		.uleb128 0x3
 1186 0060 0E       		.uleb128 0xe
 1187 0061 3A       		.uleb128 0x3a
 1188 0062 0B       		.uleb128 0xb
 1189 0063 3B       		.uleb128 0x3b
 1190 0064 0B       		.uleb128 0xb
 1191 0065 27       		.uleb128 0x27
 1192 0066 19       		.uleb128 0x19
 1193 0067 11       		.uleb128 0x11
 1194 0068 01       		.uleb128 0x1
 1195 0069 12       		.uleb128 0x12
 1196 006a 06       		.uleb128 0x6
 1197 006b 40       		.uleb128 0x40
 1198 006c 18       		.uleb128 0x18
 1199 006d 9742     		.uleb128 0x2117
 1200 006f 19       		.uleb128 0x19
 1201 0070 01       		.uleb128 0x1
 1202 0071 13       		.uleb128 0x13
 1203 0072 00       		.byte	0
 1204 0073 00       		.byte	0
 1205 0074 0A       		.uleb128 0xa
 1206 0075 898201   		.uleb128 0x4109
 1207 0078 01       		.byte	0x1
 1208 0079 11       		.uleb128 0x11
 1209 007a 01       		.uleb128 0x1
 1210 007b 31       		.uleb128 0x31
 1211 007c 13       		.uleb128 0x13
 1212 007d 01       		.uleb128 0x1
 1213 007e 13       		.uleb128 0x13
 1214 007f 00       		.byte	0
 1215 0080 00       		.byte	0
 1216 0081 0B       		.uleb128 0xb
 1217 0082 8A8201   		.uleb128 0x410a
 1218 0085 00       		.byte	0
 1219 0086 02       		.uleb128 0x2
 1220 0087 18       		.uleb128 0x18
 1221 0088 9142     		.uleb128 0x2111
 1222 008a 18       		.uleb128 0x18
 1223 008b 00       		.byte	0
 1224 008c 00       		.byte	0
 1225 008d 0C       		.uleb128 0xc
 1226 008e 898201   		.uleb128 0x4109
 1227 0091 00       		.byte	0
 1228 0092 11       		.uleb128 0x11
 1229 0093 01       		.uleb128 0x1
 1230 0094 31       		.uleb128 0x31
 1231 0095 13       		.uleb128 0x13
 1232 0096 00       		.byte	0
 1233 0097 00       		.byte	0
 1234 0098 0D       		.uleb128 0xd
 1235 0099 2E       		.uleb128 0x2e
 1236 009a 01       		.byte	0x1
ARM GAS  C:\Users\Admin\AppData\Local\Temp\cc3U9vtI.s 			page 26


 1237 009b 3F       		.uleb128 0x3f
 1238 009c 19       		.uleb128 0x19
 1239 009d 03       		.uleb128 0x3
 1240 009e 0E       		.uleb128 0xe
 1241 009f 3A       		.uleb128 0x3a
 1242 00a0 0B       		.uleb128 0xb
 1243 00a1 3B       		.uleb128 0x3b
 1244 00a2 0B       		.uleb128 0xb
 1245 00a3 49       		.uleb128 0x49
 1246 00a4 13       		.uleb128 0x13
 1247 00a5 11       		.uleb128 0x11
 1248 00a6 01       		.uleb128 0x1
 1249 00a7 12       		.uleb128 0x12
 1250 00a8 06       		.uleb128 0x6
 1251 00a9 40       		.uleb128 0x40
 1252 00aa 18       		.uleb128 0x18
 1253 00ab 9642     		.uleb128 0x2116
 1254 00ad 19       		.uleb128 0x19
 1255 00ae 01       		.uleb128 0x1
 1256 00af 13       		.uleb128 0x13
 1257 00b0 00       		.byte	0
 1258 00b1 00       		.byte	0
 1259 00b2 0E       		.uleb128 0xe
 1260 00b3 34       		.uleb128 0x34
 1261 00b4 00       		.byte	0
 1262 00b5 03       		.uleb128 0x3
 1263 00b6 0E       		.uleb128 0xe
 1264 00b7 3A       		.uleb128 0x3a
 1265 00b8 0B       		.uleb128 0xb
 1266 00b9 3B       		.uleb128 0x3b
 1267 00ba 0B       		.uleb128 0xb
 1268 00bb 49       		.uleb128 0x49
 1269 00bc 13       		.uleb128 0x13
 1270 00bd 02       		.uleb128 0x2
 1271 00be 17       		.uleb128 0x17
 1272 00bf 00       		.byte	0
 1273 00c0 00       		.byte	0
 1274 00c1 0F       		.uleb128 0xf
 1275 00c2 2E       		.uleb128 0x2e
 1276 00c3 01       		.byte	0x1
 1277 00c4 3F       		.uleb128 0x3f
 1278 00c5 19       		.uleb128 0x19
 1279 00c6 03       		.uleb128 0x3
 1280 00c7 0E       		.uleb128 0xe
 1281 00c8 3A       		.uleb128 0x3a
 1282 00c9 0B       		.uleb128 0xb
 1283 00ca 3B       		.uleb128 0x3b
 1284 00cb 0B       		.uleb128 0xb
 1285 00cc 49       		.uleb128 0x49
 1286 00cd 13       		.uleb128 0x13
 1287 00ce 11       		.uleb128 0x11
 1288 00cf 01       		.uleb128 0x1
 1289 00d0 12       		.uleb128 0x12
 1290 00d1 06       		.uleb128 0x6
 1291 00d2 40       		.uleb128 0x40
 1292 00d3 18       		.uleb128 0x18
 1293 00d4 9742     		.uleb128 0x2117
ARM GAS  C:\Users\Admin\AppData\Local\Temp\cc3U9vtI.s 			page 27


 1294 00d6 19       		.uleb128 0x19
 1295 00d7 01       		.uleb128 0x1
 1296 00d8 13       		.uleb128 0x13
 1297 00d9 00       		.byte	0
 1298 00da 00       		.byte	0
 1299 00db 10       		.uleb128 0x10
 1300 00dc 898201   		.uleb128 0x4109
 1301 00df 01       		.byte	0x1
 1302 00e0 11       		.uleb128 0x11
 1303 00e1 01       		.uleb128 0x1
 1304 00e2 31       		.uleb128 0x31
 1305 00e3 13       		.uleb128 0x13
 1306 00e4 00       		.byte	0
 1307 00e5 00       		.byte	0
 1308 00e6 11       		.uleb128 0x11
 1309 00e7 34       		.uleb128 0x34
 1310 00e8 00       		.byte	0
 1311 00e9 03       		.uleb128 0x3
 1312 00ea 0E       		.uleb128 0xe
 1313 00eb 3A       		.uleb128 0x3a
 1314 00ec 0B       		.uleb128 0xb
 1315 00ed 3B       		.uleb128 0x3b
 1316 00ee 0B       		.uleb128 0xb
 1317 00ef 49       		.uleb128 0x49
 1318 00f0 13       		.uleb128 0x13
 1319 00f1 00       		.byte	0
 1320 00f2 00       		.byte	0
 1321 00f3 12       		.uleb128 0x12
 1322 00f4 26       		.uleb128 0x26
 1323 00f5 00       		.byte	0
 1324 00f6 49       		.uleb128 0x49
 1325 00f7 13       		.uleb128 0x13
 1326 00f8 00       		.byte	0
 1327 00f9 00       		.byte	0
 1328 00fa 13       		.uleb128 0x13
 1329 00fb 34       		.uleb128 0x34
 1330 00fc 00       		.byte	0
 1331 00fd 03       		.uleb128 0x3
 1332 00fe 0E       		.uleb128 0xe
 1333 00ff 3A       		.uleb128 0x3a
 1334 0100 0B       		.uleb128 0xb
 1335 0101 3B       		.uleb128 0x3b
 1336 0102 0B       		.uleb128 0xb
 1337 0103 49       		.uleb128 0x49
 1338 0104 13       		.uleb128 0x13
 1339 0105 3F       		.uleb128 0x3f
 1340 0106 19       		.uleb128 0x19
 1341 0107 02       		.uleb128 0x2
 1342 0108 18       		.uleb128 0x18
 1343 0109 00       		.byte	0
 1344 010a 00       		.byte	0
 1345 010b 14       		.uleb128 0x14
 1346 010c 2E       		.uleb128 0x2e
 1347 010d 01       		.byte	0x1
 1348 010e 3F       		.uleb128 0x3f
 1349 010f 19       		.uleb128 0x19
 1350 0110 03       		.uleb128 0x3
ARM GAS  C:\Users\Admin\AppData\Local\Temp\cc3U9vtI.s 			page 28


 1351 0111 0E       		.uleb128 0xe
 1352 0112 3A       		.uleb128 0x3a
 1353 0113 0B       		.uleb128 0xb
 1354 0114 3B       		.uleb128 0x3b
 1355 0115 0B       		.uleb128 0xb
 1356 0116 27       		.uleb128 0x27
 1357 0117 19       		.uleb128 0x19
 1358 0118 3C       		.uleb128 0x3c
 1359 0119 19       		.uleb128 0x19
 1360 011a 01       		.uleb128 0x1
 1361 011b 13       		.uleb128 0x13
 1362 011c 00       		.byte	0
 1363 011d 00       		.byte	0
 1364 011e 15       		.uleb128 0x15
 1365 011f 05       		.uleb128 0x5
 1366 0120 00       		.byte	0
 1367 0121 49       		.uleb128 0x49
 1368 0122 13       		.uleb128 0x13
 1369 0123 00       		.byte	0
 1370 0124 00       		.byte	0
 1371 0125 16       		.uleb128 0x16
 1372 0126 2E       		.uleb128 0x2e
 1373 0127 00       		.byte	0
 1374 0128 3F       		.uleb128 0x3f
 1375 0129 19       		.uleb128 0x19
 1376 012a 03       		.uleb128 0x3
 1377 012b 0E       		.uleb128 0xe
 1378 012c 3A       		.uleb128 0x3a
 1379 012d 0B       		.uleb128 0xb
 1380 012e 3B       		.uleb128 0x3b
 1381 012f 0B       		.uleb128 0xb
 1382 0130 27       		.uleb128 0x27
 1383 0131 19       		.uleb128 0x19
 1384 0132 49       		.uleb128 0x49
 1385 0133 13       		.uleb128 0x13
 1386 0134 3C       		.uleb128 0x3c
 1387 0135 19       		.uleb128 0x19
 1388 0136 00       		.byte	0
 1389 0137 00       		.byte	0
 1390 0138 17       		.uleb128 0x17
 1391 0139 2E       		.uleb128 0x2e
 1392 013a 00       		.byte	0
 1393 013b 3F       		.uleb128 0x3f
 1394 013c 19       		.uleb128 0x19
 1395 013d 03       		.uleb128 0x3
 1396 013e 0E       		.uleb128 0xe
 1397 013f 3A       		.uleb128 0x3a
 1398 0140 0B       		.uleb128 0xb
 1399 0141 3B       		.uleb128 0x3b
 1400 0142 0B       		.uleb128 0xb
 1401 0143 27       		.uleb128 0x27
 1402 0144 19       		.uleb128 0x19
 1403 0145 3C       		.uleb128 0x3c
 1404 0146 19       		.uleb128 0x19
 1405 0147 00       		.byte	0
 1406 0148 00       		.byte	0
 1407 0149 18       		.uleb128 0x18
ARM GAS  C:\Users\Admin\AppData\Local\Temp\cc3U9vtI.s 			page 29


 1408 014a 2E       		.uleb128 0x2e
 1409 014b 01       		.byte	0x1
 1410 014c 3F       		.uleb128 0x3f
 1411 014d 19       		.uleb128 0x19
 1412 014e 03       		.uleb128 0x3
 1413 014f 0E       		.uleb128 0xe
 1414 0150 3A       		.uleb128 0x3a
 1415 0151 0B       		.uleb128 0xb
 1416 0152 3B       		.uleb128 0x3b
 1417 0153 0B       		.uleb128 0xb
 1418 0154 27       		.uleb128 0x27
 1419 0155 19       		.uleb128 0x19
 1420 0156 49       		.uleb128 0x49
 1421 0157 13       		.uleb128 0x13
 1422 0158 3C       		.uleb128 0x3c
 1423 0159 19       		.uleb128 0x19
 1424 015a 01       		.uleb128 0x1
 1425 015b 13       		.uleb128 0x13
 1426 015c 00       		.byte	0
 1427 015d 00       		.byte	0
 1428 015e 19       		.uleb128 0x19
 1429 015f 2E       		.uleb128 0x2e
 1430 0160 01       		.byte	0x1
 1431 0161 3F       		.uleb128 0x3f
 1432 0162 19       		.uleb128 0x19
 1433 0163 03       		.uleb128 0x3
 1434 0164 0E       		.uleb128 0xe
 1435 0165 3A       		.uleb128 0x3a
 1436 0166 0B       		.uleb128 0xb
 1437 0167 3B       		.uleb128 0x3b
 1438 0168 0B       		.uleb128 0xb
 1439 0169 27       		.uleb128 0x27
 1440 016a 19       		.uleb128 0x19
 1441 016b 3C       		.uleb128 0x3c
 1442 016c 19       		.uleb128 0x19
 1443 016d 00       		.byte	0
 1444 016e 00       		.byte	0
 1445 016f 00       		.byte	0
 1446              		.section	.debug_loc,"",%progbits
 1447              	.Ldebug_loc0:
 1448              	.LLST0:
 1449 0000 0E000000 		.4byte	.LVL6
 1450 0004 14000000 		.4byte	.LVL7
 1451 0008 0100     		.2byte	0x1
 1452 000a 51       		.byte	0x51
 1453 000b 14000000 		.4byte	.LVL7
 1454 000f 1C000000 		.4byte	.LVL8
 1455 0013 0300     		.2byte	0x3
 1456 0015 71       		.byte	0x71
 1457 0016 01       		.sleb128 1
 1458 0017 9F       		.byte	0x9f
 1459 0018 20000000 		.4byte	.LVL9
 1460 001c 22000000 		.4byte	.LVL10
 1461 0020 0300     		.2byte	0x3
 1462 0022 71       		.byte	0x71
 1463 0023 01       		.sleb128 1
 1464 0024 9F       		.byte	0x9f
ARM GAS  C:\Users\Admin\AppData\Local\Temp\cc3U9vtI.s 			page 30


 1465 0025 00000000 		.4byte	0
 1466 0029 00000000 		.4byte	0
 1467              		.section	.debug_aranges,"",%progbits
 1468 0000 34000000 		.4byte	0x34
 1469 0004 0200     		.2byte	0x2
 1470 0006 00000000 		.4byte	.Ldebug_info0
 1471 000a 04       		.byte	0x4
 1472 000b 00       		.byte	0
 1473 000c 0000     		.2byte	0
 1474 000e 0000     		.2byte	0
 1475 0010 00000000 		.4byte	.LFB33
 1476 0014 18000000 		.4byte	.LFE33-.LFB33
 1477 0018 00000000 		.4byte	.LFB34
 1478 001c 0C000000 		.4byte	.LFE34-.LFB34
 1479 0020 00000000 		.4byte	.LFB35
 1480 0024 2C000000 		.4byte	.LFE35-.LFB35
 1481 0028 00000000 		.4byte	.LFB36
 1482 002c 18010000 		.4byte	.LFE36-.LFB36
 1483 0030 00000000 		.4byte	0
 1484 0034 00000000 		.4byte	0
 1485              		.section	.debug_ranges,"",%progbits
 1486              	.Ldebug_ranges0:
 1487 0000 00000000 		.4byte	.LFB33
 1488 0004 18000000 		.4byte	.LFE33
 1489 0008 00000000 		.4byte	.LFB34
 1490 000c 0C000000 		.4byte	.LFE34
 1491 0010 00000000 		.4byte	.LFB35
 1492 0014 2C000000 		.4byte	.LFE35
 1493 0018 00000000 		.4byte	.LFB36
 1494 001c 18010000 		.4byte	.LFE36
 1495 0020 00000000 		.4byte	0
 1496 0024 00000000 		.4byte	0
 1497              		.section	.debug_line,"",%progbits
 1498              	.Ldebug_line0:
 1499 0000 4C020000 		.section	.debug_str,"MS",%progbits,1
 1499      0200D601 
 1499      00000201 
 1499      FB0E0D00 
 1499      01010101 
 1500              	.LASF36:
 1501 0000 4C43445F 		.ascii	"LCD_Char_Position\000"
 1501      43686172 
 1501      5F506F73 
 1501      6974696F 
 1501      6E00
 1502              	.LASF25:
 1503 0012 4C45445F 		.ascii	"LED_Write\000"
 1503      57726974 
 1503      6500
 1504              	.LASF38:
 1505 001c 43795379 		.ascii	"CySysPmSleep\000"
 1505      73506D53 
 1505      6C656570 
 1505      00
 1506              	.LASF19:
 1507 0029 50574D5F 		.ascii	"PWM_Handler\000"
 1507      48616E64 
ARM GAS  C:\Users\Admin\AppData\Local\Temp\cc3U9vtI.s 			page 31


 1507      6C657200 
 1508              	.LASF41:
 1509 0035 433A5C55 		.ascii	"C:\\Users\\Admin\\Desktop\\IR LCD\\IR_LCD\\IR_LCD.c"
 1509      73657273 
 1509      5C41646D 
 1509      696E5C44 
 1509      65736B74 
 1510 0062 7964736E 		.ascii	"ydsn\000"
 1510      00
 1511              	.LASF3:
 1512 0067 73686F72 		.ascii	"short unsigned int\000"
 1512      7420756E 
 1512      7369676E 
 1512      65642069 
 1512      6E7400
 1513              	.LASF39:
 1514 007a 474E5520 		.ascii	"GNU C 4.8.4 20140526 (release) [ARM/embedded-4_8-br"
 1514      4320342E 
 1514      382E3420 
 1514      32303134 
 1514      30353236 
 1515 00ad 616E6368 		.ascii	"anch revision 211358] -mcpu=cortex-m0 -mthumb -g -O"
 1515      20726576 
 1515      6973696F 
 1515      6E203231 
 1515      31333538 
 1516 00e0 73202D66 		.ascii	"s -ffunction-sections\000"
 1516      66756E63 
 1516      74696F6E 
 1516      2D736563 
 1516      74696F6E 
 1517              	.LASF11:
 1518 00f6 666C6F61 		.ascii	"float\000"
 1518      7400
 1519              	.LASF44:
 1520 00fc 73686F77 		.ascii	"show_flag\000"
 1520      5F666C61 
 1520      6700
 1521              	.LASF27:
 1522 0106 50574D5F 		.ascii	"PWM_Int_StartEx\000"
 1522      496E745F 
 1522      53746172 
 1522      74457800 
 1523              	.LASF26:
 1524 0116 49525F49 		.ascii	"IR_Int_StartEx\000"
 1524      6E745F53 
 1524      74617274 
 1524      457800
 1525              	.LASF32:
 1526 0125 4C43445F 		.ascii	"LCD_Char_Start\000"
 1526      43686172 
 1526      5F537461 
 1526      727400
 1527              	.LASF13:
 1528 0134 63686172 		.ascii	"char8\000"
 1528      3800
 1529              	.LASF42:
ARM GAS  C:\Users\Admin\AppData\Local\Temp\cc3U9vtI.s 			page 32


 1530 013a 71756F74 		.ascii	"quote_num\000"
 1530      655F6E75 
 1530      6D00
 1531              	.LASF5:
 1532 0144 6C6F6E67 		.ascii	"long unsigned int\000"
 1532      20756E73 
 1532      69676E65 
 1532      6420696E 
 1532      7400
 1533              	.LASF9:
 1534 0156 75696E74 		.ascii	"uint8\000"
 1534      3800
 1535              	.LASF43:
 1536 015c 6C617374 		.ascii	"last_quote_num\000"
 1536      5F71756F 
 1536      74655F6E 
 1536      756D00
 1537              	.LASF31:
 1538 016b 50574D5F 		.ascii	"PWM_Int_ClearPending\000"
 1538      496E745F 
 1538      436C6561 
 1538      7250656E 
 1538      64696E67 
 1539              	.LASF29:
 1540 0180 4261636B 		.ascii	"Back_Light_On_N_Write\000"
 1540      5F4C6967 
 1540      68745F4F 
 1540      6E5F4E5F 
 1540      57726974 
 1541              	.LASF1:
 1542 0196 756E7369 		.ascii	"unsigned char\000"
 1542      676E6564 
 1542      20636861 
 1542      7200
 1543              	.LASF22:
 1544 01a4 49525F52 		.ascii	"IR_REC_ClearInterrupt\000"
 1544      45435F43 
 1544      6C656172 
 1544      496E7465 
 1544      72727570 
 1545              	.LASF12:
 1546 01ba 646F7562 		.ascii	"double\000"
 1546      6C6500
 1547              	.LASF34:
 1548 01c1 7372616E 		.ascii	"srand\000"
 1548      6400
 1549              	.LASF40:
 1550 01c7 2E5C6D61 		.ascii	".\\main.c\000"
 1550      696E2E63 
 1550      00
 1551              	.LASF10:
 1552 01d0 75696E74 		.ascii	"uint32\000"
 1552      333200
 1553              	.LASF23:
 1554 01d7 50574D5F 		.ascii	"PWM_Timer_ReadStatusRegister\000"
 1554      54696D65 
 1554      725F5265 
ARM GAS  C:\Users\Admin\AppData\Local\Temp\cc3U9vtI.s 			page 33


 1554      61645374 
 1554      61747573 
 1555              	.LASF8:
 1556 01f4 756E7369 		.ascii	"unsigned int\000"
 1556      676E6564 
 1556      20696E74 
 1556      00
 1557              	.LASF28:
 1558 0201 506F7765 		.ascii	"Power_Up_LCD_Pin_1_Write\000"
 1558      725F5570 
 1558      5F4C4344 
 1558      5F50696E 
 1558      5F315F57 
 1559              	.LASF7:
 1560 021a 6C6F6E67 		.ascii	"long long unsigned int\000"
 1560      206C6F6E 
 1560      6720756E 
 1560      7369676E 
 1560      65642069 
 1561              	.LASF30:
 1562 0231 4261636B 		.ascii	"Back_Light_On_P_Write\000"
 1562      5F4C6967 
 1562      68745F4F 
 1562      6E5F505F 
 1562      57726974 
 1563              	.LASF17:
 1564 0247 74696D65 		.ascii	"time_t\000"
 1564      5F7400
 1565              	.LASF15:
 1566 024e 63796973 		.ascii	"cyisraddress\000"
 1566      72616464 
 1566      72657373 
 1566      00
 1567              	.LASF21:
 1568 025b 6D61696E 		.ascii	"main\000"
 1568      00
 1569              	.LASF45:
 1570 0260 74696D65 		.ascii	"time\000"
 1570      00
 1571              	.LASF16:
 1572 0265 73697A65 		.ascii	"sizetype\000"
 1572      74797065 
 1572      00
 1573              	.LASF6:
 1574 026e 6C6F6E67 		.ascii	"long long int\000"
 1574      206C6F6E 
 1574      6720696E 
 1574      7400
 1575              	.LASF14:
 1576 027c 63686172 		.ascii	"char\000"
 1576      00
 1577              	.LASF33:
 1578 0281 4C43445F 		.ascii	"LCD_Char_WriteControl\000"
 1578      43686172 
 1578      5F577269 
 1578      7465436F 
 1578      6E74726F 
ARM GAS  C:\Users\Admin\AppData\Local\Temp\cc3U9vtI.s 			page 34


 1579              	.LASF37:
 1580 0297 4C43445F 		.ascii	"LCD_Char_PrintString\000"
 1580      43686172 
 1580      5F507269 
 1580      6E745374 
 1580      72696E67 
 1581              	.LASF20:
 1582 02ac 6765745F 		.ascii	"get_mario_quote\000"
 1582      6D617269 
 1582      6F5F7175 
 1582      6F746500 
 1583              	.LASF2:
 1584 02bc 73686F72 		.ascii	"short int\000"
 1584      7420696E 
 1584      7400
 1585              	.LASF4:
 1586 02c6 6C6F6E67 		.ascii	"long int\000"
 1586      20696E74 
 1586      00
 1587              	.LASF0:
 1588 02cf 7369676E 		.ascii	"signed char\000"
 1588      65642063 
 1588      68617200 
 1589              	.LASF18:
 1590 02db 49525F48 		.ascii	"IR_Handler\000"
 1590      616E646C 
 1590      657200
 1591              	.LASF46:
 1592 02e6 43794465 		.ascii	"CyDelay\000"
 1592      6C617900 
 1593              	.LASF35:
 1594 02ee 50574D5F 		.ascii	"PWM_Timer_Start\000"
 1594      54696D65 
 1594      725F5374 
 1594      61727400 
 1595              	.LASF24:
 1596 02fe 72616E64 		.ascii	"rand\000"
 1596      00
 1597              		.ident	"GCC: (GNU Tools for ARM Embedded Processors) 4.8.4 20140526 (release) [ARM/embedded-4_8-br
