ARM GAS  C:\Users\Admin\AppData\Local\Temp\ccV9setc.s 			page 1


   1              		.cpu cortex-m0
   2              		.fpu softvfp
   3              		.eabi_attribute 20, 1
   4              		.eabi_attribute 21, 1
   5              		.eabi_attribute 23, 3
   6              		.eabi_attribute 24, 1
   7              		.eabi_attribute 25, 1
   8              		.eabi_attribute 26, 1
   9              		.eabi_attribute 30, 4
  10              		.eabi_attribute 34, 0
  11              		.eabi_attribute 18, 4
  12              		.code	16
  13              		.file	"PWM_Timer_PM.c"
  14              		.text
  15              	.Ltext0:
  16              		.cfi_sections	.debug_frame
  17              		.section	.text.PWM_Timer_SaveConfig,"ax",%progbits
  18              		.align	1
  19              		.global	PWM_Timer_SaveConfig
  20              		.code	16
  21              		.thumb_func
  22              		.type	PWM_Timer_SaveConfig, %function
  23              	PWM_Timer_SaveConfig:
  24              	.LFB0:
  25              		.file 1 ".\\Generated_Source\\PSoC4\\PWM_Timer_PM.c"
   1:.\Generated_Source\PSoC4/PWM_Timer_PM.c **** /*******************************************************************************
   2:.\Generated_Source\PSoC4/PWM_Timer_PM.c **** * File Name: PWM_Timer_PM.c
   3:.\Generated_Source\PSoC4/PWM_Timer_PM.c **** * Version 3.10
   4:.\Generated_Source\PSoC4/PWM_Timer_PM.c **** *
   5:.\Generated_Source\PSoC4/PWM_Timer_PM.c **** * Description:
   6:.\Generated_Source\PSoC4/PWM_Timer_PM.c **** *  This file provides the power management source code to API for the
   7:.\Generated_Source\PSoC4/PWM_Timer_PM.c **** *  PWM.
   8:.\Generated_Source\PSoC4/PWM_Timer_PM.c **** *
   9:.\Generated_Source\PSoC4/PWM_Timer_PM.c **** * Note:
  10:.\Generated_Source\PSoC4/PWM_Timer_PM.c **** *
  11:.\Generated_Source\PSoC4/PWM_Timer_PM.c **** ********************************************************************************
  12:.\Generated_Source\PSoC4/PWM_Timer_PM.c **** * Copyright 2008-2014, Cypress Semiconductor Corporation.  All rights reserved.
  13:.\Generated_Source\PSoC4/PWM_Timer_PM.c **** * You may use this file only in accordance with the license, terms, conditions,
  14:.\Generated_Source\PSoC4/PWM_Timer_PM.c **** * disclaimers, and limitations in the end user license agreement accompanying
  15:.\Generated_Source\PSoC4/PWM_Timer_PM.c **** * the software package with which this file was provided.
  16:.\Generated_Source\PSoC4/PWM_Timer_PM.c **** *******************************************************************************/
  17:.\Generated_Source\PSoC4/PWM_Timer_PM.c **** 
  18:.\Generated_Source\PSoC4/PWM_Timer_PM.c **** #include "PWM_Timer.h"
  19:.\Generated_Source\PSoC4/PWM_Timer_PM.c **** 
  20:.\Generated_Source\PSoC4/PWM_Timer_PM.c **** static PWM_Timer_backupStruct PWM_Timer_backup;
  21:.\Generated_Source\PSoC4/PWM_Timer_PM.c **** 
  22:.\Generated_Source\PSoC4/PWM_Timer_PM.c **** 
  23:.\Generated_Source\PSoC4/PWM_Timer_PM.c **** /*******************************************************************************
  24:.\Generated_Source\PSoC4/PWM_Timer_PM.c **** * Function Name: PWM_Timer_SaveConfig
  25:.\Generated_Source\PSoC4/PWM_Timer_PM.c **** ********************************************************************************
  26:.\Generated_Source\PSoC4/PWM_Timer_PM.c **** *
  27:.\Generated_Source\PSoC4/PWM_Timer_PM.c **** * Summary:
  28:.\Generated_Source\PSoC4/PWM_Timer_PM.c **** *  Saves the current user configuration of the component.
  29:.\Generated_Source\PSoC4/PWM_Timer_PM.c **** *
  30:.\Generated_Source\PSoC4/PWM_Timer_PM.c **** * Parameters:
  31:.\Generated_Source\PSoC4/PWM_Timer_PM.c **** *  None
  32:.\Generated_Source\PSoC4/PWM_Timer_PM.c **** *
ARM GAS  C:\Users\Admin\AppData\Local\Temp\ccV9setc.s 			page 2


  33:.\Generated_Source\PSoC4/PWM_Timer_PM.c **** * Return:
  34:.\Generated_Source\PSoC4/PWM_Timer_PM.c **** *  None
  35:.\Generated_Source\PSoC4/PWM_Timer_PM.c **** *
  36:.\Generated_Source\PSoC4/PWM_Timer_PM.c **** * Global variables:
  37:.\Generated_Source\PSoC4/PWM_Timer_PM.c **** *  PWM_Timer_backup:  Variables of this global structure are modified to
  38:.\Generated_Source\PSoC4/PWM_Timer_PM.c **** *  store the values of non retention configuration registers when Sleep() API is
  39:.\Generated_Source\PSoC4/PWM_Timer_PM.c **** *  called.
  40:.\Generated_Source\PSoC4/PWM_Timer_PM.c **** *
  41:.\Generated_Source\PSoC4/PWM_Timer_PM.c **** *******************************************************************************/
  42:.\Generated_Source\PSoC4/PWM_Timer_PM.c **** void PWM_Timer_SaveConfig(void) 
  43:.\Generated_Source\PSoC4/PWM_Timer_PM.c **** {
  26              		.loc 1 43 0
  27              		.cfi_startproc
  28 0000 10B5     		push	{r4, lr}
  29              		.cfi_def_cfa_offset 8
  30              		.cfi_offset 4, -8
  31              		.cfi_offset 14, -4
  44:.\Generated_Source\PSoC4/PWM_Timer_PM.c **** 
  45:.\Generated_Source\PSoC4/PWM_Timer_PM.c ****     #if(!PWM_Timer_UsingFixedFunction)
  46:.\Generated_Source\PSoC4/PWM_Timer_PM.c ****         #if(!PWM_Timer_PWMModeIsCenterAligned)
  47:.\Generated_Source\PSoC4/PWM_Timer_PM.c ****             PWM_Timer_backup.PWMPeriod = PWM_Timer_ReadPeriod();
  32              		.loc 1 47 0
  33 0002 FFF7FEFF 		bl	PWM_Timer_ReadPeriod
  34              	.LVL0:
  35 0006 064C     		ldr	r4, .L2
  48:.\Generated_Source\PSoC4/PWM_Timer_PM.c ****         #endif /* (!PWM_Timer_PWMModeIsCenterAligned) */
  49:.\Generated_Source\PSoC4/PWM_Timer_PM.c ****         PWM_Timer_backup.PWMUdb = PWM_Timer_ReadCounter();
  50:.\Generated_Source\PSoC4/PWM_Timer_PM.c ****         #if (PWM_Timer_UseStatus)
  51:.\Generated_Source\PSoC4/PWM_Timer_PM.c ****             PWM_Timer_backup.InterruptMaskValue = PWM_Timer_STATUS_MASK;
  52:.\Generated_Source\PSoC4/PWM_Timer_PM.c ****         #endif /* (PWM_Timer_UseStatus) */
  53:.\Generated_Source\PSoC4/PWM_Timer_PM.c **** 
  54:.\Generated_Source\PSoC4/PWM_Timer_PM.c ****         #if(PWM_Timer_DeadBandMode == PWM_Timer__B_PWM__DBM_256_CLOCKS || \
  55:.\Generated_Source\PSoC4/PWM_Timer_PM.c ****             PWM_Timer_DeadBandMode == PWM_Timer__B_PWM__DBM_2_4_CLOCKS)
  56:.\Generated_Source\PSoC4/PWM_Timer_PM.c ****             PWM_Timer_backup.PWMdeadBandValue = PWM_Timer_ReadDeadTime();
  57:.\Generated_Source\PSoC4/PWM_Timer_PM.c ****         #endif /*  deadband count is either 2-4 clocks or 256 clocks */
  58:.\Generated_Source\PSoC4/PWM_Timer_PM.c **** 
  59:.\Generated_Source\PSoC4/PWM_Timer_PM.c ****         #if(PWM_Timer_KillModeMinTime)
  60:.\Generated_Source\PSoC4/PWM_Timer_PM.c ****              PWM_Timer_backup.PWMKillCounterPeriod = PWM_Timer_ReadKillTime();
  61:.\Generated_Source\PSoC4/PWM_Timer_PM.c ****         #endif /* (PWM_Timer_KillModeMinTime) */
  62:.\Generated_Source\PSoC4/PWM_Timer_PM.c **** 
  63:.\Generated_Source\PSoC4/PWM_Timer_PM.c ****         #if(PWM_Timer_UseControl)
  64:.\Generated_Source\PSoC4/PWM_Timer_PM.c ****             PWM_Timer_backup.PWMControlRegister = PWM_Timer_ReadControlRegister();
  65:.\Generated_Source\PSoC4/PWM_Timer_PM.c ****         #endif /* (PWM_Timer_UseControl) */
  66:.\Generated_Source\PSoC4/PWM_Timer_PM.c ****     #endif  /* (!PWM_Timer_UsingFixedFunction) */
  67:.\Generated_Source\PSoC4/PWM_Timer_PM.c **** }
  36              		.loc 1 67 0
  37              		@ sp needed
  47:.\Generated_Source\PSoC4/PWM_Timer_PM.c ****             PWM_Timer_backup.PWMPeriod = PWM_Timer_ReadPeriod();
  38              		.loc 1 47 0
  39 0008 A080     		strh	r0, [r4, #4]
  49:.\Generated_Source\PSoC4/PWM_Timer_PM.c ****         PWM_Timer_backup.PWMUdb = PWM_Timer_ReadCounter();
  40              		.loc 1 49 0
  41 000a FFF7FEFF 		bl	PWM_Timer_ReadCounter
  42              	.LVL1:
  51:.\Generated_Source\PSoC4/PWM_Timer_PM.c ****             PWM_Timer_backup.InterruptMaskValue = PWM_Timer_STATUS_MASK;
  43              		.loc 1 51 0
  44 000e 054B     		ldr	r3, .L2+4
ARM GAS  C:\Users\Admin\AppData\Local\Temp\ccV9setc.s 			page 3


  49:.\Generated_Source\PSoC4/PWM_Timer_PM.c ****         PWM_Timer_backup.PWMUdb = PWM_Timer_ReadCounter();
  45              		.loc 1 49 0
  46 0010 6080     		strh	r0, [r4, #2]
  51:.\Generated_Source\PSoC4/PWM_Timer_PM.c ****             PWM_Timer_backup.InterruptMaskValue = PWM_Timer_STATUS_MASK;
  47              		.loc 1 51 0
  48 0012 1B78     		ldrb	r3, [r3]
  49 0014 A371     		strb	r3, [r4, #6]
  64:.\Generated_Source\PSoC4/PWM_Timer_PM.c ****             PWM_Timer_backup.PWMControlRegister = PWM_Timer_ReadControlRegister();
  50              		.loc 1 64 0
  51 0016 FFF7FEFF 		bl	PWM_Timer_ReadControlRegister
  52              	.LVL2:
  53 001a E071     		strb	r0, [r4, #7]
  54              		.loc 1 67 0
  55 001c 10BD     		pop	{r4, pc}
  56              	.L3:
  57 001e C046     		.align	2
  58              	.L2:
  59 0020 00000000 		.word	.LANCHOR0
  60 0024 83000F40 		.word	1074724995
  61              		.cfi_endproc
  62              	.LFE0:
  63              		.size	PWM_Timer_SaveConfig, .-PWM_Timer_SaveConfig
  64              		.section	.text.PWM_Timer_RestoreConfig,"ax",%progbits
  65              		.align	1
  66              		.global	PWM_Timer_RestoreConfig
  67              		.code	16
  68              		.thumb_func
  69              		.type	PWM_Timer_RestoreConfig, %function
  70              	PWM_Timer_RestoreConfig:
  71              	.LFB1:
  68:.\Generated_Source\PSoC4/PWM_Timer_PM.c **** 
  69:.\Generated_Source\PSoC4/PWM_Timer_PM.c **** 
  70:.\Generated_Source\PSoC4/PWM_Timer_PM.c **** /*******************************************************************************
  71:.\Generated_Source\PSoC4/PWM_Timer_PM.c **** * Function Name: PWM_Timer_RestoreConfig
  72:.\Generated_Source\PSoC4/PWM_Timer_PM.c **** ********************************************************************************
  73:.\Generated_Source\PSoC4/PWM_Timer_PM.c **** *
  74:.\Generated_Source\PSoC4/PWM_Timer_PM.c **** * Summary:
  75:.\Generated_Source\PSoC4/PWM_Timer_PM.c **** *  Restores the current user configuration of the component.
  76:.\Generated_Source\PSoC4/PWM_Timer_PM.c **** *
  77:.\Generated_Source\PSoC4/PWM_Timer_PM.c **** * Parameters:
  78:.\Generated_Source\PSoC4/PWM_Timer_PM.c **** *  None
  79:.\Generated_Source\PSoC4/PWM_Timer_PM.c **** *
  80:.\Generated_Source\PSoC4/PWM_Timer_PM.c **** * Return:
  81:.\Generated_Source\PSoC4/PWM_Timer_PM.c **** *  None
  82:.\Generated_Source\PSoC4/PWM_Timer_PM.c **** *
  83:.\Generated_Source\PSoC4/PWM_Timer_PM.c **** * Global variables:
  84:.\Generated_Source\PSoC4/PWM_Timer_PM.c **** *  PWM_Timer_backup:  Variables of this global structure are used to
  85:.\Generated_Source\PSoC4/PWM_Timer_PM.c **** *  restore the values of non retention registers on wakeup from sleep mode.
  86:.\Generated_Source\PSoC4/PWM_Timer_PM.c **** *
  87:.\Generated_Source\PSoC4/PWM_Timer_PM.c **** *******************************************************************************/
  88:.\Generated_Source\PSoC4/PWM_Timer_PM.c **** void PWM_Timer_RestoreConfig(void) 
  89:.\Generated_Source\PSoC4/PWM_Timer_PM.c **** {
  72              		.loc 1 89 0
  73              		.cfi_startproc
  74 0000 10B5     		push	{r4, lr}
  75              		.cfi_def_cfa_offset 8
  76              		.cfi_offset 4, -8
ARM GAS  C:\Users\Admin\AppData\Local\Temp\ccV9setc.s 			page 4


  77              		.cfi_offset 14, -4
  90:.\Generated_Source\PSoC4/PWM_Timer_PM.c ****         #if(!PWM_Timer_UsingFixedFunction)
  91:.\Generated_Source\PSoC4/PWM_Timer_PM.c ****             #if(!PWM_Timer_PWMModeIsCenterAligned)
  92:.\Generated_Source\PSoC4/PWM_Timer_PM.c ****                 PWM_Timer_WritePeriod(PWM_Timer_backup.PWMPeriod);
  78              		.loc 1 92 0
  79 0002 074C     		ldr	r4, .L5
  93:.\Generated_Source\PSoC4/PWM_Timer_PM.c ****             #endif /* (!PWM_Timer_PWMModeIsCenterAligned) */
  94:.\Generated_Source\PSoC4/PWM_Timer_PM.c **** 
  95:.\Generated_Source\PSoC4/PWM_Timer_PM.c ****             PWM_Timer_WriteCounter(PWM_Timer_backup.PWMUdb);
  96:.\Generated_Source\PSoC4/PWM_Timer_PM.c **** 
  97:.\Generated_Source\PSoC4/PWM_Timer_PM.c ****             #if (PWM_Timer_UseStatus)
  98:.\Generated_Source\PSoC4/PWM_Timer_PM.c ****                 PWM_Timer_STATUS_MASK = PWM_Timer_backup.InterruptMaskValue;
  99:.\Generated_Source\PSoC4/PWM_Timer_PM.c ****             #endif /* (PWM_Timer_UseStatus) */
 100:.\Generated_Source\PSoC4/PWM_Timer_PM.c **** 
 101:.\Generated_Source\PSoC4/PWM_Timer_PM.c ****             #if(PWM_Timer_DeadBandMode == PWM_Timer__B_PWM__DBM_256_CLOCKS || \
 102:.\Generated_Source\PSoC4/PWM_Timer_PM.c ****                 PWM_Timer_DeadBandMode == PWM_Timer__B_PWM__DBM_2_4_CLOCKS)
 103:.\Generated_Source\PSoC4/PWM_Timer_PM.c ****                 PWM_Timer_WriteDeadTime(PWM_Timer_backup.PWMdeadBandValue);
 104:.\Generated_Source\PSoC4/PWM_Timer_PM.c ****             #endif /* deadband count is either 2-4 clocks or 256 clocks */
 105:.\Generated_Source\PSoC4/PWM_Timer_PM.c **** 
 106:.\Generated_Source\PSoC4/PWM_Timer_PM.c ****             #if(PWM_Timer_KillModeMinTime)
 107:.\Generated_Source\PSoC4/PWM_Timer_PM.c ****                 PWM_Timer_WriteKillTime(PWM_Timer_backup.PWMKillCounterPeriod);
 108:.\Generated_Source\PSoC4/PWM_Timer_PM.c ****             #endif /* (PWM_Timer_KillModeMinTime) */
 109:.\Generated_Source\PSoC4/PWM_Timer_PM.c **** 
 110:.\Generated_Source\PSoC4/PWM_Timer_PM.c ****             #if(PWM_Timer_UseControl)
 111:.\Generated_Source\PSoC4/PWM_Timer_PM.c ****                 PWM_Timer_WriteControlRegister(PWM_Timer_backup.PWMControlRegister);
 112:.\Generated_Source\PSoC4/PWM_Timer_PM.c ****             #endif /* (PWM_Timer_UseControl) */
 113:.\Generated_Source\PSoC4/PWM_Timer_PM.c ****         #endif  /* (!PWM_Timer_UsingFixedFunction) */
 114:.\Generated_Source\PSoC4/PWM_Timer_PM.c ****     }
  80              		.loc 1 114 0
  81              		@ sp needed
  92:.\Generated_Source\PSoC4/PWM_Timer_PM.c ****                 PWM_Timer_WritePeriod(PWM_Timer_backup.PWMPeriod);
  82              		.loc 1 92 0
  83 0004 A088     		ldrh	r0, [r4, #4]
  84 0006 FFF7FEFF 		bl	PWM_Timer_WritePeriod
  85              	.LVL3:
  95:.\Generated_Source\PSoC4/PWM_Timer_PM.c ****             PWM_Timer_WriteCounter(PWM_Timer_backup.PWMUdb);
  86              		.loc 1 95 0
  87 000a 6088     		ldrh	r0, [r4, #2]
  88 000c FFF7FEFF 		bl	PWM_Timer_WriteCounter
  89              	.LVL4:
  98:.\Generated_Source\PSoC4/PWM_Timer_PM.c ****                 PWM_Timer_STATUS_MASK = PWM_Timer_backup.InterruptMaskValue;
  90              		.loc 1 98 0
  91 0010 A279     		ldrb	r2, [r4, #6]
  92 0012 044B     		ldr	r3, .L5+4
  93 0014 1A70     		strb	r2, [r3]
 111:.\Generated_Source\PSoC4/PWM_Timer_PM.c ****                 PWM_Timer_WriteControlRegister(PWM_Timer_backup.PWMControlRegister);
  94              		.loc 1 111 0
  95 0016 E079     		ldrb	r0, [r4, #7]
  96 0018 FFF7FEFF 		bl	PWM_Timer_WriteControlRegister
  97              	.LVL5:
  98              		.loc 1 114 0
  99 001c 10BD     		pop	{r4, pc}
 100              	.L6:
 101 001e C046     		.align	2
 102              	.L5:
 103 0020 00000000 		.word	.LANCHOR0
 104 0024 83000F40 		.word	1074724995
ARM GAS  C:\Users\Admin\AppData\Local\Temp\ccV9setc.s 			page 5


 105              		.cfi_endproc
 106              	.LFE1:
 107              		.size	PWM_Timer_RestoreConfig, .-PWM_Timer_RestoreConfig
 108              		.section	.text.PWM_Timer_Sleep,"ax",%progbits
 109              		.align	1
 110              		.global	PWM_Timer_Sleep
 111              		.code	16
 112              		.thumb_func
 113              		.type	PWM_Timer_Sleep, %function
 114              	PWM_Timer_Sleep:
 115              	.LFB2:
 115:.\Generated_Source\PSoC4/PWM_Timer_PM.c **** 
 116:.\Generated_Source\PSoC4/PWM_Timer_PM.c **** 
 117:.\Generated_Source\PSoC4/PWM_Timer_PM.c **** /*******************************************************************************
 118:.\Generated_Source\PSoC4/PWM_Timer_PM.c **** * Function Name: PWM_Timer_Sleep
 119:.\Generated_Source\PSoC4/PWM_Timer_PM.c **** ********************************************************************************
 120:.\Generated_Source\PSoC4/PWM_Timer_PM.c **** *
 121:.\Generated_Source\PSoC4/PWM_Timer_PM.c **** * Summary:
 122:.\Generated_Source\PSoC4/PWM_Timer_PM.c **** *  Disables block's operation and saves the user configuration. Should be called
 123:.\Generated_Source\PSoC4/PWM_Timer_PM.c **** *  just prior to entering sleep.
 124:.\Generated_Source\PSoC4/PWM_Timer_PM.c **** *
 125:.\Generated_Source\PSoC4/PWM_Timer_PM.c **** * Parameters:
 126:.\Generated_Source\PSoC4/PWM_Timer_PM.c **** *  None
 127:.\Generated_Source\PSoC4/PWM_Timer_PM.c **** *
 128:.\Generated_Source\PSoC4/PWM_Timer_PM.c **** * Return:
 129:.\Generated_Source\PSoC4/PWM_Timer_PM.c **** *  None
 130:.\Generated_Source\PSoC4/PWM_Timer_PM.c **** *
 131:.\Generated_Source\PSoC4/PWM_Timer_PM.c **** * Global variables:
 132:.\Generated_Source\PSoC4/PWM_Timer_PM.c **** *  PWM_Timer_backup.PWMEnableState:  Is modified depending on the enable
 133:.\Generated_Source\PSoC4/PWM_Timer_PM.c **** *  state of the block before entering sleep mode.
 134:.\Generated_Source\PSoC4/PWM_Timer_PM.c **** *
 135:.\Generated_Source\PSoC4/PWM_Timer_PM.c **** *******************************************************************************/
 136:.\Generated_Source\PSoC4/PWM_Timer_PM.c **** void PWM_Timer_Sleep(void) 
 137:.\Generated_Source\PSoC4/PWM_Timer_PM.c **** {
 116              		.loc 1 137 0
 117              		.cfi_startproc
 118 0000 08B5     		push	{r3, lr}
 119              		.cfi_def_cfa_offset 8
 120              		.cfi_offset 3, -8
 121              		.cfi_offset 14, -4
 138:.\Generated_Source\PSoC4/PWM_Timer_PM.c ****     #if(PWM_Timer_UseControl)
 139:.\Generated_Source\PSoC4/PWM_Timer_PM.c ****         if(PWM_Timer_CTRL_ENABLE == (PWM_Timer_CONTROL & PWM_Timer_CTRL_ENABLE))
 122              		.loc 1 139 0
 123 0002 074B     		ldr	r3, .L12
 124 0004 1A78     		ldrb	r2, [r3]
 125 0006 074B     		ldr	r3, .L12+4
 126 0008 52B2     		sxtb	r2, r2
 127 000a 002A     		cmp	r2, #0
 128 000c 01DA     		bge	.L8
 140:.\Generated_Source\PSoC4/PWM_Timer_PM.c ****         {
 141:.\Generated_Source\PSoC4/PWM_Timer_PM.c ****             /*Component is enabled */
 142:.\Generated_Source\PSoC4/PWM_Timer_PM.c ****             PWM_Timer_backup.PWMEnableState = 1u;
 129              		.loc 1 142 0
 130 000e 0122     		mov	r2, #1
 131 0010 00E0     		b	.L10
 132              	.L8:
 143:.\Generated_Source\PSoC4/PWM_Timer_PM.c ****         }
ARM GAS  C:\Users\Admin\AppData\Local\Temp\ccV9setc.s 			page 6


 144:.\Generated_Source\PSoC4/PWM_Timer_PM.c ****         else
 145:.\Generated_Source\PSoC4/PWM_Timer_PM.c ****         {
 146:.\Generated_Source\PSoC4/PWM_Timer_PM.c ****             /* Component is disabled */
 147:.\Generated_Source\PSoC4/PWM_Timer_PM.c ****             PWM_Timer_backup.PWMEnableState = 0u;
 133              		.loc 1 147 0
 134 0012 0022     		mov	r2, #0
 135              	.L10:
 136 0014 1A70     		strb	r2, [r3]
 148:.\Generated_Source\PSoC4/PWM_Timer_PM.c ****         }
 149:.\Generated_Source\PSoC4/PWM_Timer_PM.c ****     #endif /* (PWM_Timer_UseControl) */
 150:.\Generated_Source\PSoC4/PWM_Timer_PM.c **** 
 151:.\Generated_Source\PSoC4/PWM_Timer_PM.c ****     /* Stop component */
 152:.\Generated_Source\PSoC4/PWM_Timer_PM.c ****     PWM_Timer_Stop();
 153:.\Generated_Source\PSoC4/PWM_Timer_PM.c **** 
 154:.\Generated_Source\PSoC4/PWM_Timer_PM.c ****     /* Save registers configuration */
 155:.\Generated_Source\PSoC4/PWM_Timer_PM.c ****     PWM_Timer_SaveConfig();
 156:.\Generated_Source\PSoC4/PWM_Timer_PM.c **** }
 137              		.loc 1 156 0
 138              		@ sp needed
 152:.\Generated_Source\PSoC4/PWM_Timer_PM.c ****     PWM_Timer_Stop();
 139              		.loc 1 152 0
 140 0016 FFF7FEFF 		bl	PWM_Timer_Stop
 141              	.LVL6:
 155:.\Generated_Source\PSoC4/PWM_Timer_PM.c ****     PWM_Timer_SaveConfig();
 142              		.loc 1 155 0
 143 001a FFF7FEFF 		bl	PWM_Timer_SaveConfig
 144              	.LVL7:
 145              		.loc 1 156 0
 146 001e 08BD     		pop	{r3, pc}
 147              	.L13:
 148              		.align	2
 149              	.L12:
 150 0020 72000F40 		.word	1074724978
 151 0024 00000000 		.word	.LANCHOR0
 152              		.cfi_endproc
 153              	.LFE2:
 154              		.size	PWM_Timer_Sleep, .-PWM_Timer_Sleep
 155              		.section	.text.PWM_Timer_Wakeup,"ax",%progbits
 156              		.align	1
 157              		.global	PWM_Timer_Wakeup
 158              		.code	16
 159              		.thumb_func
 160              		.type	PWM_Timer_Wakeup, %function
 161              	PWM_Timer_Wakeup:
 162              	.LFB3:
 157:.\Generated_Source\PSoC4/PWM_Timer_PM.c **** 
 158:.\Generated_Source\PSoC4/PWM_Timer_PM.c **** 
 159:.\Generated_Source\PSoC4/PWM_Timer_PM.c **** /*******************************************************************************
 160:.\Generated_Source\PSoC4/PWM_Timer_PM.c **** * Function Name: PWM_Timer_Wakeup
 161:.\Generated_Source\PSoC4/PWM_Timer_PM.c **** ********************************************************************************
 162:.\Generated_Source\PSoC4/PWM_Timer_PM.c **** *
 163:.\Generated_Source\PSoC4/PWM_Timer_PM.c **** * Summary:
 164:.\Generated_Source\PSoC4/PWM_Timer_PM.c **** *  Restores and enables the user configuration. Should be called just after
 165:.\Generated_Source\PSoC4/PWM_Timer_PM.c **** *  awaking from sleep.
 166:.\Generated_Source\PSoC4/PWM_Timer_PM.c **** *
 167:.\Generated_Source\PSoC4/PWM_Timer_PM.c **** * Parameters:
 168:.\Generated_Source\PSoC4/PWM_Timer_PM.c **** *  None
ARM GAS  C:\Users\Admin\AppData\Local\Temp\ccV9setc.s 			page 7


 169:.\Generated_Source\PSoC4/PWM_Timer_PM.c **** *
 170:.\Generated_Source\PSoC4/PWM_Timer_PM.c **** * Return:
 171:.\Generated_Source\PSoC4/PWM_Timer_PM.c **** *  None
 172:.\Generated_Source\PSoC4/PWM_Timer_PM.c **** *
 173:.\Generated_Source\PSoC4/PWM_Timer_PM.c **** * Global variables:
 174:.\Generated_Source\PSoC4/PWM_Timer_PM.c **** *  PWM_Timer_backup.pwmEnable:  Is used to restore the enable state of
 175:.\Generated_Source\PSoC4/PWM_Timer_PM.c **** *  block on wakeup from sleep mode.
 176:.\Generated_Source\PSoC4/PWM_Timer_PM.c **** *
 177:.\Generated_Source\PSoC4/PWM_Timer_PM.c **** *******************************************************************************/
 178:.\Generated_Source\PSoC4/PWM_Timer_PM.c **** void PWM_Timer_Wakeup(void) 
 179:.\Generated_Source\PSoC4/PWM_Timer_PM.c **** {
 163              		.loc 1 179 0
 164              		.cfi_startproc
 165 0000 08B5     		push	{r3, lr}
 166              		.cfi_def_cfa_offset 8
 167              		.cfi_offset 3, -8
 168              		.cfi_offset 14, -4
 180:.\Generated_Source\PSoC4/PWM_Timer_PM.c ****      /* Restore registers values */
 181:.\Generated_Source\PSoC4/PWM_Timer_PM.c ****     PWM_Timer_RestoreConfig();
 169              		.loc 1 181 0
 170 0002 FFF7FEFF 		bl	PWM_Timer_RestoreConfig
 171              	.LVL8:
 182:.\Generated_Source\PSoC4/PWM_Timer_PM.c **** 
 183:.\Generated_Source\PSoC4/PWM_Timer_PM.c ****     if(PWM_Timer_backup.PWMEnableState != 0u)
 172              		.loc 1 183 0
 173 0006 034B     		ldr	r3, .L19
 174 0008 1B78     		ldrb	r3, [r3]
 175 000a 002B     		cmp	r3, #0
 176 000c 01D0     		beq	.L14
 184:.\Generated_Source\PSoC4/PWM_Timer_PM.c ****     {
 185:.\Generated_Source\PSoC4/PWM_Timer_PM.c ****         /* Enable component's operation */
 186:.\Generated_Source\PSoC4/PWM_Timer_PM.c ****         PWM_Timer_Enable();
 177              		.loc 1 186 0
 178 000e FFF7FEFF 		bl	PWM_Timer_Enable
 179              	.LVL9:
 180              	.L14:
 187:.\Generated_Source\PSoC4/PWM_Timer_PM.c ****     } /* Do nothing if component's block was disabled before */
 188:.\Generated_Source\PSoC4/PWM_Timer_PM.c **** 
 189:.\Generated_Source\PSoC4/PWM_Timer_PM.c **** }
 181              		.loc 1 189 0
 182              		@ sp needed
 183 0012 08BD     		pop	{r3, pc}
 184              	.L20:
 185              		.align	2
 186              	.L19:
 187 0014 00000000 		.word	.LANCHOR0
 188              		.cfi_endproc
 189              	.LFE3:
 190              		.size	PWM_Timer_Wakeup, .-PWM_Timer_Wakeup
 191              		.bss
 192              		.align	1
 193              		.set	.LANCHOR0,. + 0
 194              		.type	PWM_Timer_backup, %object
 195              		.size	PWM_Timer_backup, 8
 196              	PWM_Timer_backup:
 197 0000 00000000 		.space	8
 197      00000000 
ARM GAS  C:\Users\Admin\AppData\Local\Temp\ccV9setc.s 			page 8


 198              		.text
 199              	.Letext0:
 200              		.file 2 ".\\Generated_Source\\PSoC4\\cytypes.h"
 201              		.file 3 ".\\Generated_Source\\PSoC4\\PWM_Timer.h"
 202              		.section	.debug_info,"",%progbits
 203              	.Ldebug_info0:
 204 0000 20020000 		.4byte	0x220
 205 0004 0400     		.2byte	0x4
 206 0006 00000000 		.4byte	.Ldebug_abbrev0
 207 000a 04       		.byte	0x4
 208 000b 01       		.uleb128 0x1
 209 000c F0000000 		.4byte	.LASF34
 210 0010 01       		.byte	0x1
 211 0011 B3000000 		.4byte	.LASF35
 212 0015 58000000 		.4byte	.LASF36
 213 0019 00000000 		.4byte	.Ldebug_ranges0+0
 214 001d 00000000 		.4byte	0
 215 0021 00000000 		.4byte	.Ldebug_line0
 216 0025 02       		.uleb128 0x2
 217 0026 01       		.byte	0x1
 218 0027 06       		.byte	0x6
 219 0028 A3020000 		.4byte	.LASF0
 220 002c 02       		.uleb128 0x2
 221 002d 01       		.byte	0x1
 222 002e 08       		.byte	0x8
 223 002f 72010000 		.4byte	.LASF1
 224 0033 02       		.uleb128 0x2
 225 0034 02       		.byte	0x2
 226 0035 05       		.byte	0x5
 227 0036 69020000 		.4byte	.LASF2
 228 003a 02       		.uleb128 0x2
 229 003b 02       		.byte	0x2
 230 003c 07       		.byte	0x7
 231 003d 8A000000 		.4byte	.LASF3
 232 0041 02       		.uleb128 0x2
 233 0042 04       		.byte	0x4
 234 0043 05       		.byte	0x5
 235 0044 9A020000 		.4byte	.LASF4
 236 0048 02       		.uleb128 0x2
 237 0049 04       		.byte	0x4
 238 004a 07       		.byte	0x7
 239 004b 8F010000 		.4byte	.LASF5
 240 004f 02       		.uleb128 0x2
 241 0050 08       		.byte	0x8
 242 0051 05       		.byte	0x5
 243 0052 46020000 		.4byte	.LASF6
 244 0056 02       		.uleb128 0x2
 245 0057 08       		.byte	0x8
 246 0058 07       		.byte	0x7
 247 0059 21020000 		.4byte	.LASF7
 248 005d 03       		.uleb128 0x3
 249 005e 04       		.byte	0x4
 250 005f 05       		.byte	0x5
 251 0060 696E7400 		.ascii	"int\000"
 252 0064 02       		.uleb128 0x2
 253 0065 04       		.byte	0x4
 254 0066 07       		.byte	0x7
ARM GAS  C:\Users\Admin\AppData\Local\Temp\ccV9setc.s 			page 9


 255 0067 FD010000 		.4byte	.LASF8
 256 006b 04       		.uleb128 0x4
 257 006c A1010000 		.4byte	.LASF9
 258 0070 02       		.byte	0x2
 259 0071 A1       		.byte	0xa1
 260 0072 2C000000 		.4byte	0x2c
 261 0076 04       		.uleb128 0x4
 262 0077 F6010000 		.4byte	.LASF10
 263 007b 02       		.byte	0x2
 264 007c A2       		.byte	0xa2
 265 007d 3A000000 		.4byte	0x3a
 266 0081 02       		.uleb128 0x2
 267 0082 04       		.byte	0x4
 268 0083 04       		.byte	0x4
 269 0084 6C010000 		.4byte	.LASF11
 270 0088 02       		.uleb128 0x2
 271 0089 08       		.byte	0x8
 272 008a 04       		.byte	0x4
 273 008b DE010000 		.4byte	.LASF12
 274 008f 02       		.uleb128 0x2
 275 0090 01       		.byte	0x1
 276 0091 08       		.byte	0x8
 277 0092 54020000 		.4byte	.LASF13
 278 0096 05       		.uleb128 0x5
 279 0097 38020000 		.4byte	.LASF14
 280 009b 02       		.byte	0x2
 281 009c 4B01     		.2byte	0x14b
 282 009e A2000000 		.4byte	0xa2
 283 00a2 06       		.uleb128 0x6
 284 00a3 6B000000 		.4byte	0x6b
 285 00a7 02       		.uleb128 0x2
 286 00a8 04       		.byte	0x4
 287 00a9 07       		.byte	0x7
 288 00aa 3D020000 		.4byte	.LASF15
 289 00ae 07       		.uleb128 0x7
 290 00af 08       		.byte	0x8
 291 00b0 03       		.byte	0x3
 292 00b1 6B       		.byte	0x6b
 293 00b2 F3000000 		.4byte	0xf3
 294 00b6 08       		.uleb128 0x8
 295 00b7 80010000 		.4byte	.LASF16
 296 00bb 03       		.byte	0x3
 297 00bc 6E       		.byte	0x6e
 298 00bd 6B000000 		.4byte	0x6b
 299 00c1 00       		.byte	0
 300 00c2 08       		.uleb128 0x8
 301 00c3 17000000 		.4byte	.LASF17
 302 00c7 03       		.byte	0x3
 303 00c8 71       		.byte	0x71
 304 00c9 76000000 		.4byte	0x76
 305 00cd 02       		.byte	0x2
 306 00ce 08       		.uleb128 0x8
 307 00cf 1E000000 		.4byte	.LASF18
 308 00d3 03       		.byte	0x3
 309 00d4 73       		.byte	0x73
 310 00d5 76000000 		.4byte	0x76
 311 00d9 04       		.byte	0x4
ARM GAS  C:\Users\Admin\AppData\Local\Temp\ccV9setc.s 			page 10


 312 00da 08       		.uleb128 0x8
 313 00db E5020000 		.4byte	.LASF19
 314 00df 03       		.byte	0x3
 315 00e0 76       		.byte	0x76
 316 00e1 6B000000 		.4byte	0x6b
 317 00e5 06       		.byte	0x6
 318 00e6 08       		.uleb128 0x8
 319 00e7 BC010000 		.4byte	.LASF20
 320 00eb 03       		.byte	0x3
 321 00ec 86       		.byte	0x86
 322 00ed 6B000000 		.4byte	0x6b
 323 00f1 07       		.byte	0x7
 324 00f2 00       		.byte	0
 325 00f3 04       		.uleb128 0x4
 326 00f4 00000000 		.4byte	.LASF21
 327 00f8 03       		.byte	0x3
 328 00f9 8B       		.byte	0x8b
 329 00fa AE000000 		.4byte	0xae
 330 00fe 09       		.uleb128 0x9
 331 00ff A7010000 		.4byte	.LASF22
 332 0103 01       		.byte	0x1
 333 0104 2A       		.byte	0x2a
 334 0105 00000000 		.4byte	.LFB0
 335 0109 28000000 		.4byte	.LFE0-.LFB0
 336 010d 01       		.uleb128 0x1
 337 010e 9C       		.byte	0x9c
 338 010f 2F010000 		.4byte	0x12f
 339 0113 0A       		.uleb128 0xa
 340 0114 06000000 		.4byte	.LVL0
 341 0118 C1010000 		.4byte	0x1c1
 342 011c 0A       		.uleb128 0xa
 343 011d 0E000000 		.4byte	.LVL1
 344 0121 CC010000 		.4byte	0x1cc
 345 0125 0A       		.uleb128 0xa
 346 0126 1A000000 		.4byte	.LVL2
 347 012a D7010000 		.4byte	0x1d7
 348 012e 00       		.byte	0
 349 012f 09       		.uleb128 0x9
 350 0130 AF020000 		.4byte	.LASF23
 351 0134 01       		.byte	0x1
 352 0135 58       		.byte	0x58
 353 0136 00000000 		.4byte	.LFB1
 354 013a 28000000 		.4byte	.LFE1-.LFB1
 355 013e 01       		.uleb128 0x1
 356 013f 9C       		.byte	0x9c
 357 0140 60010000 		.4byte	0x160
 358 0144 0A       		.uleb128 0xa
 359 0145 0A000000 		.4byte	.LVL3
 360 0149 E2010000 		.4byte	0x1e2
 361 014d 0A       		.uleb128 0xa
 362 014e 10000000 		.4byte	.LVL4
 363 0152 F3010000 		.4byte	0x1f3
 364 0156 0A       		.uleb128 0xa
 365 0157 1C000000 		.4byte	.LVL5
 366 015b 04020000 		.4byte	0x204
 367 015f 00       		.byte	0
 368 0160 09       		.uleb128 0x9
ARM GAS  C:\Users\Admin\AppData\Local\Temp\ccV9setc.s 			page 11


 369 0161 59020000 		.4byte	.LASF24
 370 0165 01       		.byte	0x1
 371 0166 88       		.byte	0x88
 372 0167 00000000 		.4byte	.LFB2
 373 016b 28000000 		.4byte	.LFE2-.LFB2
 374 016f 01       		.uleb128 0x1
 375 0170 9C       		.byte	0x9c
 376 0171 88010000 		.4byte	0x188
 377 0175 0A       		.uleb128 0xa
 378 0176 1A000000 		.4byte	.LVL6
 379 017a 15020000 		.4byte	0x215
 380 017e 0A       		.uleb128 0xa
 381 017f 1E000000 		.4byte	.LVL7
 382 0183 FE000000 		.4byte	0xfe
 383 0187 00       		.byte	0
 384 0188 09       		.uleb128 0x9
 385 0189 28000000 		.4byte	.LASF25
 386 018d 01       		.byte	0x1
 387 018e B2       		.byte	0xb2
 388 018f 00000000 		.4byte	.LFB3
 389 0193 18000000 		.4byte	.LFE3-.LFB3
 390 0197 01       		.uleb128 0x1
 391 0198 9C       		.byte	0x9c
 392 0199 B0010000 		.4byte	0x1b0
 393 019d 0A       		.uleb128 0xa
 394 019e 06000000 		.4byte	.LVL8
 395 01a2 2F010000 		.4byte	0x12f
 396 01a6 0A       		.uleb128 0xa
 397 01a7 12000000 		.4byte	.LVL9
 398 01ab 1C020000 		.4byte	0x21c
 399 01af 00       		.byte	0
 400 01b0 0B       		.uleb128 0xb
 401 01b1 73020000 		.4byte	.LASF37
 402 01b5 01       		.byte	0x1
 403 01b6 14       		.byte	0x14
 404 01b7 F3000000 		.4byte	0xf3
 405 01bb 05       		.uleb128 0x5
 406 01bc 03       		.byte	0x3
 407 01bd 00000000 		.4byte	PWM_Timer_backup
 408 01c1 0C       		.uleb128 0xc
 409 01c2 DB000000 		.4byte	.LASF26
 410 01c6 03       		.byte	0x3
 411 01c7 C0       		.byte	0xc0
 412 01c8 76000000 		.4byte	0x76
 413 01cc 0C       		.uleb128 0xc
 414 01cd 84020000 		.4byte	.LASF27
 415 01d1 03       		.byte	0x3
 416 01d2 B3       		.byte	0xb3
 417 01d3 76000000 		.4byte	0x76
 418 01d7 0C       		.uleb128 0xc
 419 01d8 C7020000 		.4byte	.LASF28
 420 01dc 03       		.byte	0x3
 421 01dd 9D       		.byte	0x9d
 422 01de 6B000000 		.4byte	0x6b
 423 01e2 0D       		.uleb128 0xd
 424 01e3 9D000000 		.4byte	.LASF29
 425 01e7 03       		.byte	0x3
ARM GAS  C:\Users\Admin\AppData\Local\Temp\ccV9setc.s 			page 12


 426 01e8 BE       		.byte	0xbe
 427 01e9 F3010000 		.4byte	0x1f3
 428 01ed 0E       		.uleb128 0xe
 429 01ee 76000000 		.4byte	0x76
 430 01f2 00       		.byte	0
 431 01f3 0D       		.uleb128 0xd
 432 01f4 0A020000 		.4byte	.LASF30
 433 01f8 03       		.byte	0x3
 434 01f9 BA       		.byte	0xba
 435 01fa 04020000 		.4byte	0x204
 436 01fe 0E       		.uleb128 0xe
 437 01ff 76000000 		.4byte	0x76
 438 0203 00       		.byte	0
 439 0204 0D       		.uleb128 0xd
 440 0205 39000000 		.4byte	.LASF31
 441 0209 03       		.byte	0x3
 442 020a 9E       		.byte	0x9e
 443 020b 15020000 		.4byte	0x215
 444 020f 0E       		.uleb128 0xe
 445 0210 6B000000 		.4byte	0x6b
 446 0214 00       		.byte	0
 447 0215 0F       		.uleb128 0xf
 448 0216 CF010000 		.4byte	.LASF32
 449 021a 03       		.byte	0x3
 450 021b 93       		.byte	0x93
 451 021c 0F       		.uleb128 0xf
 452 021d E5010000 		.4byte	.LASF33
 453 0221 03       		.byte	0x3
 454 0222 DB       		.byte	0xdb
 455 0223 00       		.byte	0
 456              		.section	.debug_abbrev,"",%progbits
 457              	.Ldebug_abbrev0:
 458 0000 01       		.uleb128 0x1
 459 0001 11       		.uleb128 0x11
 460 0002 01       		.byte	0x1
 461 0003 25       		.uleb128 0x25
 462 0004 0E       		.uleb128 0xe
 463 0005 13       		.uleb128 0x13
 464 0006 0B       		.uleb128 0xb
 465 0007 03       		.uleb128 0x3
 466 0008 0E       		.uleb128 0xe
 467 0009 1B       		.uleb128 0x1b
 468 000a 0E       		.uleb128 0xe
 469 000b 55       		.uleb128 0x55
 470 000c 17       		.uleb128 0x17
 471 000d 11       		.uleb128 0x11
 472 000e 01       		.uleb128 0x1
 473 000f 10       		.uleb128 0x10
 474 0010 17       		.uleb128 0x17
 475 0011 00       		.byte	0
 476 0012 00       		.byte	0
 477 0013 02       		.uleb128 0x2
 478 0014 24       		.uleb128 0x24
 479 0015 00       		.byte	0
 480 0016 0B       		.uleb128 0xb
 481 0017 0B       		.uleb128 0xb
 482 0018 3E       		.uleb128 0x3e
ARM GAS  C:\Users\Admin\AppData\Local\Temp\ccV9setc.s 			page 13


 483 0019 0B       		.uleb128 0xb
 484 001a 03       		.uleb128 0x3
 485 001b 0E       		.uleb128 0xe
 486 001c 00       		.byte	0
 487 001d 00       		.byte	0
 488 001e 03       		.uleb128 0x3
 489 001f 24       		.uleb128 0x24
 490 0020 00       		.byte	0
 491 0021 0B       		.uleb128 0xb
 492 0022 0B       		.uleb128 0xb
 493 0023 3E       		.uleb128 0x3e
 494 0024 0B       		.uleb128 0xb
 495 0025 03       		.uleb128 0x3
 496 0026 08       		.uleb128 0x8
 497 0027 00       		.byte	0
 498 0028 00       		.byte	0
 499 0029 04       		.uleb128 0x4
 500 002a 16       		.uleb128 0x16
 501 002b 00       		.byte	0
 502 002c 03       		.uleb128 0x3
 503 002d 0E       		.uleb128 0xe
 504 002e 3A       		.uleb128 0x3a
 505 002f 0B       		.uleb128 0xb
 506 0030 3B       		.uleb128 0x3b
 507 0031 0B       		.uleb128 0xb
 508 0032 49       		.uleb128 0x49
 509 0033 13       		.uleb128 0x13
 510 0034 00       		.byte	0
 511 0035 00       		.byte	0
 512 0036 05       		.uleb128 0x5
 513 0037 16       		.uleb128 0x16
 514 0038 00       		.byte	0
 515 0039 03       		.uleb128 0x3
 516 003a 0E       		.uleb128 0xe
 517 003b 3A       		.uleb128 0x3a
 518 003c 0B       		.uleb128 0xb
 519 003d 3B       		.uleb128 0x3b
 520 003e 05       		.uleb128 0x5
 521 003f 49       		.uleb128 0x49
 522 0040 13       		.uleb128 0x13
 523 0041 00       		.byte	0
 524 0042 00       		.byte	0
 525 0043 06       		.uleb128 0x6
 526 0044 35       		.uleb128 0x35
 527 0045 00       		.byte	0
 528 0046 49       		.uleb128 0x49
 529 0047 13       		.uleb128 0x13
 530 0048 00       		.byte	0
 531 0049 00       		.byte	0
 532 004a 07       		.uleb128 0x7
 533 004b 13       		.uleb128 0x13
 534 004c 01       		.byte	0x1
 535 004d 0B       		.uleb128 0xb
 536 004e 0B       		.uleb128 0xb
 537 004f 3A       		.uleb128 0x3a
 538 0050 0B       		.uleb128 0xb
 539 0051 3B       		.uleb128 0x3b
ARM GAS  C:\Users\Admin\AppData\Local\Temp\ccV9setc.s 			page 14


 540 0052 0B       		.uleb128 0xb
 541 0053 01       		.uleb128 0x1
 542 0054 13       		.uleb128 0x13
 543 0055 00       		.byte	0
 544 0056 00       		.byte	0
 545 0057 08       		.uleb128 0x8
 546 0058 0D       		.uleb128 0xd
 547 0059 00       		.byte	0
 548 005a 03       		.uleb128 0x3
 549 005b 0E       		.uleb128 0xe
 550 005c 3A       		.uleb128 0x3a
 551 005d 0B       		.uleb128 0xb
 552 005e 3B       		.uleb128 0x3b
 553 005f 0B       		.uleb128 0xb
 554 0060 49       		.uleb128 0x49
 555 0061 13       		.uleb128 0x13
 556 0062 38       		.uleb128 0x38
 557 0063 0B       		.uleb128 0xb
 558 0064 00       		.byte	0
 559 0065 00       		.byte	0
 560 0066 09       		.uleb128 0x9
 561 0067 2E       		.uleb128 0x2e
 562 0068 01       		.byte	0x1
 563 0069 3F       		.uleb128 0x3f
 564 006a 19       		.uleb128 0x19
 565 006b 03       		.uleb128 0x3
 566 006c 0E       		.uleb128 0xe
 567 006d 3A       		.uleb128 0x3a
 568 006e 0B       		.uleb128 0xb
 569 006f 3B       		.uleb128 0x3b
 570 0070 0B       		.uleb128 0xb
 571 0071 27       		.uleb128 0x27
 572 0072 19       		.uleb128 0x19
 573 0073 11       		.uleb128 0x11
 574 0074 01       		.uleb128 0x1
 575 0075 12       		.uleb128 0x12
 576 0076 06       		.uleb128 0x6
 577 0077 40       		.uleb128 0x40
 578 0078 18       		.uleb128 0x18
 579 0079 9742     		.uleb128 0x2117
 580 007b 19       		.uleb128 0x19
 581 007c 01       		.uleb128 0x1
 582 007d 13       		.uleb128 0x13
 583 007e 00       		.byte	0
 584 007f 00       		.byte	0
 585 0080 0A       		.uleb128 0xa
 586 0081 898201   		.uleb128 0x4109
 587 0084 00       		.byte	0
 588 0085 11       		.uleb128 0x11
 589 0086 01       		.uleb128 0x1
 590 0087 31       		.uleb128 0x31
 591 0088 13       		.uleb128 0x13
 592 0089 00       		.byte	0
 593 008a 00       		.byte	0
 594 008b 0B       		.uleb128 0xb
 595 008c 34       		.uleb128 0x34
 596 008d 00       		.byte	0
ARM GAS  C:\Users\Admin\AppData\Local\Temp\ccV9setc.s 			page 15


 597 008e 03       		.uleb128 0x3
 598 008f 0E       		.uleb128 0xe
 599 0090 3A       		.uleb128 0x3a
 600 0091 0B       		.uleb128 0xb
 601 0092 3B       		.uleb128 0x3b
 602 0093 0B       		.uleb128 0xb
 603 0094 49       		.uleb128 0x49
 604 0095 13       		.uleb128 0x13
 605 0096 02       		.uleb128 0x2
 606 0097 18       		.uleb128 0x18
 607 0098 00       		.byte	0
 608 0099 00       		.byte	0
 609 009a 0C       		.uleb128 0xc
 610 009b 2E       		.uleb128 0x2e
 611 009c 00       		.byte	0
 612 009d 3F       		.uleb128 0x3f
 613 009e 19       		.uleb128 0x19
 614 009f 03       		.uleb128 0x3
 615 00a0 0E       		.uleb128 0xe
 616 00a1 3A       		.uleb128 0x3a
 617 00a2 0B       		.uleb128 0xb
 618 00a3 3B       		.uleb128 0x3b
 619 00a4 0B       		.uleb128 0xb
 620 00a5 27       		.uleb128 0x27
 621 00a6 19       		.uleb128 0x19
 622 00a7 49       		.uleb128 0x49
 623 00a8 13       		.uleb128 0x13
 624 00a9 3C       		.uleb128 0x3c
 625 00aa 19       		.uleb128 0x19
 626 00ab 00       		.byte	0
 627 00ac 00       		.byte	0
 628 00ad 0D       		.uleb128 0xd
 629 00ae 2E       		.uleb128 0x2e
 630 00af 01       		.byte	0x1
 631 00b0 3F       		.uleb128 0x3f
 632 00b1 19       		.uleb128 0x19
 633 00b2 03       		.uleb128 0x3
 634 00b3 0E       		.uleb128 0xe
 635 00b4 3A       		.uleb128 0x3a
 636 00b5 0B       		.uleb128 0xb
 637 00b6 3B       		.uleb128 0x3b
 638 00b7 0B       		.uleb128 0xb
 639 00b8 27       		.uleb128 0x27
 640 00b9 19       		.uleb128 0x19
 641 00ba 3C       		.uleb128 0x3c
 642 00bb 19       		.uleb128 0x19
 643 00bc 01       		.uleb128 0x1
 644 00bd 13       		.uleb128 0x13
 645 00be 00       		.byte	0
 646 00bf 00       		.byte	0
 647 00c0 0E       		.uleb128 0xe
 648 00c1 05       		.uleb128 0x5
 649 00c2 00       		.byte	0
 650 00c3 49       		.uleb128 0x49
 651 00c4 13       		.uleb128 0x13
 652 00c5 00       		.byte	0
 653 00c6 00       		.byte	0
ARM GAS  C:\Users\Admin\AppData\Local\Temp\ccV9setc.s 			page 16


 654 00c7 0F       		.uleb128 0xf
 655 00c8 2E       		.uleb128 0x2e
 656 00c9 00       		.byte	0
 657 00ca 3F       		.uleb128 0x3f
 658 00cb 19       		.uleb128 0x19
 659 00cc 03       		.uleb128 0x3
 660 00cd 0E       		.uleb128 0xe
 661 00ce 3A       		.uleb128 0x3a
 662 00cf 0B       		.uleb128 0xb
 663 00d0 3B       		.uleb128 0x3b
 664 00d1 0B       		.uleb128 0xb
 665 00d2 27       		.uleb128 0x27
 666 00d3 19       		.uleb128 0x19
 667 00d4 3C       		.uleb128 0x3c
 668 00d5 19       		.uleb128 0x19
 669 00d6 00       		.byte	0
 670 00d7 00       		.byte	0
 671 00d8 00       		.byte	0
 672              		.section	.debug_aranges,"",%progbits
 673 0000 34000000 		.4byte	0x34
 674 0004 0200     		.2byte	0x2
 675 0006 00000000 		.4byte	.Ldebug_info0
 676 000a 04       		.byte	0x4
 677 000b 00       		.byte	0
 678 000c 0000     		.2byte	0
 679 000e 0000     		.2byte	0
 680 0010 00000000 		.4byte	.LFB0
 681 0014 28000000 		.4byte	.LFE0-.LFB0
 682 0018 00000000 		.4byte	.LFB1
 683 001c 28000000 		.4byte	.LFE1-.LFB1
 684 0020 00000000 		.4byte	.LFB2
 685 0024 28000000 		.4byte	.LFE2-.LFB2
 686 0028 00000000 		.4byte	.LFB3
 687 002c 18000000 		.4byte	.LFE3-.LFB3
 688 0030 00000000 		.4byte	0
 689 0034 00000000 		.4byte	0
 690              		.section	.debug_ranges,"",%progbits
 691              	.Ldebug_ranges0:
 692 0000 00000000 		.4byte	.LFB0
 693 0004 28000000 		.4byte	.LFE0
 694 0008 00000000 		.4byte	.LFB1
 695 000c 28000000 		.4byte	.LFE1
 696 0010 00000000 		.4byte	.LFB2
 697 0014 28000000 		.4byte	.LFE2
 698 0018 00000000 		.4byte	.LFB3
 699 001c 18000000 		.4byte	.LFE3
 700 0020 00000000 		.4byte	0
 701 0024 00000000 		.4byte	0
 702              		.section	.debug_line,"",%progbits
 703              	.Ldebug_line0:
 704 0000 C8000000 		.section	.debug_str,"MS",%progbits,1
 704      02005A00 
 704      00000201 
 704      FB0E0D00 
 704      01010101 
 705              	.LASF21:
 706 0000 50574D5F 		.ascii	"PWM_Timer_backupStruct\000"
ARM GAS  C:\Users\Admin\AppData\Local\Temp\ccV9setc.s 			page 17


 706      54696D65 
 706      725F6261 
 706      636B7570 
 706      53747275 
 707              	.LASF17:
 708 0017 50574D55 		.ascii	"PWMUdb\000"
 708      646200
 709              	.LASF18:
 710 001e 50574D50 		.ascii	"PWMPeriod\000"
 710      6572696F 
 710      6400
 711              	.LASF25:
 712 0028 50574D5F 		.ascii	"PWM_Timer_Wakeup\000"
 712      54696D65 
 712      725F5761 
 712      6B657570 
 712      00
 713              	.LASF31:
 714 0039 50574D5F 		.ascii	"PWM_Timer_WriteControlRegister\000"
 714      54696D65 
 714      725F5772 
 714      69746543 
 714      6F6E7472 
 715              	.LASF36:
 716 0058 433A5C55 		.ascii	"C:\\Users\\Admin\\Desktop\\IR LCD\\IR_LCD\\IR_LCD.c"
 716      73657273 
 716      5C41646D 
 716      696E5C44 
 716      65736B74 
 717 0085 7964736E 		.ascii	"ydsn\000"
 717      00
 718              	.LASF3:
 719 008a 73686F72 		.ascii	"short unsigned int\000"
 719      7420756E 
 719      7369676E 
 719      65642069 
 719      6E7400
 720              	.LASF29:
 721 009d 50574D5F 		.ascii	"PWM_Timer_WritePeriod\000"
 721      54696D65 
 721      725F5772 
 721      69746550 
 721      6572696F 
 722              	.LASF35:
 723 00b3 2E5C4765 		.ascii	".\\Generated_Source\\PSoC4\\PWM_Timer_PM.c\000"
 723      6E657261 
 723      7465645F 
 723      536F7572 
 723      63655C50 
 724              	.LASF26:
 725 00db 50574D5F 		.ascii	"PWM_Timer_ReadPeriod\000"
 725      54696D65 
 725      725F5265 
 725      61645065 
 725      72696F64 
 726              	.LASF34:
 727 00f0 474E5520 		.ascii	"GNU C 4.8.4 20140526 (release) [ARM/embedded-4_8-br"
ARM GAS  C:\Users\Admin\AppData\Local\Temp\ccV9setc.s 			page 18


 727      4320342E 
 727      382E3420 
 727      32303134 
 727      30353236 
 728 0123 616E6368 		.ascii	"anch revision 211358] -mcpu=cortex-m0 -mthumb -g -O"
 728      20726576 
 728      6973696F 
 728      6E203231 
 728      31333538 
 729 0156 73202D66 		.ascii	"s -ffunction-sections\000"
 729      66756E63 
 729      74696F6E 
 729      2D736563 
 729      74696F6E 
 730              	.LASF11:
 731 016c 666C6F61 		.ascii	"float\000"
 731      7400
 732              	.LASF1:
 733 0172 756E7369 		.ascii	"unsigned char\000"
 733      676E6564 
 733      20636861 
 733      7200
 734              	.LASF16:
 735 0180 50574D45 		.ascii	"PWMEnableState\000"
 735      6E61626C 
 735      65537461 
 735      746500
 736              	.LASF5:
 737 018f 6C6F6E67 		.ascii	"long unsigned int\000"
 737      20756E73 
 737      69676E65 
 737      6420696E 
 737      7400
 738              	.LASF9:
 739 01a1 75696E74 		.ascii	"uint8\000"
 739      3800
 740              	.LASF22:
 741 01a7 50574D5F 		.ascii	"PWM_Timer_SaveConfig\000"
 741      54696D65 
 741      725F5361 
 741      7665436F 
 741      6E666967 
 742              	.LASF20:
 743 01bc 50574D43 		.ascii	"PWMControlRegister\000"
 743      6F6E7472 
 743      6F6C5265 
 743      67697374 
 743      657200
 744              	.LASF32:
 745 01cf 50574D5F 		.ascii	"PWM_Timer_Stop\000"
 745      54696D65 
 745      725F5374 
 745      6F7000
 746              	.LASF12:
 747 01de 646F7562 		.ascii	"double\000"
 747      6C6500
 748              	.LASF33:
ARM GAS  C:\Users\Admin\AppData\Local\Temp\ccV9setc.s 			page 19


 749 01e5 50574D5F 		.ascii	"PWM_Timer_Enable\000"
 749      54696D65 
 749      725F456E 
 749      61626C65 
 749      00
 750              	.LASF10:
 751 01f6 75696E74 		.ascii	"uint16\000"
 751      313600
 752              	.LASF8:
 753 01fd 756E7369 		.ascii	"unsigned int\000"
 753      676E6564 
 753      20696E74 
 753      00
 754              	.LASF30:
 755 020a 50574D5F 		.ascii	"PWM_Timer_WriteCounter\000"
 755      54696D65 
 755      725F5772 
 755      69746543 
 755      6F756E74 
 756              	.LASF7:
 757 0221 6C6F6E67 		.ascii	"long long unsigned int\000"
 757      206C6F6E 
 757      6720756E 
 757      7369676E 
 757      65642069 
 758              	.LASF14:
 759 0238 72656738 		.ascii	"reg8\000"
 759      00
 760              	.LASF15:
 761 023d 73697A65 		.ascii	"sizetype\000"
 761      74797065 
 761      00
 762              	.LASF6:
 763 0246 6C6F6E67 		.ascii	"long long int\000"
 763      206C6F6E 
 763      6720696E 
 763      7400
 764              	.LASF13:
 765 0254 63686172 		.ascii	"char\000"
 765      00
 766              	.LASF24:
 767 0259 50574D5F 		.ascii	"PWM_Timer_Sleep\000"
 767      54696D65 
 767      725F536C 
 767      65657000 
 768              	.LASF2:
 769 0269 73686F72 		.ascii	"short int\000"
 769      7420696E 
 769      7400
 770              	.LASF37:
 771 0273 50574D5F 		.ascii	"PWM_Timer_backup\000"
 771      54696D65 
 771      725F6261 
 771      636B7570 
 771      00
 772              	.LASF27:
 773 0284 50574D5F 		.ascii	"PWM_Timer_ReadCounter\000"
ARM GAS  C:\Users\Admin\AppData\Local\Temp\ccV9setc.s 			page 20


 773      54696D65 
 773      725F5265 
 773      6164436F 
 773      756E7465 
 774              	.LASF4:
 775 029a 6C6F6E67 		.ascii	"long int\000"
 775      20696E74 
 775      00
 776              	.LASF0:
 777 02a3 7369676E 		.ascii	"signed char\000"
 777      65642063 
 777      68617200 
 778              	.LASF23:
 779 02af 50574D5F 		.ascii	"PWM_Timer_RestoreConfig\000"
 779      54696D65 
 779      725F5265 
 779      73746F72 
 779      65436F6E 
 780              	.LASF28:
 781 02c7 50574D5F 		.ascii	"PWM_Timer_ReadControlRegister\000"
 781      54696D65 
 781      725F5265 
 781      6164436F 
 781      6E74726F 
 782              	.LASF19:
 783 02e5 496E7465 		.ascii	"InterruptMaskValue\000"
 783      72727570 
 783      744D6173 
 783      6B56616C 
 783      756500
 784              		.ident	"GCC: (GNU Tools for ARM Embedded Processors) 4.8.4 20140526 (release) [ARM/embedded-4_8-br
