ARM GAS  C:\Users\Admin\AppData\Local\Temp\ccrDBgtb.s 			page 1


   1              		.cpu cortex-m0
   2              		.fpu softvfp
   3              		.eabi_attribute 20, 1
   4              		.eabi_attribute 21, 1
   5              		.eabi_attribute 23, 3
   6              		.eabi_attribute 24, 1
   7              		.eabi_attribute 25, 1
   8              		.eabi_attribute 26, 1
   9              		.eabi_attribute 30, 6
  10              		.eabi_attribute 34, 0
  11              		.eabi_attribute 18, 4
  12              		.code	16
  13              		.file	"main.c"
  14              		.text
  15              	.Ltext0:
  16              		.cfi_sections	.debug_frame
  17              		.section	.rodata
  18              		.align	2
  19              	.LC1:
  20 0000 534F530A 		.ascii	"SOS\012\000"
  20      00
  21 0005 000000   		.section	.text.main,"ax",%progbits
  22              		.align	2
  23              		.global	main
  24              		.code	16
  25              		.thumb_func
  26              		.type	main, %function
  27              	main:
  28              	.LFB33:
  29              		.file 1 ".\\main.c"
   1:.\main.c      **** /* ========================================
   2:.\main.c      ****  *
   3:.\main.c      ****  * Red Badge source code. The volunteer badge
   4:.\main.c      ****  * is used to send encoded morse code message.
   5:.\main.c      ****  *
   6:.\main.c      ****  * Author(s): Ryan Grandgenett <rmgrandgenett@unomaha.edu>
   7:.\main.c      ****  *
   8:.\main.c      ****  * Eye Color: Red
   9:.\main.c      ****  * Stage1: Morse Code
  10:.\main.c      ****  * Stage2: Binary
  11:.\main.c      ****  * Stage3: Substitution
  12:.\main.c      ****  * Stage4: Serial
  13:.\main.c      ****  * Stage5: Organizer
  14:.\main.c      ****  *
  15:.\main.c      ****  * Serial: Print the morse code output
  16:.\main.c      ****  *
  17:.\main.c      ****  * Copyright Nullify, 2016
  18:.\main.c      ****  * All Rights Reserved
  19:.\main.c      ****  * UNPUBLISHED, LICENSED SOFTWARE.
  20:.\main.c      ****  *
  21:.\main.c      ****  * CONFIDENTIAL AND PROPRIETARY INFORMATION
  22:.\main.c      ****  * WHICH IS THE PROPERTY OF NULLIY.
  23:.\main.c      ****  *
  24:.\main.c      ****  * ========================================
  25:.\main.c      **** */
  26:.\main.c      **** #include <project.h>
  27:.\main.c      **** #include <string.h>
ARM GAS  C:\Users\Admin\AppData\Local\Temp\ccrDBgtb.s 			page 2


  28:.\main.c      **** #include <stdio.h>
  29:.\main.c      **** #include "lightlib.h"
  30:.\main.c      **** #include "togglelib.h"
  31:.\main.c      **** #include "state.h"
  32:.\main.c      **** #include "morse.h"
  33:.\main.c      **** #include "binary.h"
  34:.\main.c      **** #include "substitution.h"
  35:.\main.c      **** 
  36:.\main.c      **** int main()
  37:.\main.c      **** {
  30              		.loc 1 37 0
  31              		.cfi_startproc
  32 0000 80B5     		push	{r7, lr}
  33              		.cfi_def_cfa_offset 8
  34              		.cfi_offset 7, -8
  35              		.cfi_offset 14, -4
  36 0002 94B0     		sub	sp, sp, #80
  37              		.cfi_def_cfa_offset 88
  38 0004 00AF     		add	r7, sp, #0
  39              		.cfi_def_cfa_register 7
  38:.\main.c      ****     uint8 morse_sequance[MAX_SEQUENCE_SIZE] = {LEFT_TOGGLE, LEFT_TOGGLE, LEFT_TOGGLE, LEFT_TOGGLE, 
  40              		.loc 1 38 0
  41 0006 3B1C     		mov	r3, r7
  42 0008 3C33     		add	r3, r3, #60
  43 000a 0022     		mov	r2, #0
  44 000c 1A60     		str	r2, [r3]
  45 000e 0022     		mov	r2, #0
  46 0010 5A60     		str	r2, [r3, #4]
  47 0012 0022     		mov	r2, #0
  48 0014 9A60     		str	r2, [r3, #8]
  49 0016 0022     		mov	r2, #0
  50 0018 DA60     		str	r2, [r3, #12]
  51 001a 0022     		mov	r2, #0
  52 001c 1A61     		str	r2, [r3, #16]
  53 001e 3B1C     		mov	r3, r7
  54 0020 3C33     		add	r3, r3, #60
  55 0022 0122     		mov	r2, #1
  56 0024 1A70     		strb	r2, [r3]
  57 0026 3B1C     		mov	r3, r7
  58 0028 3C33     		add	r3, r3, #60
  59 002a 0122     		mov	r2, #1
  60 002c 5A70     		strb	r2, [r3, #1]
  61 002e 3B1C     		mov	r3, r7
  62 0030 3C33     		add	r3, r3, #60
  63 0032 0122     		mov	r2, #1
  64 0034 9A70     		strb	r2, [r3, #2]
  65 0036 3B1C     		mov	r3, r7
  66 0038 3C33     		add	r3, r3, #60
  67 003a 0122     		mov	r2, #1
  68 003c DA70     		strb	r2, [r3, #3]
  39:.\main.c      ****     uint8 binary_sequance[MAX_SEQUENCE_SIZE] = {RIGHT_TOGGLE, RIGHT_TOGGLE, RIGHT_TOGGLE, RIGHT_TOG
  69              		.loc 1 39 0
  70 003e 3B1C     		mov	r3, r7
  71 0040 2833     		add	r3, r3, #40
  72 0042 0022     		mov	r2, #0
  73 0044 1A60     		str	r2, [r3]
  74 0046 0022     		mov	r2, #0
ARM GAS  C:\Users\Admin\AppData\Local\Temp\ccrDBgtb.s 			page 3


  75 0048 5A60     		str	r2, [r3, #4]
  76 004a 0022     		mov	r2, #0
  77 004c 9A60     		str	r2, [r3, #8]
  78 004e 0022     		mov	r2, #0
  79 0050 DA60     		str	r2, [r3, #12]
  80 0052 0022     		mov	r2, #0
  81 0054 1A61     		str	r2, [r3, #16]
  82 0056 3B1C     		mov	r3, r7
  83 0058 2833     		add	r3, r3, #40
  84 005a 0222     		mov	r2, #2
  85 005c 1A70     		strb	r2, [r3]
  86 005e 3B1C     		mov	r3, r7
  87 0060 2833     		add	r3, r3, #40
  88 0062 0222     		mov	r2, #2
  89 0064 5A70     		strb	r2, [r3, #1]
  90 0066 3B1C     		mov	r3, r7
  91 0068 2833     		add	r3, r3, #40
  92 006a 0222     		mov	r2, #2
  93 006c 9A70     		strb	r2, [r3, #2]
  94 006e 3B1C     		mov	r3, r7
  95 0070 2833     		add	r3, r3, #40
  96 0072 0222     		mov	r2, #2
  97 0074 DA70     		strb	r2, [r3, #3]
  40:.\main.c      ****     uint8 substitution_sequance[MAX_SEQUENCE_SIZE] = {LEFT_TOGGLE, LEFT_TOGGLE, LEFT_TOGGLE, LEFT_T
  98              		.loc 1 40 0
  99 0076 3B1C     		mov	r3, r7
 100 0078 1433     		add	r3, r3, #20
 101 007a 0022     		mov	r2, #0
 102 007c 1A60     		str	r2, [r3]
 103 007e 0022     		mov	r2, #0
 104 0080 5A60     		str	r2, [r3, #4]
 105 0082 0022     		mov	r2, #0
 106 0084 9A60     		str	r2, [r3, #8]
 107 0086 0022     		mov	r2, #0
 108 0088 DA60     		str	r2, [r3, #12]
 109 008a 0022     		mov	r2, #0
 110 008c 1A61     		str	r2, [r3, #16]
 111 008e 3B1C     		mov	r3, r7
 112 0090 1433     		add	r3, r3, #20
 113 0092 0122     		mov	r2, #1
 114 0094 1A70     		strb	r2, [r3]
 115 0096 3B1C     		mov	r3, r7
 116 0098 1433     		add	r3, r3, #20
 117 009a 0122     		mov	r2, #1
 118 009c 5A70     		strb	r2, [r3, #1]
 119 009e 3B1C     		mov	r3, r7
 120 00a0 1433     		add	r3, r3, #20
 121 00a2 0122     		mov	r2, #1
 122 00a4 9A70     		strb	r2, [r3, #2]
 123 00a6 3B1C     		mov	r3, r7
 124 00a8 1433     		add	r3, r3, #20
 125 00aa 0122     		mov	r2, #1
 126 00ac DA70     		strb	r2, [r3, #3]
  41:.\main.c      ****     uint8 organizer_sequance[MAX_SEQUENCE_SIZE] = {RIGHT_TOGGLE, RIGHT_TOGGLE, RIGHT_TOGGLE, RIGHT_
 127              		.loc 1 41 0
 128 00ae 3B1C     		mov	r3, r7
 129 00b0 0022     		mov	r2, #0
ARM GAS  C:\Users\Admin\AppData\Local\Temp\ccrDBgtb.s 			page 4


 130 00b2 1A60     		str	r2, [r3]
 131 00b4 0022     		mov	r2, #0
 132 00b6 5A60     		str	r2, [r3, #4]
 133 00b8 0022     		mov	r2, #0
 134 00ba 9A60     		str	r2, [r3, #8]
 135 00bc 0022     		mov	r2, #0
 136 00be DA60     		str	r2, [r3, #12]
 137 00c0 0022     		mov	r2, #0
 138 00c2 1A61     		str	r2, [r3, #16]
 139 00c4 3B1C     		mov	r3, r7
 140 00c6 0222     		mov	r2, #2
 141 00c8 1A70     		strb	r2, [r3]
 142 00ca 3B1C     		mov	r3, r7
 143 00cc 0222     		mov	r2, #2
 144 00ce 5A70     		strb	r2, [r3, #1]
 145 00d0 3B1C     		mov	r3, r7
 146 00d2 0222     		mov	r2, #2
 147 00d4 9A70     		strb	r2, [r3, #2]
 148 00d6 3B1C     		mov	r3, r7
 149 00d8 0222     		mov	r2, #2
 150 00da DA70     		strb	r2, [r3, #3]
  42:.\main.c      **** 
  43:.\main.c      ****     /* Enable interrupts (needed for toggles and organizer PWRM) */
  44:.\main.c      ****     CyGlobalIntEnable;
 151              		.loc 1 44 0
 152              	@ 44 ".\main.c" 1
 153 00dc 62B6     		CPSIE   i
 154              	@ 0 "" 2
  45:.\main.c      **** 
  46:.\main.c      ****     /* Enable toggle buttons */
  47:.\main.c      ****     enable_toggle_interrupts();
 155              		.loc 1 47 0
 156              		.code	16
 157 00de FFF7FEFF 		bl	enable_toggle_interrupts
  48:.\main.c      **** 
  49:.\main.c      ****     /* Initialize LEDs to off and default color value */
  50:.\main.c      ****     init_led(RED);
 158              		.loc 1 50 0
 159 00e2 0120     		mov	r0, #1
 160 00e4 FFF7FEFF 		bl	init_led
  51:.\main.c      ****       
  52:.\main.c      ****     /* Set the toggle button magic sequences */
  53:.\main.c      ****     init_magic_toggle_sequance(MORSE, morse_sequance);
 161              		.loc 1 53 0
 162 00e8 3B1C     		mov	r3, r7
 163 00ea 3C33     		add	r3, r3, #60
 164 00ec 0120     		mov	r0, #1
 165 00ee 191C     		mov	r1, r3
 166 00f0 FFF7FEFF 		bl	init_magic_toggle_sequance
  54:.\main.c      ****     init_magic_toggle_sequance(BINARY, binary_sequance);
 167              		.loc 1 54 0
 168 00f4 3B1C     		mov	r3, r7
 169 00f6 2833     		add	r3, r3, #40
 170 00f8 0220     		mov	r0, #2
 171 00fa 191C     		mov	r1, r3
 172 00fc FFF7FEFF 		bl	init_magic_toggle_sequance
  55:.\main.c      ****     init_magic_toggle_sequance(SUBSTITUTION, substitution_sequance);
ARM GAS  C:\Users\Admin\AppData\Local\Temp\ccrDBgtb.s 			page 5


 173              		.loc 1 55 0
 174 0100 3B1C     		mov	r3, r7
 175 0102 1433     		add	r3, r3, #20
 176 0104 0320     		mov	r0, #3
 177 0106 191C     		mov	r1, r3
 178 0108 FFF7FEFF 		bl	init_magic_toggle_sequance
  56:.\main.c      ****     init_magic_toggle_sequance(ORGANIZER, organizer_sequance);
 179              		.loc 1 56 0
 180 010c 3B1C     		mov	r3, r7
 181 010e 0420     		mov	r0, #4
 182 0110 191C     		mov	r1, r3
 183 0112 FFF7FEFF 		bl	init_magic_toggle_sequance
  57:.\main.c      ****     
  58:.\main.c      ****     /* Set the default state to volunteer badge settings */
  59:.\main.c      ****     badge_state = ORGANIZER;
 184              		.loc 1 59 0
 185 0116 184B     		ldr	r3, .L9
 186 0118 0422     		mov	r2, #4
 187 011a 1A70     		strb	r2, [r3]
  60:.\main.c      ****     PWM_Organizer_Start();
 188              		.loc 1 60 0
 189 011c FFF7FEFF 		bl	PWM_Organizer_Start
 190              	.L8:
  61:.\main.c      ****     
  62:.\main.c      ****     for(;;)
  63:.\main.c      ****     {   switch(badge_state) {
 191              		.loc 1 63 0
 192 0120 154B     		ldr	r3, .L9
 193 0122 1B78     		ldrb	r3, [r3]
 194 0124 DBB2     		uxtb	r3, r3
 195 0126 022B     		cmp	r3, #2
 196 0128 11D0     		beq	.L3
 197 012a 02DC     		bgt	.L4
 198 012c 012B     		cmp	r3, #1
 199 012e 05D0     		beq	.L5
  64:.\main.c      ****         case MORSE:
  65:.\main.c      ****             init_led(RED);
  66:.\main.c      ****             morse_message(LEFT_RIGHT_LED, "SOS\n");
  67:.\main.c      ****         break;
  68:.\main.c      ****         case BINARY:
  69:.\main.c      ****             init_led(MAGENTA);
  70:.\main.c      ****             binary_message("SOS\n");
  71:.\main.c      ****         break;
  72:.\main.c      ****         case SUBSTITUTION:
  73:.\main.c      ****             init_led(YELLOW);
  74:.\main.c      ****             substitution_message("SOS\n");
  75:.\main.c      ****         break;
  76:.\main.c      ****         case ORGANIZER:
  77:.\main.c      ****             CySysPmSleep();
  78:.\main.c      ****         break;
  79:.\main.c      ****         /* Else we are in the ORGANIZER state so let the PWM do all the work  */
  80:.\main.c      ****         }      
  81:.\main.c      ****     }
 200              		.loc 1 81 0
 201 0130 F6E7     		b	.L8
 202              	.L4:
  63:.\main.c      ****     {   switch(badge_state) {
ARM GAS  C:\Users\Admin\AppData\Local\Temp\ccrDBgtb.s 			page 6


 203              		.loc 1 63 0
 204 0132 032B     		cmp	r3, #3
 205 0134 13D0     		beq	.L6
 206 0136 042B     		cmp	r3, #4
 207 0138 19D0     		beq	.L7
 208              		.loc 1 81 0
 209 013a F1E7     		b	.L8
 210              	.L5:
  65:.\main.c      ****             init_led(RED);
 211              		.loc 1 65 0
 212 013c 0120     		mov	r0, #1
 213 013e FFF7FEFF 		bl	init_led
  66:.\main.c      ****             morse_message(LEFT_RIGHT_LED, "SOS\n");
 214              		.loc 1 66 0
 215 0142 0E4B     		ldr	r3, .L9+4
 216 0144 0320     		mov	r0, #3
 217 0146 191C     		mov	r1, r3
 218 0148 FFF7FEFF 		bl	morse_message
  67:.\main.c      ****         break;
 219              		.loc 1 67 0
 220 014c 12E0     		b	.L2
 221              	.L3:
  69:.\main.c      ****             init_led(MAGENTA);
 222              		.loc 1 69 0
 223 014e 0320     		mov	r0, #3
 224 0150 FFF7FEFF 		bl	init_led
  70:.\main.c      ****             binary_message("SOS\n");
 225              		.loc 1 70 0
 226 0154 094B     		ldr	r3, .L9+4
 227 0156 181C     		mov	r0, r3
 228 0158 FFF7FEFF 		bl	binary_message
  71:.\main.c      ****         break;
 229              		.loc 1 71 0
 230 015c 0AE0     		b	.L2
 231              	.L6:
  73:.\main.c      ****             init_led(YELLOW);
 232              		.loc 1 73 0
 233 015e 0520     		mov	r0, #5
 234 0160 FFF7FEFF 		bl	init_led
  74:.\main.c      ****             substitution_message("SOS\n");
 235              		.loc 1 74 0
 236 0164 054B     		ldr	r3, .L9+4
 237 0166 181C     		mov	r0, r3
 238 0168 FFF7FEFF 		bl	substitution_message
  75:.\main.c      ****         break;
 239              		.loc 1 75 0
 240 016c 02E0     		b	.L2
 241              	.L7:
  77:.\main.c      ****             CySysPmSleep();
 242              		.loc 1 77 0
 243 016e FFF7FEFF 		bl	CySysPmSleep
  78:.\main.c      ****         break;
 244              		.loc 1 78 0
 245 0172 C046     		mov	r8, r8
 246              	.L2:
 247              		.loc 1 81 0
 248 0174 D4E7     		b	.L8
ARM GAS  C:\Users\Admin\AppData\Local\Temp\ccrDBgtb.s 			page 7


 249              	.L10:
 250 0176 C046     		.align	2
 251              	.L9:
 252 0178 00000000 		.word	badge_state
 253 017c 00000000 		.word	.LC1
 254              		.cfi_endproc
 255              	.LFE33:
 256              		.size	main, .-main
 257              		.text
 258              	.Letext0:
 259              		.file 2 ".\\Generated_Source\\PSoC4/cytypes.h"
 260              		.file 3 ".\\state.h"
 261              		.section	.debug_info,"",%progbits
 262              	.Ldebug_info0:
 263 0000 03010000 		.4byte	0x103
 264 0004 0400     		.2byte	0x4
 265 0006 00000000 		.4byte	.Ldebug_abbrev0
 266 000a 04       		.byte	0x4
 267 000b 01       		.uleb128 0x1
 268 000c C2000000 		.4byte	.LASF17
 269 0010 01       		.byte	0x1
 270 0011 BE010000 		.4byte	.LASF18
 271 0015 75000000 		.4byte	.LASF19
 272 0019 00000000 		.4byte	.Ldebug_ranges0+0
 273 001d 00000000 		.4byte	0
 274 0021 00000000 		.4byte	.Ldebug_line0
 275 0025 02       		.uleb128 0x2
 276 0026 01       		.byte	0x1
 277 0027 06       		.byte	0x6
 278 0028 99010000 		.4byte	.LASF0
 279 002c 02       		.uleb128 0x2
 280 002d 01       		.byte	0x1
 281 002e 08       		.byte	0x8
 282 002f 3E010000 		.4byte	.LASF1
 283 0033 02       		.uleb128 0x2
 284 0034 02       		.byte	0x2
 285 0035 05       		.byte	0x5
 286 0036 54000000 		.4byte	.LASF2
 287 003a 02       		.uleb128 0x2
 288 003b 02       		.byte	0x2
 289 003c 07       		.byte	0x7
 290 003d 86010000 		.4byte	.LASF3
 291 0041 02       		.uleb128 0x2
 292 0042 04       		.byte	0x4
 293 0043 05       		.byte	0x5
 294 0044 51010000 		.4byte	.LASF4
 295 0048 02       		.uleb128 0x2
 296 0049 04       		.byte	0x4
 297 004a 07       		.byte	0x7
 298 004b 42000000 		.4byte	.LASF5
 299 004f 02       		.uleb128 0x2
 300 0050 08       		.byte	0x8
 301 0051 05       		.byte	0x5
 302 0052 00000000 		.4byte	.LASF6
 303 0056 02       		.uleb128 0x2
 304 0057 08       		.byte	0x8
 305 0058 07       		.byte	0x7
ARM GAS  C:\Users\Admin\AppData\Local\Temp\ccrDBgtb.s 			page 8


 306 0059 5E000000 		.4byte	.LASF7
 307 005d 03       		.uleb128 0x3
 308 005e 04       		.byte	0x4
 309 005f 05       		.byte	0x5
 310 0060 696E7400 		.ascii	"int\000"
 311 0064 02       		.uleb128 0x2
 312 0065 04       		.byte	0x4
 313 0066 07       		.byte	0x7
 314 0067 1E000000 		.4byte	.LASF8
 315 006b 04       		.uleb128 0x4
 316 006c 3C000000 		.4byte	.LASF20
 317 0070 02       		.byte	0x2
 318 0071 A1       		.byte	0xa1
 319 0072 2C000000 		.4byte	0x2c
 320 0076 02       		.uleb128 0x2
 321 0077 04       		.byte	0x4
 322 0078 04       		.byte	0x4
 323 0079 B8010000 		.4byte	.LASF9
 324 007d 02       		.uleb128 0x2
 325 007e 08       		.byte	0x8
 326 007f 04       		.byte	0x4
 327 0080 7F010000 		.4byte	.LASF10
 328 0084 02       		.uleb128 0x2
 329 0085 01       		.byte	0x1
 330 0086 08       		.byte	0x8
 331 0087 4C010000 		.4byte	.LASF11
 332 008b 05       		.uleb128 0x5
 333 008c 6B000000 		.4byte	0x6b
 334 0090 02       		.uleb128 0x2
 335 0091 04       		.byte	0x4
 336 0092 07       		.byte	0x7
 337 0093 C7010000 		.4byte	.LASF12
 338 0097 06       		.uleb128 0x6
 339 0098 6B000000 		.4byte	0x6b
 340 009c A7000000 		.4byte	0xa7
 341 00a0 07       		.uleb128 0x7
 342 00a1 90000000 		.4byte	0x90
 343 00a5 13       		.byte	0x13
 344 00a6 00       		.byte	0
 345 00a7 08       		.uleb128 0x8
 346 00a8 2B000000 		.4byte	.LASF21
 347 00ac 01       		.byte	0x1
 348 00ad 24       		.byte	0x24
 349 00ae 5D000000 		.4byte	0x5d
 350 00b2 00000000 		.4byte	.LFB33
 351 00b6 80010000 		.4byte	.LFE33-.LFB33
 352 00ba 01       		.uleb128 0x1
 353 00bb 9C       		.byte	0x9c
 354 00bc FB000000 		.4byte	0xfb
 355 00c0 09       		.uleb128 0x9
 356 00c1 70010000 		.4byte	.LASF13
 357 00c5 01       		.byte	0x1
 358 00c6 26       		.byte	0x26
 359 00c7 97000000 		.4byte	0x97
 360 00cb 02       		.uleb128 0x2
 361 00cc 91       		.byte	0x91
 362 00cd 64       		.sleb128 -28
ARM GAS  C:\Users\Admin\AppData\Local\Temp\ccrDBgtb.s 			page 9


 363 00ce 09       		.uleb128 0x9
 364 00cf 0E000000 		.4byte	.LASF14
 365 00d3 01       		.byte	0x1
 366 00d4 27       		.byte	0x27
 367 00d5 97000000 		.4byte	0x97
 368 00d9 02       		.uleb128 0x2
 369 00da 91       		.byte	0x91
 370 00db 50       		.sleb128 -48
 371 00dc 09       		.uleb128 0x9
 372 00dd 5A010000 		.4byte	.LASF15
 373 00e1 01       		.byte	0x1
 374 00e2 28       		.byte	0x28
 375 00e3 97000000 		.4byte	0x97
 376 00e7 03       		.uleb128 0x3
 377 00e8 91       		.byte	0x91
 378 00e9 BC7F     		.sleb128 -68
 379 00eb 09       		.uleb128 0x9
 380 00ec A5010000 		.4byte	.LASF16
 381 00f0 01       		.byte	0x1
 382 00f1 29       		.byte	0x29
 383 00f2 97000000 		.4byte	0x97
 384 00f6 03       		.uleb128 0x3
 385 00f7 91       		.byte	0x91
 386 00f8 A87F     		.sleb128 -88
 387 00fa 00       		.byte	0
 388 00fb 0A       		.uleb128 0xa
 389 00fc 30000000 		.4byte	.LASF22
 390 0100 03       		.byte	0x3
 391 0101 17       		.byte	0x17
 392 0102 8B000000 		.4byte	0x8b
 393 0106 00       		.byte	0
 394              		.section	.debug_abbrev,"",%progbits
 395              	.Ldebug_abbrev0:
 396 0000 01       		.uleb128 0x1
 397 0001 11       		.uleb128 0x11
 398 0002 01       		.byte	0x1
 399 0003 25       		.uleb128 0x25
 400 0004 0E       		.uleb128 0xe
 401 0005 13       		.uleb128 0x13
 402 0006 0B       		.uleb128 0xb
 403 0007 03       		.uleb128 0x3
 404 0008 0E       		.uleb128 0xe
 405 0009 1B       		.uleb128 0x1b
 406 000a 0E       		.uleb128 0xe
 407 000b 55       		.uleb128 0x55
 408 000c 17       		.uleb128 0x17
 409 000d 11       		.uleb128 0x11
 410 000e 01       		.uleb128 0x1
 411 000f 10       		.uleb128 0x10
 412 0010 17       		.uleb128 0x17
 413 0011 00       		.byte	0
 414 0012 00       		.byte	0
 415 0013 02       		.uleb128 0x2
 416 0014 24       		.uleb128 0x24
 417 0015 00       		.byte	0
 418 0016 0B       		.uleb128 0xb
 419 0017 0B       		.uleb128 0xb
ARM GAS  C:\Users\Admin\AppData\Local\Temp\ccrDBgtb.s 			page 10


 420 0018 3E       		.uleb128 0x3e
 421 0019 0B       		.uleb128 0xb
 422 001a 03       		.uleb128 0x3
 423 001b 0E       		.uleb128 0xe
 424 001c 00       		.byte	0
 425 001d 00       		.byte	0
 426 001e 03       		.uleb128 0x3
 427 001f 24       		.uleb128 0x24
 428 0020 00       		.byte	0
 429 0021 0B       		.uleb128 0xb
 430 0022 0B       		.uleb128 0xb
 431 0023 3E       		.uleb128 0x3e
 432 0024 0B       		.uleb128 0xb
 433 0025 03       		.uleb128 0x3
 434 0026 08       		.uleb128 0x8
 435 0027 00       		.byte	0
 436 0028 00       		.byte	0
 437 0029 04       		.uleb128 0x4
 438 002a 16       		.uleb128 0x16
 439 002b 00       		.byte	0
 440 002c 03       		.uleb128 0x3
 441 002d 0E       		.uleb128 0xe
 442 002e 3A       		.uleb128 0x3a
 443 002f 0B       		.uleb128 0xb
 444 0030 3B       		.uleb128 0x3b
 445 0031 0B       		.uleb128 0xb
 446 0032 49       		.uleb128 0x49
 447 0033 13       		.uleb128 0x13
 448 0034 00       		.byte	0
 449 0035 00       		.byte	0
 450 0036 05       		.uleb128 0x5
 451 0037 35       		.uleb128 0x35
 452 0038 00       		.byte	0
 453 0039 49       		.uleb128 0x49
 454 003a 13       		.uleb128 0x13
 455 003b 00       		.byte	0
 456 003c 00       		.byte	0
 457 003d 06       		.uleb128 0x6
 458 003e 01       		.uleb128 0x1
 459 003f 01       		.byte	0x1
 460 0040 49       		.uleb128 0x49
 461 0041 13       		.uleb128 0x13
 462 0042 01       		.uleb128 0x1
 463 0043 13       		.uleb128 0x13
 464 0044 00       		.byte	0
 465 0045 00       		.byte	0
 466 0046 07       		.uleb128 0x7
 467 0047 21       		.uleb128 0x21
 468 0048 00       		.byte	0
 469 0049 49       		.uleb128 0x49
 470 004a 13       		.uleb128 0x13
 471 004b 2F       		.uleb128 0x2f
 472 004c 0B       		.uleb128 0xb
 473 004d 00       		.byte	0
 474 004e 00       		.byte	0
 475 004f 08       		.uleb128 0x8
 476 0050 2E       		.uleb128 0x2e
ARM GAS  C:\Users\Admin\AppData\Local\Temp\ccrDBgtb.s 			page 11


 477 0051 01       		.byte	0x1
 478 0052 3F       		.uleb128 0x3f
 479 0053 19       		.uleb128 0x19
 480 0054 03       		.uleb128 0x3
 481 0055 0E       		.uleb128 0xe
 482 0056 3A       		.uleb128 0x3a
 483 0057 0B       		.uleb128 0xb
 484 0058 3B       		.uleb128 0x3b
 485 0059 0B       		.uleb128 0xb
 486 005a 49       		.uleb128 0x49
 487 005b 13       		.uleb128 0x13
 488 005c 11       		.uleb128 0x11
 489 005d 01       		.uleb128 0x1
 490 005e 12       		.uleb128 0x12
 491 005f 06       		.uleb128 0x6
 492 0060 40       		.uleb128 0x40
 493 0061 18       		.uleb128 0x18
 494 0062 9642     		.uleb128 0x2116
 495 0064 19       		.uleb128 0x19
 496 0065 01       		.uleb128 0x1
 497 0066 13       		.uleb128 0x13
 498 0067 00       		.byte	0
 499 0068 00       		.byte	0
 500 0069 09       		.uleb128 0x9
 501 006a 34       		.uleb128 0x34
 502 006b 00       		.byte	0
 503 006c 03       		.uleb128 0x3
 504 006d 0E       		.uleb128 0xe
 505 006e 3A       		.uleb128 0x3a
 506 006f 0B       		.uleb128 0xb
 507 0070 3B       		.uleb128 0x3b
 508 0071 0B       		.uleb128 0xb
 509 0072 49       		.uleb128 0x49
 510 0073 13       		.uleb128 0x13
 511 0074 02       		.uleb128 0x2
 512 0075 18       		.uleb128 0x18
 513 0076 00       		.byte	0
 514 0077 00       		.byte	0
 515 0078 0A       		.uleb128 0xa
 516 0079 34       		.uleb128 0x34
 517 007a 00       		.byte	0
 518 007b 03       		.uleb128 0x3
 519 007c 0E       		.uleb128 0xe
 520 007d 3A       		.uleb128 0x3a
 521 007e 0B       		.uleb128 0xb
 522 007f 3B       		.uleb128 0x3b
 523 0080 0B       		.uleb128 0xb
 524 0081 49       		.uleb128 0x49
 525 0082 13       		.uleb128 0x13
 526 0083 3F       		.uleb128 0x3f
 527 0084 19       		.uleb128 0x19
 528 0085 3C       		.uleb128 0x3c
 529 0086 19       		.uleb128 0x19
 530 0087 00       		.byte	0
 531 0088 00       		.byte	0
 532 0089 00       		.byte	0
 533              		.section	.debug_aranges,"",%progbits
ARM GAS  C:\Users\Admin\AppData\Local\Temp\ccrDBgtb.s 			page 12


 534 0000 1C000000 		.4byte	0x1c
 535 0004 0200     		.2byte	0x2
 536 0006 00000000 		.4byte	.Ldebug_info0
 537 000a 04       		.byte	0x4
 538 000b 00       		.byte	0
 539 000c 0000     		.2byte	0
 540 000e 0000     		.2byte	0
 541 0010 00000000 		.4byte	.LFB33
 542 0014 80010000 		.4byte	.LFE33-.LFB33
 543 0018 00000000 		.4byte	0
 544 001c 00000000 		.4byte	0
 545              		.section	.debug_ranges,"",%progbits
 546              	.Ldebug_ranges0:
 547 0000 00000000 		.4byte	.LFB33
 548 0004 80010000 		.4byte	.LFE33
 549 0008 00000000 		.4byte	0
 550 000c 00000000 		.4byte	0
 551              		.section	.debug_line,"",%progbits
 552              	.Ldebug_line0:
 553 0000 90000000 		.section	.debug_str,"MS",%progbits,1
 553      02005200 
 553      00000201 
 553      FB0E0D00 
 553      01010101 
 554              	.LASF6:
 555 0000 6C6F6E67 		.ascii	"long long int\000"
 555      206C6F6E 
 555      6720696E 
 555      7400
 556              	.LASF14:
 557 000e 62696E61 		.ascii	"binary_sequance\000"
 557      72795F73 
 557      65717561 
 557      6E636500 
 558              	.LASF8:
 559 001e 756E7369 		.ascii	"unsigned int\000"
 559      676E6564 
 559      20696E74 
 559      00
 560              	.LASF21:
 561 002b 6D61696E 		.ascii	"main\000"
 561      00
 562              	.LASF22:
 563 0030 62616467 		.ascii	"badge_state\000"
 563      655F7374 
 563      61746500 
 564              	.LASF20:
 565 003c 75696E74 		.ascii	"uint8\000"
 565      3800
 566              	.LASF5:
 567 0042 6C6F6E67 		.ascii	"long unsigned int\000"
 567      20756E73 
 567      69676E65 
 567      6420696E 
 567      7400
 568              	.LASF2:
 569 0054 73686F72 		.ascii	"short int\000"
ARM GAS  C:\Users\Admin\AppData\Local\Temp\ccrDBgtb.s 			page 13


 569      7420696E 
 569      7400
 570              	.LASF7:
 571 005e 6C6F6E67 		.ascii	"long long unsigned int\000"
 571      206C6F6E 
 571      6720756E 
 571      7369676E 
 571      65642069 
 572              	.LASF19:
 573 0075 433A5C55 		.ascii	"C:\\Users\\Admin\\Desktop\\Organizer Badge\\Organiz"
 573      73657273 
 573      5C41646D 
 573      696E5C44 
 573      65736B74 
 574 00a3 65725F42 		.ascii	"er_Badge\\Organizer_Badge.cydsn\000"
 574      61646765 
 574      5C4F7267 
 574      616E697A 
 574      65725F42 
 575              	.LASF17:
 576 00c2 474E5520 		.ascii	"GNU C 4.8.4 20140526 (release) [ARM/embedded-4_8-br"
 576      4320342E 
 576      382E3420 
 576      32303134 
 576      30353236 
 577 00f5 616E6368 		.ascii	"anch revision 211358] -mcpu=cortex-m0 -mthumb -g -O"
 577      20726576 
 577      6973696F 
 577      6E203231 
 577      31333538 
 578 0128 30202D66 		.ascii	"0 -ffunction-sections\000"
 578      66756E63 
 578      74696F6E 
 578      2D736563 
 578      74696F6E 
 579              	.LASF1:
 580 013e 756E7369 		.ascii	"unsigned char\000"
 580      676E6564 
 580      20636861 
 580      7200
 581              	.LASF11:
 582 014c 63686172 		.ascii	"char\000"
 582      00
 583              	.LASF4:
 584 0151 6C6F6E67 		.ascii	"long int\000"
 584      20696E74 
 584      00
 585              	.LASF15:
 586 015a 73756273 		.ascii	"substitution_sequance\000"
 586      74697475 
 586      74696F6E 
 586      5F736571 
 586      75616E63 
 587              	.LASF13:
 588 0170 6D6F7273 		.ascii	"morse_sequance\000"
 588      655F7365 
 588      7175616E 
ARM GAS  C:\Users\Admin\AppData\Local\Temp\ccrDBgtb.s 			page 14


 588      636500
 589              	.LASF10:
 590 017f 646F7562 		.ascii	"double\000"
 590      6C6500
 591              	.LASF3:
 592 0186 73686F72 		.ascii	"short unsigned int\000"
 592      7420756E 
 592      7369676E 
 592      65642069 
 592      6E7400
 593              	.LASF0:
 594 0199 7369676E 		.ascii	"signed char\000"
 594      65642063 
 594      68617200 
 595              	.LASF16:
 596 01a5 6F726761 		.ascii	"organizer_sequance\000"
 596      6E697A65 
 596      725F7365 
 596      7175616E 
 596      636500
 597              	.LASF9:
 598 01b8 666C6F61 		.ascii	"float\000"
 598      7400
 599              	.LASF18:
 600 01be 2E5C6D61 		.ascii	".\\main.c\000"
 600      696E2E63 
 600      00
 601              	.LASF12:
 602 01c7 73697A65 		.ascii	"sizetype\000"
 602      74797065 
 602      00
 603              		.ident	"GCC: (GNU Tools for ARM Embedded Processors) 4.8.4 20140526 (release) [ARM/embedded-4_8-br
