ARM GAS  C:\Users\Admin\AppData\Local\Temp\ccGfnFlp.s 			page 1


   1              		.cpu cortex-m0
   2              		.fpu softvfp
   3              		.eabi_attribute 20, 1
   4              		.eabi_attribute 21, 1
   5              		.eabi_attribute 23, 3
   6              		.eabi_attribute 24, 1
   7              		.eabi_attribute 25, 1
   8              		.eabi_attribute 26, 1
   9              		.eabi_attribute 30, 4
  10              		.eabi_attribute 34, 0
  11              		.eabi_attribute 18, 4
  12              		.code	16
  13              		.file	"cymetadata.c"
  14              		.text
  15              	.Ltext0:
  16              		.cfi_sections	.debug_frame
  17              		.global	cy_meta_loadable
  18              		.section	.cyloadablemeta,"a",%progbits
  19              		.type	cy_meta_loadable, %object
  20              		.size	cy_meta_loadable, 64
  21              	cy_meta_loadable:
  22 0000 00       		.byte	0
  23 0001 00       		.byte	0
  24 0002 00       		.byte	0
  25 0003 00       		.byte	0
  26 0004 00       		.byte	0
  27 0005 00       		.byte	0
  28 0006 00       		.byte	0
  29 0007 00       		.byte	0
  30 0008 00       		.byte	0
  31 0009 00       		.byte	0
  32 000a 00       		.byte	0
  33 000b 00       		.byte	0
  34 000c 00       		.byte	0
  35 000d 00       		.byte	0
  36 000e 00       		.byte	0
  37 000f 00       		.byte	0
  38 0010 00       		.byte	0
  39 0011 00       		.byte	0
  40 0012 00       		.byte	0
  41 0013 00       		.byte	0
  42 0014 00       		.byte	0
  43 0015 00       		.byte	0
  44 0016 01       		.byte	1
  45 0017 00       		.byte	0
  46 0018 00       		.byte	0
  47 0019 00       		.byte	0
  48 001a 00       		.byte	0
  49 001b 00       		.byte	0
  50 001c 00       		.byte	0
  51 001d 00       		.byte	0
  52 001e 00       		.byte	0
  53 001f 00       		.byte	0
  54 0020 00       		.byte	0
  55 0021 00       		.byte	0
  56 0022 00       		.byte	0
  57 0023 00       		.byte	0
ARM GAS  C:\Users\Admin\AppData\Local\Temp\ccGfnFlp.s 			page 2


  58 0024 00       		.byte	0
  59 0025 00       		.byte	0
  60 0026 00       		.byte	0
  61 0027 00       		.byte	0
  62 0028 00       		.byte	0
  63 0029 00       		.byte	0
  64 002a 00       		.byte	0
  65 002b 00       		.byte	0
  66 002c 00       		.byte	0
  67 002d 00       		.byte	0
  68 002e 00       		.byte	0
  69 002f 00       		.byte	0
  70 0030 00       		.byte	0
  71 0031 00       		.byte	0
  72 0032 00       		.byte	0
  73 0033 00       		.byte	0
  74 0034 00       		.byte	0
  75 0035 00       		.byte	0
  76 0036 00       		.byte	0
  77 0037 00       		.byte	0
  78 0038 00       		.byte	0
  79 0039 00       		.byte	0
  80 003a 00       		.byte	0
  81 003b 00       		.byte	0
  82 003c 00       		.byte	0
  83 003d 00       		.byte	0
  84 003e 00       		.byte	0
  85 003f 00       		.byte	0
  86              		.text
  87              	.Letext0:
  88              		.file 1 ".\\Generated_Source\\PSoC4\\cytypes.h"
  89              		.file 2 ".\\Generated_Source\\PSoC4\\cymetadata.c"
  90              		.section	.debug_info,"",%progbits
  91              	.Ldebug_info0:
  92 0000 AD000000 		.4byte	0xad
  93 0004 0400     		.2byte	0x4
  94 0006 00000000 		.4byte	.Ldebug_abbrev0
  95 000a 04       		.byte	0x4
  96 000b 01       		.uleb128 0x1
  97 000c 00000000 		.4byte	.LASF13
  98 0010 01       		.byte	0x1
  99 0011 BC000000 		.4byte	.LASF14
 100 0015 17010000 		.4byte	.LASF15
 101 0019 00000000 		.4byte	.Ldebug_line0
 102 001d 02       		.uleb128 0x2
 103 001e 01       		.byte	0x1
 104 001f 06       		.byte	0x6
 105 0020 93010000 		.4byte	.LASF0
 106 0024 02       		.uleb128 0x2
 107 0025 01       		.byte	0x1
 108 0026 08       		.byte	0x8
 109 0027 82000000 		.4byte	.LASF1
 110 002b 02       		.uleb128 0x2
 111 002c 02       		.byte	0x2
 112 002d 05       		.byte	0x5
 113 002e 7A010000 		.4byte	.LASF2
 114 0032 02       		.uleb128 0x2
ARM GAS  C:\Users\Admin\AppData\Local\Temp\ccGfnFlp.s 			page 3


 115 0033 02       		.byte	0x2
 116 0034 07       		.byte	0x7
 117 0035 A2000000 		.4byte	.LASF3
 118 0039 02       		.uleb128 0x2
 119 003a 04       		.byte	0x4
 120 003b 05       		.byte	0x5
 121 003c 8A010000 		.4byte	.LASF4
 122 0040 02       		.uleb128 0x2
 123 0041 04       		.byte	0x4
 124 0042 07       		.byte	0x7
 125 0043 90000000 		.4byte	.LASF5
 126 0047 02       		.uleb128 0x2
 127 0048 08       		.byte	0x8
 128 0049 05       		.byte	0x5
 129 004a 67010000 		.4byte	.LASF6
 130 004e 02       		.uleb128 0x2
 131 004f 08       		.byte	0x8
 132 0050 07       		.byte	0x7
 133 0051 EF000000 		.4byte	.LASF7
 134 0055 03       		.uleb128 0x3
 135 0056 04       		.byte	0x4
 136 0057 05       		.byte	0x5
 137 0058 696E7400 		.ascii	"int\000"
 138 005c 02       		.uleb128 0x2
 139 005d 04       		.byte	0x4
 140 005e 07       		.byte	0x7
 141 005f E2000000 		.4byte	.LASF8
 142 0063 04       		.uleb128 0x4
 143 0064 84010000 		.4byte	.LASF16
 144 0068 01       		.byte	0x1
 145 0069 A1       		.byte	0xa1
 146 006a 24000000 		.4byte	0x24
 147 006e 02       		.uleb128 0x2
 148 006f 04       		.byte	0x4
 149 0070 04       		.byte	0x4
 150 0071 7C000000 		.4byte	.LASF9
 151 0075 02       		.uleb128 0x2
 152 0076 08       		.byte	0x8
 153 0077 04       		.byte	0x4
 154 0078 B5000000 		.4byte	.LASF10
 155 007c 02       		.uleb128 0x2
 156 007d 01       		.byte	0x1
 157 007e 08       		.byte	0x8
 158 007f 75010000 		.4byte	.LASF11
 159 0083 05       		.uleb128 0x5
 160 0084 63000000 		.4byte	0x63
 161 0088 93000000 		.4byte	0x93
 162 008c 06       		.uleb128 0x6
 163 008d 93000000 		.4byte	0x93
 164 0091 3F       		.byte	0x3f
 165 0092 00       		.byte	0
 166 0093 02       		.uleb128 0x2
 167 0094 04       		.byte	0x4
 168 0095 07       		.byte	0x7
 169 0096 5E010000 		.4byte	.LASF12
 170 009a 07       		.uleb128 0x7
 171 009b 06010000 		.4byte	.LASF17
ARM GAS  C:\Users\Admin\AppData\Local\Temp\ccGfnFlp.s 			page 4


 172 009f 02       		.byte	0x2
 173 00a0 1C       		.byte	0x1c
 174 00a1 AB000000 		.4byte	0xab
 175 00a5 05       		.uleb128 0x5
 176 00a6 03       		.byte	0x3
 177 00a7 00000000 		.4byte	cy_meta_loadable
 178 00ab 08       		.uleb128 0x8
 179 00ac 83000000 		.4byte	0x83
 180 00b0 00       		.byte	0
 181              		.section	.debug_abbrev,"",%progbits
 182              	.Ldebug_abbrev0:
 183 0000 01       		.uleb128 0x1
 184 0001 11       		.uleb128 0x11
 185 0002 01       		.byte	0x1
 186 0003 25       		.uleb128 0x25
 187 0004 0E       		.uleb128 0xe
 188 0005 13       		.uleb128 0x13
 189 0006 0B       		.uleb128 0xb
 190 0007 03       		.uleb128 0x3
 191 0008 0E       		.uleb128 0xe
 192 0009 1B       		.uleb128 0x1b
 193 000a 0E       		.uleb128 0xe
 194 000b 10       		.uleb128 0x10
 195 000c 17       		.uleb128 0x17
 196 000d 00       		.byte	0
 197 000e 00       		.byte	0
 198 000f 02       		.uleb128 0x2
 199 0010 24       		.uleb128 0x24
 200 0011 00       		.byte	0
 201 0012 0B       		.uleb128 0xb
 202 0013 0B       		.uleb128 0xb
 203 0014 3E       		.uleb128 0x3e
 204 0015 0B       		.uleb128 0xb
 205 0016 03       		.uleb128 0x3
 206 0017 0E       		.uleb128 0xe
 207 0018 00       		.byte	0
 208 0019 00       		.byte	0
 209 001a 03       		.uleb128 0x3
 210 001b 24       		.uleb128 0x24
 211 001c 00       		.byte	0
 212 001d 0B       		.uleb128 0xb
 213 001e 0B       		.uleb128 0xb
 214 001f 3E       		.uleb128 0x3e
 215 0020 0B       		.uleb128 0xb
 216 0021 03       		.uleb128 0x3
 217 0022 08       		.uleb128 0x8
 218 0023 00       		.byte	0
 219 0024 00       		.byte	0
 220 0025 04       		.uleb128 0x4
 221 0026 16       		.uleb128 0x16
 222 0027 00       		.byte	0
 223 0028 03       		.uleb128 0x3
 224 0029 0E       		.uleb128 0xe
 225 002a 3A       		.uleb128 0x3a
 226 002b 0B       		.uleb128 0xb
 227 002c 3B       		.uleb128 0x3b
 228 002d 0B       		.uleb128 0xb
ARM GAS  C:\Users\Admin\AppData\Local\Temp\ccGfnFlp.s 			page 5


 229 002e 49       		.uleb128 0x49
 230 002f 13       		.uleb128 0x13
 231 0030 00       		.byte	0
 232 0031 00       		.byte	0
 233 0032 05       		.uleb128 0x5
 234 0033 01       		.uleb128 0x1
 235 0034 01       		.byte	0x1
 236 0035 49       		.uleb128 0x49
 237 0036 13       		.uleb128 0x13
 238 0037 01       		.uleb128 0x1
 239 0038 13       		.uleb128 0x13
 240 0039 00       		.byte	0
 241 003a 00       		.byte	0
 242 003b 06       		.uleb128 0x6
 243 003c 21       		.uleb128 0x21
 244 003d 00       		.byte	0
 245 003e 49       		.uleb128 0x49
 246 003f 13       		.uleb128 0x13
 247 0040 2F       		.uleb128 0x2f
 248 0041 0B       		.uleb128 0xb
 249 0042 00       		.byte	0
 250 0043 00       		.byte	0
 251 0044 07       		.uleb128 0x7
 252 0045 34       		.uleb128 0x34
 253 0046 00       		.byte	0
 254 0047 03       		.uleb128 0x3
 255 0048 0E       		.uleb128 0xe
 256 0049 3A       		.uleb128 0x3a
 257 004a 0B       		.uleb128 0xb
 258 004b 3B       		.uleb128 0x3b
 259 004c 0B       		.uleb128 0xb
 260 004d 49       		.uleb128 0x49
 261 004e 13       		.uleb128 0x13
 262 004f 3F       		.uleb128 0x3f
 263 0050 19       		.uleb128 0x19
 264 0051 02       		.uleb128 0x2
 265 0052 18       		.uleb128 0x18
 266 0053 00       		.byte	0
 267 0054 00       		.byte	0
 268 0055 08       		.uleb128 0x8
 269 0056 26       		.uleb128 0x26
 270 0057 00       		.byte	0
 271 0058 49       		.uleb128 0x49
 272 0059 13       		.uleb128 0x13
 273 005a 00       		.byte	0
 274 005b 00       		.byte	0
 275 005c 00       		.byte	0
 276              		.section	.debug_aranges,"",%progbits
 277 0000 14000000 		.4byte	0x14
 278 0004 0200     		.2byte	0x2
 279 0006 00000000 		.4byte	.Ldebug_info0
 280 000a 04       		.byte	0x4
 281 000b 00       		.byte	0
 282 000c 0000     		.2byte	0
 283 000e 0000     		.2byte	0
 284 0010 00000000 		.4byte	0
 285 0014 00000000 		.4byte	0
ARM GAS  C:\Users\Admin\AppData\Local\Temp\ccGfnFlp.s 			page 6


 286              		.section	.debug_line,"",%progbits
 287              	.Ldebug_line0:
 288 0000 4F000000 		.section	.debug_str,"MS",%progbits,1
 288      02004900 
 288      00000201 
 288      FB0E0D00 
 288      01010101 
 289              	.LASF13:
 290 0000 474E5520 		.ascii	"GNU C 4.8.4 20140526 (release) [ARM/embedded-4_8-br"
 290      4320342E 
 290      382E3420 
 290      32303134 
 290      30353236 
 291 0033 616E6368 		.ascii	"anch revision 211358] -mcpu=cortex-m0 -mthumb -g -O"
 291      20726576 
 291      6973696F 
 291      6E203231 
 291      31333538 
 292 0066 73202D66 		.ascii	"s -ffunction-sections\000"
 292      66756E63 
 292      74696F6E 
 292      2D736563 
 292      74696F6E 
 293              	.LASF9:
 294 007c 666C6F61 		.ascii	"float\000"
 294      7400
 295              	.LASF1:
 296 0082 756E7369 		.ascii	"unsigned char\000"
 296      676E6564 
 296      20636861 
 296      7200
 297              	.LASF5:
 298 0090 6C6F6E67 		.ascii	"long unsigned int\000"
 298      20756E73 
 298      69676E65 
 298      6420696E 
 298      7400
 299              	.LASF3:
 300 00a2 73686F72 		.ascii	"short unsigned int\000"
 300      7420756E 
 300      7369676E 
 300      65642069 
 300      6E7400
 301              	.LASF10:
 302 00b5 646F7562 		.ascii	"double\000"
 302      6C6500
 303              	.LASF14:
 304 00bc 2E5C4765 		.ascii	".\\Generated_Source\\PSoC4\\cymetadata.c\000"
 304      6E657261 
 304      7465645F 
 304      536F7572 
 304      63655C50 
 305              	.LASF8:
 306 00e2 756E7369 		.ascii	"unsigned int\000"
 306      676E6564 
 306      20696E74 
 306      00
ARM GAS  C:\Users\Admin\AppData\Local\Temp\ccGfnFlp.s 			page 7


 307              	.LASF7:
 308 00ef 6C6F6E67 		.ascii	"long long unsigned int\000"
 308      206C6F6E 
 308      6720756E 
 308      7369676E 
 308      65642069 
 309              	.LASF17:
 310 0106 63795F6D 		.ascii	"cy_meta_loadable\000"
 310      6574615F 
 310      6C6F6164 
 310      61626C65 
 310      00
 311              	.LASF15:
 312 0117 433A5C55 		.ascii	"C:\\Users\\Admin\\Desktop\\Teacher Badge\\Teacher_B"
 312      73657273 
 312      5C41646D 
 312      696E5C44 
 312      65736B74 
 313 0145 61646765 		.ascii	"adge\\Teacher_Badge.cydsn\000"
 313      5C546561 
 313      63686572 
 313      5F426164 
 313      67652E63 
 314              	.LASF12:
 315 015e 73697A65 		.ascii	"sizetype\000"
 315      74797065 
 315      00
 316              	.LASF6:
 317 0167 6C6F6E67 		.ascii	"long long int\000"
 317      206C6F6E 
 317      6720696E 
 317      7400
 318              	.LASF11:
 319 0175 63686172 		.ascii	"char\000"
 319      00
 320              	.LASF2:
 321 017a 73686F72 		.ascii	"short int\000"
 321      7420696E 
 321      7400
 322              	.LASF16:
 323 0184 75696E74 		.ascii	"uint8\000"
 323      3800
 324              	.LASF4:
 325 018a 6C6F6E67 		.ascii	"long int\000"
 325      20696E74 
 325      00
 326              	.LASF0:
 327 0193 7369676E 		.ascii	"signed char\000"
 327      65642063 
 327      68617200 
 328              		.ident	"GCC: (GNU Tools for ARM Embedded Processors) 4.8.4 20140526 (release) [ARM/embedded-4_8-br
