ARM GAS  C:\Users\Admin\AppData\Local\Temp\ccpo2W9U.s 			page 1


   1              		.cpu cortex-m0
   2              		.fpu softvfp
   3              		.eabi_attribute 20, 1
   4              		.eabi_attribute 21, 1
   5              		.eabi_attribute 23, 3
   6              		.eabi_attribute 24, 1
   7              		.eabi_attribute 25, 1
   8              		.eabi_attribute 26, 1
   9              		.eabi_attribute 30, 4
  10              		.eabi_attribute 34, 0
  11              		.eabi_attribute 18, 4
  12              		.code	16
  13              		.file	"main.c"
  14              		.text
  15              	.Ltext0:
  16              		.cfi_sections	.debug_frame
  17              		.section	.text.startup.main,"ax",%progbits
  18              		.align	1
  19              		.global	main
  20              		.code	16
  21              		.thumb_func
  22              		.type	main, %function
  23              	main:
  24              	.LFB33:
  25              		.file 1 ".\\main.c"
   1:.\main.c      **** /* ========================================
   2:.\main.c      ****  *
   3:.\main.c      ****  * Red Badge source code. The volunteer badge
   4:.\main.c      ****  * is used to send encoded morse code message.
   5:.\main.c      ****  *
   6:.\main.c      ****  * Author(s): Ryan Grandgenett <rmgrandgenett@unomaha.edu>
   7:.\main.c      ****  *
   8:.\main.c      ****  * Eye Color: Blue
   9:.\main.c      ****  * Serial: Binary code output
  10:.\main.c      ****  *
  11:.\main.c      ****  * Copyright Nullify, 2016
  12:.\main.c      ****  * All Rights Reserved
  13:.\main.c      ****  * UNPUBLISHED, LICENSED SOFTWARE.
  14:.\main.c      ****  *
  15:.\main.c      ****  * CONFIDENTIAL AND PROPRIETARY INFORMATION
  16:.\main.c      ****  * WHICH IS THE PROPERTY OF NULLIY.
  17:.\main.c      ****  *
  18:.\main.c      ****  * ========================================
  19:.\main.c      **** */
  20:.\main.c      **** #include <project.h>
  21:.\main.c      **** #include <string.h>
  22:.\main.c      **** #include <stdio.h>
  23:.\main.c      **** #include "lightlib.h"
  24:.\main.c      **** #include "togglelib.h"
  25:.\main.c      **** #include "morse.h"
  26:.\main.c      **** 
  27:.\main.c      **** int main()
  28:.\main.c      **** {
  26              		.loc 1 28 0
  27              		.cfi_startproc
  28 0000 08B5     		push	{r3, lr}
  29              		.cfi_def_cfa_offset 8
ARM GAS  C:\Users\Admin\AppData\Local\Temp\ccpo2W9U.s 			page 2


  30              		.cfi_offset 3, -8
  31              		.cfi_offset 14, -4
  29:.\main.c      **** 
  30:.\main.c      ****     /* Enable interrupts (needed for toggles and organizer PWRM) */
  31:.\main.c      ****     CyGlobalIntEnable;
  32              		.loc 1 31 0
  33              	@ 31 ".\main.c" 1
  34 0002 62B6     		CPSIE   i
  35              	@ 0 "" 2
  32:.\main.c      **** 
  33:.\main.c      ****     /* Enable toggle buttons */
  34:.\main.c      ****     enable_toggle_interrupts();
  36              		.loc 1 34 0
  37              		.code	16
  38 0004 FFF7FEFF 		bl	enable_toggle_interrupts
  39              	.LVL0:
  35:.\main.c      ****     
  36:.\main.c      ****     /* Initialize LEDs to off and default color value */
  37:.\main.c      ****     init_led(BLUE);
  40              		.loc 1 37 0
  41 0008 0220     		mov	r0, #2
  42 000a FFF7FEFF 		bl	init_led
  43              	.LVL1:
  44              	.L2:
  38:.\main.c      ****     
  39:.\main.c      ****     /* Show encoded message to the user forever */ 
  40:.\main.c      ****     for(;;)
  41:.\main.c      ****     {  
  42:.\main.c      ****         init_led(BLUE);
  45              		.loc 1 42 0 discriminator 1
  46 000e 0220     		mov	r0, #2
  47 0010 FFF7FEFF 		bl	init_led
  48              	.LVL2:
  43:.\main.c      ****         clear_toggle_press_count();
  49              		.loc 1 43 0 discriminator 1
  50 0014 FFF7FEFF 		bl	clear_toggle_press_count
  51              	.LVL3:
  44:.\main.c      ****         morse_message(LEFT_RIGHT_LED, "ZM6CCPB4");
  52              		.loc 1 44 0 discriminator 1
  53 0018 0320     		mov	r0, #3
  54 001a 0249     		ldr	r1, .L4
  55 001c FFF7FEFF 		bl	morse_message
  56              	.LVL4:
  57 0020 F5E7     		b	.L2
  58              	.L5:
  59 0022 C046     		.align	2
  60              	.L4:
  61 0024 00000000 		.word	.LC0
  62              		.cfi_endproc
  63              	.LFE33:
  64              		.size	main, .-main
  65              		.section	.rodata.str1.1,"aMS",%progbits,1
  66              	.LC0:
  67 0000 5A4D3643 		.ascii	"ZM6CCPB4\000"
  67      43504234 
  67      00
  68              		.text
ARM GAS  C:\Users\Admin\AppData\Local\Temp\ccpo2W9U.s 			page 3


  69              	.Letext0:
  70              		.file 2 ".\\togglelib.h"
  71              		.file 3 ".\\morse.h"
  72              		.file 4 ".\\Generated_Source\\PSoC4/cytypes.h"
  73              		.file 5 ".\\lightlib.h"
  74              		.section	.debug_info,"",%progbits
  75              	.Ldebug_info0:
  76 0000 3C010000 		.4byte	0x13c
  77 0004 0400     		.2byte	0x4
  78 0006 00000000 		.4byte	.Ldebug_abbrev0
  79 000a 04       		.byte	0x4
  80 000b 01       		.uleb128 0x1
  81 000c 1D010000 		.4byte	.LASF16
  82 0010 01       		.byte	0x1
  83 0011 AD010000 		.4byte	.LASF17
  84 0015 7C000000 		.4byte	.LASF18
  85 0019 00000000 		.4byte	.Ldebug_ranges0+0
  86 001d 00000000 		.4byte	0
  87 0021 00000000 		.4byte	.Ldebug_line0
  88 0025 02       		.uleb128 0x2
  89 0026 01       		.byte	0x1
  90 0027 06       		.byte	0x6
  91 0028 11010000 		.4byte	.LASF0
  92 002c 02       		.uleb128 0x2
  93 002d 01       		.byte	0x1
  94 002e 08       		.byte	0x8
  95 002f C3000000 		.4byte	.LASF1
  96 0033 02       		.uleb128 0x2
  97 0034 02       		.byte	0x2
  98 0035 05       		.byte	0x5
  99 0036 DF000000 		.4byte	.LASF2
 100 003a 02       		.uleb128 0x2
 101 003b 02       		.byte	0x2
 102 003c 07       		.byte	0x7
 103 003d FE000000 		.4byte	.LASF3
 104 0041 02       		.uleb128 0x2
 105 0042 04       		.byte	0x4
 106 0043 05       		.byte	0x5
 107 0044 D6000000 		.4byte	.LASF4
 108 0048 02       		.uleb128 0x2
 109 0049 04       		.byte	0x4
 110 004a 07       		.byte	0x7
 111 004b 53000000 		.4byte	.LASF5
 112 004f 02       		.uleb128 0x2
 113 0050 08       		.byte	0x8
 114 0051 05       		.byte	0x5
 115 0052 00000000 		.4byte	.LASF6
 116 0056 02       		.uleb128 0x2
 117 0057 08       		.byte	0x8
 118 0058 07       		.byte	0x7
 119 0059 65000000 		.4byte	.LASF7
 120 005d 03       		.uleb128 0x3
 121 005e 04       		.byte	0x4
 122 005f 05       		.byte	0x5
 123 0060 696E7400 		.ascii	"int\000"
 124 0064 02       		.uleb128 0x2
 125 0065 04       		.byte	0x4
ARM GAS  C:\Users\Admin\AppData\Local\Temp\ccpo2W9U.s 			page 4


 126 0066 07       		.byte	0x7
 127 0067 0E000000 		.4byte	.LASF8
 128 006b 04       		.uleb128 0x4
 129 006c 4D000000 		.4byte	.LASF19
 130 0070 04       		.byte	0x4
 131 0071 A1       		.byte	0xa1
 132 0072 2C000000 		.4byte	0x2c
 133 0076 02       		.uleb128 0x2
 134 0077 04       		.byte	0x4
 135 0078 04       		.byte	0x4
 136 0079 A7010000 		.4byte	.LASF9
 137 007d 02       		.uleb128 0x2
 138 007e 08       		.byte	0x8
 139 007f 04       		.byte	0x4
 140 0080 E9000000 		.4byte	.LASF10
 141 0084 02       		.uleb128 0x2
 142 0085 01       		.byte	0x1
 143 0086 08       		.byte	0x8
 144 0087 D1000000 		.4byte	.LASF11
 145 008b 02       		.uleb128 0x2
 146 008c 04       		.byte	0x4
 147 008d 07       		.byte	0x7
 148 008e B6010000 		.4byte	.LASF12
 149 0092 05       		.uleb128 0x5
 150 0093 04       		.byte	0x4
 151 0094 84000000 		.4byte	0x84
 152 0098 06       		.uleb128 0x6
 153 0099 A2010000 		.4byte	.LASF20
 154 009d 01       		.byte	0x1
 155 009e 1B       		.byte	0x1b
 156 009f 5D000000 		.4byte	0x5d
 157 00a3 00000000 		.4byte	.LFB33
 158 00a7 28000000 		.4byte	.LFE33-.LFB33
 159 00ab 01       		.uleb128 0x1
 160 00ac 9C       		.byte	0x9c
 161 00ad 02010000 		.4byte	0x102
 162 00b1 07       		.uleb128 0x7
 163 00b2 08000000 		.4byte	.LVL0
 164 00b6 02010000 		.4byte	0x102
 165 00ba 08       		.uleb128 0x8
 166 00bb 0E000000 		.4byte	.LVL1
 167 00bf 0F010000 		.4byte	0x10f
 168 00c3 CD000000 		.4byte	0xcd
 169 00c7 09       		.uleb128 0x9
 170 00c8 01       		.uleb128 0x1
 171 00c9 50       		.byte	0x50
 172 00ca 01       		.uleb128 0x1
 173 00cb 32       		.byte	0x32
 174 00cc 00       		.byte	0
 175 00cd 08       		.uleb128 0x8
 176 00ce 14000000 		.4byte	.LVL2
 177 00d2 0F010000 		.4byte	0x10f
 178 00d6 E0000000 		.4byte	0xe0
 179 00da 09       		.uleb128 0x9
 180 00db 01       		.uleb128 0x1
 181 00dc 50       		.byte	0x50
 182 00dd 01       		.uleb128 0x1
ARM GAS  C:\Users\Admin\AppData\Local\Temp\ccpo2W9U.s 			page 5


 183 00de 32       		.byte	0x32
 184 00df 00       		.byte	0
 185 00e0 07       		.uleb128 0x7
 186 00e1 18000000 		.4byte	.LVL3
 187 00e5 20010000 		.4byte	0x120
 188 00e9 0A       		.uleb128 0xa
 189 00ea 20000000 		.4byte	.LVL4
 190 00ee 2D010000 		.4byte	0x12d
 191 00f2 09       		.uleb128 0x9
 192 00f3 01       		.uleb128 0x1
 193 00f4 51       		.byte	0x51
 194 00f5 05       		.uleb128 0x5
 195 00f6 03       		.byte	0x3
 196 00f7 00000000 		.4byte	.LC0
 197 00fb 09       		.uleb128 0x9
 198 00fc 01       		.uleb128 0x1
 199 00fd 50       		.byte	0x50
 200 00fe 01       		.uleb128 0x1
 201 00ff 33       		.byte	0x33
 202 0100 00       		.byte	0
 203 0101 00       		.byte	0
 204 0102 0B       		.uleb128 0xb
 205 0103 34000000 		.4byte	.LASF13
 206 0107 02       		.byte	0x2
 207 0108 2A       		.byte	0x2a
 208 0109 0F010000 		.4byte	0x10f
 209 010d 0C       		.uleb128 0xc
 210 010e 00       		.byte	0
 211 010f 0D       		.uleb128 0xd
 212 0110 99010000 		.4byte	.LASF21
 213 0114 05       		.byte	0x5
 214 0115 3F       		.byte	0x3f
 215 0116 20010000 		.4byte	0x120
 216 011a 0E       		.uleb128 0xe
 217 011b 6B000000 		.4byte	0x6b
 218 011f 00       		.byte	0
 219 0120 0B       		.uleb128 0xb
 220 0121 1B000000 		.4byte	.LASF14
 221 0125 02       		.byte	0x2
 222 0126 2B       		.byte	0x2b
 223 0127 2D010000 		.4byte	0x12d
 224 012b 0C       		.uleb128 0xc
 225 012c 00       		.byte	0
 226 012d 0F       		.uleb128 0xf
 227 012e F0000000 		.4byte	.LASF15
 228 0132 03       		.byte	0x3
 229 0133 22       		.byte	0x22
 230 0134 0E       		.uleb128 0xe
 231 0135 6B000000 		.4byte	0x6b
 232 0139 0E       		.uleb128 0xe
 233 013a 92000000 		.4byte	0x92
 234 013e 00       		.byte	0
 235 013f 00       		.byte	0
 236              		.section	.debug_abbrev,"",%progbits
 237              	.Ldebug_abbrev0:
 238 0000 01       		.uleb128 0x1
 239 0001 11       		.uleb128 0x11
ARM GAS  C:\Users\Admin\AppData\Local\Temp\ccpo2W9U.s 			page 6


 240 0002 01       		.byte	0x1
 241 0003 25       		.uleb128 0x25
 242 0004 0E       		.uleb128 0xe
 243 0005 13       		.uleb128 0x13
 244 0006 0B       		.uleb128 0xb
 245 0007 03       		.uleb128 0x3
 246 0008 0E       		.uleb128 0xe
 247 0009 1B       		.uleb128 0x1b
 248 000a 0E       		.uleb128 0xe
 249 000b 55       		.uleb128 0x55
 250 000c 17       		.uleb128 0x17
 251 000d 11       		.uleb128 0x11
 252 000e 01       		.uleb128 0x1
 253 000f 10       		.uleb128 0x10
 254 0010 17       		.uleb128 0x17
 255 0011 00       		.byte	0
 256 0012 00       		.byte	0
 257 0013 02       		.uleb128 0x2
 258 0014 24       		.uleb128 0x24
 259 0015 00       		.byte	0
 260 0016 0B       		.uleb128 0xb
 261 0017 0B       		.uleb128 0xb
 262 0018 3E       		.uleb128 0x3e
 263 0019 0B       		.uleb128 0xb
 264 001a 03       		.uleb128 0x3
 265 001b 0E       		.uleb128 0xe
 266 001c 00       		.byte	0
 267 001d 00       		.byte	0
 268 001e 03       		.uleb128 0x3
 269 001f 24       		.uleb128 0x24
 270 0020 00       		.byte	0
 271 0021 0B       		.uleb128 0xb
 272 0022 0B       		.uleb128 0xb
 273 0023 3E       		.uleb128 0x3e
 274 0024 0B       		.uleb128 0xb
 275 0025 03       		.uleb128 0x3
 276 0026 08       		.uleb128 0x8
 277 0027 00       		.byte	0
 278 0028 00       		.byte	0
 279 0029 04       		.uleb128 0x4
 280 002a 16       		.uleb128 0x16
 281 002b 00       		.byte	0
 282 002c 03       		.uleb128 0x3
 283 002d 0E       		.uleb128 0xe
 284 002e 3A       		.uleb128 0x3a
 285 002f 0B       		.uleb128 0xb
 286 0030 3B       		.uleb128 0x3b
 287 0031 0B       		.uleb128 0xb
 288 0032 49       		.uleb128 0x49
 289 0033 13       		.uleb128 0x13
 290 0034 00       		.byte	0
 291 0035 00       		.byte	0
 292 0036 05       		.uleb128 0x5
 293 0037 0F       		.uleb128 0xf
 294 0038 00       		.byte	0
 295 0039 0B       		.uleb128 0xb
 296 003a 0B       		.uleb128 0xb
ARM GAS  C:\Users\Admin\AppData\Local\Temp\ccpo2W9U.s 			page 7


 297 003b 49       		.uleb128 0x49
 298 003c 13       		.uleb128 0x13
 299 003d 00       		.byte	0
 300 003e 00       		.byte	0
 301 003f 06       		.uleb128 0x6
 302 0040 2E       		.uleb128 0x2e
 303 0041 01       		.byte	0x1
 304 0042 3F       		.uleb128 0x3f
 305 0043 19       		.uleb128 0x19
 306 0044 03       		.uleb128 0x3
 307 0045 0E       		.uleb128 0xe
 308 0046 3A       		.uleb128 0x3a
 309 0047 0B       		.uleb128 0xb
 310 0048 3B       		.uleb128 0x3b
 311 0049 0B       		.uleb128 0xb
 312 004a 49       		.uleb128 0x49
 313 004b 13       		.uleb128 0x13
 314 004c 11       		.uleb128 0x11
 315 004d 01       		.uleb128 0x1
 316 004e 12       		.uleb128 0x12
 317 004f 06       		.uleb128 0x6
 318 0050 40       		.uleb128 0x40
 319 0051 18       		.uleb128 0x18
 320 0052 9742     		.uleb128 0x2117
 321 0054 19       		.uleb128 0x19
 322 0055 01       		.uleb128 0x1
 323 0056 13       		.uleb128 0x13
 324 0057 00       		.byte	0
 325 0058 00       		.byte	0
 326 0059 07       		.uleb128 0x7
 327 005a 898201   		.uleb128 0x4109
 328 005d 00       		.byte	0
 329 005e 11       		.uleb128 0x11
 330 005f 01       		.uleb128 0x1
 331 0060 31       		.uleb128 0x31
 332 0061 13       		.uleb128 0x13
 333 0062 00       		.byte	0
 334 0063 00       		.byte	0
 335 0064 08       		.uleb128 0x8
 336 0065 898201   		.uleb128 0x4109
 337 0068 01       		.byte	0x1
 338 0069 11       		.uleb128 0x11
 339 006a 01       		.uleb128 0x1
 340 006b 31       		.uleb128 0x31
 341 006c 13       		.uleb128 0x13
 342 006d 01       		.uleb128 0x1
 343 006e 13       		.uleb128 0x13
 344 006f 00       		.byte	0
 345 0070 00       		.byte	0
 346 0071 09       		.uleb128 0x9
 347 0072 8A8201   		.uleb128 0x410a
 348 0075 00       		.byte	0
 349 0076 02       		.uleb128 0x2
 350 0077 18       		.uleb128 0x18
 351 0078 9142     		.uleb128 0x2111
 352 007a 18       		.uleb128 0x18
 353 007b 00       		.byte	0
ARM GAS  C:\Users\Admin\AppData\Local\Temp\ccpo2W9U.s 			page 8


 354 007c 00       		.byte	0
 355 007d 0A       		.uleb128 0xa
 356 007e 898201   		.uleb128 0x4109
 357 0081 01       		.byte	0x1
 358 0082 11       		.uleb128 0x11
 359 0083 01       		.uleb128 0x1
 360 0084 31       		.uleb128 0x31
 361 0085 13       		.uleb128 0x13
 362 0086 00       		.byte	0
 363 0087 00       		.byte	0
 364 0088 0B       		.uleb128 0xb
 365 0089 2E       		.uleb128 0x2e
 366 008a 01       		.byte	0x1
 367 008b 3F       		.uleb128 0x3f
 368 008c 19       		.uleb128 0x19
 369 008d 03       		.uleb128 0x3
 370 008e 0E       		.uleb128 0xe
 371 008f 3A       		.uleb128 0x3a
 372 0090 0B       		.uleb128 0xb
 373 0091 3B       		.uleb128 0x3b
 374 0092 0B       		.uleb128 0xb
 375 0093 3C       		.uleb128 0x3c
 376 0094 19       		.uleb128 0x19
 377 0095 01       		.uleb128 0x1
 378 0096 13       		.uleb128 0x13
 379 0097 00       		.byte	0
 380 0098 00       		.byte	0
 381 0099 0C       		.uleb128 0xc
 382 009a 18       		.uleb128 0x18
 383 009b 00       		.byte	0
 384 009c 00       		.byte	0
 385 009d 00       		.byte	0
 386 009e 0D       		.uleb128 0xd
 387 009f 2E       		.uleb128 0x2e
 388 00a0 01       		.byte	0x1
 389 00a1 3F       		.uleb128 0x3f
 390 00a2 19       		.uleb128 0x19
 391 00a3 03       		.uleb128 0x3
 392 00a4 0E       		.uleb128 0xe
 393 00a5 3A       		.uleb128 0x3a
 394 00a6 0B       		.uleb128 0xb
 395 00a7 3B       		.uleb128 0x3b
 396 00a8 0B       		.uleb128 0xb
 397 00a9 27       		.uleb128 0x27
 398 00aa 19       		.uleb128 0x19
 399 00ab 3C       		.uleb128 0x3c
 400 00ac 19       		.uleb128 0x19
 401 00ad 01       		.uleb128 0x1
 402 00ae 13       		.uleb128 0x13
 403 00af 00       		.byte	0
 404 00b0 00       		.byte	0
 405 00b1 0E       		.uleb128 0xe
 406 00b2 05       		.uleb128 0x5
 407 00b3 00       		.byte	0
 408 00b4 49       		.uleb128 0x49
 409 00b5 13       		.uleb128 0x13
 410 00b6 00       		.byte	0
ARM GAS  C:\Users\Admin\AppData\Local\Temp\ccpo2W9U.s 			page 9


 411 00b7 00       		.byte	0
 412 00b8 0F       		.uleb128 0xf
 413 00b9 2E       		.uleb128 0x2e
 414 00ba 01       		.byte	0x1
 415 00bb 3F       		.uleb128 0x3f
 416 00bc 19       		.uleb128 0x19
 417 00bd 03       		.uleb128 0x3
 418 00be 0E       		.uleb128 0xe
 419 00bf 3A       		.uleb128 0x3a
 420 00c0 0B       		.uleb128 0xb
 421 00c1 3B       		.uleb128 0x3b
 422 00c2 0B       		.uleb128 0xb
 423 00c3 27       		.uleb128 0x27
 424 00c4 19       		.uleb128 0x19
 425 00c5 3C       		.uleb128 0x3c
 426 00c6 19       		.uleb128 0x19
 427 00c7 00       		.byte	0
 428 00c8 00       		.byte	0
 429 00c9 00       		.byte	0
 430              		.section	.debug_aranges,"",%progbits
 431 0000 1C000000 		.4byte	0x1c
 432 0004 0200     		.2byte	0x2
 433 0006 00000000 		.4byte	.Ldebug_info0
 434 000a 04       		.byte	0x4
 435 000b 00       		.byte	0
 436 000c 0000     		.2byte	0
 437 000e 0000     		.2byte	0
 438 0010 00000000 		.4byte	.LFB33
 439 0014 28000000 		.4byte	.LFE33-.LFB33
 440 0018 00000000 		.4byte	0
 441 001c 00000000 		.4byte	0
 442              		.section	.debug_ranges,"",%progbits
 443              	.Ldebug_ranges0:
 444 0000 00000000 		.4byte	.LFB33
 445 0004 28000000 		.4byte	.LFE33
 446 0008 00000000 		.4byte	0
 447 000c 00000000 		.4byte	0
 448              		.section	.debug_line,"",%progbits
 449              	.Ldebug_line0:
 450 0000 9A000000 		.section	.debug_str,"MS",%progbits,1
 450      02007300 
 450      00000201 
 450      FB0E0D00 
 450      01010101 
 451              	.LASF6:
 452 0000 6C6F6E67 		.ascii	"long long int\000"
 452      206C6F6E 
 452      6720696E 
 452      7400
 453              	.LASF8:
 454 000e 756E7369 		.ascii	"unsigned int\000"
 454      676E6564 
 454      20696E74 
 454      00
 455              	.LASF14:
 456 001b 636C6561 		.ascii	"clear_toggle_press_count\000"
 456      725F746F 
ARM GAS  C:\Users\Admin\AppData\Local\Temp\ccpo2W9U.s 			page 10


 456      67676C65 
 456      5F707265 
 456      73735F63 
 457              	.LASF13:
 458 0034 656E6162 		.ascii	"enable_toggle_interrupts\000"
 458      6C655F74 
 458      6F67676C 
 458      655F696E 
 458      74657272 
 459              	.LASF19:
 460 004d 75696E74 		.ascii	"uint8\000"
 460      3800
 461              	.LASF5:
 462 0053 6C6F6E67 		.ascii	"long unsigned int\000"
 462      20756E73 
 462      69676E65 
 462      6420696E 
 462      7400
 463              	.LASF7:
 464 0065 6C6F6E67 		.ascii	"long long unsigned int\000"
 464      206C6F6E 
 464      6720756E 
 464      7369676E 
 464      65642069 
 465              	.LASF18:
 466 007c 433A5C55 		.ascii	"C:\\Users\\Admin\\Desktop\\Teacher Badge\\Teacher_B"
 466      73657273 
 466      5C41646D 
 466      696E5C44 
 466      65736B74 
 467 00aa 61646765 		.ascii	"adge\\Teacher_Badge.cydsn\000"
 467      5C546561 
 467      63686572 
 467      5F426164 
 467      67652E63 
 468              	.LASF1:
 469 00c3 756E7369 		.ascii	"unsigned char\000"
 469      676E6564 
 469      20636861 
 469      7200
 470              	.LASF11:
 471 00d1 63686172 		.ascii	"char\000"
 471      00
 472              	.LASF4:
 473 00d6 6C6F6E67 		.ascii	"long int\000"
 473      20696E74 
 473      00
 474              	.LASF2:
 475 00df 73686F72 		.ascii	"short int\000"
 475      7420696E 
 475      7400
 476              	.LASF10:
 477 00e9 646F7562 		.ascii	"double\000"
 477      6C6500
 478              	.LASF15:
 479 00f0 6D6F7273 		.ascii	"morse_message\000"
 479      655F6D65 
ARM GAS  C:\Users\Admin\AppData\Local\Temp\ccpo2W9U.s 			page 11


 479      73736167 
 479      6500
 480              	.LASF3:
 481 00fe 73686F72 		.ascii	"short unsigned int\000"
 481      7420756E 
 481      7369676E 
 481      65642069 
 481      6E7400
 482              	.LASF0:
 483 0111 7369676E 		.ascii	"signed char\000"
 483      65642063 
 483      68617200 
 484              	.LASF16:
 485 011d 474E5520 		.ascii	"GNU C 4.8.4 20140526 (release) [ARM/embedded-4_8-br"
 485      4320342E 
 485      382E3420 
 485      32303134 
 485      30353236 
 486 0150 616E6368 		.ascii	"anch revision 211358] -mcpu=cortex-m0 -mthumb -g -O"
 486      20726576 
 486      6973696F 
 486      6E203231 
 486      31333538 
 487 0183 73202D66 		.ascii	"s -ffunction-sections\000"
 487      66756E63 
 487      74696F6E 
 487      2D736563 
 487      74696F6E 
 488              	.LASF21:
 489 0199 696E6974 		.ascii	"init_led\000"
 489      5F6C6564 
 489      00
 490              	.LASF20:
 491 01a2 6D61696E 		.ascii	"main\000"
 491      00
 492              	.LASF9:
 493 01a7 666C6F61 		.ascii	"float\000"
 493      7400
 494              	.LASF17:
 495 01ad 2E5C6D61 		.ascii	".\\main.c\000"
 495      696E2E63 
 495      00
 496              	.LASF12:
 497 01b6 73697A65 		.ascii	"sizetype\000"
 497      74797065 
 497      00
 498              		.ident	"GCC: (GNU Tools for ARM Embedded Processors) 4.8.4 20140526 (release) [ARM/embedded-4_8-br
