--------------- Clean Started: 11/14/2016 21:29:52 Project: Teacher_Badge, Configuration: ARM GCC 4.8.4 Release ---------------
Deleting file ".\CortexM0\ARM_GCC_484\Release\main.o"
Deleting file ".\CortexM0\ARM_GCC_484\Release\lightlib.o"
Deleting file ".\CortexM0\ARM_GCC_484\Release\togglelib.o"
Deleting file ".\CortexM0\ARM_GCC_484\Release\binary.o"
Deleting file ".\CortexM0\ARM_GCC_484\Release\cyfitter_cfg.o"
Deleting file ".\CortexM0\ARM_GCC_484\Release\cybootloader.o"
Deleting file ".\CortexM0\ARM_GCC_484\Release\cymetadata.o"
Deleting file ".\CortexM0\ARM_GCC_484\Release\Bootloadable.o"
Deleting file ".\CortexM0\ARM_GCC_484\Release\Board_LED.o"
Deleting file ".\CortexM0\ARM_GCC_484\Release\IR_LED.o"
Deleting file ".\CortexM0\ARM_GCC_484\Release\SWL.o"
Deleting file ".\CortexM0\ARM_GCC_484\Release\SWL_Int.o"
Deleting file ".\CortexM0\ARM_GCC_484\Release\SWR.o"
Deleting file ".\CortexM0\ARM_GCC_484\Release\SWR_Int.o"
Deleting file ".\CortexM0\ARM_GCC_484\Release\SWB.o"
Deleting file ".\CortexM0\ARM_GCC_484\Release\SWB_Int.o"
Deleting file ".\CortexM0\ARM_GCC_484\Release\Left_LED_Green.o"
Deleting file ".\CortexM0\ARM_GCC_484\Release\Right_LED_Green.o"
Deleting file ".\CortexM0\ARM_GCC_484\Release\PWM_Right_LED_Blue.o"
Deleting file ".\CortexM0\ARM_GCC_484\Release\PWM_Right_LED_Blue_PM.o"
Deleting file ".\CortexM0\ARM_GCC_484\Release\clk_4kHz.o"
Deleting file ".\CortexM0\ARM_GCC_484\Release\PWM_Left_LED_Blue.o"
Deleting file ".\CortexM0\ARM_GCC_484\Release\PWM_Left_LED_Blue_PM.o"
Deleting file ".\CortexM0\ARM_GCC_484\Release\Left_LED_Red.o"
Deleting file ".\CortexM0\ARM_GCC_484\Release\Right_LED_Red.o"
Deleting file ".\CortexM0\ARM_GCC_484\Release\Left_LED_Blue.o"
Deleting file ".\CortexM0\ARM_GCC_484\Release\Right_LED_Blue.o"
Deleting file ".\CortexM0\ARM_GCC_484\Release\Cm0Start.o"
Deleting file ".\CortexM0\ARM_GCC_484\Release\CyBootAsmGnu.o"
Deleting file ".\CortexM0\ARM_GCC_484\Release\CyFlash.o"
Deleting file ".\CortexM0\ARM_GCC_484\Release\CyLib.o"
Deleting file ".\CortexM0\ARM_GCC_484\Release\cyPm.o"
Deleting file ".\CortexM0\ARM_GCC_484\Release\cyutils.o"
Deleting file ".\CortexM0\ARM_GCC_484\Release\Teacher_Badge.hex"
Deleting file ".\CortexM0\ARM_GCC_484\Release\Teacher_Badge.elf"
Deleting file ".\CortexM0\ARM_GCC_484\Release\Teacher_Badge.map"
Deleting file ".\CortexM0\ARM_GCC_484\Release\Teacher_Badge.cyacd"
Deleting file ".\Teacher_Badge.cycdx"
Deleting file ".\Teacher_Badge.svd"
Deleting file ".\Teacher_Badge.rpt"
Deleting file ".\Teacher_Badge_timing.html"
Deleting file ".\CortexM0\ARM_GCC_484\Release\.deps\C_FILE.P"
Deleting file ".\CortexM0\ARM_GCC_484\Release\.deps\ARM_C_FILE.P"
Deleting file ".\CortexM0\ARM_GCC_484\Release\.deps\GNU_ARM_ASM_FILE.P"
--------------- Clean Succeeded: 11/14/2016 21:29:53 ---------------
