ARM GAS  C:\Users\Admin\AppData\Local\Temp\ccLKGYsV.s 			page 1


   1              		.cpu cortex-m0
   2              		.fpu softvfp
   3              		.eabi_attribute 20, 1
   4              		.eabi_attribute 21, 1
   5              		.eabi_attribute 23, 3
   6              		.eabi_attribute 24, 1
   7              		.eabi_attribute 25, 1
   8              		.eabi_attribute 26, 1
   9              		.eabi_attribute 30, 4
  10              		.eabi_attribute 34, 0
  11              		.eabi_attribute 18, 4
  12              		.code	16
  13              		.file	"togglelib.c"
  14              		.text
  15              	.Ltext0:
  16              		.cfi_sections	.debug_frame
  17              		.global	__aeabi_idivmod
  18              		.section	.text.SWL_Handler,"ax",%progbits
  19              		.align	1
  20              		.global	SWL_Handler
  21              		.code	16
  22              		.thumb_func
  23              		.type	SWL_Handler, %function
  24              	SWL_Handler:
  25              	.LFB33:
  26              		.file 1 ".\\togglelib.c"
   1:.\togglelib.c **** /* ========================================
   2:.\togglelib.c ****  *
   3:.\togglelib.c ****  * Copyright Nullify, 2016
   4:.\togglelib.c ****  * All Rights Reserved
   5:.\togglelib.c ****  * UNPUBLISHED, LICENSED SOFTWARE.
   6:.\togglelib.c ****  *
   7:.\togglelib.c ****  * CONFIDENTIAL AND PROPRIETARY INFORMATION
   8:.\togglelib.c ****  * WHICH IS THE PROPERTY OF NULLIY.
   9:.\togglelib.c ****  *
  10:.\togglelib.c ****  * ========================================
  11:.\togglelib.c **** */
  12:.\togglelib.c **** #include <project.h>
  13:.\togglelib.c **** #include <stdio.h>
  14:.\togglelib.c **** #include <time.h>
  15:.\togglelib.c **** #include <stdlib.h>
  16:.\togglelib.c **** #include "lightlib.h"
  17:.\togglelib.c **** #include "togglelib.h"
  18:.\togglelib.c **** 
  19:.\togglelib.c **** 
  20:.\togglelib.c **** volatile uint8 ltp_count = 0;
  21:.\togglelib.c **** volatile uint8 rtp_count = 0;
  22:.\togglelib.c **** 
  23:.\togglelib.c **** /* Signal handler for left toggle press */
  24:.\togglelib.c **** CY_ISR( SWL_Handler ) {
  27              		.loc 1 24 0
  28              		.cfi_startproc
  29 0000 38B5     		push	{r3, r4, r5, lr}
  30              		.cfi_def_cfa_offset 16
  31              		.cfi_offset 3, -16
  32              		.cfi_offset 4, -12
  33              		.cfi_offset 5, -8
ARM GAS  C:\Users\Admin\AppData\Local\Temp\ccLKGYsV.s 			page 2


  34              		.cfi_offset 14, -4
  25:.\togglelib.c ****     uint8 new_color_left;
  26:.\togglelib.c ****     uint8 current_color_left; 
  27:.\togglelib.c ****     
  28:.\togglelib.c ****     ltp_count += 1;
  35              		.loc 1 28 0
  36 0002 104B     		ldr	r3, .L6
  37 0004 1A78     		ldrb	r2, [r3]
  38 0006 1C1C     		mov	r4, r3
  39 0008 0132     		add	r2, r2, #1
  40 000a D2B2     		uxtb	r2, r2
  41 000c 1A70     		strb	r2, [r3]
  29:.\togglelib.c ****     
  30:.\togglelib.c ****     if (ltp_count == LIGHT_CHANGE_NUM) {
  42              		.loc 1 30 0
  43 000e 1A78     		ldrb	r2, [r3]
  44 0010 0A2A     		cmp	r2, #10
  45 0012 11D1     		bne	.L2
  31:.\togglelib.c ****         current_color_left = get_color(LEFT_LED);
  46              		.loc 1 31 0
  47 0014 0120     		mov	r0, #1
  48 0016 FFF7FEFF 		bl	get_color
  49              	.LVL0:
  50 001a 051C     		mov	r5, r0
  51              	.LVL1:
  52              	.L4:
  32:.\togglelib.c ****         new_color_left = (rand() % 7) + 1;
  33:.\togglelib.c ****         
  34:.\togglelib.c ****         while (new_color_left == current_color_left){
  35:.\togglelib.c ****             new_color_left = (rand() % 7) + 1;
  53              		.loc 1 35 0
  54 001c FFF7FEFF 		bl	rand
  55              	.LVL2:
  56 0020 0721     		mov	r1, #7
  57 0022 FFF7FEFF 		bl	__aeabi_idivmod
  58              	.LVL3:
  59 0026 0131     		add	r1, r1, #1
  60 0028 C9B2     		uxtb	r1, r1
  61              	.LVL4:
  34:.\togglelib.c ****         while (new_color_left == current_color_left){
  62              		.loc 1 34 0
  63 002a A942     		cmp	r1, r5
  64 002c F6D0     		beq	.L4
  36:.\togglelib.c ****         }
  37:.\togglelib.c ****         set_color(LEFT_LED, new_color_left);
  65              		.loc 1 37 0
  66 002e 0120     		mov	r0, #1
  67 0030 FFF7FEFF 		bl	set_color
  68              	.LVL5:
  38:.\togglelib.c ****         ltp_count = 0;
  69              		.loc 1 38 0
  70 0034 0023     		mov	r3, #0
  71 0036 2370     		strb	r3, [r4]
  72              	.LVL6:
  73              	.L2:
  39:.\togglelib.c ****     }
  40:.\togglelib.c ****     
ARM GAS  C:\Users\Admin\AppData\Local\Temp\ccLKGYsV.s 			page 3


  41:.\togglelib.c ****     /* Clear interrupt */
  42:.\togglelib.c ****     CyDelay(TOGGLE_DELAY);
  74              		.loc 1 42 0
  75 0038 9620     		mov	r0, #150
  76 003a FFF7FEFF 		bl	CyDelay
  77              	.LVL7:
  43:.\togglelib.c ****     SWL_ClearInterrupt();
  44:.\togglelib.c **** }
  78              		.loc 1 44 0
  79              		@ sp needed
  43:.\togglelib.c ****     SWL_ClearInterrupt();
  80              		.loc 1 43 0
  81 003e FFF7FEFF 		bl	SWL_ClearInterrupt
  82              	.LVL8:
  83              		.loc 1 44 0
  84 0042 38BD     		pop	{r3, r4, r5, pc}
  85              	.L7:
  86              		.align	2
  87              	.L6:
  88 0044 00000000 		.word	.LANCHOR0
  89              		.cfi_endproc
  90              	.LFE33:
  91              		.size	SWL_Handler, .-SWL_Handler
  92              		.section	.text.SWR_Handler,"ax",%progbits
  93              		.align	1
  94              		.global	SWR_Handler
  95              		.code	16
  96              		.thumb_func
  97              		.type	SWR_Handler, %function
  98              	SWR_Handler:
  99              	.LFB34:
  45:.\togglelib.c **** 
  46:.\togglelib.c **** /* Signal handler for right toggle press */
  47:.\togglelib.c **** CY_ISR( SWR_Handler ) {  
 100              		.loc 1 47 0
 101              		.cfi_startproc
 102 0000 38B5     		push	{r3, r4, r5, lr}
 103              		.cfi_def_cfa_offset 16
 104              		.cfi_offset 3, -16
 105              		.cfi_offset 4, -12
 106              		.cfi_offset 5, -8
 107              		.cfi_offset 14, -4
  48:.\togglelib.c ****     uint8 new_color_right;
  49:.\togglelib.c ****     uint8 current_color_right; 
  50:.\togglelib.c ****     
  51:.\togglelib.c ****     rtp_count += 1;
 108              		.loc 1 51 0
 109 0002 104B     		ldr	r3, .L12
 110 0004 5A78     		ldrb	r2, [r3, #1]
 111 0006 1C1C     		mov	r4, r3
 112 0008 0132     		add	r2, r2, #1
 113 000a D2B2     		uxtb	r2, r2
 114 000c 5A70     		strb	r2, [r3, #1]
  52:.\togglelib.c ****     
  53:.\togglelib.c ****     if (rtp_count == LIGHT_CHANGE_NUM) {
 115              		.loc 1 53 0
 116 000e 5A78     		ldrb	r2, [r3, #1]
ARM GAS  C:\Users\Admin\AppData\Local\Temp\ccLKGYsV.s 			page 4


 117 0010 0A2A     		cmp	r2, #10
 118 0012 11D1     		bne	.L9
  54:.\togglelib.c ****         current_color_right = get_color(RIGHT_LED);
 119              		.loc 1 54 0
 120 0014 0220     		mov	r0, #2
 121 0016 FFF7FEFF 		bl	get_color
 122              	.LVL9:
 123 001a 051C     		mov	r5, r0
 124              	.LVL10:
 125              	.L11:
  55:.\togglelib.c ****         new_color_right = (rand() % 7) + 1;
  56:.\togglelib.c ****         
  57:.\togglelib.c ****         while (new_color_right == current_color_right){
  58:.\togglelib.c ****             new_color_right = (rand() % 7) + 1;
 126              		.loc 1 58 0
 127 001c FFF7FEFF 		bl	rand
 128              	.LVL11:
 129 0020 0721     		mov	r1, #7
 130 0022 FFF7FEFF 		bl	__aeabi_idivmod
 131              	.LVL12:
 132 0026 0131     		add	r1, r1, #1
 133 0028 C9B2     		uxtb	r1, r1
 134              	.LVL13:
  57:.\togglelib.c ****         while (new_color_right == current_color_right){
 135              		.loc 1 57 0
 136 002a A942     		cmp	r1, r5
 137 002c F6D0     		beq	.L11
  59:.\togglelib.c ****         }
  60:.\togglelib.c ****         set_color(RIGHT_LED, new_color_right);
 138              		.loc 1 60 0
 139 002e 0220     		mov	r0, #2
 140 0030 FFF7FEFF 		bl	set_color
 141              	.LVL14:
  61:.\togglelib.c ****         rtp_count = 0;
 142              		.loc 1 61 0
 143 0034 0023     		mov	r3, #0
 144 0036 6370     		strb	r3, [r4, #1]
 145              	.LVL15:
 146              	.L9:
  62:.\togglelib.c ****     }
  63:.\togglelib.c ****     
  64:.\togglelib.c ****     /* Clear interrupt */
  65:.\togglelib.c ****     CyDelay(TOGGLE_DELAY);
 147              		.loc 1 65 0
 148 0038 9620     		mov	r0, #150
 149 003a FFF7FEFF 		bl	CyDelay
 150              	.LVL16:
  66:.\togglelib.c ****     SWR_ClearInterrupt();
  67:.\togglelib.c **** }
 151              		.loc 1 67 0
 152              		@ sp needed
  66:.\togglelib.c ****     SWR_ClearInterrupt();
 153              		.loc 1 66 0
 154 003e FFF7FEFF 		bl	SWR_ClearInterrupt
 155              	.LVL17:
 156              		.loc 1 67 0
 157 0042 38BD     		pop	{r3, r4, r5, pc}
ARM GAS  C:\Users\Admin\AppData\Local\Temp\ccLKGYsV.s 			page 5


 158              	.L13:
 159              		.align	2
 160              	.L12:
 161 0044 00000000 		.word	.LANCHOR0
 162              		.cfi_endproc
 163              	.LFE34:
 164              		.size	SWR_Handler, .-SWR_Handler
 165              		.section	.text.SWB_Handler,"ax",%progbits
 166              		.align	1
 167              		.global	SWB_Handler
 168              		.code	16
 169              		.thumb_func
 170              		.type	SWB_Handler, %function
 171              	SWB_Handler:
 172              	.LFB35:
  68:.\togglelib.c **** 
  69:.\togglelib.c **** /* Signal handler for on board toggle press */
  70:.\togglelib.c **** CY_ISR( SWB_Handler ) {
 173              		.loc 1 70 0
 174              		.cfi_startproc
 175 0000 08B5     		push	{r3, lr}
 176              		.cfi_def_cfa_offset 8
 177              		.cfi_offset 3, -8
 178              		.cfi_offset 14, -4
  71:.\togglelib.c ****     /* Flip IR Status */
  72:.\togglelib.c ****     if (get_status(IR_LED) == OFF) {
 179              		.loc 1 72 0
 180 0002 0420     		mov	r0, #4
 181 0004 FFF7FEFF 		bl	get_status
 182              	.LVL18:
 183 0008 0028     		cmp	r0, #0
 184 000a 03D1     		bne	.L15
  73:.\togglelib.c ****         turn_on(IR_LED);
 185              		.loc 1 73 0
 186 000c 0420     		mov	r0, #4
 187 000e FFF7FEFF 		bl	turn_on
 188              	.LVL19:
 189 0012 02E0     		b	.L16
 190              	.L15:
  74:.\togglelib.c ****     } 
  75:.\togglelib.c ****     else {
  76:.\togglelib.c ****          turn_off(IR_LED);
 191              		.loc 1 76 0
 192 0014 0420     		mov	r0, #4
 193 0016 FFF7FEFF 		bl	turn_off
 194              	.LVL20:
 195              	.L16:
  77:.\togglelib.c ****     }
  78:.\togglelib.c ****     
  79:.\togglelib.c ****     if (get_status(BOARD_LED) == OFF) {
 196              		.loc 1 79 0
 197 001a 0520     		mov	r0, #5
 198 001c FFF7FEFF 		bl	get_status
 199              	.LVL21:
 200 0020 0028     		cmp	r0, #0
 201 0022 03D1     		bne	.L17
  80:.\togglelib.c ****         turn_on(BOARD_LED);
ARM GAS  C:\Users\Admin\AppData\Local\Temp\ccLKGYsV.s 			page 6


 202              		.loc 1 80 0
 203 0024 0520     		mov	r0, #5
 204 0026 FFF7FEFF 		bl	turn_on
 205              	.LVL22:
 206 002a 02E0     		b	.L18
 207              	.L17:
  81:.\togglelib.c ****     } 
  82:.\togglelib.c ****     else {
  83:.\togglelib.c ****          turn_off(BOARD_LED);
 208              		.loc 1 83 0
 209 002c 0520     		mov	r0, #5
 210 002e FFF7FEFF 		bl	turn_off
 211              	.LVL23:
 212              	.L18:
  84:.\togglelib.c ****     }
  85:.\togglelib.c ****     
  86:.\togglelib.c **** 
  87:.\togglelib.c ****     /* Clear interrupt */
  88:.\togglelib.c ****     SWB_ClearInterrupt();
 213              		.loc 1 88 0
 214 0032 FFF7FEFF 		bl	SWB_ClearInterrupt
 215              	.LVL24:
  89:.\togglelib.c **** }
 216              		.loc 1 89 0
 217              		@ sp needed
 218 0036 08BD     		pop	{r3, pc}
 219              		.cfi_endproc
 220              	.LFE35:
 221              		.size	SWB_Handler, .-SWB_Handler
 222              		.section	.text.clear_toggle_press_count,"ax",%progbits
 223              		.align	1
 224              		.global	clear_toggle_press_count
 225              		.code	16
 226              		.thumb_func
 227              		.type	clear_toggle_press_count, %function
 228              	clear_toggle_press_count:
 229              	.LFB36:
  90:.\togglelib.c **** 
  91:.\togglelib.c **** void clear_toggle_press_count() {
 230              		.loc 1 91 0
 231              		.cfi_startproc
  92:.\togglelib.c ****     /* Clear press count variables */
  93:.\togglelib.c ****     ltp_count = 0;
 232              		.loc 1 93 0
 233 0000 024B     		ldr	r3, .L20
 234 0002 0022     		mov	r2, #0
 235 0004 1A70     		strb	r2, [r3]
  94:.\togglelib.c ****     rtp_count = 0;
  95:.\togglelib.c **** }
 236              		.loc 1 95 0
 237              		@ sp needed
  94:.\togglelib.c ****     rtp_count = 0;
 238              		.loc 1 94 0
 239 0006 5A70     		strb	r2, [r3, #1]
 240              		.loc 1 95 0
 241 0008 7047     		bx	lr
 242              	.L21:
ARM GAS  C:\Users\Admin\AppData\Local\Temp\ccLKGYsV.s 			page 7


 243 000a C046     		.align	2
 244              	.L20:
 245 000c 00000000 		.word	.LANCHOR0
 246              		.cfi_endproc
 247              	.LFE36:
 248              		.size	clear_toggle_press_count, .-clear_toggle_press_count
 249              		.section	.text.enable_toggle_interrupts,"ax",%progbits
 250              		.align	1
 251              		.global	enable_toggle_interrupts
 252              		.code	16
 253              		.thumb_func
 254              		.type	enable_toggle_interrupts, %function
 255              	enable_toggle_interrupts:
 256              	.LFB37:
  96:.\togglelib.c **** 
  97:.\togglelib.c **** void enable_toggle_interrupts() {
 257              		.loc 1 97 0
 258              		.cfi_startproc
 259 0000 08B5     		push	{r3, lr}
 260              		.cfi_def_cfa_offset 8
 261              		.cfi_offset 3, -8
 262              		.cfi_offset 14, -4
  98:.\togglelib.c ****     /* Setup toggle interrupts  */
  99:.\togglelib.c ****     SWB_Int_StartEx( SWB_Handler );
 263              		.loc 1 99 0
 264 0002 0748     		ldr	r0, .L23
 265 0004 FFF7FEFF 		bl	SWB_Int_StartEx
 266              	.LVL25:
 100:.\togglelib.c ****     SWL_Int_StartEx( SWL_Handler );
 267              		.loc 1 100 0
 268 0008 0648     		ldr	r0, .L23+4
 269 000a FFF7FEFF 		bl	SWL_Int_StartEx
 270              	.LVL26:
 101:.\togglelib.c ****     SWR_Int_StartEx( SWR_Handler );
 271              		.loc 1 101 0
 272 000e 0648     		ldr	r0, .L23+8
 273 0010 FFF7FEFF 		bl	SWR_Int_StartEx
 274              	.LVL27:
 102:.\togglelib.c ****     /* Seed random */
 103:.\togglelib.c ****     srand(time(NULL));
 275              		.loc 1 103 0
 276 0014 0020     		mov	r0, #0
 277 0016 FFF7FEFF 		bl	time
 278              	.LVL28:
 279 001a FFF7FEFF 		bl	srand
 280              	.LVL29:
 104:.\togglelib.c **** }...
 281              		.loc 1 104 0
 282              		@ sp needed
 283 001e 08BD     		pop	{r3, pc}
 284              	.L24:
 285              		.align	2
 286              	.L23:
 287 0020 00000000 		.word	SWB_Handler
 288 0024 00000000 		.word	SWL_Handler
 289 0028 00000000 		.word	SWR_Handler
 290              		.cfi_endproc
ARM GAS  C:\Users\Admin\AppData\Local\Temp\ccLKGYsV.s 			page 8


 291              	.LFE37:
 292              		.size	enable_toggle_interrupts, .-enable_toggle_interrupts
 293              		.global	rtp_count
 294              		.global	ltp_count
 295              		.bss
 296              		.set	.LANCHOR0,. + 0
 297              		.type	ltp_count, %object
 298              		.size	ltp_count, 1
 299              	ltp_count:
 300 0000 00       		.space	1
 301              		.type	rtp_count, %object
 302              		.size	rtp_count, 1
 303              	rtp_count:
 304 0001 00       		.space	1
 305              		.text
 306              	.Letext0:
 307              		.file 2 ".\\Generated_Source\\PSoC4/cytypes.h"
 308              		.file 3 "c:\\program files\\cypress\\psoc creator\\3.1\\psoc creator\\import\\gnu_cs\\arm\\4.8.4\\
 309              		.file 4 ".\\lightlib.h"
 310              		.file 5 ".\\Generated_Source\\PSoC4/CyLib.h"
 311              		.file 6 "c:\\program files\\cypress\\psoc creator\\3.1\\psoc creator\\import\\gnu_cs\\arm\\4.8.4\\
 312              		.file 7 ".\\Generated_Source\\PSoC4/SWL.h"
 313              		.file 8 ".\\Generated_Source\\PSoC4/SWR.h"
 314              		.file 9 ".\\Generated_Source\\PSoC4/SWB.h"
 315              		.file 10 ".\\Generated_Source\\PSoC4/SWB_Int.h"
 316              		.file 11 ".\\Generated_Source\\PSoC4/SWL_Int.h"
 317              		.file 12 ".\\Generated_Source\\PSoC4/SWR_Int.h"
 318              		.file 13 "c:\\program files\\cypress\\psoc creator\\3.1\\psoc creator\\import\\gnu_cs\\arm\\4.8.4\
 319              		.section	.debug_info,"",%progbits
 320              	.Ldebug_info0:
 321 0000 F2030000 		.4byte	0x3f2
 322 0004 0400     		.2byte	0x4
 323 0006 00000000 		.4byte	.Ldebug_abbrev0
 324 000a 04       		.byte	0x4
 325 000b 01       		.uleb128 0x1
 326 000c 67000000 		.4byte	.LASF40
 327 0010 01       		.byte	0x1
 328 0011 46000000 		.4byte	.LASF41
 329 0015 7C010000 		.4byte	.LASF42
 330 0019 00000000 		.4byte	.Ldebug_ranges0+0
 331 001d 00000000 		.4byte	0
 332 0021 00000000 		.4byte	.Ldebug_line0
 333 0025 02       		.uleb128 0x2
 334 0026 01       		.byte	0x1
 335 0027 06       		.byte	0x6
 336 0028 CD020000 		.4byte	.LASF0
 337 002c 02       		.uleb128 0x2
 338 002d 01       		.byte	0x1
 339 002e 08       		.byte	0x8
 340 002f 0C010000 		.4byte	.LASF1
 341 0033 02       		.uleb128 0x2
 342 0034 02       		.byte	0x2
 343 0035 05       		.byte	0x5
 344 0036 88020000 		.4byte	.LASF2
 345 003a 02       		.uleb128 0x2
 346 003b 02       		.byte	0x2
 347 003c 07       		.byte	0x7
ARM GAS  C:\Users\Admin\AppData\Local\Temp\ccLKGYsV.s 			page 9


 348 003d 33000000 		.4byte	.LASF3
 349 0041 02       		.uleb128 0x2
 350 0042 04       		.byte	0x4
 351 0043 05       		.byte	0x5
 352 0044 C4020000 		.4byte	.LASF4
 353 0048 02       		.uleb128 0x2
 354 0049 04       		.byte	0x4
 355 004a 07       		.byte	0x7
 356 004b 33010000 		.4byte	.LASF5
 357 004f 02       		.uleb128 0x2
 358 0050 08       		.byte	0x8
 359 0051 05       		.byte	0x5
 360 0052 5C020000 		.4byte	.LASF6
 361 0056 02       		.uleb128 0x2
 362 0057 08       		.byte	0x8
 363 0058 07       		.byte	0x7
 364 0059 EA010000 		.4byte	.LASF7
 365 005d 03       		.uleb128 0x3
 366 005e 04       		.byte	0x4
 367 005f 05       		.byte	0x5
 368 0060 696E7400 		.ascii	"int\000"
 369 0064 02       		.uleb128 0x2
 370 0065 04       		.byte	0x4
 371 0066 07       		.byte	0x7
 372 0067 CA010000 		.4byte	.LASF8
 373 006b 04       		.uleb128 0x4
 374 006c 45010000 		.4byte	.LASF9
 375 0070 02       		.byte	0x2
 376 0071 A1       		.byte	0xa1
 377 0072 2C000000 		.4byte	0x2c
 378 0076 04       		.uleb128 0x4
 379 0077 C3010000 		.4byte	.LASF10
 380 007b 02       		.byte	0x2
 381 007c A3       		.byte	0xa3
 382 007d 48000000 		.4byte	0x48
 383 0081 02       		.uleb128 0x2
 384 0082 04       		.byte	0x4
 385 0083 04       		.byte	0x4
 386 0084 E3000000 		.4byte	.LASF11
 387 0088 02       		.uleb128 0x2
 388 0089 08       		.byte	0x8
 389 008a 04       		.byte	0x4
 390 008b 6F010000 		.4byte	.LASF12
 391 008f 02       		.uleb128 0x2
 392 0090 01       		.byte	0x1
 393 0091 08       		.byte	0x8
 394 0092 6A020000 		.4byte	.LASF13
 395 0096 05       		.uleb128 0x5
 396 0097 6B000000 		.4byte	0x6b
 397 009b 06       		.uleb128 0x6
 398 009c 18020000 		.4byte	.LASF14
 399 00a0 02       		.byte	0x2
 400 00a1 5D01     		.2byte	0x15d
 401 00a3 A7000000 		.4byte	0xa7
 402 00a7 07       		.uleb128 0x7
 403 00a8 04       		.byte	0x4
 404 00a9 AD000000 		.4byte	0xad
ARM GAS  C:\Users\Admin\AppData\Local\Temp\ccLKGYsV.s 			page 10


 405 00ad 08       		.uleb128 0x8
 406 00ae 02       		.uleb128 0x2
 407 00af 04       		.byte	0x4
 408 00b0 07       		.byte	0x7
 409 00b1 43020000 		.4byte	.LASF15
 410 00b5 04       		.uleb128 0x4
 411 00b6 11020000 		.4byte	.LASF16
 412 00ba 03       		.byte	0x3
 413 00bb 7A       		.byte	0x7a
 414 00bc 41000000 		.4byte	0x41
 415 00c0 09       		.uleb128 0x9
 416 00c1 92020000 		.4byte	.LASF19
 417 00c5 01       		.byte	0x1
 418 00c6 18       		.byte	0x18
 419 00c7 00000000 		.4byte	.LFB33
 420 00cb 48000000 		.4byte	.LFE33-.LFB33
 421 00cf 01       		.uleb128 0x1
 422 00d0 9C       		.byte	0x9c
 423 00d1 40010000 		.4byte	0x140
 424 00d5 0A       		.uleb128 0xa
 425 00d6 1A010000 		.4byte	.LASF17
 426 00da 01       		.byte	0x1
 427 00db 19       		.byte	0x19
 428 00dc 6B000000 		.4byte	0x6b
 429 00e0 00000000 		.4byte	.LLST0
 430 00e4 0A       		.uleb128 0xa
 431 00e5 54000000 		.4byte	.LASF18
 432 00e9 01       		.byte	0x1
 433 00ea 1A       		.byte	0x1a
 434 00eb 6B000000 		.4byte	0x6b
 435 00ef 13000000 		.4byte	.LLST1
 436 00f3 0B       		.uleb128 0xb
 437 00f4 1A000000 		.4byte	.LVL0
 438 00f8 FB020000 		.4byte	0x2fb
 439 00fc 06010000 		.4byte	0x106
 440 0100 0C       		.uleb128 0xc
 441 0101 01       		.uleb128 0x1
 442 0102 50       		.byte	0x50
 443 0103 01       		.uleb128 0x1
 444 0104 31       		.byte	0x31
 445 0105 00       		.byte	0
 446 0106 0D       		.uleb128 0xd
 447 0107 20000000 		.4byte	.LVL2
 448 010b 10030000 		.4byte	0x310
 449 010f 0B       		.uleb128 0xb
 450 0110 34000000 		.4byte	.LVL5
 451 0114 1B030000 		.4byte	0x31b
 452 0118 22010000 		.4byte	0x122
 453 011c 0C       		.uleb128 0xc
 454 011d 01       		.uleb128 0x1
 455 011e 50       		.byte	0x50
 456 011f 01       		.uleb128 0x1
 457 0120 31       		.byte	0x31
 458 0121 00       		.byte	0
 459 0122 0B       		.uleb128 0xb
 460 0123 3E000000 		.4byte	.LVL7
 461 0127 31030000 		.4byte	0x331
ARM GAS  C:\Users\Admin\AppData\Local\Temp\ccLKGYsV.s 			page 11


 462 012b 36010000 		.4byte	0x136
 463 012f 0C       		.uleb128 0xc
 464 0130 01       		.uleb128 0x1
 465 0131 50       		.byte	0x50
 466 0132 02       		.uleb128 0x2
 467 0133 08       		.byte	0x8
 468 0134 96       		.byte	0x96
 469 0135 00       		.byte	0
 470 0136 0D       		.uleb128 0xd
 471 0137 42000000 		.4byte	.LVL8
 472 013b 42030000 		.4byte	0x342
 473 013f 00       		.byte	0
 474 0140 09       		.uleb128 0x9
 475 0141 1D000000 		.4byte	.LASF20
 476 0145 01       		.byte	0x1
 477 0146 2F       		.byte	0x2f
 478 0147 00000000 		.4byte	.LFB34
 479 014b 48000000 		.4byte	.LFE34-.LFB34
 480 014f 01       		.uleb128 0x1
 481 0150 9C       		.byte	0x9c
 482 0151 C0010000 		.4byte	0x1c0
 483 0155 0A       		.uleb128 0xa
 484 0156 5F010000 		.4byte	.LASF21
 485 015a 01       		.byte	0x1
 486 015b 30       		.byte	0x30
 487 015c 6B000000 		.4byte	0x6b
 488 0160 26000000 		.4byte	.LLST2
 489 0164 0A       		.uleb128 0xa
 490 0165 4B010000 		.4byte	.LASF22
 491 0169 01       		.byte	0x1
 492 016a 31       		.byte	0x31
 493 016b 6B000000 		.4byte	0x6b
 494 016f 39000000 		.4byte	.LLST3
 495 0173 0B       		.uleb128 0xb
 496 0174 1A000000 		.4byte	.LVL9
 497 0178 FB020000 		.4byte	0x2fb
 498 017c 86010000 		.4byte	0x186
 499 0180 0C       		.uleb128 0xc
 500 0181 01       		.uleb128 0x1
 501 0182 50       		.byte	0x50
 502 0183 01       		.uleb128 0x1
 503 0184 32       		.byte	0x32
 504 0185 00       		.byte	0
 505 0186 0D       		.uleb128 0xd
 506 0187 20000000 		.4byte	.LVL11
 507 018b 10030000 		.4byte	0x310
 508 018f 0B       		.uleb128 0xb
 509 0190 34000000 		.4byte	.LVL14
 510 0194 1B030000 		.4byte	0x31b
 511 0198 A2010000 		.4byte	0x1a2
 512 019c 0C       		.uleb128 0xc
 513 019d 01       		.uleb128 0x1
 514 019e 50       		.byte	0x50
 515 019f 01       		.uleb128 0x1
 516 01a0 32       		.byte	0x32
 517 01a1 00       		.byte	0
 518 01a2 0B       		.uleb128 0xb
ARM GAS  C:\Users\Admin\AppData\Local\Temp\ccLKGYsV.s 			page 12


 519 01a3 3E000000 		.4byte	.LVL16
 520 01a7 31030000 		.4byte	0x331
 521 01ab B6010000 		.4byte	0x1b6
 522 01af 0C       		.uleb128 0xc
 523 01b0 01       		.uleb128 0x1
 524 01b1 50       		.byte	0x50
 525 01b2 02       		.uleb128 0x2
 526 01b3 08       		.byte	0x8
 527 01b4 96       		.byte	0x96
 528 01b5 00       		.byte	0
 529 01b6 0D       		.uleb128 0xd
 530 01b7 42000000 		.4byte	.LVL17
 531 01bb 4D030000 		.4byte	0x34d
 532 01bf 00       		.byte	0
 533 01c0 0E       		.uleb128 0xe
 534 01c1 D9020000 		.4byte	.LASF23
 535 01c5 01       		.byte	0x1
 536 01c6 46       		.byte	0x46
 537 01c7 00000000 		.4byte	.LFB35
 538 01cb 38000000 		.4byte	.LFE35-.LFB35
 539 01cf 01       		.uleb128 0x1
 540 01d0 9C       		.byte	0x9c
 541 01d1 51020000 		.4byte	0x251
 542 01d5 0B       		.uleb128 0xb
 543 01d6 08000000 		.4byte	.LVL18
 544 01da 58030000 		.4byte	0x358
 545 01de E8010000 		.4byte	0x1e8
 546 01e2 0C       		.uleb128 0xc
 547 01e3 01       		.uleb128 0x1
 548 01e4 50       		.byte	0x50
 549 01e5 01       		.uleb128 0x1
 550 01e6 34       		.byte	0x34
 551 01e7 00       		.byte	0
 552 01e8 0B       		.uleb128 0xb
 553 01e9 12000000 		.4byte	.LVL19
 554 01ed 6D030000 		.4byte	0x36d
 555 01f1 FB010000 		.4byte	0x1fb
 556 01f5 0C       		.uleb128 0xc
 557 01f6 01       		.uleb128 0x1
 558 01f7 50       		.byte	0x50
 559 01f8 01       		.uleb128 0x1
 560 01f9 34       		.byte	0x34
 561 01fa 00       		.byte	0
 562 01fb 0B       		.uleb128 0xb
 563 01fc 1A000000 		.4byte	.LVL20
 564 0200 7E030000 		.4byte	0x37e
 565 0204 0E020000 		.4byte	0x20e
 566 0208 0C       		.uleb128 0xc
 567 0209 01       		.uleb128 0x1
 568 020a 50       		.byte	0x50
 569 020b 01       		.uleb128 0x1
 570 020c 34       		.byte	0x34
 571 020d 00       		.byte	0
 572 020e 0B       		.uleb128 0xb
 573 020f 20000000 		.4byte	.LVL21
 574 0213 58030000 		.4byte	0x358
 575 0217 21020000 		.4byte	0x221
ARM GAS  C:\Users\Admin\AppData\Local\Temp\ccLKGYsV.s 			page 13


 576 021b 0C       		.uleb128 0xc
 577 021c 01       		.uleb128 0x1
 578 021d 50       		.byte	0x50
 579 021e 01       		.uleb128 0x1
 580 021f 35       		.byte	0x35
 581 0220 00       		.byte	0
 582 0221 0B       		.uleb128 0xb
 583 0222 2A000000 		.4byte	.LVL22
 584 0226 6D030000 		.4byte	0x36d
 585 022a 34020000 		.4byte	0x234
 586 022e 0C       		.uleb128 0xc
 587 022f 01       		.uleb128 0x1
 588 0230 50       		.byte	0x50
 589 0231 01       		.uleb128 0x1
 590 0232 35       		.byte	0x35
 591 0233 00       		.byte	0
 592 0234 0B       		.uleb128 0xb
 593 0235 32000000 		.4byte	.LVL23
 594 0239 7E030000 		.4byte	0x37e
 595 023d 47020000 		.4byte	0x247
 596 0241 0C       		.uleb128 0xc
 597 0242 01       		.uleb128 0x1
 598 0243 50       		.byte	0x50
 599 0244 01       		.uleb128 0x1
 600 0245 35       		.byte	0x35
 601 0246 00       		.byte	0
 602 0247 0D       		.uleb128 0xd
 603 0248 36000000 		.4byte	.LVL24
 604 024c 8F030000 		.4byte	0x38f
 605 0250 00       		.byte	0
 606 0251 0F       		.uleb128 0xf
 607 0252 6F020000 		.4byte	.LASF43
 608 0256 01       		.byte	0x1
 609 0257 5B       		.byte	0x5b
 610 0258 00000000 		.4byte	.LFB36
 611 025c 10000000 		.4byte	.LFE36-.LFB36
 612 0260 01       		.uleb128 0x1
 613 0261 9C       		.byte	0x9c
 614 0262 10       		.uleb128 0x10
 615 0263 25020000 		.4byte	.LASF44
 616 0267 01       		.byte	0x1
 617 0268 61       		.byte	0x61
 618 0269 00000000 		.4byte	.LFB37
 619 026d 2C000000 		.4byte	.LFE37-.LFB37
 620 0271 01       		.uleb128 0x1
 621 0272 9C       		.byte	0x9c
 622 0273 D9020000 		.4byte	0x2d9
 623 0277 0B       		.uleb128 0xb
 624 0278 08000000 		.4byte	.LVL25
 625 027c 9A030000 		.4byte	0x39a
 626 0280 8E020000 		.4byte	0x28e
 627 0284 0C       		.uleb128 0xc
 628 0285 01       		.uleb128 0x1
 629 0286 50       		.byte	0x50
 630 0287 05       		.uleb128 0x5
 631 0288 03       		.byte	0x3
 632 0289 00000000 		.4byte	SWB_Handler
ARM GAS  C:\Users\Admin\AppData\Local\Temp\ccLKGYsV.s 			page 14


 633 028d 00       		.byte	0
 634 028e 0B       		.uleb128 0xb
 635 028f 0E000000 		.4byte	.LVL26
 636 0293 AB030000 		.4byte	0x3ab
 637 0297 A5020000 		.4byte	0x2a5
 638 029b 0C       		.uleb128 0xc
 639 029c 01       		.uleb128 0x1
 640 029d 50       		.byte	0x50
 641 029e 05       		.uleb128 0x5
 642 029f 03       		.byte	0x3
 643 02a0 00000000 		.4byte	SWL_Handler
 644 02a4 00       		.byte	0
 645 02a5 0B       		.uleb128 0xb
 646 02a6 14000000 		.4byte	.LVL27
 647 02aa BC030000 		.4byte	0x3bc
 648 02ae BC020000 		.4byte	0x2bc
 649 02b2 0C       		.uleb128 0xc
 650 02b3 01       		.uleb128 0x1
 651 02b4 50       		.byte	0x50
 652 02b5 05       		.uleb128 0x5
 653 02b6 03       		.byte	0x3
 654 02b7 00000000 		.4byte	SWR_Handler
 655 02bb 00       		.byte	0
 656 02bc 0B       		.uleb128 0xb
 657 02bd 1A000000 		.4byte	.LVL28
 658 02c1 CD030000 		.4byte	0x3cd
 659 02c5 CF020000 		.4byte	0x2cf
 660 02c9 0C       		.uleb128 0xc
 661 02ca 01       		.uleb128 0x1
 662 02cb 50       		.byte	0x50
 663 02cc 01       		.uleb128 0x1
 664 02cd 30       		.byte	0x30
 665 02ce 00       		.byte	0
 666 02cf 0D       		.uleb128 0xd
 667 02d0 1E000000 		.4byte	.LVL29
 668 02d4 E8030000 		.4byte	0x3e8
 669 02d8 00       		.byte	0
 670 02d9 11       		.uleb128 0x11
 671 02da 9E020000 		.4byte	.LASF24
 672 02de 01       		.byte	0x1
 673 02df 14       		.byte	0x14
 674 02e0 96000000 		.4byte	0x96
 675 02e4 05       		.uleb128 0x5
 676 02e5 03       		.byte	0x3
 677 02e6 00000000 		.4byte	ltp_count
 678 02ea 11       		.uleb128 0x11
 679 02eb 29000000 		.4byte	.LASF25
 680 02ef 01       		.byte	0x1
 681 02f0 15       		.byte	0x15
 682 02f1 96000000 		.4byte	0x96
 683 02f5 05       		.uleb128 0x5
 684 02f6 03       		.byte	0x3
 685 02f7 00000000 		.4byte	rtp_count
 686 02fb 12       		.uleb128 0x12
 687 02fc 29010000 		.4byte	.LASF31
 688 0300 04       		.byte	0x4
 689 0301 39       		.byte	0x39
ARM GAS  C:\Users\Admin\AppData\Local\Temp\ccLKGYsV.s 			page 15


 690 0302 6B000000 		.4byte	0x6b
 691 0306 10030000 		.4byte	0x310
 692 030a 13       		.uleb128 0x13
 693 030b 6B000000 		.4byte	0x6b
 694 030f 00       		.byte	0
 695 0310 14       		.uleb128 0x14
 696 0311 ED020000 		.4byte	.LASF28
 697 0315 06       		.byte	0x6
 698 0316 7C       		.byte	0x7c
 699 0317 5D000000 		.4byte	0x5d
 700 031b 15       		.uleb128 0x15
 701 031c 00000000 		.4byte	.LASF26
 702 0320 04       		.byte	0x4
 703 0321 37       		.byte	0x37
 704 0322 31030000 		.4byte	0x331
 705 0326 13       		.uleb128 0x13
 706 0327 6B000000 		.4byte	0x6b
 707 032b 13       		.uleb128 0x13
 708 032c 6B000000 		.4byte	0x6b
 709 0330 00       		.byte	0
 710 0331 15       		.uleb128 0x15
 711 0332 E5020000 		.4byte	.LASF27
 712 0336 05       		.byte	0x5
 713 0337 7B       		.byte	0x7b
 714 0338 42030000 		.4byte	0x342
 715 033c 13       		.uleb128 0x13
 716 033d 76000000 		.4byte	0x76
 717 0341 00       		.byte	0
 718 0342 14       		.uleb128 0x14
 719 0343 D7010000 		.4byte	.LASF29
 720 0347 07       		.byte	0x7
 721 0348 21       		.byte	0x21
 722 0349 6B000000 		.4byte	0x6b
 723 034d 14       		.uleb128 0x14
 724 034e 0A000000 		.4byte	.LASF30
 725 0352 08       		.byte	0x8
 726 0353 21       		.byte	0x21
 727 0354 6B000000 		.4byte	0x6b
 728 0358 12       		.uleb128 0x12
 729 0359 B1020000 		.4byte	.LASF32
 730 035d 04       		.byte	0x4
 731 035e 3A       		.byte	0x3a
 732 035f 6B000000 		.4byte	0x6b
 733 0363 6D030000 		.4byte	0x36d
 734 0367 13       		.uleb128 0x13
 735 0368 6B000000 		.4byte	0x6b
 736 036c 00       		.byte	0
 737 036d 15       		.uleb128 0x15
 738 036e BC020000 		.4byte	.LASF33
 739 0372 04       		.byte	0x4
 740 0373 3B       		.byte	0x3b
 741 0374 7E030000 		.4byte	0x37e
 742 0378 13       		.uleb128 0x13
 743 0379 6B000000 		.4byte	0x6b
 744 037d 00       		.byte	0
 745 037e 15       		.uleb128 0x15
 746 037f A8020000 		.4byte	.LASF34
ARM GAS  C:\Users\Admin\AppData\Local\Temp\ccLKGYsV.s 			page 16


 747 0383 04       		.byte	0x4
 748 0384 3C       		.byte	0x3c
 749 0385 8F030000 		.4byte	0x38f
 750 0389 13       		.uleb128 0x13
 751 038a 6B000000 		.4byte	0x6b
 752 038e 00       		.byte	0
 753 038f 14       		.uleb128 0x14
 754 0390 F9000000 		.4byte	.LASF35
 755 0394 09       		.byte	0x9
 756 0395 21       		.byte	0x21
 757 0396 6B000000 		.4byte	0x6b
 758 039a 15       		.uleb128 0x15
 759 039b E9000000 		.4byte	.LASF36
 760 039f 0A       		.byte	0xa
 761 03a0 18       		.byte	0x18
 762 03a1 AB030000 		.4byte	0x3ab
 763 03a5 13       		.uleb128 0x13
 764 03a6 9B000000 		.4byte	0x9b
 765 03aa 00       		.byte	0
 766 03ab 15       		.uleb128 0x15
 767 03ac 01020000 		.4byte	.LASF37
 768 03b0 0B       		.byte	0xb
 769 03b1 18       		.byte	0x18
 770 03b2 BC030000 		.4byte	0x3bc
 771 03b6 13       		.uleb128 0x13
 772 03b7 9B000000 		.4byte	0x9b
 773 03bb 00       		.byte	0
 774 03bc 15       		.uleb128 0x15
 775 03bd 4C020000 		.4byte	.LASF38
 776 03c1 0C       		.byte	0xc
 777 03c2 18       		.byte	0x18
 778 03c3 CD030000 		.4byte	0x3cd
 779 03c7 13       		.uleb128 0x13
 780 03c8 9B000000 		.4byte	0x9b
 781 03cc 00       		.byte	0
 782 03cd 12       		.uleb128 0x12
 783 03ce 3E020000 		.4byte	.LASF39
 784 03d2 0D       		.byte	0xd
 785 03d3 2F       		.byte	0x2f
 786 03d4 B5000000 		.4byte	0xb5
 787 03d8 E2030000 		.4byte	0x3e2
 788 03dc 13       		.uleb128 0x13
 789 03dd E2030000 		.4byte	0x3e2
 790 03e1 00       		.byte	0
 791 03e2 07       		.uleb128 0x7
 792 03e3 04       		.byte	0x4
 793 03e4 B5000000 		.4byte	0xb5
 794 03e8 16       		.uleb128 0x16
 795 03e9 76010000 		.4byte	.LASF45
 796 03ed 06       		.byte	0x6
 797 03ee 82       		.byte	0x82
 798 03ef 13       		.uleb128 0x13
 799 03f0 64000000 		.4byte	0x64
 800 03f4 00       		.byte	0
 801 03f5 00       		.byte	0
 802              		.section	.debug_abbrev,"",%progbits
 803              	.Ldebug_abbrev0:
ARM GAS  C:\Users\Admin\AppData\Local\Temp\ccLKGYsV.s 			page 17


 804 0000 01       		.uleb128 0x1
 805 0001 11       		.uleb128 0x11
 806 0002 01       		.byte	0x1
 807 0003 25       		.uleb128 0x25
 808 0004 0E       		.uleb128 0xe
 809 0005 13       		.uleb128 0x13
 810 0006 0B       		.uleb128 0xb
 811 0007 03       		.uleb128 0x3
 812 0008 0E       		.uleb128 0xe
 813 0009 1B       		.uleb128 0x1b
 814 000a 0E       		.uleb128 0xe
 815 000b 55       		.uleb128 0x55
 816 000c 17       		.uleb128 0x17
 817 000d 11       		.uleb128 0x11
 818 000e 01       		.uleb128 0x1
 819 000f 10       		.uleb128 0x10
 820 0010 17       		.uleb128 0x17
 821 0011 00       		.byte	0
 822 0012 00       		.byte	0
 823 0013 02       		.uleb128 0x2
 824 0014 24       		.uleb128 0x24
 825 0015 00       		.byte	0
 826 0016 0B       		.uleb128 0xb
 827 0017 0B       		.uleb128 0xb
 828 0018 3E       		.uleb128 0x3e
 829 0019 0B       		.uleb128 0xb
 830 001a 03       		.uleb128 0x3
 831 001b 0E       		.uleb128 0xe
 832 001c 00       		.byte	0
 833 001d 00       		.byte	0
 834 001e 03       		.uleb128 0x3
 835 001f 24       		.uleb128 0x24
 836 0020 00       		.byte	0
 837 0021 0B       		.uleb128 0xb
 838 0022 0B       		.uleb128 0xb
 839 0023 3E       		.uleb128 0x3e
 840 0024 0B       		.uleb128 0xb
 841 0025 03       		.uleb128 0x3
 842 0026 08       		.uleb128 0x8
 843 0027 00       		.byte	0
 844 0028 00       		.byte	0
 845 0029 04       		.uleb128 0x4
 846 002a 16       		.uleb128 0x16
 847 002b 00       		.byte	0
 848 002c 03       		.uleb128 0x3
 849 002d 0E       		.uleb128 0xe
 850 002e 3A       		.uleb128 0x3a
 851 002f 0B       		.uleb128 0xb
 852 0030 3B       		.uleb128 0x3b
 853 0031 0B       		.uleb128 0xb
 854 0032 49       		.uleb128 0x49
 855 0033 13       		.uleb128 0x13
 856 0034 00       		.byte	0
 857 0035 00       		.byte	0
 858 0036 05       		.uleb128 0x5
 859 0037 35       		.uleb128 0x35
 860 0038 00       		.byte	0
ARM GAS  C:\Users\Admin\AppData\Local\Temp\ccLKGYsV.s 			page 18


 861 0039 49       		.uleb128 0x49
 862 003a 13       		.uleb128 0x13
 863 003b 00       		.byte	0
 864 003c 00       		.byte	0
 865 003d 06       		.uleb128 0x6
 866 003e 16       		.uleb128 0x16
 867 003f 00       		.byte	0
 868 0040 03       		.uleb128 0x3
 869 0041 0E       		.uleb128 0xe
 870 0042 3A       		.uleb128 0x3a
 871 0043 0B       		.uleb128 0xb
 872 0044 3B       		.uleb128 0x3b
 873 0045 05       		.uleb128 0x5
 874 0046 49       		.uleb128 0x49
 875 0047 13       		.uleb128 0x13
 876 0048 00       		.byte	0
 877 0049 00       		.byte	0
 878 004a 07       		.uleb128 0x7
 879 004b 0F       		.uleb128 0xf
 880 004c 00       		.byte	0
 881 004d 0B       		.uleb128 0xb
 882 004e 0B       		.uleb128 0xb
 883 004f 49       		.uleb128 0x49
 884 0050 13       		.uleb128 0x13
 885 0051 00       		.byte	0
 886 0052 00       		.byte	0
 887 0053 08       		.uleb128 0x8
 888 0054 15       		.uleb128 0x15
 889 0055 00       		.byte	0
 890 0056 27       		.uleb128 0x27
 891 0057 19       		.uleb128 0x19
 892 0058 00       		.byte	0
 893 0059 00       		.byte	0
 894 005a 09       		.uleb128 0x9
 895 005b 2E       		.uleb128 0x2e
 896 005c 01       		.byte	0x1
 897 005d 3F       		.uleb128 0x3f
 898 005e 19       		.uleb128 0x19
 899 005f 03       		.uleb128 0x3
 900 0060 0E       		.uleb128 0xe
 901 0061 3A       		.uleb128 0x3a
 902 0062 0B       		.uleb128 0xb
 903 0063 3B       		.uleb128 0x3b
 904 0064 0B       		.uleb128 0xb
 905 0065 27       		.uleb128 0x27
 906 0066 19       		.uleb128 0x19
 907 0067 11       		.uleb128 0x11
 908 0068 01       		.uleb128 0x1
 909 0069 12       		.uleb128 0x12
 910 006a 06       		.uleb128 0x6
 911 006b 40       		.uleb128 0x40
 912 006c 18       		.uleb128 0x18
 913 006d 9642     		.uleb128 0x2116
 914 006f 19       		.uleb128 0x19
 915 0070 01       		.uleb128 0x1
 916 0071 13       		.uleb128 0x13
 917 0072 00       		.byte	0
ARM GAS  C:\Users\Admin\AppData\Local\Temp\ccLKGYsV.s 			page 19


 918 0073 00       		.byte	0
 919 0074 0A       		.uleb128 0xa
 920 0075 34       		.uleb128 0x34
 921 0076 00       		.byte	0
 922 0077 03       		.uleb128 0x3
 923 0078 0E       		.uleb128 0xe
 924 0079 3A       		.uleb128 0x3a
 925 007a 0B       		.uleb128 0xb
 926 007b 3B       		.uleb128 0x3b
 927 007c 0B       		.uleb128 0xb
 928 007d 49       		.uleb128 0x49
 929 007e 13       		.uleb128 0x13
 930 007f 02       		.uleb128 0x2
 931 0080 17       		.uleb128 0x17
 932 0081 00       		.byte	0
 933 0082 00       		.byte	0
 934 0083 0B       		.uleb128 0xb
 935 0084 898201   		.uleb128 0x4109
 936 0087 01       		.byte	0x1
 937 0088 11       		.uleb128 0x11
 938 0089 01       		.uleb128 0x1
 939 008a 31       		.uleb128 0x31
 940 008b 13       		.uleb128 0x13
 941 008c 01       		.uleb128 0x1
 942 008d 13       		.uleb128 0x13
 943 008e 00       		.byte	0
 944 008f 00       		.byte	0
 945 0090 0C       		.uleb128 0xc
 946 0091 8A8201   		.uleb128 0x410a
 947 0094 00       		.byte	0
 948 0095 02       		.uleb128 0x2
 949 0096 18       		.uleb128 0x18
 950 0097 9142     		.uleb128 0x2111
 951 0099 18       		.uleb128 0x18
 952 009a 00       		.byte	0
 953 009b 00       		.byte	0
 954 009c 0D       		.uleb128 0xd
 955 009d 898201   		.uleb128 0x4109
 956 00a0 00       		.byte	0
 957 00a1 11       		.uleb128 0x11
 958 00a2 01       		.uleb128 0x1
 959 00a3 31       		.uleb128 0x31
 960 00a4 13       		.uleb128 0x13
 961 00a5 00       		.byte	0
 962 00a6 00       		.byte	0
 963 00a7 0E       		.uleb128 0xe
 964 00a8 2E       		.uleb128 0x2e
 965 00a9 01       		.byte	0x1
 966 00aa 3F       		.uleb128 0x3f
 967 00ab 19       		.uleb128 0x19
 968 00ac 03       		.uleb128 0x3
 969 00ad 0E       		.uleb128 0xe
 970 00ae 3A       		.uleb128 0x3a
 971 00af 0B       		.uleb128 0xb
 972 00b0 3B       		.uleb128 0x3b
 973 00b1 0B       		.uleb128 0xb
 974 00b2 27       		.uleb128 0x27
ARM GAS  C:\Users\Admin\AppData\Local\Temp\ccLKGYsV.s 			page 20


 975 00b3 19       		.uleb128 0x19
 976 00b4 11       		.uleb128 0x11
 977 00b5 01       		.uleb128 0x1
 978 00b6 12       		.uleb128 0x12
 979 00b7 06       		.uleb128 0x6
 980 00b8 40       		.uleb128 0x40
 981 00b9 18       		.uleb128 0x18
 982 00ba 9742     		.uleb128 0x2117
 983 00bc 19       		.uleb128 0x19
 984 00bd 01       		.uleb128 0x1
 985 00be 13       		.uleb128 0x13
 986 00bf 00       		.byte	0
 987 00c0 00       		.byte	0
 988 00c1 0F       		.uleb128 0xf
 989 00c2 2E       		.uleb128 0x2e
 990 00c3 00       		.byte	0
 991 00c4 3F       		.uleb128 0x3f
 992 00c5 19       		.uleb128 0x19
 993 00c6 03       		.uleb128 0x3
 994 00c7 0E       		.uleb128 0xe
 995 00c8 3A       		.uleb128 0x3a
 996 00c9 0B       		.uleb128 0xb
 997 00ca 3B       		.uleb128 0x3b
 998 00cb 0B       		.uleb128 0xb
 999 00cc 11       		.uleb128 0x11
 1000 00cd 01       		.uleb128 0x1
 1001 00ce 12       		.uleb128 0x12
 1002 00cf 06       		.uleb128 0x6
 1003 00d0 40       		.uleb128 0x40
 1004 00d1 18       		.uleb128 0x18
 1005 00d2 9742     		.uleb128 0x2117
 1006 00d4 19       		.uleb128 0x19
 1007 00d5 00       		.byte	0
 1008 00d6 00       		.byte	0
 1009 00d7 10       		.uleb128 0x10
 1010 00d8 2E       		.uleb128 0x2e
 1011 00d9 01       		.byte	0x1
 1012 00da 3F       		.uleb128 0x3f
 1013 00db 19       		.uleb128 0x19
 1014 00dc 03       		.uleb128 0x3
 1015 00dd 0E       		.uleb128 0xe
 1016 00de 3A       		.uleb128 0x3a
 1017 00df 0B       		.uleb128 0xb
 1018 00e0 3B       		.uleb128 0x3b
 1019 00e1 0B       		.uleb128 0xb
 1020 00e2 11       		.uleb128 0x11
 1021 00e3 01       		.uleb128 0x1
 1022 00e4 12       		.uleb128 0x12
 1023 00e5 06       		.uleb128 0x6
 1024 00e6 40       		.uleb128 0x40
 1025 00e7 18       		.uleb128 0x18
 1026 00e8 9742     		.uleb128 0x2117
 1027 00ea 19       		.uleb128 0x19
 1028 00eb 01       		.uleb128 0x1
 1029 00ec 13       		.uleb128 0x13
 1030 00ed 00       		.byte	0
 1031 00ee 00       		.byte	0
ARM GAS  C:\Users\Admin\AppData\Local\Temp\ccLKGYsV.s 			page 21


 1032 00ef 11       		.uleb128 0x11
 1033 00f0 34       		.uleb128 0x34
 1034 00f1 00       		.byte	0
 1035 00f2 03       		.uleb128 0x3
 1036 00f3 0E       		.uleb128 0xe
 1037 00f4 3A       		.uleb128 0x3a
 1038 00f5 0B       		.uleb128 0xb
 1039 00f6 3B       		.uleb128 0x3b
 1040 00f7 0B       		.uleb128 0xb
 1041 00f8 49       		.uleb128 0x49
 1042 00f9 13       		.uleb128 0x13
 1043 00fa 3F       		.uleb128 0x3f
 1044 00fb 19       		.uleb128 0x19
 1045 00fc 02       		.uleb128 0x2
 1046 00fd 18       		.uleb128 0x18
 1047 00fe 00       		.byte	0
 1048 00ff 00       		.byte	0
 1049 0100 12       		.uleb128 0x12
 1050 0101 2E       		.uleb128 0x2e
 1051 0102 01       		.byte	0x1
 1052 0103 3F       		.uleb128 0x3f
 1053 0104 19       		.uleb128 0x19
 1054 0105 03       		.uleb128 0x3
 1055 0106 0E       		.uleb128 0xe
 1056 0107 3A       		.uleb128 0x3a
 1057 0108 0B       		.uleb128 0xb
 1058 0109 3B       		.uleb128 0x3b
 1059 010a 0B       		.uleb128 0xb
 1060 010b 27       		.uleb128 0x27
 1061 010c 19       		.uleb128 0x19
 1062 010d 49       		.uleb128 0x49
 1063 010e 13       		.uleb128 0x13
 1064 010f 3C       		.uleb128 0x3c
 1065 0110 19       		.uleb128 0x19
 1066 0111 01       		.uleb128 0x1
 1067 0112 13       		.uleb128 0x13
 1068 0113 00       		.byte	0
 1069 0114 00       		.byte	0
 1070 0115 13       		.uleb128 0x13
 1071 0116 05       		.uleb128 0x5
 1072 0117 00       		.byte	0
 1073 0118 49       		.uleb128 0x49
 1074 0119 13       		.uleb128 0x13
 1075 011a 00       		.byte	0
 1076 011b 00       		.byte	0
 1077 011c 14       		.uleb128 0x14
 1078 011d 2E       		.uleb128 0x2e
 1079 011e 00       		.byte	0
 1080 011f 3F       		.uleb128 0x3f
 1081 0120 19       		.uleb128 0x19
 1082 0121 03       		.uleb128 0x3
 1083 0122 0E       		.uleb128 0xe
 1084 0123 3A       		.uleb128 0x3a
 1085 0124 0B       		.uleb128 0xb
 1086 0125 3B       		.uleb128 0x3b
 1087 0126 0B       		.uleb128 0xb
 1088 0127 27       		.uleb128 0x27
ARM GAS  C:\Users\Admin\AppData\Local\Temp\ccLKGYsV.s 			page 22


 1089 0128 19       		.uleb128 0x19
 1090 0129 49       		.uleb128 0x49
 1091 012a 13       		.uleb128 0x13
 1092 012b 3C       		.uleb128 0x3c
 1093 012c 19       		.uleb128 0x19
 1094 012d 00       		.byte	0
 1095 012e 00       		.byte	0
 1096 012f 15       		.uleb128 0x15
 1097 0130 2E       		.uleb128 0x2e
 1098 0131 01       		.byte	0x1
 1099 0132 3F       		.uleb128 0x3f
 1100 0133 19       		.uleb128 0x19
 1101 0134 03       		.uleb128 0x3
 1102 0135 0E       		.uleb128 0xe
 1103 0136 3A       		.uleb128 0x3a
 1104 0137 0B       		.uleb128 0xb
 1105 0138 3B       		.uleb128 0x3b
 1106 0139 0B       		.uleb128 0xb
 1107 013a 27       		.uleb128 0x27
 1108 013b 19       		.uleb128 0x19
 1109 013c 3C       		.uleb128 0x3c
 1110 013d 19       		.uleb128 0x19
 1111 013e 01       		.uleb128 0x1
 1112 013f 13       		.uleb128 0x13
 1113 0140 00       		.byte	0
 1114 0141 00       		.byte	0
 1115 0142 16       		.uleb128 0x16
 1116 0143 2E       		.uleb128 0x2e
 1117 0144 01       		.byte	0x1
 1118 0145 3F       		.uleb128 0x3f
 1119 0146 19       		.uleb128 0x19
 1120 0147 03       		.uleb128 0x3
 1121 0148 0E       		.uleb128 0xe
 1122 0149 3A       		.uleb128 0x3a
 1123 014a 0B       		.uleb128 0xb
 1124 014b 3B       		.uleb128 0x3b
 1125 014c 0B       		.uleb128 0xb
 1126 014d 27       		.uleb128 0x27
 1127 014e 19       		.uleb128 0x19
 1128 014f 3C       		.uleb128 0x3c
 1129 0150 19       		.uleb128 0x19
 1130 0151 00       		.byte	0
 1131 0152 00       		.byte	0
 1132 0153 00       		.byte	0
 1133              		.section	.debug_loc,"",%progbits
 1134              	.Ldebug_loc0:
 1135              	.LLST0:
 1136 0000 2A000000 		.4byte	.LVL4
 1137 0004 33000000 		.4byte	.LVL5-1
 1138 0008 0100     		.2byte	0x1
 1139 000a 51       		.byte	0x51
 1140 000b 00000000 		.4byte	0
 1141 000f 00000000 		.4byte	0
 1142              	.LLST1:
 1143 0013 1C000000 		.4byte	.LVL1
 1144 0017 38000000 		.4byte	.LVL6
 1145 001b 0100     		.2byte	0x1
ARM GAS  C:\Users\Admin\AppData\Local\Temp\ccLKGYsV.s 			page 23


 1146 001d 55       		.byte	0x55
 1147 001e 00000000 		.4byte	0
 1148 0022 00000000 		.4byte	0
 1149              	.LLST2:
 1150 0026 2A000000 		.4byte	.LVL13
 1151 002a 33000000 		.4byte	.LVL14-1
 1152 002e 0100     		.2byte	0x1
 1153 0030 51       		.byte	0x51
 1154 0031 00000000 		.4byte	0
 1155 0035 00000000 		.4byte	0
 1156              	.LLST3:
 1157 0039 1C000000 		.4byte	.LVL10
 1158 003d 38000000 		.4byte	.LVL15
 1159 0041 0100     		.2byte	0x1
 1160 0043 55       		.byte	0x55
 1161 0044 00000000 		.4byte	0
 1162 0048 00000000 		.4byte	0
 1163              		.section	.debug_aranges,"",%progbits
 1164 0000 3C000000 		.4byte	0x3c
 1165 0004 0200     		.2byte	0x2
 1166 0006 00000000 		.4byte	.Ldebug_info0
 1167 000a 04       		.byte	0x4
 1168 000b 00       		.byte	0
 1169 000c 0000     		.2byte	0
 1170 000e 0000     		.2byte	0
 1171 0010 00000000 		.4byte	.LFB33
 1172 0014 48000000 		.4byte	.LFE33-.LFB33
 1173 0018 00000000 		.4byte	.LFB34
 1174 001c 48000000 		.4byte	.LFE34-.LFB34
 1175 0020 00000000 		.4byte	.LFB35
 1176 0024 38000000 		.4byte	.LFE35-.LFB35
 1177 0028 00000000 		.4byte	.LFB36
 1178 002c 10000000 		.4byte	.LFE36-.LFB36
 1179 0030 00000000 		.4byte	.LFB37
 1180 0034 2C000000 		.4byte	.LFE37-.LFB37
 1181 0038 00000000 		.4byte	0
 1182 003c 00000000 		.4byte	0
 1183              		.section	.debug_ranges,"",%progbits
 1184              	.Ldebug_ranges0:
 1185 0000 00000000 		.4byte	.LFB33
 1186 0004 48000000 		.4byte	.LFE33
 1187 0008 00000000 		.4byte	.LFB34
 1188 000c 48000000 		.4byte	.LFE34
 1189 0010 00000000 		.4byte	.LFB35
 1190 0014 38000000 		.4byte	.LFE35
 1191 0018 00000000 		.4byte	.LFB36
 1192 001c 10000000 		.4byte	.LFE36
 1193 0020 00000000 		.4byte	.LFB37
 1194 0024 2C000000 		.4byte	.LFE37
 1195 0028 00000000 		.4byte	0
 1196 002c 00000000 		.4byte	0
 1197              		.section	.debug_line,"",%progbits
 1198              	.Ldebug_line0:
 1199 0000 11020000 		.section	.debug_str,"MS",%progbits,1
 1199      02009601 
 1199      00000201 
 1199      FB0E0D00 
ARM GAS  C:\Users\Admin\AppData\Local\Temp\ccLKGYsV.s 			page 24


 1199      01010101 
 1200              	.LASF26:
 1201 0000 7365745F 		.ascii	"set_color\000"
 1201      636F6C6F 
 1201      7200
 1202              	.LASF30:
 1203 000a 5357525F 		.ascii	"SWR_ClearInterrupt\000"
 1203      436C6561 
 1203      72496E74 
 1203      65727275 
 1203      707400
 1204              	.LASF20:
 1205 001d 5357525F 		.ascii	"SWR_Handler\000"
 1205      48616E64 
 1205      6C657200 
 1206              	.LASF25:
 1207 0029 7274705F 		.ascii	"rtp_count\000"
 1207      636F756E 
 1207      7400
 1208              	.LASF3:
 1209 0033 73686F72 		.ascii	"short unsigned int\000"
 1209      7420756E 
 1209      7369676E 
 1209      65642069 
 1209      6E7400
 1210              	.LASF41:
 1211 0046 2E5C746F 		.ascii	".\\togglelib.c\000"
 1211      67676C65 
 1211      6C69622E 
 1211      6300
 1212              	.LASF18:
 1213 0054 63757272 		.ascii	"current_color_left\000"
 1213      656E745F 
 1213      636F6C6F 
 1213      725F6C65 
 1213      667400
 1214              	.LASF40:
 1215 0067 474E5520 		.ascii	"GNU C 4.8.4 20140526 (release) [ARM/embedded-4_8-br"
 1215      4320342E 
 1215      382E3420 
 1215      32303134 
 1215      30353236 
 1216 009a 616E6368 		.ascii	"anch revision 211358] -mcpu=cortex-m0 -mthumb -g -O"
 1216      20726576 
 1216      6973696F 
 1216      6E203231 
 1216      31333538 
 1217 00cd 73202D66 		.ascii	"s -ffunction-sections\000"
 1217      66756E63 
 1217      74696F6E 
 1217      2D736563 
 1217      74696F6E 
 1218              	.LASF11:
 1219 00e3 666C6F61 		.ascii	"float\000"
 1219      7400
 1220              	.LASF36:
 1221 00e9 5357425F 		.ascii	"SWB_Int_StartEx\000"
ARM GAS  C:\Users\Admin\AppData\Local\Temp\ccLKGYsV.s 			page 25


 1221      496E745F 
 1221      53746172 
 1221      74457800 
 1222              	.LASF35:
 1223 00f9 5357425F 		.ascii	"SWB_ClearInterrupt\000"
 1223      436C6561 
 1223      72496E74 
 1223      65727275 
 1223      707400
 1224              	.LASF1:
 1225 010c 756E7369 		.ascii	"unsigned char\000"
 1225      676E6564 
 1225      20636861 
 1225      7200
 1226              	.LASF17:
 1227 011a 6E65775F 		.ascii	"new_color_left\000"
 1227      636F6C6F 
 1227      725F6C65 
 1227      667400
 1228              	.LASF31:
 1229 0129 6765745F 		.ascii	"get_color\000"
 1229      636F6C6F 
 1229      7200
 1230              	.LASF5:
 1231 0133 6C6F6E67 		.ascii	"long unsigned int\000"
 1231      20756E73 
 1231      69676E65 
 1231      6420696E 
 1231      7400
 1232              	.LASF9:
 1233 0145 75696E74 		.ascii	"uint8\000"
 1233      3800
 1234              	.LASF22:
 1235 014b 63757272 		.ascii	"current_color_right\000"
 1235      656E745F 
 1235      636F6C6F 
 1235      725F7269 
 1235      67687400 
 1236              	.LASF21:
 1237 015f 6E65775F 		.ascii	"new_color_right\000"
 1237      636F6C6F 
 1237      725F7269 
 1237      67687400 
 1238              	.LASF12:
 1239 016f 646F7562 		.ascii	"double\000"
 1239      6C6500
 1240              	.LASF45:
 1241 0176 7372616E 		.ascii	"srand\000"
 1241      6400
 1242              	.LASF42:
 1243 017c 433A5C55 		.ascii	"C:\\Users\\Admin\\Desktop\\Teacher Badge\\Teacher_B"
 1243      73657273 
 1243      5C41646D 
 1243      696E5C44 
 1243      65736B74 
 1244 01aa 61646765 		.ascii	"adge\\Teacher_Badge.cydsn\000"
 1244      5C546561 
ARM GAS  C:\Users\Admin\AppData\Local\Temp\ccLKGYsV.s 			page 26


 1244      63686572 
 1244      5F426164 
 1244      67652E63 
 1245              	.LASF10:
 1246 01c3 75696E74 		.ascii	"uint32\000"
 1246      333200
 1247              	.LASF8:
 1248 01ca 756E7369 		.ascii	"unsigned int\000"
 1248      676E6564 
 1248      20696E74 
 1248      00
 1249              	.LASF29:
 1250 01d7 53574C5F 		.ascii	"SWL_ClearInterrupt\000"
 1250      436C6561 
 1250      72496E74 
 1250      65727275 
 1250      707400
 1251              	.LASF7:
 1252 01ea 6C6F6E67 		.ascii	"long long unsigned int\000"
 1252      206C6F6E 
 1252      6720756E 
 1252      7369676E 
 1252      65642069 
 1253              	.LASF37:
 1254 0201 53574C5F 		.ascii	"SWL_Int_StartEx\000"
 1254      496E745F 
 1254      53746172 
 1254      74457800 
 1255              	.LASF16:
 1256 0211 74696D65 		.ascii	"time_t\000"
 1256      5F7400
 1257              	.LASF14:
 1258 0218 63796973 		.ascii	"cyisraddress\000"
 1258      72616464 
 1258      72657373 
 1258      00
 1259              	.LASF44:
 1260 0225 656E6162 		.ascii	"enable_toggle_interrupts\000"
 1260      6C655F74 
 1260      6F67676C 
 1260      655F696E 
 1260      74657272 
 1261              	.LASF39:
 1262 023e 74696D65 		.ascii	"time\000"
 1262      00
 1263              	.LASF15:
 1264 0243 73697A65 		.ascii	"sizetype\000"
 1264      74797065 
 1264      00
 1265              	.LASF38:
 1266 024c 5357525F 		.ascii	"SWR_Int_StartEx\000"
 1266      496E745F 
 1266      53746172 
 1266      74457800 
 1267              	.LASF6:
 1268 025c 6C6F6E67 		.ascii	"long long int\000"
 1268      206C6F6E 
ARM GAS  C:\Users\Admin\AppData\Local\Temp\ccLKGYsV.s 			page 27


 1268      6720696E 
 1268      7400
 1269              	.LASF13:
 1270 026a 63686172 		.ascii	"char\000"
 1270      00
 1271              	.LASF43:
 1272 026f 636C6561 		.ascii	"clear_toggle_press_count\000"
 1272      725F746F 
 1272      67676C65 
 1272      5F707265 
 1272      73735F63 
 1273              	.LASF2:
 1274 0288 73686F72 		.ascii	"short int\000"
 1274      7420696E 
 1274      7400
 1275              	.LASF19:
 1276 0292 53574C5F 		.ascii	"SWL_Handler\000"
 1276      48616E64 
 1276      6C657200 
 1277              	.LASF24:
 1278 029e 6C74705F 		.ascii	"ltp_count\000"
 1278      636F756E 
 1278      7400
 1279              	.LASF34:
 1280 02a8 7475726E 		.ascii	"turn_off\000"
 1280      5F6F6666 
 1280      00
 1281              	.LASF32:
 1282 02b1 6765745F 		.ascii	"get_status\000"
 1282      73746174 
 1282      757300
 1283              	.LASF33:
 1284 02bc 7475726E 		.ascii	"turn_on\000"
 1284      5F6F6E00 
 1285              	.LASF4:
 1286 02c4 6C6F6E67 		.ascii	"long int\000"
 1286      20696E74 
 1286      00
 1287              	.LASF0:
 1288 02cd 7369676E 		.ascii	"signed char\000"
 1288      65642063 
 1288      68617200 
 1289              	.LASF23:
 1290 02d9 5357425F 		.ascii	"SWB_Handler\000"
 1290      48616E64 
 1290      6C657200 
 1291              	.LASF27:
 1292 02e5 43794465 		.ascii	"CyDelay\000"
 1292      6C617900 
 1293              	.LASF28:
 1294 02ed 72616E64 		.ascii	"rand\000"
 1294      00
 1295              		.ident	"GCC: (GNU Tools for ARM Embedded Processors) 4.8.4 20140526 (release) [ARM/embedded-4_8-br
