ARM GAS  C:\Users\Admin\AppData\Local\Temp\ccd7Q9kw.s 			page 1


   1              		.cpu cortex-m0
   2              		.fpu softvfp
   3              		.eabi_attribute 20, 1
   4              		.eabi_attribute 21, 1
   5              		.eabi_attribute 23, 3
   6              		.eabi_attribute 24, 1
   7              		.eabi_attribute 25, 1
   8              		.eabi_attribute 26, 1
   9              		.eabi_attribute 30, 4
  10              		.eabi_attribute 34, 0
  11              		.eabi_attribute 18, 4
  12              		.code	16
  13              		.file	"ORG_Int.c"
  14              		.text
  15              	.Ltext0:
  16              		.cfi_sections	.debug_frame
  17              		.section	.text.ORG_Int_Interrupt,"ax",%progbits
  18              		.align	1
  19              		.global	ORG_Int_Interrupt
  20              		.code	16
  21              		.thumb_func
  22              		.type	ORG_Int_Interrupt, %function
  23              	ORG_Int_Interrupt:
  24              	.LFB3:
  25              		.file 1 ".\\Generated_Source\\PSoC4\\ORG_Int.c"
   1:.\Generated_Source\PSoC4/ORG_Int.c **** /*******************************************************************************
   2:.\Generated_Source\PSoC4/ORG_Int.c **** * File Name: ORG_Int.c  
   3:.\Generated_Source\PSoC4/ORG_Int.c **** * Version 1.70
   4:.\Generated_Source\PSoC4/ORG_Int.c **** *
   5:.\Generated_Source\PSoC4/ORG_Int.c **** *  Description:
   6:.\Generated_Source\PSoC4/ORG_Int.c **** *   API for controlling the state of an interrupt.
   7:.\Generated_Source\PSoC4/ORG_Int.c **** *
   8:.\Generated_Source\PSoC4/ORG_Int.c **** *
   9:.\Generated_Source\PSoC4/ORG_Int.c **** *  Note:
  10:.\Generated_Source\PSoC4/ORG_Int.c **** *
  11:.\Generated_Source\PSoC4/ORG_Int.c **** ********************************************************************************
  12:.\Generated_Source\PSoC4/ORG_Int.c **** * Copyright 2008-2012, Cypress Semiconductor Corporation.  All rights reserved.
  13:.\Generated_Source\PSoC4/ORG_Int.c **** * You may use this file only in accordance with the license, terms, conditions, 
  14:.\Generated_Source\PSoC4/ORG_Int.c **** * disclaimers, and limitations in the end user license agreement accompanying 
  15:.\Generated_Source\PSoC4/ORG_Int.c **** * the software package with which this file was provided.
  16:.\Generated_Source\PSoC4/ORG_Int.c **** *******************************************************************************/
  17:.\Generated_Source\PSoC4/ORG_Int.c **** 
  18:.\Generated_Source\PSoC4/ORG_Int.c **** 
  19:.\Generated_Source\PSoC4/ORG_Int.c **** #include <cydevice_trm.h>
  20:.\Generated_Source\PSoC4/ORG_Int.c **** #include <CyLib.h>
  21:.\Generated_Source\PSoC4/ORG_Int.c **** #include <ORG_Int.h>
  22:.\Generated_Source\PSoC4/ORG_Int.c **** 
  23:.\Generated_Source\PSoC4/ORG_Int.c **** #if !defined(ORG_Int__REMOVED) /* Check for removal by optimization */
  24:.\Generated_Source\PSoC4/ORG_Int.c **** 
  25:.\Generated_Source\PSoC4/ORG_Int.c **** /*******************************************************************************
  26:.\Generated_Source\PSoC4/ORG_Int.c **** *  Place your includes, defines and code here 
  27:.\Generated_Source\PSoC4/ORG_Int.c **** ********************************************************************************/
  28:.\Generated_Source\PSoC4/ORG_Int.c **** /* `#START ORG_Int_intc` */
  29:.\Generated_Source\PSoC4/ORG_Int.c **** 
  30:.\Generated_Source\PSoC4/ORG_Int.c **** /* `#END` */
  31:.\Generated_Source\PSoC4/ORG_Int.c **** 
  32:.\Generated_Source\PSoC4/ORG_Int.c **** extern cyisraddress CyRamVectors[CYINT_IRQ_BASE + CY_NUM_INTERRUPTS];
ARM GAS  C:\Users\Admin\AppData\Local\Temp\ccd7Q9kw.s 			page 2


  33:.\Generated_Source\PSoC4/ORG_Int.c **** 
  34:.\Generated_Source\PSoC4/ORG_Int.c **** /* Declared in startup, used to set unused interrupts to. */
  35:.\Generated_Source\PSoC4/ORG_Int.c **** CY_ISR_PROTO(IntDefaultHandler);
  36:.\Generated_Source\PSoC4/ORG_Int.c **** 
  37:.\Generated_Source\PSoC4/ORG_Int.c **** 
  38:.\Generated_Source\PSoC4/ORG_Int.c **** /*******************************************************************************
  39:.\Generated_Source\PSoC4/ORG_Int.c **** * Function Name: ORG_Int_Start
  40:.\Generated_Source\PSoC4/ORG_Int.c **** ********************************************************************************
  41:.\Generated_Source\PSoC4/ORG_Int.c **** *
  42:.\Generated_Source\PSoC4/ORG_Int.c **** * Summary:
  43:.\Generated_Source\PSoC4/ORG_Int.c **** *  Set up the interrupt and enable it.
  44:.\Generated_Source\PSoC4/ORG_Int.c **** *
  45:.\Generated_Source\PSoC4/ORG_Int.c **** * Parameters:  
  46:.\Generated_Source\PSoC4/ORG_Int.c **** *   None
  47:.\Generated_Source\PSoC4/ORG_Int.c **** *
  48:.\Generated_Source\PSoC4/ORG_Int.c **** * Return:
  49:.\Generated_Source\PSoC4/ORG_Int.c **** *   None
  50:.\Generated_Source\PSoC4/ORG_Int.c **** *
  51:.\Generated_Source\PSoC4/ORG_Int.c **** *******************************************************************************/
  52:.\Generated_Source\PSoC4/ORG_Int.c **** void ORG_Int_Start(void)
  53:.\Generated_Source\PSoC4/ORG_Int.c **** {
  54:.\Generated_Source\PSoC4/ORG_Int.c ****     /* For all we know the interrupt is active. */
  55:.\Generated_Source\PSoC4/ORG_Int.c ****     ORG_Int_Disable();
  56:.\Generated_Source\PSoC4/ORG_Int.c **** 
  57:.\Generated_Source\PSoC4/ORG_Int.c ****     /* Set the ISR to point to the ORG_Int Interrupt. */
  58:.\Generated_Source\PSoC4/ORG_Int.c ****     ORG_Int_SetVector(&ORG_Int_Interrupt);
  59:.\Generated_Source\PSoC4/ORG_Int.c **** 
  60:.\Generated_Source\PSoC4/ORG_Int.c ****     /* Set the priority. */
  61:.\Generated_Source\PSoC4/ORG_Int.c ****     ORG_Int_SetPriority((uint8)ORG_Int_INTC_PRIOR_NUMBER);
  62:.\Generated_Source\PSoC4/ORG_Int.c **** 
  63:.\Generated_Source\PSoC4/ORG_Int.c ****     /* Enable it. */
  64:.\Generated_Source\PSoC4/ORG_Int.c ****     ORG_Int_Enable();
  65:.\Generated_Source\PSoC4/ORG_Int.c **** }
  66:.\Generated_Source\PSoC4/ORG_Int.c **** 
  67:.\Generated_Source\PSoC4/ORG_Int.c **** 
  68:.\Generated_Source\PSoC4/ORG_Int.c **** /*******************************************************************************
  69:.\Generated_Source\PSoC4/ORG_Int.c **** * Function Name: ORG_Int_StartEx
  70:.\Generated_Source\PSoC4/ORG_Int.c **** ********************************************************************************
  71:.\Generated_Source\PSoC4/ORG_Int.c **** *
  72:.\Generated_Source\PSoC4/ORG_Int.c **** * Summary:
  73:.\Generated_Source\PSoC4/ORG_Int.c **** *  Set up the interrupt and enable it.
  74:.\Generated_Source\PSoC4/ORG_Int.c **** *
  75:.\Generated_Source\PSoC4/ORG_Int.c **** * Parameters:  
  76:.\Generated_Source\PSoC4/ORG_Int.c **** *   address: Address of the ISR to set in the interrupt vector table.
  77:.\Generated_Source\PSoC4/ORG_Int.c **** *
  78:.\Generated_Source\PSoC4/ORG_Int.c **** * Return:
  79:.\Generated_Source\PSoC4/ORG_Int.c **** *   None
  80:.\Generated_Source\PSoC4/ORG_Int.c **** *
  81:.\Generated_Source\PSoC4/ORG_Int.c **** *******************************************************************************/
  82:.\Generated_Source\PSoC4/ORG_Int.c **** void ORG_Int_StartEx(cyisraddress address)
  83:.\Generated_Source\PSoC4/ORG_Int.c **** {
  84:.\Generated_Source\PSoC4/ORG_Int.c ****     /* For all we know the interrupt is active. */
  85:.\Generated_Source\PSoC4/ORG_Int.c ****     ORG_Int_Disable();
  86:.\Generated_Source\PSoC4/ORG_Int.c **** 
  87:.\Generated_Source\PSoC4/ORG_Int.c ****     /* Set the ISR to point to the ORG_Int Interrupt. */
  88:.\Generated_Source\PSoC4/ORG_Int.c ****     ORG_Int_SetVector(address);
  89:.\Generated_Source\PSoC4/ORG_Int.c **** 
ARM GAS  C:\Users\Admin\AppData\Local\Temp\ccd7Q9kw.s 			page 3


  90:.\Generated_Source\PSoC4/ORG_Int.c ****     /* Set the priority. */
  91:.\Generated_Source\PSoC4/ORG_Int.c ****     ORG_Int_SetPriority((uint8)ORG_Int_INTC_PRIOR_NUMBER);
  92:.\Generated_Source\PSoC4/ORG_Int.c **** 
  93:.\Generated_Source\PSoC4/ORG_Int.c ****     /* Enable it. */
  94:.\Generated_Source\PSoC4/ORG_Int.c ****     ORG_Int_Enable();
  95:.\Generated_Source\PSoC4/ORG_Int.c **** }
  96:.\Generated_Source\PSoC4/ORG_Int.c **** 
  97:.\Generated_Source\PSoC4/ORG_Int.c **** 
  98:.\Generated_Source\PSoC4/ORG_Int.c **** /*******************************************************************************
  99:.\Generated_Source\PSoC4/ORG_Int.c **** * Function Name: ORG_Int_Stop
 100:.\Generated_Source\PSoC4/ORG_Int.c **** ********************************************************************************
 101:.\Generated_Source\PSoC4/ORG_Int.c **** *
 102:.\Generated_Source\PSoC4/ORG_Int.c **** * Summary:
 103:.\Generated_Source\PSoC4/ORG_Int.c **** *   Disables and removes the interrupt.
 104:.\Generated_Source\PSoC4/ORG_Int.c **** *
 105:.\Generated_Source\PSoC4/ORG_Int.c **** * Parameters:  
 106:.\Generated_Source\PSoC4/ORG_Int.c **** *
 107:.\Generated_Source\PSoC4/ORG_Int.c **** * Return:
 108:.\Generated_Source\PSoC4/ORG_Int.c **** *   None
 109:.\Generated_Source\PSoC4/ORG_Int.c **** *
 110:.\Generated_Source\PSoC4/ORG_Int.c **** *******************************************************************************/
 111:.\Generated_Source\PSoC4/ORG_Int.c **** void ORG_Int_Stop(void)
 112:.\Generated_Source\PSoC4/ORG_Int.c **** {
 113:.\Generated_Source\PSoC4/ORG_Int.c ****     /* Disable this interrupt. */
 114:.\Generated_Source\PSoC4/ORG_Int.c ****     ORG_Int_Disable();
 115:.\Generated_Source\PSoC4/ORG_Int.c **** 
 116:.\Generated_Source\PSoC4/ORG_Int.c ****     /* Set the ISR to point to the passive one. */
 117:.\Generated_Source\PSoC4/ORG_Int.c ****     ORG_Int_SetVector(&IntDefaultHandler);
 118:.\Generated_Source\PSoC4/ORG_Int.c **** }
 119:.\Generated_Source\PSoC4/ORG_Int.c **** 
 120:.\Generated_Source\PSoC4/ORG_Int.c **** 
 121:.\Generated_Source\PSoC4/ORG_Int.c **** /*******************************************************************************
 122:.\Generated_Source\PSoC4/ORG_Int.c **** * Function Name: ORG_Int_Interrupt
 123:.\Generated_Source\PSoC4/ORG_Int.c **** ********************************************************************************
 124:.\Generated_Source\PSoC4/ORG_Int.c **** *
 125:.\Generated_Source\PSoC4/ORG_Int.c **** * Summary:
 126:.\Generated_Source\PSoC4/ORG_Int.c **** *   The default Interrupt Service Routine for ORG_Int.
 127:.\Generated_Source\PSoC4/ORG_Int.c **** *
 128:.\Generated_Source\PSoC4/ORG_Int.c **** *   Add custom code between the coments to keep the next version of this file
 129:.\Generated_Source\PSoC4/ORG_Int.c **** *   from over writting your code.
 130:.\Generated_Source\PSoC4/ORG_Int.c **** *
 131:.\Generated_Source\PSoC4/ORG_Int.c **** * Parameters:  
 132:.\Generated_Source\PSoC4/ORG_Int.c **** *   None
 133:.\Generated_Source\PSoC4/ORG_Int.c **** *
 134:.\Generated_Source\PSoC4/ORG_Int.c **** * Return:
 135:.\Generated_Source\PSoC4/ORG_Int.c **** *   None
 136:.\Generated_Source\PSoC4/ORG_Int.c **** *
 137:.\Generated_Source\PSoC4/ORG_Int.c **** *******************************************************************************/
 138:.\Generated_Source\PSoC4/ORG_Int.c **** CY_ISR(ORG_Int_Interrupt)
 139:.\Generated_Source\PSoC4/ORG_Int.c **** {
  26              		.loc 1 139 0
  27              		.cfi_startproc
 140:.\Generated_Source\PSoC4/ORG_Int.c ****     /*  Place your Interrupt code here. */
 141:.\Generated_Source\PSoC4/ORG_Int.c ****     /* `#START ORG_Int_Interrupt` */
 142:.\Generated_Source\PSoC4/ORG_Int.c **** 
 143:.\Generated_Source\PSoC4/ORG_Int.c ****     /* `#END` */
 144:.\Generated_Source\PSoC4/ORG_Int.c **** }
ARM GAS  C:\Users\Admin\AppData\Local\Temp\ccd7Q9kw.s 			page 4


  28              		.loc 1 144 0
  29              		@ sp needed
  30 0000 7047     		bx	lr
  31              		.cfi_endproc
  32              	.LFE3:
  33              		.size	ORG_Int_Interrupt, .-ORG_Int_Interrupt
  34              		.section	.text.ORG_Int_Stop,"ax",%progbits
  35              		.align	1
  36              		.global	ORG_Int_Stop
  37              		.code	16
  38              		.thumb_func
  39              		.type	ORG_Int_Stop, %function
  40              	ORG_Int_Stop:
  41              	.LFB2:
 112:.\Generated_Source\PSoC4/ORG_Int.c **** {
  42              		.loc 1 112 0
  43              		.cfi_startproc
  44              	.LBB18:
  45              	.LBB19:
 145:.\Generated_Source\PSoC4/ORG_Int.c **** 
 146:.\Generated_Source\PSoC4/ORG_Int.c **** 
 147:.\Generated_Source\PSoC4/ORG_Int.c **** /*******************************************************************************
 148:.\Generated_Source\PSoC4/ORG_Int.c **** * Function Name: ORG_Int_SetVector
 149:.\Generated_Source\PSoC4/ORG_Int.c **** ********************************************************************************
 150:.\Generated_Source\PSoC4/ORG_Int.c **** *
 151:.\Generated_Source\PSoC4/ORG_Int.c **** * Summary:
 152:.\Generated_Source\PSoC4/ORG_Int.c **** *   Change the ISR vector for the Interrupt. Note calling ORG_Int_Start
 153:.\Generated_Source\PSoC4/ORG_Int.c **** *   will override any effect this method would have had. To set the vector 
 154:.\Generated_Source\PSoC4/ORG_Int.c **** *   before the component has been started use ORG_Int_StartEx instead.
 155:.\Generated_Source\PSoC4/ORG_Int.c **** *
 156:.\Generated_Source\PSoC4/ORG_Int.c **** * Parameters:
 157:.\Generated_Source\PSoC4/ORG_Int.c **** *   address: Address of the ISR to set in the interrupt vector table.
 158:.\Generated_Source\PSoC4/ORG_Int.c **** *
 159:.\Generated_Source\PSoC4/ORG_Int.c **** * Return:
 160:.\Generated_Source\PSoC4/ORG_Int.c **** *   None
 161:.\Generated_Source\PSoC4/ORG_Int.c **** *
 162:.\Generated_Source\PSoC4/ORG_Int.c **** *******************************************************************************/
 163:.\Generated_Source\PSoC4/ORG_Int.c **** void ORG_Int_SetVector(cyisraddress address)
 164:.\Generated_Source\PSoC4/ORG_Int.c **** {
 165:.\Generated_Source\PSoC4/ORG_Int.c ****     CyRamVectors[CYINT_IRQ_BASE + ORG_Int__INTC_NUMBER] = address;
 166:.\Generated_Source\PSoC4/ORG_Int.c **** }
 167:.\Generated_Source\PSoC4/ORG_Int.c **** 
 168:.\Generated_Source\PSoC4/ORG_Int.c **** 
 169:.\Generated_Source\PSoC4/ORG_Int.c **** /*******************************************************************************
 170:.\Generated_Source\PSoC4/ORG_Int.c **** * Function Name: ORG_Int_GetVector
 171:.\Generated_Source\PSoC4/ORG_Int.c **** ********************************************************************************
 172:.\Generated_Source\PSoC4/ORG_Int.c **** *
 173:.\Generated_Source\PSoC4/ORG_Int.c **** * Summary:
 174:.\Generated_Source\PSoC4/ORG_Int.c **** *   Gets the "address" of the current ISR vector for the Interrupt.
 175:.\Generated_Source\PSoC4/ORG_Int.c **** *
 176:.\Generated_Source\PSoC4/ORG_Int.c **** * Parameters:
 177:.\Generated_Source\PSoC4/ORG_Int.c **** *   None
 178:.\Generated_Source\PSoC4/ORG_Int.c **** *
 179:.\Generated_Source\PSoC4/ORG_Int.c **** * Return:
 180:.\Generated_Source\PSoC4/ORG_Int.c **** *   Address of the ISR in the interrupt vector table.
 181:.\Generated_Source\PSoC4/ORG_Int.c **** *
 182:.\Generated_Source\PSoC4/ORG_Int.c **** *******************************************************************************/
ARM GAS  C:\Users\Admin\AppData\Local\Temp\ccd7Q9kw.s 			page 5


 183:.\Generated_Source\PSoC4/ORG_Int.c **** cyisraddress ORG_Int_GetVector(void)
 184:.\Generated_Source\PSoC4/ORG_Int.c **** {
 185:.\Generated_Source\PSoC4/ORG_Int.c ****     return CyRamVectors[CYINT_IRQ_BASE + ORG_Int__INTC_NUMBER];
 186:.\Generated_Source\PSoC4/ORG_Int.c **** }
 187:.\Generated_Source\PSoC4/ORG_Int.c **** 
 188:.\Generated_Source\PSoC4/ORG_Int.c **** 
 189:.\Generated_Source\PSoC4/ORG_Int.c **** /*******************************************************************************
 190:.\Generated_Source\PSoC4/ORG_Int.c **** * Function Name: ORG_Int_SetPriority
 191:.\Generated_Source\PSoC4/ORG_Int.c **** ********************************************************************************
 192:.\Generated_Source\PSoC4/ORG_Int.c **** *
 193:.\Generated_Source\PSoC4/ORG_Int.c **** * Summary:
 194:.\Generated_Source\PSoC4/ORG_Int.c **** *   Sets the Priority of the Interrupt. Note calling ORG_Int_Start
 195:.\Generated_Source\PSoC4/ORG_Int.c **** *   or ORG_Int_StartEx will override any effect this method would 
 196:.\Generated_Source\PSoC4/ORG_Int.c **** *   have had. This method should only be called after ORG_Int_Start or 
 197:.\Generated_Source\PSoC4/ORG_Int.c **** *   ORG_Int_StartEx has been called. To set the initial
 198:.\Generated_Source\PSoC4/ORG_Int.c **** *   priority for the component use the cydwr file in the tool.
 199:.\Generated_Source\PSoC4/ORG_Int.c **** *
 200:.\Generated_Source\PSoC4/ORG_Int.c **** * Parameters:
 201:.\Generated_Source\PSoC4/ORG_Int.c **** *   priority: Priority of the interrupt. 0 - 3, 0 being the highest.
 202:.\Generated_Source\PSoC4/ORG_Int.c **** *
 203:.\Generated_Source\PSoC4/ORG_Int.c **** * Return:
 204:.\Generated_Source\PSoC4/ORG_Int.c **** *   None
 205:.\Generated_Source\PSoC4/ORG_Int.c **** *
 206:.\Generated_Source\PSoC4/ORG_Int.c **** *******************************************************************************/
 207:.\Generated_Source\PSoC4/ORG_Int.c **** void ORG_Int_SetPriority(uint8 priority)
 208:.\Generated_Source\PSoC4/ORG_Int.c **** {
 209:.\Generated_Source\PSoC4/ORG_Int.c **** 	uint8 interruptState;
 210:.\Generated_Source\PSoC4/ORG_Int.c ****     uint32 priorityOffset = ((ORG_Int__INTC_NUMBER % 4u) * 8u) + 6u;
 211:.\Generated_Source\PSoC4/ORG_Int.c ****     
 212:.\Generated_Source\PSoC4/ORG_Int.c **** 	interruptState = CyEnterCriticalSection();
 213:.\Generated_Source\PSoC4/ORG_Int.c ****     *ORG_Int_INTC_PRIOR = (*ORG_Int_INTC_PRIOR & (uint32)(~ORG_Int__INTC_PRIOR_MASK)) |
 214:.\Generated_Source\PSoC4/ORG_Int.c ****                                     ((uint32)priority << priorityOffset);
 215:.\Generated_Source\PSoC4/ORG_Int.c **** 	CyExitCriticalSection(interruptState);
 216:.\Generated_Source\PSoC4/ORG_Int.c **** }
 217:.\Generated_Source\PSoC4/ORG_Int.c **** 
 218:.\Generated_Source\PSoC4/ORG_Int.c **** 
 219:.\Generated_Source\PSoC4/ORG_Int.c **** /*******************************************************************************
 220:.\Generated_Source\PSoC4/ORG_Int.c **** * Function Name: ORG_Int_GetPriority
 221:.\Generated_Source\PSoC4/ORG_Int.c **** ********************************************************************************
 222:.\Generated_Source\PSoC4/ORG_Int.c **** *
 223:.\Generated_Source\PSoC4/ORG_Int.c **** * Summary:
 224:.\Generated_Source\PSoC4/ORG_Int.c **** *   Gets the Priority of the Interrupt.
 225:.\Generated_Source\PSoC4/ORG_Int.c **** *
 226:.\Generated_Source\PSoC4/ORG_Int.c **** * Parameters:
 227:.\Generated_Source\PSoC4/ORG_Int.c **** *   None
 228:.\Generated_Source\PSoC4/ORG_Int.c **** *
 229:.\Generated_Source\PSoC4/ORG_Int.c **** * Return:
 230:.\Generated_Source\PSoC4/ORG_Int.c **** *   Priority of the interrupt. 0 - 3, 0 being the highest.
 231:.\Generated_Source\PSoC4/ORG_Int.c **** *
 232:.\Generated_Source\PSoC4/ORG_Int.c **** *******************************************************************************/
 233:.\Generated_Source\PSoC4/ORG_Int.c **** uint8 ORG_Int_GetPriority(void)
 234:.\Generated_Source\PSoC4/ORG_Int.c **** {
 235:.\Generated_Source\PSoC4/ORG_Int.c ****     uint32 priority;
 236:.\Generated_Source\PSoC4/ORG_Int.c **** 	uint32 priorityOffset = ((ORG_Int__INTC_NUMBER % 4u) * 8u) + 6u;
 237:.\Generated_Source\PSoC4/ORG_Int.c **** 
 238:.\Generated_Source\PSoC4/ORG_Int.c ****     priority = (*ORG_Int_INTC_PRIOR & ORG_Int__INTC_PRIOR_MASK) >> priorityOffset;
 239:.\Generated_Source\PSoC4/ORG_Int.c **** 
ARM GAS  C:\Users\Admin\AppData\Local\Temp\ccd7Q9kw.s 			page 6


 240:.\Generated_Source\PSoC4/ORG_Int.c ****     return (uint8)priority;
 241:.\Generated_Source\PSoC4/ORG_Int.c **** }
 242:.\Generated_Source\PSoC4/ORG_Int.c **** 
 243:.\Generated_Source\PSoC4/ORG_Int.c **** 
 244:.\Generated_Source\PSoC4/ORG_Int.c **** /*******************************************************************************
 245:.\Generated_Source\PSoC4/ORG_Int.c **** * Function Name: ORG_Int_Enable
 246:.\Generated_Source\PSoC4/ORG_Int.c **** ********************************************************************************
 247:.\Generated_Source\PSoC4/ORG_Int.c **** *
 248:.\Generated_Source\PSoC4/ORG_Int.c **** * Summary:
 249:.\Generated_Source\PSoC4/ORG_Int.c **** *   Enables the interrupt.
 250:.\Generated_Source\PSoC4/ORG_Int.c **** *
 251:.\Generated_Source\PSoC4/ORG_Int.c **** * Parameters:
 252:.\Generated_Source\PSoC4/ORG_Int.c **** *   None
 253:.\Generated_Source\PSoC4/ORG_Int.c **** *
 254:.\Generated_Source\PSoC4/ORG_Int.c **** * Return:
 255:.\Generated_Source\PSoC4/ORG_Int.c **** *   None
 256:.\Generated_Source\PSoC4/ORG_Int.c **** *
 257:.\Generated_Source\PSoC4/ORG_Int.c **** *******************************************************************************/
 258:.\Generated_Source\PSoC4/ORG_Int.c **** void ORG_Int_Enable(void)
 259:.\Generated_Source\PSoC4/ORG_Int.c **** {
 260:.\Generated_Source\PSoC4/ORG_Int.c ****     /* Enable the general interrupt. */
 261:.\Generated_Source\PSoC4/ORG_Int.c ****     *ORG_Int_INTC_SET_EN = ORG_Int__INTC_MASK;
 262:.\Generated_Source\PSoC4/ORG_Int.c **** }
 263:.\Generated_Source\PSoC4/ORG_Int.c **** 
 264:.\Generated_Source\PSoC4/ORG_Int.c **** 
 265:.\Generated_Source\PSoC4/ORG_Int.c **** /*******************************************************************************
 266:.\Generated_Source\PSoC4/ORG_Int.c **** * Function Name: ORG_Int_GetState
 267:.\Generated_Source\PSoC4/ORG_Int.c **** ********************************************************************************
 268:.\Generated_Source\PSoC4/ORG_Int.c **** *
 269:.\Generated_Source\PSoC4/ORG_Int.c **** * Summary:
 270:.\Generated_Source\PSoC4/ORG_Int.c **** *   Gets the state (enabled, disabled) of the Interrupt.
 271:.\Generated_Source\PSoC4/ORG_Int.c **** *
 272:.\Generated_Source\PSoC4/ORG_Int.c **** * Parameters:
 273:.\Generated_Source\PSoC4/ORG_Int.c **** *   None
 274:.\Generated_Source\PSoC4/ORG_Int.c **** *
 275:.\Generated_Source\PSoC4/ORG_Int.c **** * Return:
 276:.\Generated_Source\PSoC4/ORG_Int.c **** *   1 if enabled, 0 if disabled.
 277:.\Generated_Source\PSoC4/ORG_Int.c **** *
 278:.\Generated_Source\PSoC4/ORG_Int.c **** *******************************************************************************/
 279:.\Generated_Source\PSoC4/ORG_Int.c **** uint8 ORG_Int_GetState(void)
 280:.\Generated_Source\PSoC4/ORG_Int.c **** {
 281:.\Generated_Source\PSoC4/ORG_Int.c ****     /* Get the state of the general interrupt. */
 282:.\Generated_Source\PSoC4/ORG_Int.c ****     return ((*ORG_Int_INTC_SET_EN & (uint32)ORG_Int__INTC_MASK) != 0u) ? 1u:0u;
 283:.\Generated_Source\PSoC4/ORG_Int.c **** }
 284:.\Generated_Source\PSoC4/ORG_Int.c **** 
 285:.\Generated_Source\PSoC4/ORG_Int.c **** 
 286:.\Generated_Source\PSoC4/ORG_Int.c **** /*******************************************************************************
 287:.\Generated_Source\PSoC4/ORG_Int.c **** * Function Name: ORG_Int_Disable
 288:.\Generated_Source\PSoC4/ORG_Int.c **** ********************************************************************************
 289:.\Generated_Source\PSoC4/ORG_Int.c **** *
 290:.\Generated_Source\PSoC4/ORG_Int.c **** * Summary:
 291:.\Generated_Source\PSoC4/ORG_Int.c **** *   Disables the Interrupt.
 292:.\Generated_Source\PSoC4/ORG_Int.c **** *
 293:.\Generated_Source\PSoC4/ORG_Int.c **** * Parameters:
 294:.\Generated_Source\PSoC4/ORG_Int.c **** *   None
 295:.\Generated_Source\PSoC4/ORG_Int.c **** *
 296:.\Generated_Source\PSoC4/ORG_Int.c **** * Return:
ARM GAS  C:\Users\Admin\AppData\Local\Temp\ccd7Q9kw.s 			page 7


 297:.\Generated_Source\PSoC4/ORG_Int.c **** *   None
 298:.\Generated_Source\PSoC4/ORG_Int.c **** *
 299:.\Generated_Source\PSoC4/ORG_Int.c **** *******************************************************************************/
 300:.\Generated_Source\PSoC4/ORG_Int.c **** void ORG_Int_Disable(void)
 301:.\Generated_Source\PSoC4/ORG_Int.c **** {
 302:.\Generated_Source\PSoC4/ORG_Int.c ****     /* Disable the general interrupt. */
 303:.\Generated_Source\PSoC4/ORG_Int.c ****     *ORG_Int_INTC_CLR_EN = ORG_Int__INTC_MASK;
  46              		.loc 1 303 0
  47 0000 034B     		ldr	r3, .L3
  48 0002 0422     		mov	r2, #4
  49 0004 1A60     		str	r2, [r3]
  50              	.LVL0:
  51              	.LBE19:
  52              	.LBE18:
  53              	.LBB20:
  54              	.LBB21:
 165:.\Generated_Source\PSoC4/ORG_Int.c ****     CyRamVectors[CYINT_IRQ_BASE + ORG_Int__INTC_NUMBER] = address;
  55              		.loc 1 165 0
  56 0006 034A     		ldr	r2, .L3+4
  57 0008 034B     		ldr	r3, .L3+8
  58              	.LBE21:
  59              	.LBE20:
 118:.\Generated_Source\PSoC4/ORG_Int.c **** }
  60              		.loc 1 118 0
  61              		@ sp needed
  62              	.LBB23:
  63              	.LBB22:
 165:.\Generated_Source\PSoC4/ORG_Int.c ****     CyRamVectors[CYINT_IRQ_BASE + ORG_Int__INTC_NUMBER] = address;
  64              		.loc 1 165 0
  65 000a 9A64     		str	r2, [r3, #72]
  66              	.LBE22:
  67              	.LBE23:
 118:.\Generated_Source\PSoC4/ORG_Int.c **** }
  68              		.loc 1 118 0
  69 000c 7047     		bx	lr
  70              	.L4:
  71 000e C046     		.align	2
  72              	.L3:
  73 0010 80E100E0 		.word	-536813184
  74 0014 00000000 		.word	IntDefaultHandler
  75 0018 00000000 		.word	CyRamVectors
  76              		.cfi_endproc
  77              	.LFE2:
  78              		.size	ORG_Int_Stop, .-ORG_Int_Stop
  79              		.section	.text.ORG_Int_SetVector,"ax",%progbits
  80              		.align	1
  81              		.global	ORG_Int_SetVector
  82              		.code	16
  83              		.thumb_func
  84              		.type	ORG_Int_SetVector, %function
  85              	ORG_Int_SetVector:
  86              	.LFB4:
 164:.\Generated_Source\PSoC4/ORG_Int.c **** {
  87              		.loc 1 164 0
  88              		.cfi_startproc
  89              	.LVL1:
 165:.\Generated_Source\PSoC4/ORG_Int.c ****     CyRamVectors[CYINT_IRQ_BASE + ORG_Int__INTC_NUMBER] = address;
ARM GAS  C:\Users\Admin\AppData\Local\Temp\ccd7Q9kw.s 			page 8


  90              		.loc 1 165 0
  91 0000 014B     		ldr	r3, .L6
 166:.\Generated_Source\PSoC4/ORG_Int.c **** }
  92              		.loc 1 166 0
  93              		@ sp needed
 165:.\Generated_Source\PSoC4/ORG_Int.c ****     CyRamVectors[CYINT_IRQ_BASE + ORG_Int__INTC_NUMBER] = address;
  94              		.loc 1 165 0
  95 0002 9864     		str	r0, [r3, #72]
 166:.\Generated_Source\PSoC4/ORG_Int.c **** }
  96              		.loc 1 166 0
  97 0004 7047     		bx	lr
  98              	.L7:
  99 0006 C046     		.align	2
 100              	.L6:
 101 0008 00000000 		.word	CyRamVectors
 102              		.cfi_endproc
 103              	.LFE4:
 104              		.size	ORG_Int_SetVector, .-ORG_Int_SetVector
 105              		.section	.text.ORG_Int_GetVector,"ax",%progbits
 106              		.align	1
 107              		.global	ORG_Int_GetVector
 108              		.code	16
 109              		.thumb_func
 110              		.type	ORG_Int_GetVector, %function
 111              	ORG_Int_GetVector:
 112              	.LFB5:
 184:.\Generated_Source\PSoC4/ORG_Int.c **** {
 113              		.loc 1 184 0
 114              		.cfi_startproc
 185:.\Generated_Source\PSoC4/ORG_Int.c ****     return CyRamVectors[CYINT_IRQ_BASE + ORG_Int__INTC_NUMBER];
 115              		.loc 1 185 0
 116 0000 014B     		ldr	r3, .L9
 186:.\Generated_Source\PSoC4/ORG_Int.c **** }
 117              		.loc 1 186 0
 118              		@ sp needed
 185:.\Generated_Source\PSoC4/ORG_Int.c ****     return CyRamVectors[CYINT_IRQ_BASE + ORG_Int__INTC_NUMBER];
 119              		.loc 1 185 0
 120 0002 986C     		ldr	r0, [r3, #72]
 186:.\Generated_Source\PSoC4/ORG_Int.c **** }
 121              		.loc 1 186 0
 122 0004 7047     		bx	lr
 123              	.L10:
 124 0006 C046     		.align	2
 125              	.L9:
 126 0008 00000000 		.word	CyRamVectors
 127              		.cfi_endproc
 128              	.LFE5:
 129              		.size	ORG_Int_GetVector, .-ORG_Int_GetVector
 130              		.section	.text.ORG_Int_SetPriority,"ax",%progbits
 131              		.align	1
 132              		.global	ORG_Int_SetPriority
 133              		.code	16
 134              		.thumb_func
 135              		.type	ORG_Int_SetPriority, %function
 136              	ORG_Int_SetPriority:
 137              	.LFB6:
 208:.\Generated_Source\PSoC4/ORG_Int.c **** {
ARM GAS  C:\Users\Admin\AppData\Local\Temp\ccd7Q9kw.s 			page 9


 138              		.loc 1 208 0
 139              		.cfi_startproc
 140              	.LVL2:
 141 0000 38B5     		push	{r3, r4, r5, lr}
 142              		.cfi_def_cfa_offset 16
 143              		.cfi_offset 3, -16
 144              		.cfi_offset 4, -12
 145              		.cfi_offset 5, -8
 146              		.cfi_offset 14, -4
 208:.\Generated_Source\PSoC4/ORG_Int.c **** {
 147              		.loc 1 208 0
 148 0002 041C     		mov	r4, r0
 212:.\Generated_Source\PSoC4/ORG_Int.c **** 	interruptState = CyEnterCriticalSection();
 149              		.loc 1 212 0
 150 0004 FFF7FEFF 		bl	CyEnterCriticalSection
 151              	.LVL3:
 213:.\Generated_Source\PSoC4/ORG_Int.c ****     *ORG_Int_INTC_PRIOR = (*ORG_Int_INTC_PRIOR & (uint32)(~ORG_Int__INTC_PRIOR_MASK)) |
 152              		.loc 1 213 0
 153 0008 054B     		ldr	r3, .L12
 154 000a 0649     		ldr	r1, .L12+4
 155 000c 1D68     		ldr	r5, [r3]
 214:.\Generated_Source\PSoC4/ORG_Int.c ****                                     ((uint32)priority << priorityOffset);
 156              		.loc 1 214 0
 157 000e A205     		lsl	r2, r4, #22
 213:.\Generated_Source\PSoC4/ORG_Int.c ****     *ORG_Int_INTC_PRIOR = (*ORG_Int_INTC_PRIOR & (uint32)(~ORG_Int__INTC_PRIOR_MASK)) |
 158              		.loc 1 213 0
 159 0010 2C1C     		mov	r4, r5
 160 0012 0C40     		and	r4, r1
 161 0014 1443     		orr	r4, r2
 162 0016 1C60     		str	r4, [r3]
 215:.\Generated_Source\PSoC4/ORG_Int.c **** 	CyExitCriticalSection(interruptState);
 163              		.loc 1 215 0
 164 0018 FFF7FEFF 		bl	CyExitCriticalSection
 165              	.LVL4:
 216:.\Generated_Source\PSoC4/ORG_Int.c **** }
 166              		.loc 1 216 0
 167              		@ sp needed
 168 001c 38BD     		pop	{r3, r4, r5, pc}
 169              	.L13:
 170 001e C046     		.align	2
 171              	.L12:
 172 0020 00E400E0 		.word	-536812544
 173 0024 FFFF3FFF 		.word	-12582913
 174              		.cfi_endproc
 175              	.LFE6:
 176              		.size	ORG_Int_SetPriority, .-ORG_Int_SetPriority
 177              		.section	.text.ORG_Int_Start,"ax",%progbits
 178              		.align	1
 179              		.global	ORG_Int_Start
 180              		.code	16
 181              		.thumb_func
 182              		.type	ORG_Int_Start, %function
 183              	ORG_Int_Start:
 184              	.LFB0:
  53:.\Generated_Source\PSoC4/ORG_Int.c **** {
 185              		.loc 1 53 0
 186              		.cfi_startproc
ARM GAS  C:\Users\Admin\AppData\Local\Temp\ccd7Q9kw.s 			page 10


 187              	.LBB24:
 188              	.LBB25:
 189              		.loc 1 303 0
 190 0000 064B     		ldr	r3, .L15
 191              	.LBE25:
 192              	.LBE24:
  53:.\Generated_Source\PSoC4/ORG_Int.c **** {
 193              		.loc 1 53 0
 194 0002 10B5     		push	{r4, lr}
 195              		.cfi_def_cfa_offset 8
 196              		.cfi_offset 4, -8
 197              		.cfi_offset 14, -4
 198              	.LBB27:
 199              	.LBB26:
 200              		.loc 1 303 0
 201 0004 0424     		mov	r4, #4
 202 0006 1C60     		str	r4, [r3]
 203              	.LVL5:
 204              	.LBE26:
 205              	.LBE27:
 206              	.LBB28:
 207              	.LBB29:
 165:.\Generated_Source\PSoC4/ORG_Int.c ****     CyRamVectors[CYINT_IRQ_BASE + ORG_Int__INTC_NUMBER] = address;
 208              		.loc 1 165 0
 209 0008 054A     		ldr	r2, .L15+4
 210 000a 064B     		ldr	r3, .L15+8
 211              	.LBE29:
 212              	.LBE28:
  61:.\Generated_Source\PSoC4/ORG_Int.c ****     ORG_Int_SetPriority((uint8)ORG_Int_INTC_PRIOR_NUMBER);
 213              		.loc 1 61 0
 214 000c 0320     		mov	r0, #3
 215              	.LBB31:
 216              	.LBB30:
 165:.\Generated_Source\PSoC4/ORG_Int.c ****     CyRamVectors[CYINT_IRQ_BASE + ORG_Int__INTC_NUMBER] = address;
 217              		.loc 1 165 0
 218 000e 9A64     		str	r2, [r3, #72]
 219              	.LBE30:
 220              	.LBE31:
  61:.\Generated_Source\PSoC4/ORG_Int.c ****     ORG_Int_SetPriority((uint8)ORG_Int_INTC_PRIOR_NUMBER);
 221              		.loc 1 61 0
 222 0010 FFF7FEFF 		bl	ORG_Int_SetPriority
 223              	.LVL6:
 224              	.LBB32:
 225              	.LBB33:
 261:.\Generated_Source\PSoC4/ORG_Int.c ****     *ORG_Int_INTC_SET_EN = ORG_Int__INTC_MASK;
 226              		.loc 1 261 0
 227 0014 044B     		ldr	r3, .L15+12
 228              	.LBE33:
 229              	.LBE32:
  65:.\Generated_Source\PSoC4/ORG_Int.c **** }
 230              		.loc 1 65 0
 231              		@ sp needed
 232              	.LBB35:
 233              	.LBB34:
 261:.\Generated_Source\PSoC4/ORG_Int.c ****     *ORG_Int_INTC_SET_EN = ORG_Int__INTC_MASK;
 234              		.loc 1 261 0
 235 0016 1C60     		str	r4, [r3]
ARM GAS  C:\Users\Admin\AppData\Local\Temp\ccd7Q9kw.s 			page 11


 236              	.LBE34:
 237              	.LBE35:
  65:.\Generated_Source\PSoC4/ORG_Int.c **** }
 238              		.loc 1 65 0
 239 0018 10BD     		pop	{r4, pc}
 240              	.L16:
 241 001a C046     		.align	2
 242              	.L15:
 243 001c 80E100E0 		.word	-536813184
 244 0020 00000000 		.word	ORG_Int_Interrupt
 245 0024 00000000 		.word	CyRamVectors
 246 0028 00E100E0 		.word	-536813312
 247              		.cfi_endproc
 248              	.LFE0:
 249              		.size	ORG_Int_Start, .-ORG_Int_Start
 250              		.section	.text.ORG_Int_StartEx,"ax",%progbits
 251              		.align	1
 252              		.global	ORG_Int_StartEx
 253              		.code	16
 254              		.thumb_func
 255              		.type	ORG_Int_StartEx, %function
 256              	ORG_Int_StartEx:
 257              	.LFB1:
  83:.\Generated_Source\PSoC4/ORG_Int.c **** {
 258              		.loc 1 83 0
 259              		.cfi_startproc
 260              	.LVL7:
 261              	.LBB36:
 262              	.LBB37:
 263              		.loc 1 303 0
 264 0000 054B     		ldr	r3, .L18
 265              	.LBE37:
 266              	.LBE36:
  83:.\Generated_Source\PSoC4/ORG_Int.c **** {
 267              		.loc 1 83 0
 268 0002 10B5     		push	{r4, lr}
 269              		.cfi_def_cfa_offset 8
 270              		.cfi_offset 4, -8
 271              		.cfi_offset 14, -4
 272              	.LBB39:
 273              	.LBB38:
 274              		.loc 1 303 0
 275 0004 0424     		mov	r4, #4
 276 0006 1C60     		str	r4, [r3]
 277              	.LVL8:
 278              	.LBE38:
 279              	.LBE39:
 280              	.LBB40:
 281              	.LBB41:
 165:.\Generated_Source\PSoC4/ORG_Int.c ****     CyRamVectors[CYINT_IRQ_BASE + ORG_Int__INTC_NUMBER] = address;
 282              		.loc 1 165 0
 283 0008 044B     		ldr	r3, .L18+4
 284              	.LBE41:
 285              	.LBE40:
  95:.\Generated_Source\PSoC4/ORG_Int.c **** }
 286              		.loc 1 95 0
 287              		@ sp needed
ARM GAS  C:\Users\Admin\AppData\Local\Temp\ccd7Q9kw.s 			page 12


 288              	.LBB43:
 289              	.LBB42:
 165:.\Generated_Source\PSoC4/ORG_Int.c ****     CyRamVectors[CYINT_IRQ_BASE + ORG_Int__INTC_NUMBER] = address;
 290              		.loc 1 165 0
 291 000a 9864     		str	r0, [r3, #72]
 292              	.LBE42:
 293              	.LBE43:
  91:.\Generated_Source\PSoC4/ORG_Int.c ****     ORG_Int_SetPriority((uint8)ORG_Int_INTC_PRIOR_NUMBER);
 294              		.loc 1 91 0
 295 000c 0320     		mov	r0, #3
 296              	.LVL9:
 297 000e FFF7FEFF 		bl	ORG_Int_SetPriority
 298              	.LVL10:
 299              	.LBB44:
 300              	.LBB45:
 261:.\Generated_Source\PSoC4/ORG_Int.c ****     *ORG_Int_INTC_SET_EN = ORG_Int__INTC_MASK;
 301              		.loc 1 261 0
 302 0012 034B     		ldr	r3, .L18+8
 303 0014 1C60     		str	r4, [r3]
 304              	.LBE45:
 305              	.LBE44:
  95:.\Generated_Source\PSoC4/ORG_Int.c **** }
 306              		.loc 1 95 0
 307 0016 10BD     		pop	{r4, pc}
 308              	.L19:
 309              		.align	2
 310              	.L18:
 311 0018 80E100E0 		.word	-536813184
 312 001c 00000000 		.word	CyRamVectors
 313 0020 00E100E0 		.word	-536813312
 314              		.cfi_endproc
 315              	.LFE1:
 316              		.size	ORG_Int_StartEx, .-ORG_Int_StartEx
 317              		.section	.text.ORG_Int_GetPriority,"ax",%progbits
 318              		.align	1
 319              		.global	ORG_Int_GetPriority
 320              		.code	16
 321              		.thumb_func
 322              		.type	ORG_Int_GetPriority, %function
 323              	ORG_Int_GetPriority:
 324              	.LFB7:
 234:.\Generated_Source\PSoC4/ORG_Int.c **** {
 325              		.loc 1 234 0
 326              		.cfi_startproc
 327              	.LVL11:
 238:.\Generated_Source\PSoC4/ORG_Int.c ****     priority = (*ORG_Int_INTC_PRIOR & ORG_Int__INTC_PRIOR_MASK) >> priorityOffset;
 328              		.loc 1 238 0
 329 0000 024B     		ldr	r3, .L21
 241:.\Generated_Source\PSoC4/ORG_Int.c **** }
 330              		.loc 1 241 0
 331              		@ sp needed
 238:.\Generated_Source\PSoC4/ORG_Int.c ****     priority = (*ORG_Int_INTC_PRIOR & ORG_Int__INTC_PRIOR_MASK) >> priorityOffset;
 332              		.loc 1 238 0
 333 0002 1868     		ldr	r0, [r3]
 334              	.LVL12:
 335 0004 0002     		lsl	r0, r0, #8
 336              	.LVL13:
ARM GAS  C:\Users\Admin\AppData\Local\Temp\ccd7Q9kw.s 			page 13


 240:.\Generated_Source\PSoC4/ORG_Int.c ****     return (uint8)priority;
 337              		.loc 1 240 0
 338 0006 800F     		lsr	r0, r0, #30
 241:.\Generated_Source\PSoC4/ORG_Int.c **** }
 339              		.loc 1 241 0
 340 0008 7047     		bx	lr
 341              	.L22:
 342 000a C046     		.align	2
 343              	.L21:
 344 000c 00E400E0 		.word	-536812544
 345              		.cfi_endproc
 346              	.LFE7:
 347              		.size	ORG_Int_GetPriority, .-ORG_Int_GetPriority
 348              		.section	.text.ORG_Int_Enable,"ax",%progbits
 349              		.align	1
 350              		.global	ORG_Int_Enable
 351              		.code	16
 352              		.thumb_func
 353              		.type	ORG_Int_Enable, %function
 354              	ORG_Int_Enable:
 355              	.LFB8:
 259:.\Generated_Source\PSoC4/ORG_Int.c **** {
 356              		.loc 1 259 0
 357              		.cfi_startproc
 261:.\Generated_Source\PSoC4/ORG_Int.c ****     *ORG_Int_INTC_SET_EN = ORG_Int__INTC_MASK;
 358              		.loc 1 261 0
 359 0000 014B     		ldr	r3, .L24
 360 0002 0422     		mov	r2, #4
 361 0004 1A60     		str	r2, [r3]
 262:.\Generated_Source\PSoC4/ORG_Int.c **** }
 362              		.loc 1 262 0
 363              		@ sp needed
 364 0006 7047     		bx	lr
 365              	.L25:
 366              		.align	2
 367              	.L24:
 368 0008 00E100E0 		.word	-536813312
 369              		.cfi_endproc
 370              	.LFE8:
 371              		.size	ORG_Int_Enable, .-ORG_Int_Enable
 372              		.section	.text.ORG_Int_GetState,"ax",%progbits
 373              		.align	1
 374              		.global	ORG_Int_GetState
 375              		.code	16
 376              		.thumb_func
 377              		.type	ORG_Int_GetState, %function
 378              	ORG_Int_GetState:
 379              	.LFB9:
 280:.\Generated_Source\PSoC4/ORG_Int.c **** {
 380              		.loc 1 280 0
 381              		.cfi_startproc
 282:.\Generated_Source\PSoC4/ORG_Int.c ****     return ((*ORG_Int_INTC_SET_EN & (uint32)ORG_Int__INTC_MASK) != 0u) ? 1u:0u;
 382              		.loc 1 282 0
 383 0000 024B     		ldr	r3, .L27
 283:.\Generated_Source\PSoC4/ORG_Int.c **** }
 384              		.loc 1 283 0
 385              		@ sp needed
ARM GAS  C:\Users\Admin\AppData\Local\Temp\ccd7Q9kw.s 			page 14


 282:.\Generated_Source\PSoC4/ORG_Int.c ****     return ((*ORG_Int_INTC_SET_EN & (uint32)ORG_Int__INTC_MASK) != 0u) ? 1u:0u;
 386              		.loc 1 282 0
 387 0002 1868     		ldr	r0, [r3]
 388 0004 4007     		lsl	r0, r0, #29
 389 0006 C00F     		lsr	r0, r0, #31
 283:.\Generated_Source\PSoC4/ORG_Int.c **** }
 390              		.loc 1 283 0
 391 0008 7047     		bx	lr
 392              	.L28:
 393 000a C046     		.align	2
 394              	.L27:
 395 000c 00E100E0 		.word	-536813312
 396              		.cfi_endproc
 397              	.LFE9:
 398              		.size	ORG_Int_GetState, .-ORG_Int_GetState
 399              		.section	.text.ORG_Int_Disable,"ax",%progbits
 400              		.align	1
 401              		.global	ORG_Int_Disable
 402              		.code	16
 403              		.thumb_func
 404              		.type	ORG_Int_Disable, %function
 405              	ORG_Int_Disable:
 406              	.LFB10:
 301:.\Generated_Source\PSoC4/ORG_Int.c **** {
 407              		.loc 1 301 0
 408              		.cfi_startproc
 409              		.loc 1 303 0
 410 0000 014B     		ldr	r3, .L30
 411 0002 0422     		mov	r2, #4
 412 0004 1A60     		str	r2, [r3]
 304:.\Generated_Source\PSoC4/ORG_Int.c **** }
 413              		.loc 1 304 0
 414              		@ sp needed
 415 0006 7047     		bx	lr
 416              	.L31:
 417              		.align	2
 418              	.L30:
 419 0008 80E100E0 		.word	-536813184
 420              		.cfi_endproc
 421              	.LFE10:
 422              		.size	ORG_Int_Disable, .-ORG_Int_Disable
 423              		.section	.text.ORG_Int_SetPending,"ax",%progbits
 424              		.align	1
 425              		.global	ORG_Int_SetPending
 426              		.code	16
 427              		.thumb_func
 428              		.type	ORG_Int_SetPending, %function
 429              	ORG_Int_SetPending:
 430              	.LFB11:
 305:.\Generated_Source\PSoC4/ORG_Int.c **** 
 306:.\Generated_Source\PSoC4/ORG_Int.c **** 
 307:.\Generated_Source\PSoC4/ORG_Int.c **** /*******************************************************************************
 308:.\Generated_Source\PSoC4/ORG_Int.c **** * Function Name: ORG_Int_SetPending
 309:.\Generated_Source\PSoC4/ORG_Int.c **** ********************************************************************************
 310:.\Generated_Source\PSoC4/ORG_Int.c **** *
 311:.\Generated_Source\PSoC4/ORG_Int.c **** * Summary:
 312:.\Generated_Source\PSoC4/ORG_Int.c **** *   Causes the Interrupt to enter the pending state, a software method of
ARM GAS  C:\Users\Admin\AppData\Local\Temp\ccd7Q9kw.s 			page 15


 313:.\Generated_Source\PSoC4/ORG_Int.c **** *   generating the interrupt.
 314:.\Generated_Source\PSoC4/ORG_Int.c **** *
 315:.\Generated_Source\PSoC4/ORG_Int.c **** * Parameters:
 316:.\Generated_Source\PSoC4/ORG_Int.c **** *   None
 317:.\Generated_Source\PSoC4/ORG_Int.c **** *
 318:.\Generated_Source\PSoC4/ORG_Int.c **** * Return:
 319:.\Generated_Source\PSoC4/ORG_Int.c **** *   None
 320:.\Generated_Source\PSoC4/ORG_Int.c **** *
 321:.\Generated_Source\PSoC4/ORG_Int.c **** *******************************************************************************/
 322:.\Generated_Source\PSoC4/ORG_Int.c **** void ORG_Int_SetPending(void)
 323:.\Generated_Source\PSoC4/ORG_Int.c **** {
 431              		.loc 1 323 0
 432              		.cfi_startproc
 324:.\Generated_Source\PSoC4/ORG_Int.c ****     *ORG_Int_INTC_SET_PD = ORG_Int__INTC_MASK;
 433              		.loc 1 324 0
 434 0000 014B     		ldr	r3, .L33
 435 0002 0422     		mov	r2, #4
 436 0004 1A60     		str	r2, [r3]
 325:.\Generated_Source\PSoC4/ORG_Int.c **** }
 437              		.loc 1 325 0
 438              		@ sp needed
 439 0006 7047     		bx	lr
 440              	.L34:
 441              		.align	2
 442              	.L33:
 443 0008 00E200E0 		.word	-536813056
 444              		.cfi_endproc
 445              	.LFE11:
 446              		.size	ORG_Int_SetPending, .-ORG_Int_SetPending
 447              		.section	.text.ORG_Int_ClearPending,"ax",%progbits
 448              		.align	1
 449              		.global	ORG_Int_ClearPending
 450              		.code	16
 451              		.thumb_func
 452              		.type	ORG_Int_ClearPending, %function
 453              	ORG_Int_ClearPending:
 454              	.LFB12:
 326:.\Generated_Source\PSoC4/ORG_Int.c **** 
 327:.\Generated_Source\PSoC4/ORG_Int.c **** 
 328:.\Generated_Source\PSoC4/ORG_Int.c **** /*******************************************************************************
 329:.\Generated_Source\PSoC4/ORG_Int.c **** * Function Name: ORG_Int_ClearPending
 330:.\Generated_Source\PSoC4/ORG_Int.c **** ********************************************************************************
 331:.\Generated_Source\PSoC4/ORG_Int.c **** *
 332:.\Generated_Source\PSoC4/ORG_Int.c **** * Summary:
 333:.\Generated_Source\PSoC4/ORG_Int.c **** *   Clears a pending interrupt.
 334:.\Generated_Source\PSoC4/ORG_Int.c **** *
 335:.\Generated_Source\PSoC4/ORG_Int.c **** * Parameters:
 336:.\Generated_Source\PSoC4/ORG_Int.c **** *   None
 337:.\Generated_Source\PSoC4/ORG_Int.c **** *
 338:.\Generated_Source\PSoC4/ORG_Int.c **** * Return:
 339:.\Generated_Source\PSoC4/ORG_Int.c **** *   None
 340:.\Generated_Source\PSoC4/ORG_Int.c **** *
 341:.\Generated_Source\PSoC4/ORG_Int.c **** *******************************************************************************/
 342:.\Generated_Source\PSoC4/ORG_Int.c **** void ORG_Int_ClearPending(void)
 343:.\Generated_Source\PSoC4/ORG_Int.c **** {
 455              		.loc 1 343 0
 456              		.cfi_startproc
ARM GAS  C:\Users\Admin\AppData\Local\Temp\ccd7Q9kw.s 			page 16


 344:.\Generated_Source\PSoC4/ORG_Int.c ****     *ORG_Int_INTC_CLR_PD = ORG_Int__INTC_MASK;
 457              		.loc 1 344 0
 458 0000 014B     		ldr	r3, .L36
 459 0002 0422     		mov	r2, #4
 460 0004 1A60     		str	r2, [r3]
 345:.\Generated_Source\PSoC4/ORG_Int.c **** }
 461              		.loc 1 345 0
 462              		@ sp needed
 463 0006 7047     		bx	lr
 464              	.L37:
 465              		.align	2
 466              	.L36:
 467 0008 80E200E0 		.word	-536812928
 468              		.cfi_endproc
 469              	.LFE12:
 470              		.size	ORG_Int_ClearPending, .-ORG_Int_ClearPending
 471              		.text
 472              	.Letext0:
 473              		.file 2 ".\\Generated_Source\\PSoC4/cytypes.h"
 474              		.file 3 ".\\Generated_Source\\PSoC4/CyLib.h"
 475              		.section	.debug_info,"",%progbits
 476              	.Ldebug_info0:
 477 0000 47030000 		.4byte	0x347
 478 0004 0400     		.2byte	0x4
 479 0006 00000000 		.4byte	.Ldebug_abbrev0
 480 000a 04       		.byte	0x4
 481 000b 01       		.uleb128 0x1
 482 000c 50000000 		.4byte	.LASF32
 483 0010 01       		.byte	0x1
 484 0011 2C010000 		.4byte	.LASF33
 485 0015 82010000 		.4byte	.LASF34
 486 0019 90000000 		.4byte	.Ldebug_ranges0+0x90
 487 001d 00000000 		.4byte	0
 488 0021 00000000 		.4byte	.Ldebug_line0
 489 0025 02       		.uleb128 0x2
 490 0026 01       		.byte	0x1
 491 0027 06       		.byte	0x6
 492 0028 DA020000 		.4byte	.LASF0
 493 002c 02       		.uleb128 0x2
 494 002d 01       		.byte	0x1
 495 002e 08       		.byte	0x8
 496 002f E9000000 		.4byte	.LASF1
 497 0033 02       		.uleb128 0x2
 498 0034 02       		.byte	0x2
 499 0035 05       		.byte	0x5
 500 0036 98020000 		.4byte	.LASF2
 501 003a 02       		.uleb128 0x2
 502 003b 02       		.byte	0x2
 503 003c 07       		.byte	0x7
 504 003d 25000000 		.4byte	.LASF3
 505 0041 02       		.uleb128 0x2
 506 0042 04       		.byte	0x4
 507 0043 05       		.byte	0x5
 508 0044 BE020000 		.4byte	.LASF4
 509 0048 02       		.uleb128 0x2
 510 0049 04       		.byte	0x4
 511 004a 07       		.byte	0x7
ARM GAS  C:\Users\Admin\AppData\Local\Temp\ccd7Q9kw.s 			page 17


 512 004b 1A010000 		.4byte	.LASF5
 513 004f 02       		.uleb128 0x2
 514 0050 08       		.byte	0x8
 515 0051 05       		.byte	0x5
 516 0052 61020000 		.4byte	.LASF6
 517 0056 02       		.uleb128 0x2
 518 0057 08       		.byte	0x8
 519 0058 07       		.byte	0x7
 520 0059 D2000000 		.4byte	.LASF7
 521 005d 03       		.uleb128 0x3
 522 005e 04       		.byte	0x4
 523 005f 05       		.byte	0x5
 524 0060 696E7400 		.ascii	"int\000"
 525 0064 02       		.uleb128 0x2
 526 0065 04       		.byte	0x4
 527 0066 07       		.byte	0x7
 528 0067 ED010000 		.4byte	.LASF8
 529 006b 04       		.uleb128 0x4
 530 006c 4F010000 		.4byte	.LASF9
 531 0070 02       		.byte	0x2
 532 0071 A1       		.byte	0xa1
 533 0072 2C000000 		.4byte	0x2c
 534 0076 04       		.uleb128 0x4
 535 0077 CF010000 		.4byte	.LASF10
 536 007b 02       		.byte	0x2
 537 007c A3       		.byte	0xa3
 538 007d 48000000 		.4byte	0x48
 539 0081 02       		.uleb128 0x2
 540 0082 04       		.byte	0x4
 541 0083 04       		.byte	0x4
 542 0084 CC000000 		.4byte	.LASF11
 543 0088 02       		.uleb128 0x2
 544 0089 08       		.byte	0x8
 545 008a 04       		.byte	0x4
 546 008b 49000000 		.4byte	.LASF12
 547 008f 02       		.uleb128 0x2
 548 0090 01       		.byte	0x1
 549 0091 08       		.byte	0x8
 550 0092 6F020000 		.4byte	.LASF13
 551 0096 05       		.uleb128 0x5
 552 0097 00000000 		.4byte	.LASF14
 553 009b 02       		.byte	0x2
 554 009c 4D01     		.2byte	0x14d
 555 009e A2000000 		.4byte	0xa2
 556 00a2 06       		.uleb128 0x6
 557 00a3 76000000 		.4byte	0x76
 558 00a7 05       		.uleb128 0x5
 559 00a8 3D020000 		.4byte	.LASF15
 560 00ac 02       		.byte	0x2
 561 00ad 5D01     		.2byte	0x15d
 562 00af B3000000 		.4byte	0xb3
 563 00b3 07       		.uleb128 0x7
 564 00b4 04       		.byte	0x4
 565 00b5 B9000000 		.4byte	0xb9
 566 00b9 08       		.uleb128 0x8
 567 00ba 02       		.uleb128 0x2
 568 00bb 04       		.byte	0x4
ARM GAS  C:\Users\Admin\AppData\Local\Temp\ccd7Q9kw.s 			page 18


 569 00bc 07       		.byte	0x7
 570 00bd 4A020000 		.4byte	.LASF16
 571 00c1 09       		.uleb128 0x9
 572 00c2 74020000 		.4byte	.LASF17
 573 00c6 01       		.byte	0x1
 574 00c7 2C01     		.2byte	0x12c
 575 00c9 01       		.byte	0x1
 576 00ca 0A       		.uleb128 0xa
 577 00cb 06000000 		.4byte	.LASF35
 578 00cf 01       		.byte	0x1
 579 00d0 A3       		.byte	0xa3
 580 00d1 01       		.byte	0x1
 581 00d2 E2000000 		.4byte	0xe2
 582 00d6 0B       		.uleb128 0xb
 583 00d7 0A020000 		.4byte	.LASF26
 584 00db 01       		.byte	0x1
 585 00dc A3       		.byte	0xa3
 586 00dd A7000000 		.4byte	0xa7
 587 00e1 00       		.byte	0
 588 00e2 09       		.uleb128 0x9
 589 00e3 E6020000 		.4byte	.LASF18
 590 00e7 01       		.byte	0x1
 591 00e8 0201     		.2byte	0x102
 592 00ea 01       		.byte	0x1
 593 00eb 0C       		.uleb128 0xc
 594 00ec 70010000 		.4byte	.LASF29
 595 00f0 01       		.byte	0x1
 596 00f1 8A       		.byte	0x8a
 597 00f2 00000000 		.4byte	.LFB3
 598 00f6 02000000 		.4byte	.LFE3-.LFB3
 599 00fa 01       		.uleb128 0x1
 600 00fb 9C       		.byte	0x9c
 601 00fc 0D       		.uleb128 0xd
 602 00fd B1020000 		.4byte	.LASF19
 603 0101 01       		.byte	0x1
 604 0102 6F       		.byte	0x6f
 605 0103 00000000 		.4byte	.LFB2
 606 0107 1C000000 		.4byte	.LFE2-.LFB2
 607 010b 01       		.uleb128 0x1
 608 010c 9C       		.byte	0x9c
 609 010d 36010000 		.4byte	0x136
 610 0111 0E       		.uleb128 0xe
 611 0112 C1000000 		.4byte	0xc1
 612 0116 00000000 		.4byte	.LBB18
 613 011a 06000000 		.4byte	.LBE18-.LBB18
 614 011e 01       		.byte	0x1
 615 011f 72       		.byte	0x72
 616 0120 0F       		.uleb128 0xf
 617 0121 CA000000 		.4byte	0xca
 618 0125 06000000 		.4byte	.LBB20
 619 0129 00000000 		.4byte	.Ldebug_ranges0+0
 620 012d 01       		.byte	0x1
 621 012e 75       		.byte	0x75
 622 012f 10       		.uleb128 0x10
 623 0130 D6000000 		.4byte	0xd6
 624 0134 00       		.byte	0
 625 0135 00       		.byte	0
ARM GAS  C:\Users\Admin\AppData\Local\Temp\ccd7Q9kw.s 			page 19


 626 0136 11       		.uleb128 0x11
 627 0137 CA000000 		.4byte	0xca
 628 013b 00000000 		.4byte	.LFB4
 629 013f 0C000000 		.4byte	.LFE4-.LFB4
 630 0143 01       		.uleb128 0x1
 631 0144 9C       		.byte	0x9c
 632 0145 51010000 		.4byte	0x151
 633 0149 12       		.uleb128 0x12
 634 014a D6000000 		.4byte	0xd6
 635 014e 01       		.uleb128 0x1
 636 014f 50       		.byte	0x50
 637 0150 00       		.byte	0
 638 0151 13       		.uleb128 0x13
 639 0152 5E010000 		.4byte	.LASF27
 640 0156 01       		.byte	0x1
 641 0157 B7       		.byte	0xb7
 642 0158 A7000000 		.4byte	0xa7
 643 015c 00000000 		.4byte	.LFB5
 644 0160 0C000000 		.4byte	.LFE5-.LFB5
 645 0164 01       		.uleb128 0x1
 646 0165 9C       		.byte	0x9c
 647 0166 0D       		.uleb128 0xd
 648 0167 84020000 		.4byte	.LASF20
 649 016b 01       		.byte	0x1
 650 016c CF       		.byte	0xcf
 651 016d 00000000 		.4byte	.LFB6
 652 0171 28000000 		.4byte	.LFE6-.LFB6
 653 0175 01       		.uleb128 0x1
 654 0176 9C       		.byte	0x9c
 655 0177 B8010000 		.4byte	0x1b8
 656 017b 14       		.uleb128 0x14
 657 017c 55010000 		.4byte	.LASF25
 658 0180 01       		.byte	0x1
 659 0181 CF       		.byte	0xcf
 660 0182 6B000000 		.4byte	0x6b
 661 0186 00000000 		.4byte	.LLST0
 662 018a 15       		.uleb128 0x15
 663 018b 0B010000 		.4byte	.LASF21
 664 018f 01       		.byte	0x1
 665 0190 D1       		.byte	0xd1
 666 0191 6B000000 		.4byte	0x6b
 667 0195 21000000 		.4byte	.LLST1
 668 0199 16       		.uleb128 0x16
 669 019a A2020000 		.4byte	.LASF22
 670 019e 01       		.byte	0x1
 671 019f D2       		.byte	0xd2
 672 01a0 76000000 		.4byte	0x76
 673 01a4 16       		.byte	0x16
 674 01a5 17       		.uleb128 0x17
 675 01a6 08000000 		.4byte	.LVL3
 676 01aa 32030000 		.4byte	0x332
 677 01ae 17       		.uleb128 0x17
 678 01af 1C000000 		.4byte	.LVL4
 679 01b3 3D030000 		.4byte	0x33d
 680 01b7 00       		.byte	0
 681 01b8 0D       		.uleb128 0xd
 682 01b9 53020000 		.4byte	.LASF23
ARM GAS  C:\Users\Admin\AppData\Local\Temp\ccd7Q9kw.s 			page 20


 683 01bd 01       		.byte	0x1
 684 01be 34       		.byte	0x34
 685 01bf 00000000 		.4byte	.LFB0
 686 01c3 2C000000 		.4byte	.LFE0-.LFB0
 687 01c7 01       		.uleb128 0x1
 688 01c8 9C       		.byte	0x9c
 689 01c9 1B020000 		.4byte	0x21b
 690 01cd 18       		.uleb128 0x18
 691 01ce C1000000 		.4byte	0xc1
 692 01d2 00000000 		.4byte	.LBB24
 693 01d6 18000000 		.4byte	.Ldebug_ranges0+0x18
 694 01da 01       		.byte	0x1
 695 01db 37       		.byte	0x37
 696 01dc 19       		.uleb128 0x19
 697 01dd CA000000 		.4byte	0xca
 698 01e1 08000000 		.4byte	.LBB28
 699 01e5 30000000 		.4byte	.Ldebug_ranges0+0x30
 700 01e9 01       		.byte	0x1
 701 01ea 3A       		.byte	0x3a
 702 01eb FC010000 		.4byte	0x1fc
 703 01ef 12       		.uleb128 0x12
 704 01f0 D6000000 		.4byte	0xd6
 705 01f4 06       		.uleb128 0x6
 706 01f5 03       		.byte	0x3
 707 01f6 00000000 		.4byte	ORG_Int_Interrupt
 708 01fa 9F       		.byte	0x9f
 709 01fb 00       		.byte	0
 710 01fc 18       		.uleb128 0x18
 711 01fd E2000000 		.4byte	0xe2
 712 0201 14000000 		.4byte	.LBB32
 713 0205 48000000 		.4byte	.Ldebug_ranges0+0x48
 714 0209 01       		.byte	0x1
 715 020a 40       		.byte	0x40
 716 020b 1A       		.uleb128 0x1a
 717 020c 14000000 		.4byte	.LVL6
 718 0210 66010000 		.4byte	0x166
 719 0214 1B       		.uleb128 0x1b
 720 0215 01       		.uleb128 0x1
 721 0216 50       		.byte	0x50
 722 0217 01       		.uleb128 0x1
 723 0218 33       		.byte	0x33
 724 0219 00       		.byte	0
 725 021a 00       		.byte	0
 726 021b 0D       		.uleb128 0xd
 727 021c FA010000 		.4byte	.LASF24
 728 0220 01       		.byte	0x1
 729 0221 52       		.byte	0x52
 730 0222 00000000 		.4byte	.LFB1
 731 0226 24000000 		.4byte	.LFE1-.LFB1
 732 022a 01       		.uleb128 0x1
 733 022b 9C       		.byte	0x9c
 734 022c 8A020000 		.4byte	0x28a
 735 0230 14       		.uleb128 0x14
 736 0231 0A020000 		.4byte	.LASF26
 737 0235 01       		.byte	0x1
 738 0236 52       		.byte	0x52
 739 0237 A7000000 		.4byte	0xa7
ARM GAS  C:\Users\Admin\AppData\Local\Temp\ccd7Q9kw.s 			page 21


 740 023b 34000000 		.4byte	.LLST2
 741 023f 18       		.uleb128 0x18
 742 0240 C1000000 		.4byte	0xc1
 743 0244 00000000 		.4byte	.LBB36
 744 0248 60000000 		.4byte	.Ldebug_ranges0+0x60
 745 024c 01       		.byte	0x1
 746 024d 55       		.byte	0x55
 747 024e 19       		.uleb128 0x19
 748 024f CA000000 		.4byte	0xca
 749 0253 08000000 		.4byte	.LBB40
 750 0257 78000000 		.4byte	.Ldebug_ranges0+0x78
 751 025b 01       		.byte	0x1
 752 025c 58       		.byte	0x58
 753 025d 6B020000 		.4byte	0x26b
 754 0261 1C       		.uleb128 0x1c
 755 0262 D6000000 		.4byte	0xd6
 756 0266 62000000 		.4byte	.LLST3
 757 026a 00       		.byte	0
 758 026b 0E       		.uleb128 0xe
 759 026c E2000000 		.4byte	0xe2
 760 0270 12000000 		.4byte	.LBB44
 761 0274 04000000 		.4byte	.LBE44-.LBB44
 762 0278 01       		.byte	0x1
 763 0279 5E       		.byte	0x5e
 764 027a 1A       		.uleb128 0x1a
 765 027b 12000000 		.4byte	.LVL10
 766 027f 66010000 		.4byte	0x166
 767 0283 1B       		.uleb128 0x1b
 768 0284 01       		.uleb128 0x1
 769 0285 50       		.byte	0x50
 770 0286 01       		.uleb128 0x1
 771 0287 33       		.byte	0x33
 772 0288 00       		.byte	0
 773 0289 00       		.byte	0
 774 028a 1D       		.uleb128 0x1d
 775 028b F7000000 		.4byte	.LASF36
 776 028f 01       		.byte	0x1
 777 0290 E9       		.byte	0xe9
 778 0291 6B000000 		.4byte	0x6b
 779 0295 00000000 		.4byte	.LFB7
 780 0299 10000000 		.4byte	.LFE7-.LFB7
 781 029d 01       		.uleb128 0x1
 782 029e 9C       		.byte	0x9c
 783 029f BF020000 		.4byte	0x2bf
 784 02a3 15       		.uleb128 0x15
 785 02a4 55010000 		.4byte	.LASF25
 786 02a8 01       		.byte	0x1
 787 02a9 EB       		.byte	0xeb
 788 02aa 76000000 		.4byte	0x76
 789 02ae 90000000 		.4byte	.LLST4
 790 02b2 16       		.uleb128 0x16
 791 02b3 A2020000 		.4byte	.LASF22
 792 02b7 01       		.byte	0x1
 793 02b8 EC       		.byte	0xec
 794 02b9 76000000 		.4byte	0x76
 795 02bd 16       		.byte	0x16
 796 02be 00       		.byte	0
ARM GAS  C:\Users\Admin\AppData\Local\Temp\ccd7Q9kw.s 			page 22


 797 02bf 1E       		.uleb128 0x1e
 798 02c0 E2000000 		.4byte	0xe2
 799 02c4 00000000 		.4byte	.LFB8
 800 02c8 0C000000 		.4byte	.LFE8-.LFB8
 801 02cc 01       		.uleb128 0x1
 802 02cd 9C       		.byte	0x9c
 803 02ce 1F       		.uleb128 0x1f
 804 02cf 38000000 		.4byte	.LASF28
 805 02d3 01       		.byte	0x1
 806 02d4 1701     		.2byte	0x117
 807 02d6 6B000000 		.4byte	0x6b
 808 02da 00000000 		.4byte	.LFB9
 809 02de 10000000 		.4byte	.LFE9-.LFB9
 810 02e2 01       		.uleb128 0x1
 811 02e3 9C       		.byte	0x9c
 812 02e4 1E       		.uleb128 0x1e
 813 02e5 C1000000 		.4byte	0xc1
 814 02e9 00000000 		.4byte	.LFB10
 815 02ed 0C000000 		.4byte	.LFE10-.LFB10
 816 02f1 01       		.uleb128 0x1
 817 02f2 9C       		.byte	0x9c
 818 02f3 20       		.uleb128 0x20
 819 02f4 C7020000 		.4byte	.LASF30
 820 02f8 01       		.byte	0x1
 821 02f9 4201     		.2byte	0x142
 822 02fb 00000000 		.4byte	.LFB11
 823 02ff 0C000000 		.4byte	.LFE11-.LFB11
 824 0303 01       		.uleb128 0x1
 825 0304 9C       		.byte	0x9c
 826 0305 20       		.uleb128 0x20
 827 0306 28020000 		.4byte	.LASF31
 828 030a 01       		.byte	0x1
 829 030b 5601     		.2byte	0x156
 830 030d 00000000 		.4byte	.LFB12
 831 0311 0C000000 		.4byte	.LFE12-.LFB12
 832 0315 01       		.uleb128 0x1
 833 0316 9C       		.byte	0x9c
 834 0317 21       		.uleb128 0x21
 835 0318 A7000000 		.4byte	0xa7
 836 031c 27030000 		.4byte	0x327
 837 0320 22       		.uleb128 0x22
 838 0321 BA000000 		.4byte	0xba
 839 0325 2F       		.byte	0x2f
 840 0326 00       		.byte	0
 841 0327 23       		.uleb128 0x23
 842 0328 18000000 		.4byte	.LASF37
 843 032c 01       		.byte	0x1
 844 032d 20       		.byte	0x20
 845 032e 17030000 		.4byte	0x317
 846 0332 24       		.uleb128 0x24
 847 0333 D6010000 		.4byte	.LASF38
 848 0337 03       		.byte	0x3
 849 0338 82       		.byte	0x82
 850 0339 6B000000 		.4byte	0x6b
 851 033d 25       		.uleb128 0x25
 852 033e 12020000 		.4byte	.LASF39
 853 0342 03       		.byte	0x3
ARM GAS  C:\Users\Admin\AppData\Local\Temp\ccd7Q9kw.s 			page 23


 854 0343 83       		.byte	0x83
 855 0344 26       		.uleb128 0x26
 856 0345 6B000000 		.4byte	0x6b
 857 0349 00       		.byte	0
 858 034a 00       		.byte	0
 859              		.section	.debug_abbrev,"",%progbits
 860              	.Ldebug_abbrev0:
 861 0000 01       		.uleb128 0x1
 862 0001 11       		.uleb128 0x11
 863 0002 01       		.byte	0x1
 864 0003 25       		.uleb128 0x25
 865 0004 0E       		.uleb128 0xe
 866 0005 13       		.uleb128 0x13
 867 0006 0B       		.uleb128 0xb
 868 0007 03       		.uleb128 0x3
 869 0008 0E       		.uleb128 0xe
 870 0009 1B       		.uleb128 0x1b
 871 000a 0E       		.uleb128 0xe
 872 000b 55       		.uleb128 0x55
 873 000c 17       		.uleb128 0x17
 874 000d 11       		.uleb128 0x11
 875 000e 01       		.uleb128 0x1
 876 000f 10       		.uleb128 0x10
 877 0010 17       		.uleb128 0x17
 878 0011 00       		.byte	0
 879 0012 00       		.byte	0
 880 0013 02       		.uleb128 0x2
 881 0014 24       		.uleb128 0x24
 882 0015 00       		.byte	0
 883 0016 0B       		.uleb128 0xb
 884 0017 0B       		.uleb128 0xb
 885 0018 3E       		.uleb128 0x3e
 886 0019 0B       		.uleb128 0xb
 887 001a 03       		.uleb128 0x3
 888 001b 0E       		.uleb128 0xe
 889 001c 00       		.byte	0
 890 001d 00       		.byte	0
 891 001e 03       		.uleb128 0x3
 892 001f 24       		.uleb128 0x24
 893 0020 00       		.byte	0
 894 0021 0B       		.uleb128 0xb
 895 0022 0B       		.uleb128 0xb
 896 0023 3E       		.uleb128 0x3e
 897 0024 0B       		.uleb128 0xb
 898 0025 03       		.uleb128 0x3
 899 0026 08       		.uleb128 0x8
 900 0027 00       		.byte	0
 901 0028 00       		.byte	0
 902 0029 04       		.uleb128 0x4
 903 002a 16       		.uleb128 0x16
 904 002b 00       		.byte	0
 905 002c 03       		.uleb128 0x3
 906 002d 0E       		.uleb128 0xe
 907 002e 3A       		.uleb128 0x3a
 908 002f 0B       		.uleb128 0xb
 909 0030 3B       		.uleb128 0x3b
 910 0031 0B       		.uleb128 0xb
ARM GAS  C:\Users\Admin\AppData\Local\Temp\ccd7Q9kw.s 			page 24


 911 0032 49       		.uleb128 0x49
 912 0033 13       		.uleb128 0x13
 913 0034 00       		.byte	0
 914 0035 00       		.byte	0
 915 0036 05       		.uleb128 0x5
 916 0037 16       		.uleb128 0x16
 917 0038 00       		.byte	0
 918 0039 03       		.uleb128 0x3
 919 003a 0E       		.uleb128 0xe
 920 003b 3A       		.uleb128 0x3a
 921 003c 0B       		.uleb128 0xb
 922 003d 3B       		.uleb128 0x3b
 923 003e 05       		.uleb128 0x5
 924 003f 49       		.uleb128 0x49
 925 0040 13       		.uleb128 0x13
 926 0041 00       		.byte	0
 927 0042 00       		.byte	0
 928 0043 06       		.uleb128 0x6
 929 0044 35       		.uleb128 0x35
 930 0045 00       		.byte	0
 931 0046 49       		.uleb128 0x49
 932 0047 13       		.uleb128 0x13
 933 0048 00       		.byte	0
 934 0049 00       		.byte	0
 935 004a 07       		.uleb128 0x7
 936 004b 0F       		.uleb128 0xf
 937 004c 00       		.byte	0
 938 004d 0B       		.uleb128 0xb
 939 004e 0B       		.uleb128 0xb
 940 004f 49       		.uleb128 0x49
 941 0050 13       		.uleb128 0x13
 942 0051 00       		.byte	0
 943 0052 00       		.byte	0
 944 0053 08       		.uleb128 0x8
 945 0054 15       		.uleb128 0x15
 946 0055 00       		.byte	0
 947 0056 27       		.uleb128 0x27
 948 0057 19       		.uleb128 0x19
 949 0058 00       		.byte	0
 950 0059 00       		.byte	0
 951 005a 09       		.uleb128 0x9
 952 005b 2E       		.uleb128 0x2e
 953 005c 00       		.byte	0
 954 005d 3F       		.uleb128 0x3f
 955 005e 19       		.uleb128 0x19
 956 005f 03       		.uleb128 0x3
 957 0060 0E       		.uleb128 0xe
 958 0061 3A       		.uleb128 0x3a
 959 0062 0B       		.uleb128 0xb
 960 0063 3B       		.uleb128 0x3b
 961 0064 05       		.uleb128 0x5
 962 0065 27       		.uleb128 0x27
 963 0066 19       		.uleb128 0x19
 964 0067 20       		.uleb128 0x20
 965 0068 0B       		.uleb128 0xb
 966 0069 00       		.byte	0
 967 006a 00       		.byte	0
ARM GAS  C:\Users\Admin\AppData\Local\Temp\ccd7Q9kw.s 			page 25


 968 006b 0A       		.uleb128 0xa
 969 006c 2E       		.uleb128 0x2e
 970 006d 01       		.byte	0x1
 971 006e 3F       		.uleb128 0x3f
 972 006f 19       		.uleb128 0x19
 973 0070 03       		.uleb128 0x3
 974 0071 0E       		.uleb128 0xe
 975 0072 3A       		.uleb128 0x3a
 976 0073 0B       		.uleb128 0xb
 977 0074 3B       		.uleb128 0x3b
 978 0075 0B       		.uleb128 0xb
 979 0076 27       		.uleb128 0x27
 980 0077 19       		.uleb128 0x19
 981 0078 20       		.uleb128 0x20
 982 0079 0B       		.uleb128 0xb
 983 007a 01       		.uleb128 0x1
 984 007b 13       		.uleb128 0x13
 985 007c 00       		.byte	0
 986 007d 00       		.byte	0
 987 007e 0B       		.uleb128 0xb
 988 007f 05       		.uleb128 0x5
 989 0080 00       		.byte	0
 990 0081 03       		.uleb128 0x3
 991 0082 0E       		.uleb128 0xe
 992 0083 3A       		.uleb128 0x3a
 993 0084 0B       		.uleb128 0xb
 994 0085 3B       		.uleb128 0x3b
 995 0086 0B       		.uleb128 0xb
 996 0087 49       		.uleb128 0x49
 997 0088 13       		.uleb128 0x13
 998 0089 00       		.byte	0
 999 008a 00       		.byte	0
 1000 008b 0C       		.uleb128 0xc
 1001 008c 2E       		.uleb128 0x2e
 1002 008d 00       		.byte	0
 1003 008e 3F       		.uleb128 0x3f
 1004 008f 19       		.uleb128 0x19
 1005 0090 03       		.uleb128 0x3
 1006 0091 0E       		.uleb128 0xe
 1007 0092 3A       		.uleb128 0x3a
 1008 0093 0B       		.uleb128 0xb
 1009 0094 3B       		.uleb128 0x3b
 1010 0095 0B       		.uleb128 0xb
 1011 0096 27       		.uleb128 0x27
 1012 0097 19       		.uleb128 0x19
 1013 0098 11       		.uleb128 0x11
 1014 0099 01       		.uleb128 0x1
 1015 009a 12       		.uleb128 0x12
 1016 009b 06       		.uleb128 0x6
 1017 009c 40       		.uleb128 0x40
 1018 009d 18       		.uleb128 0x18
 1019 009e 9742     		.uleb128 0x2117
 1020 00a0 19       		.uleb128 0x19
 1021 00a1 00       		.byte	0
 1022 00a2 00       		.byte	0
 1023 00a3 0D       		.uleb128 0xd
 1024 00a4 2E       		.uleb128 0x2e
ARM GAS  C:\Users\Admin\AppData\Local\Temp\ccd7Q9kw.s 			page 26


 1025 00a5 01       		.byte	0x1
 1026 00a6 3F       		.uleb128 0x3f
 1027 00a7 19       		.uleb128 0x19
 1028 00a8 03       		.uleb128 0x3
 1029 00a9 0E       		.uleb128 0xe
 1030 00aa 3A       		.uleb128 0x3a
 1031 00ab 0B       		.uleb128 0xb
 1032 00ac 3B       		.uleb128 0x3b
 1033 00ad 0B       		.uleb128 0xb
 1034 00ae 27       		.uleb128 0x27
 1035 00af 19       		.uleb128 0x19
 1036 00b0 11       		.uleb128 0x11
 1037 00b1 01       		.uleb128 0x1
 1038 00b2 12       		.uleb128 0x12
 1039 00b3 06       		.uleb128 0x6
 1040 00b4 40       		.uleb128 0x40
 1041 00b5 18       		.uleb128 0x18
 1042 00b6 9742     		.uleb128 0x2117
 1043 00b8 19       		.uleb128 0x19
 1044 00b9 01       		.uleb128 0x1
 1045 00ba 13       		.uleb128 0x13
 1046 00bb 00       		.byte	0
 1047 00bc 00       		.byte	0
 1048 00bd 0E       		.uleb128 0xe
 1049 00be 1D       		.uleb128 0x1d
 1050 00bf 00       		.byte	0
 1051 00c0 31       		.uleb128 0x31
 1052 00c1 13       		.uleb128 0x13
 1053 00c2 11       		.uleb128 0x11
 1054 00c3 01       		.uleb128 0x1
 1055 00c4 12       		.uleb128 0x12
 1056 00c5 06       		.uleb128 0x6
 1057 00c6 58       		.uleb128 0x58
 1058 00c7 0B       		.uleb128 0xb
 1059 00c8 59       		.uleb128 0x59
 1060 00c9 0B       		.uleb128 0xb
 1061 00ca 00       		.byte	0
 1062 00cb 00       		.byte	0
 1063 00cc 0F       		.uleb128 0xf
 1064 00cd 1D       		.uleb128 0x1d
 1065 00ce 01       		.byte	0x1
 1066 00cf 31       		.uleb128 0x31
 1067 00d0 13       		.uleb128 0x13
 1068 00d1 52       		.uleb128 0x52
 1069 00d2 01       		.uleb128 0x1
 1070 00d3 55       		.uleb128 0x55
 1071 00d4 17       		.uleb128 0x17
 1072 00d5 58       		.uleb128 0x58
 1073 00d6 0B       		.uleb128 0xb
 1074 00d7 59       		.uleb128 0x59
 1075 00d8 0B       		.uleb128 0xb
 1076 00d9 00       		.byte	0
 1077 00da 00       		.byte	0
 1078 00db 10       		.uleb128 0x10
 1079 00dc 05       		.uleb128 0x5
 1080 00dd 00       		.byte	0
 1081 00de 31       		.uleb128 0x31
ARM GAS  C:\Users\Admin\AppData\Local\Temp\ccd7Q9kw.s 			page 27


 1082 00df 13       		.uleb128 0x13
 1083 00e0 00       		.byte	0
 1084 00e1 00       		.byte	0
 1085 00e2 11       		.uleb128 0x11
 1086 00e3 2E       		.uleb128 0x2e
 1087 00e4 01       		.byte	0x1
 1088 00e5 31       		.uleb128 0x31
 1089 00e6 13       		.uleb128 0x13
 1090 00e7 11       		.uleb128 0x11
 1091 00e8 01       		.uleb128 0x1
 1092 00e9 12       		.uleb128 0x12
 1093 00ea 06       		.uleb128 0x6
 1094 00eb 40       		.uleb128 0x40
 1095 00ec 18       		.uleb128 0x18
 1096 00ed 9742     		.uleb128 0x2117
 1097 00ef 19       		.uleb128 0x19
 1098 00f0 01       		.uleb128 0x1
 1099 00f1 13       		.uleb128 0x13
 1100 00f2 00       		.byte	0
 1101 00f3 00       		.byte	0
 1102 00f4 12       		.uleb128 0x12
 1103 00f5 05       		.uleb128 0x5
 1104 00f6 00       		.byte	0
 1105 00f7 31       		.uleb128 0x31
 1106 00f8 13       		.uleb128 0x13
 1107 00f9 02       		.uleb128 0x2
 1108 00fa 18       		.uleb128 0x18
 1109 00fb 00       		.byte	0
 1110 00fc 00       		.byte	0
 1111 00fd 13       		.uleb128 0x13
 1112 00fe 2E       		.uleb128 0x2e
 1113 00ff 00       		.byte	0
 1114 0100 3F       		.uleb128 0x3f
 1115 0101 19       		.uleb128 0x19
 1116 0102 03       		.uleb128 0x3
 1117 0103 0E       		.uleb128 0xe
 1118 0104 3A       		.uleb128 0x3a
 1119 0105 0B       		.uleb128 0xb
 1120 0106 3B       		.uleb128 0x3b
 1121 0107 0B       		.uleb128 0xb
 1122 0108 27       		.uleb128 0x27
 1123 0109 19       		.uleb128 0x19
 1124 010a 49       		.uleb128 0x49
 1125 010b 13       		.uleb128 0x13
 1126 010c 11       		.uleb128 0x11
 1127 010d 01       		.uleb128 0x1
 1128 010e 12       		.uleb128 0x12
 1129 010f 06       		.uleb128 0x6
 1130 0110 40       		.uleb128 0x40
 1131 0111 18       		.uleb128 0x18
 1132 0112 9742     		.uleb128 0x2117
 1133 0114 19       		.uleb128 0x19
 1134 0115 00       		.byte	0
 1135 0116 00       		.byte	0
 1136 0117 14       		.uleb128 0x14
 1137 0118 05       		.uleb128 0x5
 1138 0119 00       		.byte	0
ARM GAS  C:\Users\Admin\AppData\Local\Temp\ccd7Q9kw.s 			page 28


 1139 011a 03       		.uleb128 0x3
 1140 011b 0E       		.uleb128 0xe
 1141 011c 3A       		.uleb128 0x3a
 1142 011d 0B       		.uleb128 0xb
 1143 011e 3B       		.uleb128 0x3b
 1144 011f 0B       		.uleb128 0xb
 1145 0120 49       		.uleb128 0x49
 1146 0121 13       		.uleb128 0x13
 1147 0122 02       		.uleb128 0x2
 1148 0123 17       		.uleb128 0x17
 1149 0124 00       		.byte	0
 1150 0125 00       		.byte	0
 1151 0126 15       		.uleb128 0x15
 1152 0127 34       		.uleb128 0x34
 1153 0128 00       		.byte	0
 1154 0129 03       		.uleb128 0x3
 1155 012a 0E       		.uleb128 0xe
 1156 012b 3A       		.uleb128 0x3a
 1157 012c 0B       		.uleb128 0xb
 1158 012d 3B       		.uleb128 0x3b
 1159 012e 0B       		.uleb128 0xb
 1160 012f 49       		.uleb128 0x49
 1161 0130 13       		.uleb128 0x13
 1162 0131 02       		.uleb128 0x2
 1163 0132 17       		.uleb128 0x17
 1164 0133 00       		.byte	0
 1165 0134 00       		.byte	0
 1166 0135 16       		.uleb128 0x16
 1167 0136 34       		.uleb128 0x34
 1168 0137 00       		.byte	0
 1169 0138 03       		.uleb128 0x3
 1170 0139 0E       		.uleb128 0xe
 1171 013a 3A       		.uleb128 0x3a
 1172 013b 0B       		.uleb128 0xb
 1173 013c 3B       		.uleb128 0x3b
 1174 013d 0B       		.uleb128 0xb
 1175 013e 49       		.uleb128 0x49
 1176 013f 13       		.uleb128 0x13
 1177 0140 1C       		.uleb128 0x1c
 1178 0141 0B       		.uleb128 0xb
 1179 0142 00       		.byte	0
 1180 0143 00       		.byte	0
 1181 0144 17       		.uleb128 0x17
 1182 0145 898201   		.uleb128 0x4109
 1183 0148 00       		.byte	0
 1184 0149 11       		.uleb128 0x11
 1185 014a 01       		.uleb128 0x1
 1186 014b 31       		.uleb128 0x31
 1187 014c 13       		.uleb128 0x13
 1188 014d 00       		.byte	0
 1189 014e 00       		.byte	0
 1190 014f 18       		.uleb128 0x18
 1191 0150 1D       		.uleb128 0x1d
 1192 0151 00       		.byte	0
 1193 0152 31       		.uleb128 0x31
 1194 0153 13       		.uleb128 0x13
 1195 0154 52       		.uleb128 0x52
ARM GAS  C:\Users\Admin\AppData\Local\Temp\ccd7Q9kw.s 			page 29


 1196 0155 01       		.uleb128 0x1
 1197 0156 55       		.uleb128 0x55
 1198 0157 17       		.uleb128 0x17
 1199 0158 58       		.uleb128 0x58
 1200 0159 0B       		.uleb128 0xb
 1201 015a 59       		.uleb128 0x59
 1202 015b 0B       		.uleb128 0xb
 1203 015c 00       		.byte	0
 1204 015d 00       		.byte	0
 1205 015e 19       		.uleb128 0x19
 1206 015f 1D       		.uleb128 0x1d
 1207 0160 01       		.byte	0x1
 1208 0161 31       		.uleb128 0x31
 1209 0162 13       		.uleb128 0x13
 1210 0163 52       		.uleb128 0x52
 1211 0164 01       		.uleb128 0x1
 1212 0165 55       		.uleb128 0x55
 1213 0166 17       		.uleb128 0x17
 1214 0167 58       		.uleb128 0x58
 1215 0168 0B       		.uleb128 0xb
 1216 0169 59       		.uleb128 0x59
 1217 016a 0B       		.uleb128 0xb
 1218 016b 01       		.uleb128 0x1
 1219 016c 13       		.uleb128 0x13
 1220 016d 00       		.byte	0
 1221 016e 00       		.byte	0
 1222 016f 1A       		.uleb128 0x1a
 1223 0170 898201   		.uleb128 0x4109
 1224 0173 01       		.byte	0x1
 1225 0174 11       		.uleb128 0x11
 1226 0175 01       		.uleb128 0x1
 1227 0176 31       		.uleb128 0x31
 1228 0177 13       		.uleb128 0x13
 1229 0178 00       		.byte	0
 1230 0179 00       		.byte	0
 1231 017a 1B       		.uleb128 0x1b
 1232 017b 8A8201   		.uleb128 0x410a
 1233 017e 00       		.byte	0
 1234 017f 02       		.uleb128 0x2
 1235 0180 18       		.uleb128 0x18
 1236 0181 9142     		.uleb128 0x2111
 1237 0183 18       		.uleb128 0x18
 1238 0184 00       		.byte	0
 1239 0185 00       		.byte	0
 1240 0186 1C       		.uleb128 0x1c
 1241 0187 05       		.uleb128 0x5
 1242 0188 00       		.byte	0
 1243 0189 31       		.uleb128 0x31
 1244 018a 13       		.uleb128 0x13
 1245 018b 02       		.uleb128 0x2
 1246 018c 17       		.uleb128 0x17
 1247 018d 00       		.byte	0
 1248 018e 00       		.byte	0
 1249 018f 1D       		.uleb128 0x1d
 1250 0190 2E       		.uleb128 0x2e
 1251 0191 01       		.byte	0x1
 1252 0192 3F       		.uleb128 0x3f
ARM GAS  C:\Users\Admin\AppData\Local\Temp\ccd7Q9kw.s 			page 30


 1253 0193 19       		.uleb128 0x19
 1254 0194 03       		.uleb128 0x3
 1255 0195 0E       		.uleb128 0xe
 1256 0196 3A       		.uleb128 0x3a
 1257 0197 0B       		.uleb128 0xb
 1258 0198 3B       		.uleb128 0x3b
 1259 0199 0B       		.uleb128 0xb
 1260 019a 27       		.uleb128 0x27
 1261 019b 19       		.uleb128 0x19
 1262 019c 49       		.uleb128 0x49
 1263 019d 13       		.uleb128 0x13
 1264 019e 11       		.uleb128 0x11
 1265 019f 01       		.uleb128 0x1
 1266 01a0 12       		.uleb128 0x12
 1267 01a1 06       		.uleb128 0x6
 1268 01a2 40       		.uleb128 0x40
 1269 01a3 18       		.uleb128 0x18
 1270 01a4 9742     		.uleb128 0x2117
 1271 01a6 19       		.uleb128 0x19
 1272 01a7 01       		.uleb128 0x1
 1273 01a8 13       		.uleb128 0x13
 1274 01a9 00       		.byte	0
 1275 01aa 00       		.byte	0
 1276 01ab 1E       		.uleb128 0x1e
 1277 01ac 2E       		.uleb128 0x2e
 1278 01ad 00       		.byte	0
 1279 01ae 31       		.uleb128 0x31
 1280 01af 13       		.uleb128 0x13
 1281 01b0 11       		.uleb128 0x11
 1282 01b1 01       		.uleb128 0x1
 1283 01b2 12       		.uleb128 0x12
 1284 01b3 06       		.uleb128 0x6
 1285 01b4 40       		.uleb128 0x40
 1286 01b5 18       		.uleb128 0x18
 1287 01b6 9742     		.uleb128 0x2117
 1288 01b8 19       		.uleb128 0x19
 1289 01b9 00       		.byte	0
 1290 01ba 00       		.byte	0
 1291 01bb 1F       		.uleb128 0x1f
 1292 01bc 2E       		.uleb128 0x2e
 1293 01bd 00       		.byte	0
 1294 01be 3F       		.uleb128 0x3f
 1295 01bf 19       		.uleb128 0x19
 1296 01c0 03       		.uleb128 0x3
 1297 01c1 0E       		.uleb128 0xe
 1298 01c2 3A       		.uleb128 0x3a
 1299 01c3 0B       		.uleb128 0xb
 1300 01c4 3B       		.uleb128 0x3b
 1301 01c5 05       		.uleb128 0x5
 1302 01c6 27       		.uleb128 0x27
 1303 01c7 19       		.uleb128 0x19
 1304 01c8 49       		.uleb128 0x49
 1305 01c9 13       		.uleb128 0x13
 1306 01ca 11       		.uleb128 0x11
 1307 01cb 01       		.uleb128 0x1
 1308 01cc 12       		.uleb128 0x12
 1309 01cd 06       		.uleb128 0x6
ARM GAS  C:\Users\Admin\AppData\Local\Temp\ccd7Q9kw.s 			page 31


 1310 01ce 40       		.uleb128 0x40
 1311 01cf 18       		.uleb128 0x18
 1312 01d0 9742     		.uleb128 0x2117
 1313 01d2 19       		.uleb128 0x19
 1314 01d3 00       		.byte	0
 1315 01d4 00       		.byte	0
 1316 01d5 20       		.uleb128 0x20
 1317 01d6 2E       		.uleb128 0x2e
 1318 01d7 00       		.byte	0
 1319 01d8 3F       		.uleb128 0x3f
 1320 01d9 19       		.uleb128 0x19
 1321 01da 03       		.uleb128 0x3
 1322 01db 0E       		.uleb128 0xe
 1323 01dc 3A       		.uleb128 0x3a
 1324 01dd 0B       		.uleb128 0xb
 1325 01de 3B       		.uleb128 0x3b
 1326 01df 05       		.uleb128 0x5
 1327 01e0 27       		.uleb128 0x27
 1328 01e1 19       		.uleb128 0x19
 1329 01e2 11       		.uleb128 0x11
 1330 01e3 01       		.uleb128 0x1
 1331 01e4 12       		.uleb128 0x12
 1332 01e5 06       		.uleb128 0x6
 1333 01e6 40       		.uleb128 0x40
 1334 01e7 18       		.uleb128 0x18
 1335 01e8 9742     		.uleb128 0x2117
 1336 01ea 19       		.uleb128 0x19
 1337 01eb 00       		.byte	0
 1338 01ec 00       		.byte	0
 1339 01ed 21       		.uleb128 0x21
 1340 01ee 01       		.uleb128 0x1
 1341 01ef 01       		.byte	0x1
 1342 01f0 49       		.uleb128 0x49
 1343 01f1 13       		.uleb128 0x13
 1344 01f2 01       		.uleb128 0x1
 1345 01f3 13       		.uleb128 0x13
 1346 01f4 00       		.byte	0
 1347 01f5 00       		.byte	0
 1348 01f6 22       		.uleb128 0x22
 1349 01f7 21       		.uleb128 0x21
 1350 01f8 00       		.byte	0
 1351 01f9 49       		.uleb128 0x49
 1352 01fa 13       		.uleb128 0x13
 1353 01fb 2F       		.uleb128 0x2f
 1354 01fc 0B       		.uleb128 0xb
 1355 01fd 00       		.byte	0
 1356 01fe 00       		.byte	0
 1357 01ff 23       		.uleb128 0x23
 1358 0200 34       		.uleb128 0x34
 1359 0201 00       		.byte	0
 1360 0202 03       		.uleb128 0x3
 1361 0203 0E       		.uleb128 0xe
 1362 0204 3A       		.uleb128 0x3a
 1363 0205 0B       		.uleb128 0xb
 1364 0206 3B       		.uleb128 0x3b
 1365 0207 0B       		.uleb128 0xb
 1366 0208 49       		.uleb128 0x49
ARM GAS  C:\Users\Admin\AppData\Local\Temp\ccd7Q9kw.s 			page 32


 1367 0209 13       		.uleb128 0x13
 1368 020a 3F       		.uleb128 0x3f
 1369 020b 19       		.uleb128 0x19
 1370 020c 3C       		.uleb128 0x3c
 1371 020d 19       		.uleb128 0x19
 1372 020e 00       		.byte	0
 1373 020f 00       		.byte	0
 1374 0210 24       		.uleb128 0x24
 1375 0211 2E       		.uleb128 0x2e
 1376 0212 00       		.byte	0
 1377 0213 3F       		.uleb128 0x3f
 1378 0214 19       		.uleb128 0x19
 1379 0215 03       		.uleb128 0x3
 1380 0216 0E       		.uleb128 0xe
 1381 0217 3A       		.uleb128 0x3a
 1382 0218 0B       		.uleb128 0xb
 1383 0219 3B       		.uleb128 0x3b
 1384 021a 0B       		.uleb128 0xb
 1385 021b 27       		.uleb128 0x27
 1386 021c 19       		.uleb128 0x19
 1387 021d 49       		.uleb128 0x49
 1388 021e 13       		.uleb128 0x13
 1389 021f 3C       		.uleb128 0x3c
 1390 0220 19       		.uleb128 0x19
 1391 0221 00       		.byte	0
 1392 0222 00       		.byte	0
 1393 0223 25       		.uleb128 0x25
 1394 0224 2E       		.uleb128 0x2e
 1395 0225 01       		.byte	0x1
 1396 0226 3F       		.uleb128 0x3f
 1397 0227 19       		.uleb128 0x19
 1398 0228 03       		.uleb128 0x3
 1399 0229 0E       		.uleb128 0xe
 1400 022a 3A       		.uleb128 0x3a
 1401 022b 0B       		.uleb128 0xb
 1402 022c 3B       		.uleb128 0x3b
 1403 022d 0B       		.uleb128 0xb
 1404 022e 27       		.uleb128 0x27
 1405 022f 19       		.uleb128 0x19
 1406 0230 3C       		.uleb128 0x3c
 1407 0231 19       		.uleb128 0x19
 1408 0232 00       		.byte	0
 1409 0233 00       		.byte	0
 1410 0234 26       		.uleb128 0x26
 1411 0235 05       		.uleb128 0x5
 1412 0236 00       		.byte	0
 1413 0237 49       		.uleb128 0x49
 1414 0238 13       		.uleb128 0x13
 1415 0239 00       		.byte	0
 1416 023a 00       		.byte	0
 1417 023b 00       		.byte	0
 1418              		.section	.debug_loc,"",%progbits
 1419              	.Ldebug_loc0:
 1420              	.LLST0:
 1421 0000 00000000 		.4byte	.LVL2
 1422 0004 07000000 		.4byte	.LVL3-1
 1423 0008 0100     		.2byte	0x1
ARM GAS  C:\Users\Admin\AppData\Local\Temp\ccd7Q9kw.s 			page 33


 1424 000a 50       		.byte	0x50
 1425 000b 07000000 		.4byte	.LVL3-1
 1426 000f 28000000 		.4byte	.LFE6
 1427 0013 0400     		.2byte	0x4
 1428 0015 F3       		.byte	0xf3
 1429 0016 01       		.uleb128 0x1
 1430 0017 50       		.byte	0x50
 1431 0018 9F       		.byte	0x9f
 1432 0019 00000000 		.4byte	0
 1433 001d 00000000 		.4byte	0
 1434              	.LLST1:
 1435 0021 08000000 		.4byte	.LVL3
 1436 0025 1B000000 		.4byte	.LVL4-1
 1437 0029 0100     		.2byte	0x1
 1438 002b 50       		.byte	0x50
 1439 002c 00000000 		.4byte	0
 1440 0030 00000000 		.4byte	0
 1441              	.LLST2:
 1442 0034 00000000 		.4byte	.LVL7
 1443 0038 0E000000 		.4byte	.LVL9
 1444 003c 0100     		.2byte	0x1
 1445 003e 50       		.byte	0x50
 1446 003f 0E000000 		.4byte	.LVL9
 1447 0043 11000000 		.4byte	.LVL10-1
 1448 0047 0300     		.2byte	0x3
 1449 0049 73       		.byte	0x73
 1450 004a C800     		.sleb128 72
 1451 004c 11000000 		.4byte	.LVL10-1
 1452 0050 24000000 		.4byte	.LFE1
 1453 0054 0400     		.2byte	0x4
 1454 0056 F3       		.byte	0xf3
 1455 0057 01       		.uleb128 0x1
 1456 0058 50       		.byte	0x50
 1457 0059 9F       		.byte	0x9f
 1458 005a 00000000 		.4byte	0
 1459 005e 00000000 		.4byte	0
 1460              	.LLST3:
 1461 0062 08000000 		.4byte	.LVL8
 1462 0066 0E000000 		.4byte	.LVL9
 1463 006a 0100     		.2byte	0x1
 1464 006c 50       		.byte	0x50
 1465 006d 0E000000 		.4byte	.LVL9
 1466 0071 11000000 		.4byte	.LVL10-1
 1467 0075 0300     		.2byte	0x3
 1468 0077 73       		.byte	0x73
 1469 0078 C800     		.sleb128 72
 1470 007a 11000000 		.4byte	.LVL10-1
 1471 007e 24000000 		.4byte	.LFE1
 1472 0082 0400     		.2byte	0x4
 1473 0084 F3       		.byte	0xf3
 1474 0085 01       		.uleb128 0x1
 1475 0086 50       		.byte	0x50
 1476 0087 9F       		.byte	0x9f
 1477 0088 00000000 		.4byte	0
 1478 008c 00000000 		.4byte	0
 1479              	.LLST4:
 1480 0090 04000000 		.4byte	.LVL12
ARM GAS  C:\Users\Admin\AppData\Local\Temp\ccd7Q9kw.s 			page 34


 1481 0094 06000000 		.4byte	.LVL13
 1482 0098 0900     		.2byte	0x9
 1483 009a 70       		.byte	0x70
 1484 009b 00       		.sleb128 0
 1485 009c 48       		.byte	0x48
 1486 009d 43       		.byte	0x43
 1487 009e 24       		.byte	0x24
 1488 009f 1A       		.byte	0x1a
 1489 00a0 46       		.byte	0x46
 1490 00a1 25       		.byte	0x25
 1491 00a2 9F       		.byte	0x9f
 1492 00a3 00000000 		.4byte	0
 1493 00a7 00000000 		.4byte	0
 1494              		.section	.debug_aranges,"",%progbits
 1495 0000 7C000000 		.4byte	0x7c
 1496 0004 0200     		.2byte	0x2
 1497 0006 00000000 		.4byte	.Ldebug_info0
 1498 000a 04       		.byte	0x4
 1499 000b 00       		.byte	0
 1500 000c 0000     		.2byte	0
 1501 000e 0000     		.2byte	0
 1502 0010 00000000 		.4byte	.LFB3
 1503 0014 02000000 		.4byte	.LFE3-.LFB3
 1504 0018 00000000 		.4byte	.LFB2
 1505 001c 1C000000 		.4byte	.LFE2-.LFB2
 1506 0020 00000000 		.4byte	.LFB4
 1507 0024 0C000000 		.4byte	.LFE4-.LFB4
 1508 0028 00000000 		.4byte	.LFB5
 1509 002c 0C000000 		.4byte	.LFE5-.LFB5
 1510 0030 00000000 		.4byte	.LFB6
 1511 0034 28000000 		.4byte	.LFE6-.LFB6
 1512 0038 00000000 		.4byte	.LFB0
 1513 003c 2C000000 		.4byte	.LFE0-.LFB0
 1514 0040 00000000 		.4byte	.LFB1
 1515 0044 24000000 		.4byte	.LFE1-.LFB1
 1516 0048 00000000 		.4byte	.LFB7
 1517 004c 10000000 		.4byte	.LFE7-.LFB7
 1518 0050 00000000 		.4byte	.LFB8
 1519 0054 0C000000 		.4byte	.LFE8-.LFB8
 1520 0058 00000000 		.4byte	.LFB9
 1521 005c 10000000 		.4byte	.LFE9-.LFB9
 1522 0060 00000000 		.4byte	.LFB10
 1523 0064 0C000000 		.4byte	.LFE10-.LFB10
 1524 0068 00000000 		.4byte	.LFB11
 1525 006c 0C000000 		.4byte	.LFE11-.LFB11
 1526 0070 00000000 		.4byte	.LFB12
 1527 0074 0C000000 		.4byte	.LFE12-.LFB12
 1528 0078 00000000 		.4byte	0
 1529 007c 00000000 		.4byte	0
 1530              		.section	.debug_ranges,"",%progbits
 1531              	.Ldebug_ranges0:
 1532 0000 06000000 		.4byte	.LBB20
 1533 0004 0A000000 		.4byte	.LBE20
 1534 0008 0A000000 		.4byte	.LBB23
 1535 000c 0C000000 		.4byte	.LBE23
 1536 0010 00000000 		.4byte	0
 1537 0014 00000000 		.4byte	0
ARM GAS  C:\Users\Admin\AppData\Local\Temp\ccd7Q9kw.s 			page 35


 1538 0018 00000000 		.4byte	.LBB24
 1539 001c 02000000 		.4byte	.LBE24
 1540 0020 04000000 		.4byte	.LBB27
 1541 0024 08000000 		.4byte	.LBE27
 1542 0028 00000000 		.4byte	0
 1543 002c 00000000 		.4byte	0
 1544 0030 08000000 		.4byte	.LBB28
 1545 0034 0C000000 		.4byte	.LBE28
 1546 0038 0E000000 		.4byte	.LBB31
 1547 003c 10000000 		.4byte	.LBE31
 1548 0040 00000000 		.4byte	0
 1549 0044 00000000 		.4byte	0
 1550 0048 14000000 		.4byte	.LBB32
 1551 004c 16000000 		.4byte	.LBE32
 1552 0050 16000000 		.4byte	.LBB35
 1553 0054 18000000 		.4byte	.LBE35
 1554 0058 00000000 		.4byte	0
 1555 005c 00000000 		.4byte	0
 1556 0060 00000000 		.4byte	.LBB36
 1557 0064 02000000 		.4byte	.LBE36
 1558 0068 04000000 		.4byte	.LBB39
 1559 006c 08000000 		.4byte	.LBE39
 1560 0070 00000000 		.4byte	0
 1561 0074 00000000 		.4byte	0
 1562 0078 08000000 		.4byte	.LBB40
 1563 007c 0A000000 		.4byte	.LBE40
 1564 0080 0A000000 		.4byte	.LBB43
 1565 0084 0C000000 		.4byte	.LBE43
 1566 0088 00000000 		.4byte	0
 1567 008c 00000000 		.4byte	0
 1568 0090 00000000 		.4byte	.LFB3
 1569 0094 02000000 		.4byte	.LFE3
 1570 0098 00000000 		.4byte	.LFB2
 1571 009c 1C000000 		.4byte	.LFE2
 1572 00a0 00000000 		.4byte	.LFB4
 1573 00a4 0C000000 		.4byte	.LFE4
 1574 00a8 00000000 		.4byte	.LFB5
 1575 00ac 0C000000 		.4byte	.LFE5
 1576 00b0 00000000 		.4byte	.LFB6
 1577 00b4 28000000 		.4byte	.LFE6
 1578 00b8 00000000 		.4byte	.LFB0
 1579 00bc 2C000000 		.4byte	.LFE0
 1580 00c0 00000000 		.4byte	.LFB1
 1581 00c4 24000000 		.4byte	.LFE1
 1582 00c8 00000000 		.4byte	.LFB7
 1583 00cc 10000000 		.4byte	.LFE7
 1584 00d0 00000000 		.4byte	.LFB8
 1585 00d4 0C000000 		.4byte	.LFE8
 1586 00d8 00000000 		.4byte	.LFB9
 1587 00dc 10000000 		.4byte	.LFE9
 1588 00e0 00000000 		.4byte	.LFB10
 1589 00e4 0C000000 		.4byte	.LFE10
 1590 00e8 00000000 		.4byte	.LFB11
 1591 00ec 0C000000 		.4byte	.LFE11
 1592 00f0 00000000 		.4byte	.LFB12
 1593 00f4 0C000000 		.4byte	.LFE12
 1594 00f8 00000000 		.4byte	0
ARM GAS  C:\Users\Admin\AppData\Local\Temp\ccd7Q9kw.s 			page 36


 1595 00fc 00000000 		.4byte	0
 1596              		.section	.debug_line,"",%progbits
 1597              	.Ldebug_line0:
 1598 0000 A8010000 		.section	.debug_str,"MS",%progbits,1
 1598      02005100 
 1598      00000201 
 1598      FB0E0D00 
 1598      01010101 
 1599              	.LASF14:
 1600 0000 72656733 		.ascii	"reg32\000"
 1600      3200
 1601              	.LASF35:
 1602 0006 4F52475F 		.ascii	"ORG_Int_SetVector\000"
 1602      496E745F 
 1602      53657456 
 1602      6563746F 
 1602      7200
 1603              	.LASF37:
 1604 0018 43795261 		.ascii	"CyRamVectors\000"
 1604      6D566563 
 1604      746F7273 
 1604      00
 1605              	.LASF3:
 1606 0025 73686F72 		.ascii	"short unsigned int\000"
 1606      7420756E 
 1606      7369676E 
 1606      65642069 
 1606      6E7400
 1607              	.LASF28:
 1608 0038 4F52475F 		.ascii	"ORG_Int_GetState\000"
 1608      496E745F 
 1608      47657453 
 1608      74617465 
 1608      00
 1609              	.LASF12:
 1610 0049 646F7562 		.ascii	"double\000"
 1610      6C6500
 1611              	.LASF32:
 1612 0050 474E5520 		.ascii	"GNU C 4.8.4 20140526 (release) [ARM/embedded-4_8-br"
 1612      4320342E 
 1612      382E3420 
 1612      32303134 
 1612      30353236 
 1613 0083 616E6368 		.ascii	"anch revision 211358] -mcpu=cortex-m0 -mthumb -g -O"
 1613      20726576 
 1613      6973696F 
 1613      6E203231 
 1613      31333538 
 1614 00b6 73202D66 		.ascii	"s -ffunction-sections\000"
 1614      66756E63 
 1614      74696F6E 
 1614      2D736563 
 1614      74696F6E 
 1615              	.LASF11:
 1616 00cc 666C6F61 		.ascii	"float\000"
 1616      7400
 1617              	.LASF7:
ARM GAS  C:\Users\Admin\AppData\Local\Temp\ccd7Q9kw.s 			page 37


 1618 00d2 6C6F6E67 		.ascii	"long long unsigned int\000"
 1618      206C6F6E 
 1618      6720756E 
 1618      7369676E 
 1618      65642069 
 1619              	.LASF1:
 1620 00e9 756E7369 		.ascii	"unsigned char\000"
 1620      676E6564 
 1620      20636861 
 1620      7200
 1621              	.LASF36:
 1622 00f7 4F52475F 		.ascii	"ORG_Int_GetPriority\000"
 1622      496E745F 
 1622      47657450 
 1622      72696F72 
 1622      69747900 
 1623              	.LASF21:
 1624 010b 696E7465 		.ascii	"interruptState\000"
 1624      72727570 
 1624      74537461 
 1624      746500
 1625              	.LASF5:
 1626 011a 6C6F6E67 		.ascii	"long unsigned int\000"
 1626      20756E73 
 1626      69676E65 
 1626      6420696E 
 1626      7400
 1627              	.LASF33:
 1628 012c 2E5C4765 		.ascii	".\\Generated_Source\\PSoC4\\ORG_Int.c\000"
 1628      6E657261 
 1628      7465645F 
 1628      536F7572 
 1628      63655C50 
 1629              	.LASF9:
 1630 014f 75696E74 		.ascii	"uint8\000"
 1630      3800
 1631              	.LASF25:
 1632 0155 7072696F 		.ascii	"priority\000"
 1632      72697479 
 1632      00
 1633              	.LASF27:
 1634 015e 4F52475F 		.ascii	"ORG_Int_GetVector\000"
 1634      496E745F 
 1634      47657456 
 1634      6563746F 
 1634      7200
 1635              	.LASF29:
 1636 0170 4F52475F 		.ascii	"ORG_Int_Interrupt\000"
 1636      496E745F 
 1636      496E7465 
 1636      72727570 
 1636      7400
 1637              	.LASF34:
 1638 0182 433A5C55 		.ascii	"C:\\Users\\Admin\\Desktop\\Organizer Badge\\Organiz"
 1638      73657273 
 1638      5C41646D 
 1638      696E5C44 
ARM GAS  C:\Users\Admin\AppData\Local\Temp\ccd7Q9kw.s 			page 38


 1638      65736B74 
 1639 01b0 65725F42 		.ascii	"er_Badge\\Organizer_Badge.cydsn\000"
 1639      61646765 
 1639      5C4F7267 
 1639      616E697A 
 1639      65725F42 
 1640              	.LASF10:
 1641 01cf 75696E74 		.ascii	"uint32\000"
 1641      333200
 1642              	.LASF38:
 1643 01d6 4379456E 		.ascii	"CyEnterCriticalSection\000"
 1643      74657243 
 1643      72697469 
 1643      63616C53 
 1643      65637469 
 1644              	.LASF8:
 1645 01ed 756E7369 		.ascii	"unsigned int\000"
 1645      676E6564 
 1645      20696E74 
 1645      00
 1646              	.LASF24:
 1647 01fa 4F52475F 		.ascii	"ORG_Int_StartEx\000"
 1647      496E745F 
 1647      53746172 
 1647      74457800 
 1648              	.LASF26:
 1649 020a 61646472 		.ascii	"address\000"
 1649      65737300 
 1650              	.LASF39:
 1651 0212 43794578 		.ascii	"CyExitCriticalSection\000"
 1651      69744372 
 1651      69746963 
 1651      616C5365 
 1651      6374696F 
 1652              	.LASF31:
 1653 0228 4F52475F 		.ascii	"ORG_Int_ClearPending\000"
 1653      496E745F 
 1653      436C6561 
 1653      7250656E 
 1653      64696E67 
 1654              	.LASF15:
 1655 023d 63796973 		.ascii	"cyisraddress\000"
 1655      72616464 
 1655      72657373 
 1655      00
 1656              	.LASF16:
 1657 024a 73697A65 		.ascii	"sizetype\000"
 1657      74797065 
 1657      00
 1658              	.LASF23:
 1659 0253 4F52475F 		.ascii	"ORG_Int_Start\000"
 1659      496E745F 
 1659      53746172 
 1659      7400
 1660              	.LASF6:
 1661 0261 6C6F6E67 		.ascii	"long long int\000"
 1661      206C6F6E 
ARM GAS  C:\Users\Admin\AppData\Local\Temp\ccd7Q9kw.s 			page 39


 1661      6720696E 
 1661      7400
 1662              	.LASF13:
 1663 026f 63686172 		.ascii	"char\000"
 1663      00
 1664              	.LASF17:
 1665 0274 4F52475F 		.ascii	"ORG_Int_Disable\000"
 1665      496E745F 
 1665      44697361 
 1665      626C6500 
 1666              	.LASF20:
 1667 0284 4F52475F 		.ascii	"ORG_Int_SetPriority\000"
 1667      496E745F 
 1667      53657450 
 1667      72696F72 
 1667      69747900 
 1668              	.LASF2:
 1669 0298 73686F72 		.ascii	"short int\000"
 1669      7420696E 
 1669      7400
 1670              	.LASF22:
 1671 02a2 7072696F 		.ascii	"priorityOffset\000"
 1671      72697479 
 1671      4F666673 
 1671      657400
 1672              	.LASF19:
 1673 02b1 4F52475F 		.ascii	"ORG_Int_Stop\000"
 1673      496E745F 
 1673      53746F70 
 1673      00
 1674              	.LASF4:
 1675 02be 6C6F6E67 		.ascii	"long int\000"
 1675      20696E74 
 1675      00
 1676              	.LASF30:
 1677 02c7 4F52475F 		.ascii	"ORG_Int_SetPending\000"
 1677      496E745F 
 1677      53657450 
 1677      656E6469 
 1677      6E6700
 1678              	.LASF0:
 1679 02da 7369676E 		.ascii	"signed char\000"
 1679      65642063 
 1679      68617200 
 1680              	.LASF18:
 1681 02e6 4F52475F 		.ascii	"ORG_Int_Enable\000"
 1681      496E745F 
 1681      456E6162 
 1681      6C6500
 1682              		.ident	"GCC: (GNU Tools for ARM Embedded Processors) 4.8.4 20140526 (release) [ARM/embedded-4_8-br
